{"numFailedTestSuites":1,"numFailedTests":2,"numPassedTestSuites":7,"numPassedTests":149,"numPendingTestSuites":0,"numPendingTests":0,"numRuntimeErrorTestSuites":0,"numTodoTests":0,"numTotalTestSuites":8,"numTotalTests":151,"openHandles":[],"snapshot":{"added":0,"didUpdate":false,"failure":false,"filesAdded":0,"filesRemoved":0,"filesRemovedList":[],"filesUnmatched":0,"filesUpdated":0,"matched":0,"total":0,"unchecked":0,"uncheckedKeysByFile":[],"unmatched":0,"updated":0},"startTime":1775276280870,"success":false,"testResults":[{"assertionResults":[{"ancestorTitles":["extractExtensions"],"duration":3,"failureDetails":[],"failureMessages":[],"fullName":"extractExtensions should extract type-level extensions","invocations":1,"location":null,"numPassingAsserts":3,"retryReasons":[],"status":"passed","title":"should extract type-level extensions"},{"ancestorTitles":["extractExtensions"],"duration":0,"failureDetails":[],"failureMessages":[],"fullName":"extractExtensions should extract field-level extensions","invocations":1,"location":null,"numPassingAsserts":4,"retryReasons":[],"status":"passed","title":"should extract field-level extensions"},{"ancestorTitles":["extractExtensions"],"duration":0,"failureDetails":[],"failureMessages":[],"fullName":"extractExtensions should extract P0 feature: skip","invocations":1,"location":null,"numPassingAsserts":1,"retryReasons":[],"status":"passed","title":"should extract P0 feature: skip"},{"ancestorTitles":["extractExtensions"],"duration":1,"failureDetails":[],"failureMessages":[],"fullName":"extractExtensions should extract P0 feature: nullable","invocations":1,"location":null,"numPassingAsserts":1,"retryReasons":[],"status":"passed","title":"should extract P0 feature: nullable"},{"ancestorTitles":["extractExtensions"],"duration":0,"failureDetails":[],"failureMessages":[],"fullName":"extractExtensions should extract P0 feature: description","invocations":1,"location":null,"numPassingAsserts":1,"retryReasons":[],"status":"passed","title":"should extract P0 feature: description"},{"ancestorTitles":["extractExtensions"],"duration":0,"failureDetails":[],"failureMessages":[],"fullName":"extractExtensions should extract union types","invocations":1,"location":null,"numPassingAsserts":1,"retryReasons":[],"status":"passed","title":"should extract union types"},{"ancestorTitles":["extractExtensions"],"duration":0,"failureDetails":[],"failureMessages":[],"fullName":"extractExtensions should extract federation keys as string","invocations":1,"location":null,"numPassingAsserts":1,"retryReasons":[],"status":"passed","title":"should extract federation keys as string"},{"ancestorTitles":["extractExtensions"],"duration":0,"failureDetails":[],"failureMessages":[],"fullName":"extractExtensions should extract federation keys as array","invocations":1,"location":null,"numPassingAsserts":1,"retryReasons":[],"status":"passed","title":"should extract federation keys as array"},{"ancestorTitles":["extractExtensions"],"duration":1,"failureDetails":[],"failureMessages":[],"fullName":"extractExtensions should extract all federation extensions","invocations":1,"location":null,"numPassingAsserts":6,"retryReasons":[],"status":"passed","title":"should extract all federation extensions"},{"ancestorTitles":["extractExtensions"],"duration":0,"failureDetails":[],"failureMessages":[],"fullName":"extractExtensions should handle legacy x-graphql-type as string","invocations":1,"location":null,"numPassingAsserts":1,"retryReasons":[],"status":"passed","title":"should handle legacy x-graphql-type as string"},{"ancestorTitles":["extractExtensions"],"duration":0,"failureDetails":[],"failureMessages":[],"fullName":"extractExtensions should handle legacy x-graphql-type as object","invocations":1,"location":null,"numPassingAsserts":1,"retryReasons":[],"status":"passed","title":"should handle legacy x-graphql-type as object"},{"ancestorTitles":["extractExtensions"],"duration":0,"failureDetails":[],"failureMessages":[],"fullName":"extractExtensions should ignore non-x-graphql properties","invocations":1,"location":null,"numPassingAsserts":2,"retryReasons":[],"status":"passed","title":"should ignore non-x-graphql properties"},{"ancestorTitles":["shouldSkip"],"duration":0,"failureDetails":[],"failureMessages":[],"fullName":"shouldSkip should return true when skip is true","invocations":1,"location":null,"numPassingAsserts":1,"retryReasons":[],"status":"passed","title":"should return true when skip is true"},{"ancestorTitles":["shouldSkip"],"duration":0,"failureDetails":[],"failureMessages":[],"fullName":"shouldSkip should return false when skip is false","invocations":1,"location":null,"numPassingAsserts":1,"retryReasons":[],"status":"passed","title":"should return false when skip is false"},{"ancestorTitles":["shouldSkip"],"duration":0,"failureDetails":[],"failureMessages":[],"fullName":"shouldSkip should return false when skip is undefined","invocations":1,"location":null,"numPassingAsserts":1,"retryReasons":[],"status":"passed","title":"should return false when skip is undefined"},{"ancestorTitles":["getEffectiveDescription"],"duration":0,"failureDetails":[],"failureMessages":[],"fullName":"getEffectiveDescription should prefer x-graphql-description over fallback","invocations":1,"location":null,"numPassingAsserts":1,"retryReasons":[],"status":"passed","title":"should prefer x-graphql-description over fallback"},{"ancestorTitles":["getEffectiveDescription"],"duration":0,"failureDetails":[],"failureMessages":[],"fullName":"getEffectiveDescription should use fallback when x-graphql-description is not provided","invocations":1,"location":null,"numPassingAsserts":1,"retryReasons":[],"status":"passed","title":"should use fallback when x-graphql-description is not provided"},{"ancestorTitles":["getEffectiveDescription"],"duration":1,"failureDetails":[],"failureMessages":[],"fullName":"getEffectiveDescription should return undefined when neither is provided","invocations":1,"location":null,"numPassingAsserts":1,"retryReasons":[],"status":"passed","title":"should return undefined when neither is provided"},{"ancestorTitles":["getEffectiveDescription"],"duration":0,"failureDetails":[],"failureMessages":[],"fullName":"getEffectiveDescription should trim whitespace and return undefined for empty strings","invocations":1,"location":null,"numPassingAsserts":1,"retryReasons":[],"status":"passed","title":"should trim whitespace and return undefined for empty strings"},{"ancestorTitles":["getEffectiveDescription"],"duration":0,"failureDetails":[],"failureMessages":[],"fullName":"getEffectiveDescription should trim whitespace from valid descriptions","invocations":1,"location":null,"numPassingAsserts":1,"retryReasons":[],"status":"passed","title":"should trim whitespace from valid descriptions"},{"ancestorTitles":["getEffectiveDescription"],"duration":0,"failureDetails":[],"failureMessages":[],"fullName":"getEffectiveDescription should handle empty x-graphql-description and fall back to JSON Schema","invocations":1,"location":null,"numPassingAsserts":1,"retryReasons":[],"status":"passed","title":"should handle empty x-graphql-description and fall back to JSON Schema"},{"ancestorTitles":["getEffectiveDescription"],"duration":0,"failureDetails":[],"failureMessages":[],"fullName":"getEffectiveDescription should preserve multiline descriptions","invocations":1,"location":null,"numPassingAsserts":1,"retryReasons":[],"status":"passed","title":"should preserve multiline descriptions"},{"ancestorTitles":["isFieldNullable"],"duration":0,"failureDetails":[],"failureMessages":[],"fullName":"isFieldNullable should return true when x-graphql-nullable is true","invocations":1,"location":null,"numPassingAsserts":2,"retryReasons":[],"status":"passed","title":"should return true when x-graphql-nullable is true"},{"ancestorTitles":["isFieldNullable"],"duration":0,"failureDetails":[],"failureMessages":[],"fullName":"isFieldNullable should return false when x-graphql-nullable is false","invocations":1,"location":null,"numPassingAsserts":2,"retryReasons":[],"status":"passed","title":"should return false when x-graphql-nullable is false"},{"ancestorTitles":["isFieldNullable"],"duration":0,"failureDetails":[],"failureMessages":[],"fullName":"isFieldNullable should use x-graphql-field-non-null when nullable is not set","invocations":1,"location":null,"numPassingAsserts":2,"retryReasons":[],"status":"passed","title":"should use x-graphql-field-non-null when nullable is not set"},{"ancestorTitles":["isFieldNullable"],"duration":0,"failureDetails":[],"failureMessages":[],"fullName":"isFieldNullable should return based on isRequired when no explicit settings","invocations":1,"location":null,"numPassingAsserts":2,"retryReasons":[],"status":"passed","title":"should return based on isRequired when no explicit settings"},{"ancestorTitles":["isFieldNullable"],"duration":0,"failureDetails":[],"failureMessages":[],"fullName":"isFieldNullable x-graphql-nullable should override x-graphql-field-non-null","invocations":1,"location":null,"numPassingAsserts":1,"retryReasons":[],"status":"passed","title":"x-graphql-nullable should override x-graphql-field-non-null"},{"ancestorTitles":["isFieldNullable"],"duration":0,"failureDetails":[],"failureMessages":[],"fullName":"isFieldNullable x-graphql-nullable should override required status","invocations":1,"location":null,"numPassingAsserts":1,"retryReasons":[],"status":"passed","title":"x-graphql-nullable should override required status"},{"ancestorTitles":["getEffectiveFieldName"],"duration":1,"failureDetails":[],"failureMessages":[],"fullName":"getEffectiveFieldName should use x-graphql-field-name when provided","invocations":1,"location":null,"numPassingAsserts":1,"retryReasons":[],"status":"passed","title":"should use x-graphql-field-name when provided"},{"ancestorTitles":["getEffectiveFieldName"],"duration":0,"failureDetails":[],"failureMessages":[],"fullName":"getEffectiveFieldName should use property name when x-graphql-field-name is not provided","invocations":1,"location":null,"numPassingAsserts":1,"retryReasons":[],"status":"passed","title":"should use property name when x-graphql-field-name is not provided"},{"ancestorTitles":["getEffectiveTypeName"],"duration":0,"failureDetails":[],"failureMessages":[],"fullName":"getEffectiveTypeName should use x-graphql-type-name when provided","invocations":1,"location":null,"numPassingAsserts":1,"retryReasons":[],"status":"passed","title":"should use x-graphql-type-name when provided"},{"ancestorTitles":["getEffectiveTypeName"],"duration":0,"failureDetails":[],"failureMessages":[],"fullName":"getEffectiveTypeName should use fallback when x-graphql-type-name is not provided","invocations":1,"location":null,"numPassingAsserts":1,"retryReasons":[],"status":"passed","title":"should use fallback when x-graphql-type-name is not provided"},{"ancestorTitles":["formatDescription"],"duration":0,"failureDetails":[],"failureMessages":[],"fullName":"formatDescription should return empty string for undefined description","invocations":1,"location":null,"numPassingAsserts":1,"retryReasons":[],"status":"passed","title":"should return empty string for undefined description"},{"ancestorTitles":["formatDescription"],"duration":0,"failureDetails":[],"failureMessages":[],"fullName":"formatDescription should format short single-line description","invocations":1,"location":null,"numPassingAsserts":1,"retryReasons":[],"status":"passed","title":"should format short single-line description"},{"ancestorTitles":["formatDescription"],"duration":0,"failureDetails":[],"failureMessages":[],"fullName":"formatDescription should format long single-line description as multiline","invocations":1,"location":null,"numPassingAsserts":2,"retryReasons":[],"status":"passed","title":"should format long single-line description as multiline"},{"ancestorTitles":["formatDescription"],"duration":0,"failureDetails":[],"failureMessages":[],"fullName":"formatDescription should format multiline description","invocations":1,"location":null,"numPassingAsserts":1,"retryReasons":[],"status":"passed","title":"should format multiline description"},{"ancestorTitles":["formatDescription"],"duration":0,"failureDetails":[],"failureMessages":[],"fullName":"formatDescription should apply indentation","invocations":1,"location":null,"numPassingAsserts":1,"retryReasons":[],"status":"passed","title":"should apply indentation"},{"ancestorTitles":["formatDescription"],"duration":0,"failureDetails":[],"failureMessages":[],"fullName":"formatDescription should apply indentation to multiline","invocations":1,"location":null,"numPassingAsserts":1,"retryReasons":[],"status":"passed","title":"should apply indentation to multiline"},{"ancestorTitles":["parseFederationKeys"],"duration":0,"failureDetails":[],"failureMessages":[],"fullName":"parseFederationKeys should return empty array for undefined","invocations":1,"location":null,"numPassingAsserts":1,"retryReasons":[],"status":"passed","title":"should return empty array for undefined"},{"ancestorTitles":["parseFederationKeys"],"duration":1,"failureDetails":[],"failureMessages":[],"fullName":"parseFederationKeys should return array as-is","invocations":1,"location":null,"numPassingAsserts":1,"retryReasons":[],"status":"passed","title":"should return array as-is"},{"ancestorTitles":["parseFederationKeys"],"duration":0,"failureDetails":[],"failureMessages":[],"fullName":"parseFederationKeys should split space-separated string","invocations":1,"location":null,"numPassingAsserts":1,"retryReasons":[],"status":"passed","title":"should split space-separated string"},{"ancestorTitles":["parseFederationKeys"],"duration":0,"failureDetails":[],"failureMessages":[],"fullName":"parseFederationKeys should handle single key string","invocations":1,"location":null,"numPassingAsserts":1,"retryReasons":[],"status":"passed","title":"should handle single key string"},{"ancestorTitles":["parseFederationKeys"],"duration":0,"failureDetails":[],"failureMessages":[],"fullName":"parseFederationKeys should filter empty strings","invocations":1,"location":null,"numPassingAsserts":1,"retryReasons":[],"status":"passed","title":"should filter empty strings"},{"ancestorTitles":["buildFederationDirective"],"duration":0,"failureDetails":[],"failureMessages":[],"fullName":"buildFederationDirective should build directive without arguments","invocations":1,"location":null,"numPassingAsserts":1,"retryReasons":[],"status":"passed","title":"should build directive without arguments"},{"ancestorTitles":["buildFederationDirective"],"duration":0,"failureDetails":[],"failureMessages":[],"fullName":"buildFederationDirective should build directive with string argument","invocations":1,"location":null,"numPassingAsserts":1,"retryReasons":[],"status":"passed","title":"should build directive with string argument"},{"ancestorTitles":["buildFederationDirective"],"duration":0,"failureDetails":[],"failureMessages":[],"fullName":"buildFederationDirective should build directive with array argument","invocations":1,"location":null,"numPassingAsserts":1,"retryReasons":[],"status":"passed","title":"should build directive with array argument"},{"ancestorTitles":["buildFederationDirective"],"duration":0,"failureDetails":[],"failureMessages":[],"fullName":"buildFederationDirective should build directive with multiple arguments","invocations":1,"location":null,"numPassingAsserts":3,"retryReasons":[],"status":"passed","title":"should build directive with multiple arguments"},{"ancestorTitles":["buildFederationDirective"],"duration":0,"failureDetails":[],"failureMessages":[],"fullName":"buildFederationDirective should handle numeric arguments","invocations":1,"location":null,"numPassingAsserts":1,"retryReasons":[],"status":"passed","title":"should handle numeric arguments"},{"ancestorTitles":["generateTypeFederationDirectives"],"duration":0,"failureDetails":[],"failureMessages":[],"fullName":"generateTypeFederationDirectives should generate @key directive from string","invocations":1,"location":null,"numPassingAsserts":1,"retryReasons":[],"status":"passed","title":"should generate @key directive from string"},{"ancestorTitles":["generateTypeFederationDirectives"],"duration":1,"failureDetails":[],"failureMessages":[],"fullName":"generateTypeFederationDirectives should generate multiple @key directives from array","invocations":1,"location":null,"numPassingAsserts":3,"retryReasons":[],"status":"passed","title":"should generate multiple @key directives from array"},{"ancestorTitles":["generateTypeFederationDirectives"],"duration":0,"failureDetails":[],"failureMessages":[],"fullName":"generateTypeFederationDirectives should generate @shareable directive","invocations":1,"location":null,"numPassingAsserts":1,"retryReasons":[],"status":"passed","title":"should generate @shareable directive"},{"ancestorTitles":["generateTypeFederationDirectives"],"duration":0,"failureDetails":[],"failureMessages":[],"fullName":"generateTypeFederationDirectives should generate multiple directives","invocations":1,"location":null,"numPassingAsserts":3,"retryReasons":[],"status":"passed","title":"should generate multiple directives"},{"ancestorTitles":["generateTypeFederationDirectives"],"duration":0,"failureDetails":[],"failureMessages":[],"fullName":"generateTypeFederationDirectives should return empty array when no federation extensions","invocations":1,"location":null,"numPassingAsserts":1,"retryReasons":[],"status":"passed","title":"should return empty array when no federation extensions"},{"ancestorTitles":["generateFieldFederationDirectives"],"duration":0,"failureDetails":[],"failureMessages":[],"fullName":"generateFieldFederationDirectives should generate @external directive","invocations":1,"location":null,"numPassingAsserts":1,"retryReasons":[],"status":"passed","title":"should generate @external directive"},{"ancestorTitles":["generateFieldFederationDirectives"],"duration":0,"failureDetails":[],"failureMessages":[],"fullName":"generateFieldFederationDirectives should generate @requires directive from string","invocations":1,"location":null,"numPassingAsserts":1,"retryReasons":[],"status":"passed","title":"should generate @requires directive from string"},{"ancestorTitles":["generateFieldFederationDirectives"],"duration":0,"failureDetails":[],"failureMessages":[],"fullName":"generateFieldFederationDirectives should generate @requires directive from array","invocations":1,"location":null,"numPassingAsserts":1,"retryReasons":[],"status":"passed","title":"should generate @requires directive from array"},{"ancestorTitles":["generateFieldFederationDirectives"],"duration":0,"failureDetails":[],"failureMessages":[],"fullName":"generateFieldFederationDirectives should generate @provides directive","invocations":1,"location":null,"numPassingAsserts":1,"retryReasons":[],"status":"passed","title":"should generate @provides directive"},{"ancestorTitles":["generateFieldFederationDirectives"],"duration":0,"failureDetails":[],"failureMessages":[],"fullName":"generateFieldFederationDirectives should generate @override directive","invocations":1,"location":null,"numPassingAsserts":1,"retryReasons":[],"status":"passed","title":"should generate @override directive"},{"ancestorTitles":["generateFieldFederationDirectives"],"duration":0,"failureDetails":[],"failureMessages":[],"fullName":"generateFieldFederationDirectives should generate multiple field directives","invocations":1,"location":null,"numPassingAsserts":3,"retryReasons":[],"status":"passed","title":"should generate multiple field directives"},{"ancestorTitles":["generateFieldFederationDirectives"],"duration":0,"failureDetails":[],"failureMessages":[],"fullName":"generateFieldFederationDirectives should return empty array when no federation extensions","invocations":1,"location":null,"numPassingAsserts":1,"retryReasons":[],"status":"passed","title":"should return empty array when no federation extensions"},{"ancestorTitles":["mergeExtensions"],"duration":0,"failureDetails":[],"failureMessages":[],"fullName":"mergeExtensions should merge simple properties","invocations":1,"location":null,"numPassingAsserts":2,"retryReasons":[],"status":"passed","title":"should merge simple properties"},{"ancestorTitles":["mergeExtensions"],"duration":0,"failureDetails":[],"failureMessages":[],"fullName":"mergeExtensions should overwrite conflicting simple properties with last value","invocations":1,"location":null,"numPassingAsserts":1,"retryReasons":[],"status":"passed","title":"should overwrite conflicting simple properties with last value"},{"ancestorTitles":["mergeExtensions"],"duration":0,"failureDetails":[],"failureMessages":[],"fullName":"mergeExtensions should concatenate implements arrays","invocations":1,"location":null,"numPassingAsserts":1,"retryReasons":[],"status":"passed","title":"should concatenate implements arrays"},{"ancestorTitles":["mergeExtensions"],"duration":0,"failureDetails":[],"failureMessages":[],"fullName":"mergeExtensions should deduplicate implements arrays","invocations":1,"location":null,"numPassingAsserts":1,"retryReasons":[],"status":"passed","title":"should deduplicate implements arrays"},{"ancestorTitles":["mergeExtensions"],"duration":0,"failureDetails":[],"failureMessages":[],"fullName":"mergeExtensions should concatenate unionTypes arrays","invocations":1,"location":null,"numPassingAsserts":1,"retryReasons":[],"status":"passed","title":"should concatenate unionTypes arrays"},{"ancestorTitles":["mergeExtensions"],"duration":0,"failureDetails":[],"failureMessages":[],"fullName":"mergeExtensions should deduplicate unionTypes arrays","invocations":1,"location":null,"numPassingAsserts":1,"retryReasons":[],"status":"passed","title":"should deduplicate unionTypes arrays"},{"ancestorTitles":["mergeExtensions"],"duration":0,"failureDetails":[],"failureMessages":[],"fullName":"mergeExtensions should merge multiple extension objects","invocations":1,"location":null,"numPassingAsserts":4,"retryReasons":[],"status":"passed","title":"should merge multiple extension objects"},{"ancestorTitles":["mergeExtensions"],"duration":0,"failureDetails":[],"failureMessages":[],"fullName":"mergeExtensions should handle empty extensions","invocations":1,"location":null,"numPassingAsserts":1,"retryReasons":[],"status":"passed","title":"should handle empty extensions"}],"endTime":1775276281899,"message":"","name":"/home/john/json-schema-x-graphql/converters/node/src/x-graphql-extensions.test.ts","startTime":1775276281269,"status":"passed","summary":""},{"assertionResults":[{"ancestorTitles":["Roundtrip Integrity"],"duration":8,"failureDetails":[],"failureMessages":[],"fullName":"Roundtrip Integrity should preserve x-graphql-directives in roundtrip","invocations":1,"location":null,"numPassingAsserts":6,"retryReasons":[],"status":"passed","title":"should preserve x-graphql-directives in roundtrip"}],"endTime":1775276281927,"message":"","name":"/home/john/json-schema-x-graphql/converters/node/src/roundtrip.test.ts","startTime":1775276281267,"status":"passed","summary":""},{"assertionResults":[{"ancestorTitles":["Real-world Schema Conversions"],"duration":11,"failureDetails":[],"failureMessages":[],"fullName":"Real-world Schema Conversions converts Contract Data","invocations":1,"location":null,"numPassingAsserts":4,"retryReasons":[],"status":"passed","title":"converts Contract Data"},{"ancestorTitles":["Real-world Schema Conversions"],"duration":1,"failureDetails":[],"failureMessages":[],"fullName":"Real-world Schema Conversions converts Intake Process","invocations":1,"location":null,"numPassingAsserts":4,"retryReasons":[],"status":"passed","title":"converts Intake Process"},{"ancestorTitles":["Real-world Schema Conversions"],"duration":1,"failureDetails":[],"failureMessages":[],"fullName":"Real-world Schema Conversions converts Legacy Procurement","invocations":1,"location":null,"numPassingAsserts":4,"retryReasons":[],"status":"passed","title":"converts Legacy Procurement"},{"ancestorTitles":["Real-world Schema Conversions"],"duration":4,"failureDetails":[],"failureMessages":[],"fullName":"Real-world Schema Conversions converts Logistics Management","invocations":1,"location":null,"numPassingAsserts":4,"retryReasons":[],"status":"passed","title":"converts Logistics Management"}],"endTime":1775276281932,"message":"","name":"/home/john/json-schema-x-graphql/converters/node/src/real-world.test.ts","startTime":1775276281264,"status":"passed","summary":""},{"assertionResults":[{"ancestorTitles":["ADR: ConverterOptions canonical behaviors"],"duration":3,"failureDetails":[],"failureMessages":[],"fullName":"ADR: ConverterOptions canonical behaviors long/multiline description renders as block string","invocations":1,"location":null,"numPassingAsserts":1,"retryReasons":[],"status":"passed","title":"long/multiline description renders as block string"},{"ancestorTitles":["ADR: ConverterOptions canonical behaviors"],"duration":0,"failureDetails":[],"failureMessages":[],"fullName":"ADR: ConverterOptions canonical behaviors empty object without fields results in NO_TYPES error","invocations":1,"location":null,"numPassingAsserts":1,"retryReasons":[],"status":"passed","title":"empty object without fields results in NO_TYPES error"},{"ancestorTitles":["ADR: ConverterOptions canonical behaviors"],"duration":0,"failureDetails":[],"failureMessages":[],"fullName":"ADR: ConverterOptions canonical behaviors small anonymous object is inlined as JSON by default","invocations":1,"location":null,"numPassingAsserts":2,"retryReasons":[],"status":"passed","title":"small anonymous object is inlined as JSON by default"},{"ancestorTitles":["ADR: ConverterOptions canonical behaviors"],"duration":0,"failureDetails":[],"failureMessages":[],"fullName":"ADR: ConverterOptions canonical behaviors per-schema inline threshold override forces named type","invocations":1,"location":null,"numPassingAsserts":2,"retryReasons":[],"status":"passed","title":"per-schema inline threshold override forces named type"}],"endTime":1775276281933,"message":"","name":"/home/john/json-schema-x-graphql/converters/node/src/adr.options.test.ts","startTime":1775276281272,"status":"passed","summary":""},{"assertionResults":[{"ancestorTitles":["jsonSchemaToGraphQL - nested $ref resolution"],"duration":5,"failureDetails":[],"failureMessages":[],"fullName":"jsonSchemaToGraphQL - nested $ref resolution resolves chained $ref entries inside $defs","invocations":1,"location":null,"numPassingAsserts":6,"retryReasons":[],"status":"passed","title":"resolves chained $ref entries inside $defs"},{"ancestorTitles":["jsonSchemaToGraphQL - nested $ref resolution"],"duration":1,"failureDetails":[],"failureMessages":[],"fullName":"jsonSchemaToGraphQL - nested $ref resolution resolves $ref pointers that target nested properties via JSON Pointer","invocations":1,"location":null,"numPassingAsserts":4,"retryReasons":[],"status":"passed","title":"resolves $ref pointers that target nested properties via JSON Pointer"}],"endTime":1775276281943,"message":"","name":"/home/john/json-schema-x-graphql/converters/node/src/converter.test.ts","startTime":1775276281267,"status":"passed","summary":""},{"assertionResults":[{"ancestorTitles":["X-GraphQL Shared Test Data","Basic Types"],"duration":5,"failureDetails":[],"failureMessages":[],"fullName":"X-GraphQL Shared Test Data Basic Types should convert basic-types.json successfully","invocations":1,"location":null,"numPassingAsserts":3,"retryReasons":[],"status":"passed","title":"should convert basic-types.json successfully"},{"ancestorTitles":["X-GraphQL Shared Test Data","Comprehensive Features"],"duration":2,"failureDetails":[],"failureMessages":[],"fullName":"X-GraphQL Shared Test Data Comprehensive Features should convert comprehensive-features.json with all extensions","invocations":1,"location":null,"numPassingAsserts":11,"retryReasons":[],"status":"passed","title":"should convert comprehensive-features.json with all extensions"},{"ancestorTitles":["X-GraphQL Shared Test Data","Comprehensive Features"],"duration":0,"failureDetails":[],"failureMessages":[],"fullName":"X-GraphQL Shared Test Data Comprehensive Features should respect x-graphql-skip on types","invocations":1,"location":null,"numPassingAsserts":2,"retryReasons":[],"status":"passed","title":"should respect x-graphql-skip on types"},{"ancestorTitles":["X-GraphQL Shared Test Data","Comprehensive Features"],"duration":1,"failureDetails":[],"failureMessages":[],"fullName":"X-GraphQL Shared Test Data Comprehensive Features should generate federation directives correctly","invocations":1,"location":null,"numPassingAsserts":3,"retryReasons":[],"status":"passed","title":"should generate federation directives correctly"},{"ancestorTitles":["X-GraphQL Shared Test Data","Interfaces"],"duration":0,"failureDetails":[],"failureMessages":[],"fullName":"X-GraphQL Shared Test Data Interfaces should convert interfaces.json correctly","invocations":1,"location":null,"numPassingAsserts":2,"retryReasons":[],"status":"passed","title":"should convert interfaces.json correctly"},{"ancestorTitles":["X-GraphQL Shared Test Data","Unions"],"duration":1,"failureDetails":[],"failureMessages":[],"fullName":"X-GraphQL Shared Test Data Unions should convert unions.json correctly","invocations":1,"location":null,"numPassingAsserts":1,"retryReasons":[],"status":"passed","title":"should convert unions.json correctly"},{"ancestorTitles":["X-GraphQL Shared Test Data","Nullability"],"duration":0,"failureDetails":[],"failureMessages":[],"fullName":"X-GraphQL Shared Test Data Nullability should convert nullability.json with correct null markers","invocations":1,"location":null,"numPassingAsserts":2,"retryReasons":[],"status":"passed","title":"should convert nullability.json with correct null markers"},{"ancestorTitles":["X-GraphQL Shared Test Data","Nullability"],"duration":0,"failureDetails":[],"failureMessages":[],"fullName":"X-GraphQL Shared Test Data Nullability should respect x-graphql-nullable override","invocations":1,"location":null,"numPassingAsserts":1,"retryReasons":[],"status":"passed","title":"should respect x-graphql-nullable override"},{"ancestorTitles":["X-GraphQL Shared Test Data","Skip Fields"],"duration":1,"failureDetails":[],"failureMessages":[],"fullName":"X-GraphQL Shared Test Data Skip Fields should skip fields marked with x-graphql-skip","invocations":1,"location":null,"numPassingAsserts":2,"retryReasons":[],"status":"passed","title":"should skip fields marked with x-graphql-skip"},{"ancestorTitles":["X-GraphQL Shared Test Data","Descriptions"],"duration":0,"failureDetails":[],"failureMessages":[],"fullName":"X-GraphQL Shared Test Data Descriptions should include GraphQL descriptions","invocations":1,"location":null,"numPassingAsserts":1,"retryReasons":[],"status":"passed","title":"should include GraphQL descriptions"},{"ancestorTitles":["X-GraphQL Shared Test Data","Descriptions"],"duration":0,"failureDetails":[],"failureMessages":[],"fullName":"X-GraphQL Shared Test Data Descriptions should prefer x-graphql-description over JSON Schema description","invocations":1,"location":null,"numPassingAsserts":1,"retryReasons":[],"status":"passed","title":"should prefer x-graphql-description over JSON Schema description"},{"ancestorTitles":["X-GraphQL Shared Test Data","Comprehensive Schema"],"duration":1,"failureDetails":[],"failureMessages":[],"fullName":"X-GraphQL Shared Test Data Comprehensive Schema should convert comprehensive.json successfully","invocations":1,"location":null,"numPassingAsserts":2,"retryReasons":[],"status":"passed","title":"should convert comprehensive.json successfully"},{"ancestorTitles":["X-GraphQL Shared Test Data","All Schemas Validation"],"duration":17,"failureDetails":[],"failureMessages":[],"fullName":"X-GraphQL Shared Test Data All Schemas Validation should convert all JSON schemas in test-data directory","invocations":1,"location":null,"numPassingAsserts":17,"retryReasons":[],"status":"passed","title":"should convert all JSON schemas in test-data directory"},{"ancestorTitles":["X-GraphQL Shared Test Data","Type Name Mapping"],"duration":1,"failureDetails":[],"failureMessages":[],"fullName":"X-GraphQL Shared Test Data Type Name Mapping should respect x-graphql-type-name","invocations":1,"location":null,"numPassingAsserts":3,"retryReasons":[],"status":"passed","title":"should respect x-graphql-type-name"},{"ancestorTitles":["X-GraphQL Shared Test Data","Field Name Mapping"],"duration":0,"failureDetails":[],"failureMessages":[],"fullName":"X-GraphQL Shared Test Data Field Name Mapping should map snake_case to camelCase using x-graphql-field-name","invocations":1,"location":null,"numPassingAsserts":4,"retryReasons":[],"status":"passed","title":"should map snake_case to camelCase using x-graphql-field-name"},{"ancestorTitles":["X-GraphQL Shared Test Data","Field Type Mapping"],"duration":0,"failureDetails":[],"failureMessages":[],"fullName":"X-GraphQL Shared Test Data Field Type Mapping should use x-graphql-field-type for custom scalar types","invocations":1,"location":null,"numPassingAsserts":2,"retryReasons":[],"status":"passed","title":"should use x-graphql-field-type for custom scalar types"},{"ancestorTitles":["X-GraphQL Shared Test Data","List Item Non-Null"],"duration":1,"failureDetails":[],"failureMessages":[],"fullName":"X-GraphQL Shared Test Data List Item Non-Null should respect x-graphql-field-list-item-non-null","invocations":1,"location":null,"numPassingAsserts":1,"retryReasons":[],"status":"passed","title":"should respect x-graphql-field-list-item-non-null"},{"ancestorTitles":["X-GraphQL Shared Test Data","Federation Features"],"duration":0,"failureDetails":[],"failureMessages":[],"fullName":"X-GraphQL Shared Test Data Federation Features should generate @key directives","invocations":1,"location":null,"numPassingAsserts":1,"retryReasons":[],"status":"passed","title":"should generate @key directives"},{"ancestorTitles":["X-GraphQL Shared Test Data","Federation Features"],"duration":0,"failureDetails":[],"failureMessages":[],"fullName":"X-GraphQL Shared Test Data Federation Features should generate @shareable directive","invocations":1,"location":null,"numPassingAsserts":1,"retryReasons":[],"status":"passed","title":"should generate @shareable directive"},{"ancestorTitles":["X-GraphQL Shared Test Data","Federation Features"],"duration":1,"failureDetails":[],"failureMessages":[],"fullName":"X-GraphQL Shared Test Data Federation Features should generate @external directive","invocations":1,"location":null,"numPassingAsserts":1,"retryReasons":[],"status":"passed","title":"should generate @external directive"},{"ancestorTitles":["X-GraphQL Shared Test Data","Federation Features"],"duration":0,"failureDetails":[],"failureMessages":[],"fullName":"X-GraphQL Shared Test Data Federation Features should generate @requires directive","invocations":1,"location":null,"numPassingAsserts":1,"retryReasons":[],"status":"passed","title":"should generate @requires directive"},{"ancestorTitles":["X-GraphQL Shared Test Data","Federation Features"],"duration":0,"failureDetails":[],"failureMessages":[],"fullName":"X-GraphQL Shared Test Data Federation Features should generate @provides directive","invocations":1,"location":null,"numPassingAsserts":1,"retryReasons":[],"status":"passed","title":"should generate @provides directive"},{"ancestorTitles":["X-GraphQL Shared Test Data","Federation Features"],"duration":0,"failureDetails":[],"failureMessages":[],"fullName":"X-GraphQL Shared Test Data Federation Features should generate @override directive","invocations":1,"location":null,"numPassingAsserts":1,"retryReasons":[],"status":"passed","title":"should generate @override directive"},{"ancestorTitles":["X-GraphQL Shared Test Data","Round-Trip Fidelity"],"duration":1,"failureDetails":[],"failureMessages":[],"fullName":"X-GraphQL Shared Test Data Round-Trip Fidelity should preserve key features in conversion","invocations":1,"location":null,"numPassingAsserts":4,"retryReasons":[],"status":"passed","title":"should preserve key features in conversion"},{"ancestorTitles":["X-GraphQL Shared Test Data","Expected Output Comparison"],"duration":0,"failureDetails":[],"failureMessages":[],"fullName":"X-GraphQL Shared Test Data Expected Output Comparison should match expected output for comprehensive-features","invocations":1,"location":null,"numPassingAsserts":7,"retryReasons":[],"status":"passed","title":"should match expected output for comprehensive-features"}],"endTime":1775276281945,"message":"","name":"/home/john/json-schema-x-graphql/converters/node/src/x-graphql-shared.test.ts","startTime":1775276281266,"status":"passed","summary":""},{"assertionResults":[{"ancestorTitles":["Converter Improvements","Case Conversion Utilities"],"duration":3,"failureDetails":[],"failureMessages":[],"fullName":"Converter Improvements Case Conversion Utilities camelToSnake converts camelCase to snake_case","invocations":1,"location":null,"numPassingAsserts":4,"retryReasons":[],"status":"passed","title":"camelToSnake converts camelCase to snake_case"},{"ancestorTitles":["Converter Improvements","Case Conversion Utilities"],"duration":0,"failureDetails":[],"failureMessages":[],"fullName":"Converter Improvements Case Conversion Utilities snakeToCamel converts snake_case to camelCase","invocations":1,"location":null,"numPassingAsserts":3,"retryReasons":[],"status":"passed","title":"snakeToCamel converts snake_case to camelCase"},{"ancestorTitles":["Converter Improvements","Case Conversion Utilities"],"duration":1,"failureDetails":[],"failureMessages":[],"fullName":"Converter Improvements Case Conversion Utilities convertObjectKeys recursively converts keys","invocations":1,"location":null,"numPassingAsserts":1,"retryReasons":[],"status":"passed","title":"convertObjectKeys recursively converts keys"},{"ancestorTitles":["Converter Improvements","$ref Resolution with Case Mismatch"],"duration":1,"failureDetails":[],"failureMessages":[],"fullName":"Converter Improvements $ref Resolution with Case Mismatch should resolve $ref with case mismatch","invocations":1,"location":null,"numPassingAsserts":2,"retryReasons":[],"status":"passed","title":"should resolve $ref with case mismatch"},{"ancestorTitles":["Converter Improvements","$ref Resolution with Case Mismatch"],"duration":1,"failureDetails":[],"failureMessages":[],"fullName":"Converter Improvements $ref Resolution with Case Mismatch should handle snake_case ref to camelCase definition","invocations":1,"location":null,"numPassingAsserts":0,"retryReasons":[],"status":"passed","title":"should handle snake_case ref to camelCase definition"},{"ancestorTitles":["Converter Improvements","$ref Resolution with Case Mismatch"],"duration":0,"failureDetails":[],"failureMessages":[],"fullName":"Converter Improvements $ref Resolution with Case Mismatch should resolve nested $refs with case mismatch","invocations":1,"location":null,"numPassingAsserts":2,"retryReasons":[],"status":"passed","title":"should resolve nested $refs with case mismatch"},{"ancestorTitles":["Converter Improvements","Circular Reference Protection"],"duration":1,"failureDetails":[],"failureMessages":[],"fullName":"Converter Improvements Circular Reference Protection should handle self-referencing types without error","invocations":1,"location":null,"numPassingAsserts":2,"retryReasons":[],"status":"passed","title":"should handle self-referencing types without error"},{"ancestorTitles":["Converter Improvements","Circular Reference Protection"],"duration":0,"failureDetails":[],"failureMessages":[],"fullName":"Converter Improvements Circular Reference Protection should handle mutual references between types","invocations":1,"location":null,"numPassingAsserts":4,"retryReasons":[],"status":"passed","title":"should handle mutual references between types"},{"ancestorTitles":["Converter Improvements","Circular Reference Protection"],"duration":0,"failureDetails":[],"failureMessages":[],"fullName":"Converter Improvements Circular Reference Protection should handle recursive tree structures","invocations":1,"location":null,"numPassingAsserts":2,"retryReasons":[],"status":"passed","title":"should handle recursive tree structures"},{"ancestorTitles":["Converter Improvements","Circular Reference Protection"],"duration":0,"failureDetails":[],"failureMessages":[],"fullName":"Converter Improvements Circular Reference Protection should process circular-refs.schema.json without errors","invocations":1,"location":null,"numPassingAsserts":0,"retryReasons":[],"status":"passed","title":"should process circular-refs.schema.json without errors"},{"ancestorTitles":["Converter Improvements","Type Filtering"],"duration":14,"failureDetails":[],"failureMessages":[],"fullName":"Converter Improvements Type Filtering should exclude Query and Mutation by default","invocations":1,"location":null,"numPassingAsserts":3,"retryReasons":[],"status":"passed","title":"should exclude Query and Mutation by default"},{"ancestorTitles":["Converter Improvements","Type Filtering"],"duration":0,"failureDetails":[],"failureMessages":[],"fullName":"Converter Improvements Type Filtering should include operational types when configured","invocations":1,"location":null,"numPassingAsserts":2,"retryReasons":[],"status":"passed","title":"should include operational types when configured"},{"ancestorTitles":["Converter Improvements","Type Filtering"],"duration":0,"failureDetails":[],"failureMessages":[],"fullName":"Converter Improvements Type Filtering should exclude types with Filter suffix by default","invocations":1,"location":null,"numPassingAsserts":2,"retryReasons":[],"status":"passed","title":"should exclude types with Filter suffix by default"},{"ancestorTitles":["Converter Improvements","Type Filtering"],"duration":1,"failureDetails":[],"failureMessages":[],"fullName":"Converter Improvements Type Filtering should exclude types with Connection suffix by default","invocations":1,"location":null,"numPassingAsserts":2,"retryReasons":[],"status":"passed","title":"should exclude types with Connection suffix by default"},{"ancestorTitles":["Converter Improvements","Type Filtering"],"duration":0,"failureDetails":[],"failureMessages":[],"fullName":"Converter Improvements Type Filtering should exclude types with Payload suffix by default","invocations":1,"location":null,"numPassingAsserts":2,"retryReasons":[],"status":"passed","title":"should exclude types with Payload suffix by default"},{"ancestorTitles":["Converter Improvements","Type Filtering"],"duration":15,"failureDetails":[],"failureMessages":[],"fullName":"Converter Improvements Type Filtering should exclude types with multiple configured suffixes","invocations":1,"location":null,"numPassingAsserts":4,"retryReasons":[],"status":"passed","title":"should exclude types with multiple configured suffixes"},{"ancestorTitles":["Converter Improvements","Type Filtering"],"duration":0,"failureDetails":[],"failureMessages":[],"fullName":"Converter Improvements Type Filtering should respect custom exclude types option","invocations":1,"location":null,"numPassingAsserts":2,"retryReasons":[],"status":"passed","title":"should respect custom exclude types option"},{"ancestorTitles":["Converter Improvements","Type Filtering"],"duration":0,"failureDetails":[],"failureMessages":[],"fullName":"Converter Improvements Type Filtering should process filtering.schema.json correctly","invocations":1,"location":null,"numPassingAsserts":0,"retryReasons":[],"status":"passed","title":"should process filtering.schema.json correctly"},{"ancestorTitles":["Converter Improvements","Type Filtering"],"duration":0,"failureDetails":[],"failureMessages":[],"fullName":"Converter Improvements Type Filtering should include operational types when flag is set","invocations":1,"location":null,"numPassingAsserts":0,"retryReasons":[],"status":"passed","title":"should include operational types when flag is set"},{"ancestorTitles":["Converter Improvements","$defs Extraction"],"duration":0,"failureDetails":[],"failureMessages":[],"fullName":"Converter Improvements $defs Extraction should extract all types from $defs","invocations":1,"location":null,"numPassingAsserts":3,"retryReasons":[],"status":"passed","title":"should extract all types from $defs"},{"ancestorTitles":["Converter Improvements","$defs Extraction"],"duration":0,"failureDetails":[],"failureMessages":[],"fullName":"Converter Improvements $defs Extraction should support both $defs and definitions","invocations":1,"location":null,"numPassingAsserts":1,"retryReasons":[],"status":"passed","title":"should support both $defs and definitions"},{"ancestorTitles":["Converter Improvements","$defs Extraction"],"duration":1,"failureDetails":[],"failureMessages":[],"fullName":"Converter Improvements $defs Extraction should handle $defs with references between types","invocations":1,"location":null,"numPassingAsserts":3,"retryReasons":[],"status":"passed","title":"should handle $defs with references between types"},{"ancestorTitles":["Converter Improvements","$defs Extraction"],"duration":0,"failureDetails":[],"failureMessages":[],"fullName":"Converter Improvements $defs Extraction should respect filtering when extracting from $defs","invocations":1,"location":null,"numPassingAsserts":3,"retryReasons":[],"status":"passed","title":"should respect filtering when extracting from $defs"},{"ancestorTitles":["Converter Improvements","Integration Tests"],"duration":1,"failureDetails":[],"failureMessages":[],"fullName":"Converter Improvements Integration Tests should handle complex schema with all features","invocations":1,"location":null,"numPassingAsserts":6,"retryReasons":[],"status":"passed","title":"should handle complex schema with all features"}],"endTime":1775276281973,"message":"","name":"/home/john/json-schema-x-graphql/converters/node/src/improvements.test.ts","startTime":1775276281271,"status":"passed","summary":""},{"assertionResults":[{"ancestorTitles":["Parity: Node vs Rust converter outputs"],"duration":80,"failureDetails":[],"failureMessages":[],"fullName":"Parity: Node vs Rust converter outputs fixture: adr_description_block","invocations":1,"location":null,"numPassingAsserts":2,"retryReasons":[],"status":"passed","title":"fixture: adr_description_block"},{"ancestorTitles":["Parity: Node vs Rust converter outputs"],"duration":60,"failureDetails":[],"failureMessages":[],"fullName":"Parity: Node vs Rust converter outputs fixture: adr_empty_object","invocations":1,"location":null,"numPassingAsserts":2,"retryReasons":[],"status":"passed","title":"fixture: adr_empty_object"},{"ancestorTitles":["Parity: Node vs Rust converter outputs"],"duration":67,"failureDetails":[],"failureMessages":[],"fullName":"Parity: Node vs Rust converter outputs fixture: adr_ref_naming_collision","invocations":1,"location":null,"numPassingAsserts":2,"retryReasons":[],"status":"passed","title":"fixture: adr_ref_naming_collision"},{"ancestorTitles":["Parity: Node vs Rust converter outputs"],"duration":61,"failureDetails":[],"failureMessages":[],"fullName":"Parity: Node vs Rust converter outputs fixture: adr_small_inline","invocations":1,"location":null,"numPassingAsserts":2,"retryReasons":[],"status":"passed","title":"fixture: adr_small_inline"},{"ancestorTitles":["Parity: Node vs Rust converter outputs"],"duration":63,"failureDetails":[],"failureMessages":[],"fullName":"Parity: Node vs Rust converter outputs fixture: adr_small_inline_override","invocations":1,"location":null,"numPassingAsserts":2,"retryReasons":[],"status":"passed","title":"fixture: adr_small_inline_override"},{"ancestorTitles":["Parity: Node vs Rust converter outputs"],"duration":0,"failureDetails":[],"failureMessages":[],"fullName":"Parity: Node vs Rust converter outputs fixture: ast_json_output","invocations":1,"location":null,"numPassingAsserts":0,"retryReasons":[],"status":"passed","title":"fixture: ast_json_output"},{"ancestorTitles":["Parity: Node vs Rust converter outputs"],"duration":65,"failureDetails":[{"matcherResult":{"actual":"{\"kind\":\"Document\",\"definitions\":[{\"kind\":\"ObjectTypeDefinition\",\"description\":{\"kind\":\"StringValue\",\"value\":\"Account details (defined in PascalCase)\",\"block\":false},\"name\":{\"kind\":\"Name\",\"value\":\"AccountDetails\"},\"interfaces\":[],\"directives\":[],\"fields\":[{\"kind\":\"FieldDefinition\",\"name\":{\"kind\":\"Name\",\"value\":\"accountId\"},\"arguments\":[],\"type\":{\"kind\":\"NonNullType\",\"type\":{\"kind\":\"NamedType\",\"name\":{\"kind\":\"Name\",\"value\":\"ID\"}}},\"directives\":[]},{\"kind\":\"FieldDefinition\",\"name\":{\"kind\":\"Name\",\"value\":\"accountType\"},\"arguments\":[],\"type\":{\"kind\":\"NonNullType\",\"type\":{\"kind\":\"NamedType\",\"name\":{\"kind\":\"Name\",\"value\":\"String\"}}},\"directives\":[]},{\"kind\":\"FieldDefinition\",\"name\":{\"kind\":\"Name\",\"value\":\"createdAt\"},\"arguments\":[],\"type\":{\"kind\":\"NamedType\",\"name\":{\"kind\":\"Name\",\"value\":\"DateTime\"}},\"directives\":[]}]},{\"kind\":\"ObjectTypeDefinition\",\"description\":{\"kind\":\"StringValue\",\"value\":\"Test schema where $ref paths use different casing than definitions\",\"block\":false},\"name\":{\"kind\":\"Name\",\"value\":\"Casemismatchtest\"},\"interfaces\":[],\"directives\":[],\"fields\":[{\"kind\":\"FieldDefinition\",\"description\":{\"kind\":\"StringValue\",\"value\":\"Reference using snake_case when definition is PascalCase\",\"block\":false},\"name\":{\"kind\":\"Name\",\"value\":\"account\"},\"arguments\":[],\"type\":{\"kind\":\"NamedType\",\"name\":{\"kind\":\"Name\",\"value\":\"AccountDetails\"}},\"directives\":[]},{\"kind\":\"FieldDefinition\",\"description\":{\"kind\":\"StringValue\",\"value\":\"Reference using PascalCase when definition is camelCase\",\"block\":false},\"name\":{\"kind\":\"Name\",\"value\":\"alternateUser\"},\"arguments\":[],\"type\":{\"kind\":\"NamedType\",\"name\":{\"kind\":\"Name\",\"value\":\"UserInfo\"}},\"directives\":[]},{\"kind\":\"FieldDefinition\",\"description\":{\"kind\":\"StringValue\",\"value\":\"Reference using camelCase when definition is snake_case\",\"block\":false},\"name\":{\"kind\":\"Name\",\"value\":\"profile\"},\"arguments\":[],\"type\":{\"kind\":\"NamedType\",\"name\":{\"kind\":\"Name\",\"value\":\"UserProfile\"}},\"directives\":[]},{\"kind\":\"FieldDefinition\",\"description\":{\"kind\":\"StringValue\",\"value\":\"Reference using snake_case when definition is camelCase\",\"block\":false},\"name\":{\"kind\":\"Name\",\"value\":\"user\"},\"arguments\":[],\"type\":{\"kind\":\"NamedType\",\"name\":{\"kind\":\"Name\",\"value\":\"UserInfo\"}},\"directives\":[]}]},{\"kind\":\"ScalarTypeDefinition\",\"name\":{\"kind\":\"Name\",\"value\":\"DateTime\"},\"directives\":[]},{\"kind\":\"ScalarTypeDefinition\",\"name\":{\"kind\":\"Name\",\"value\":\"Email\"},\"directives\":[]},{\"kind\":\"ScalarTypeDefinition\",\"name\":{\"kind\":\"Name\",\"value\":\"URI\"},\"directives\":[]},{\"kind\":\"ObjectTypeDefinition\",\"description\":{\"kind\":\"StringValue\",\"value\":\"User information (defined in camelCase)\",\"block\":false},\"name\":{\"kind\":\"Name\",\"value\":\"UserInfo\"},\"interfaces\":[],\"directives\":[],\"fields\":[{\"kind\":\"FieldDefinition\",\"name\":{\"kind\":\"Name\",\"value\":\"emailAddress\"},\"arguments\":[],\"type\":{\"kind\":\"NamedType\",\"name\":{\"kind\":\"Name\",\"value\":\"Email\"}},\"directives\":[]},{\"kind\":\"FieldDefinition\",\"description\":{\"kind\":\"StringValue\",\"value\":\"Full name\",\"block\":false},\"name\":{\"kind\":\"Name\",\"value\":\"fullName\"},\"arguments\":[],\"type\":{\"kind\":\"NonNullType\",\"type\":{\"kind\":\"NamedType\",\"name\":{\"kind\":\"Name\",\"value\":\"String\"}}},\"directives\":[]},{\"kind\":\"FieldDefinition\",\"description\":{\"kind\":\"StringValue\",\"value\":\"User ID\",\"block\":false},\"name\":{\"kind\":\"Name\",\"value\":\"userId\"},\"arguments\":[],\"type\":{\"kind\":\"NonNullType\",\"type\":{\"kind\":\"NamedType\",\"name\":{\"kind\":\"Name\",\"value\":\"ID\"}}},\"directives\":[]}]},{\"kind\":\"ObjectTypeDefinition\",\"description\":{\"kind\":\"StringValue\",\"value\":\"User profile (defined in snake_case)\",\"block\":false},\"name\":{\"kind\":\"Name\",\"value\":\"UserProfile\"},\"interfaces\":[],\"directives\":[],\"fields\":[{\"kind\":\"FieldDefinition\",\"name\":{\"kind\":\"Name\",\"value\":\"avatarUrl\"},\"arguments\":[],\"type\":{\"kind\":\"NamedType\",\"name\":{\"kind\":\"Name\",\"value\":\"URI\"}},\"directives\":[]},{\"kind\":\"FieldDefinition\",\"name\":{\"kind\":\"Name\",\"value\":\"bio\"},\"arguments\":[],\"type\":{\"kind\":\"NamedType\",\"name\":{\"kind\":\"Name\",\"value\":\"String\"}},\"directives\":[]},{\"kind\":\"FieldDefinition\",\"name\":{\"kind\":\"Name\",\"value\":\"profileId\"},\"arguments\":[],\"type\":{\"kind\":\"NamedType\",\"name\":{\"kind\":\"Name\",\"value\":\"ID\"}},\"directives\":[]}]}]}","expected":"{\"kind\":\"Document\",\"definitions\":[{\"kind\":\"ObjectTypeDefinition\",\"description\":{\"kind\":\"StringValue\",\"value\":\"Account details (defined in PascalCase)\",\"block\":false},\"name\":{\"kind\":\"Name\",\"value\":\"Accountdetails\"},\"interfaces\":[],\"directives\":[],\"fields\":[{\"kind\":\"FieldDefinition\",\"name\":{\"kind\":\"Name\",\"value\":\"accountId\"},\"arguments\":[],\"type\":{\"kind\":\"NonNullType\",\"type\":{\"kind\":\"NamedType\",\"name\":{\"kind\":\"Name\",\"value\":\"ID\"}}},\"directives\":[]},{\"kind\":\"FieldDefinition\",\"name\":{\"kind\":\"Name\",\"value\":\"accountType\"},\"arguments\":[],\"type\":{\"kind\":\"NonNullType\",\"type\":{\"kind\":\"NamedType\",\"name\":{\"kind\":\"Name\",\"value\":\"String\"}}},\"directives\":[]},{\"kind\":\"FieldDefinition\",\"name\":{\"kind\":\"Name\",\"value\":\"createdAt\"},\"arguments\":[],\"type\":{\"kind\":\"NamedType\",\"name\":{\"kind\":\"Name\",\"value\":\"DateTime\"}},\"directives\":[]}]},{\"kind\":\"ObjectTypeDefinition\",\"description\":{\"kind\":\"StringValue\",\"value\":\"Test schema where $ref paths use different casing than definitions\",\"block\":false},\"name\":{\"kind\":\"Name\",\"value\":\"Casemismatchtest\"},\"interfaces\":[],\"directives\":[],\"fields\":[{\"kind\":\"FieldDefinition\",\"description\":{\"kind\":\"StringValue\",\"value\":\"Reference using snake_case when definition is PascalCase\",\"block\":false},\"name\":{\"kind\":\"Name\",\"value\":\"account\"},\"arguments\":[],\"type\":{\"kind\":\"NamedType\",\"name\":{\"kind\":\"Name\",\"value\":\"Accountdetails\"}},\"directives\":[]},{\"kind\":\"FieldDefinition\",\"description\":{\"kind\":\"StringValue\",\"value\":\"Reference using PascalCase when definition is camelCase\",\"block\":false},\"name\":{\"kind\":\"Name\",\"value\":\"alternateUser\"},\"arguments\":[],\"type\":{\"kind\":\"NamedType\",\"name\":{\"kind\":\"Name\",\"value\":\"Userinfo\"}},\"directives\":[]},{\"kind\":\"FieldDefinition\",\"description\":{\"kind\":\"StringValue\",\"value\":\"Reference using camelCase when definition is snake_case\",\"block\":false},\"name\":{\"kind\":\"Name\",\"value\":\"profile\"},\"arguments\":[],\"type\":{\"kind\":\"NamedType\",\"name\":{\"kind\":\"Name\",\"value\":\"Userprofile\"}},\"directives\":[]},{\"kind\":\"FieldDefinition\",\"description\":{\"kind\":\"StringValue\",\"value\":\"Reference using snake_case when definition is camelCase\",\"block\":false},\"name\":{\"kind\":\"Name\",\"value\":\"user\"},\"arguments\":[],\"type\":{\"kind\":\"NamedType\",\"name\":{\"kind\":\"Name\",\"value\":\"Userinfo\"}},\"directives\":[]}]},{\"kind\":\"ObjectTypeDefinition\",\"description\":{\"kind\":\"StringValue\",\"value\":\"User information (defined in camelCase)\",\"block\":false},\"name\":{\"kind\":\"Name\",\"value\":\"Userinfo\"},\"interfaces\":[],\"directives\":[],\"fields\":[{\"kind\":\"FieldDefinition\",\"name\":{\"kind\":\"Name\",\"value\":\"emailAddress\"},\"arguments\":[],\"type\":{\"kind\":\"NamedType\",\"name\":{\"kind\":\"Name\",\"value\":\"Email\"}},\"directives\":[]},{\"kind\":\"FieldDefinition\",\"description\":{\"kind\":\"StringValue\",\"value\":\"Full name\",\"block\":false},\"name\":{\"kind\":\"Name\",\"value\":\"fullName\"},\"arguments\":[],\"type\":{\"kind\":\"NonNullType\",\"type\":{\"kind\":\"NamedType\",\"name\":{\"kind\":\"Name\",\"value\":\"String\"}}},\"directives\":[]},{\"kind\":\"FieldDefinition\",\"description\":{\"kind\":\"StringValue\",\"value\":\"User ID\",\"block\":false},\"name\":{\"kind\":\"Name\",\"value\":\"userId\"},\"arguments\":[],\"type\":{\"kind\":\"NonNullType\",\"type\":{\"kind\":\"NamedType\",\"name\":{\"kind\":\"Name\",\"value\":\"ID\"}}},\"directives\":[]}]},{\"kind\":\"ObjectTypeDefinition\",\"description\":{\"kind\":\"StringValue\",\"value\":\"User profile (defined in snake_case)\",\"block\":false},\"name\":{\"kind\":\"Name\",\"value\":\"Userprofile\"},\"interfaces\":[],\"directives\":[],\"fields\":[{\"kind\":\"FieldDefinition\",\"name\":{\"kind\":\"Name\",\"value\":\"avatarUrl\"},\"arguments\":[],\"type\":{\"kind\":\"NamedType\",\"name\":{\"kind\":\"Name\",\"value\":\"URL\"}},\"directives\":[]},{\"kind\":\"FieldDefinition\",\"name\":{\"kind\":\"Name\",\"value\":\"bio\"},\"arguments\":[],\"type\":{\"kind\":\"NamedType\",\"name\":{\"kind\":\"Name\",\"value\":\"String\"}},\"directives\":[]},{\"kind\":\"FieldDefinition\",\"name\":{\"kind\":\"Name\",\"value\":\"profileId\"},\"arguments\":[],\"type\":{\"kind\":\"NamedType\",\"name\":{\"kind\":\"Name\",\"value\":\"ID\"}},\"directives\":[]}]}]}","message":"\u001b[2mexpect(\u001b[22m\u001b[31mreceived\u001b[39m\u001b[2m).\u001b[22mtoEqual\u001b[2m(\u001b[22m\u001b[32mexpected\u001b[39m\u001b[2m) // deep equality\u001b[22m\n\nExpected: \u001b[32m\"{\\\"kind\\\":\\\"Document\\\",\\\"definitions\\\":[{\\\"kind\\\":\\\"ObjectTypeDefinition\\\",\\\"description\\\":{\\\"kind\\\":\\\"StringValue\\\",\\\"value\\\":\\\"Account details (defined in PascalCase)\\\",\\\"block\\\":false},\\\"name\\\":{\\\"kind\\\":\\\"Name\\\",\\\"value\\\":\\\"Account\u001b[7md\u001b[27metails\\\"},\\\"interfaces\\\":[],\\\"directives\\\":[],\\\"fields\\\":[{\\\"kind\\\":\\\"FieldDefinition\\\",\\\"name\\\":{\\\"kind\\\":\\\"Name\\\",\\\"value\\\":\\\"accountId\\\"},\\\"arguments\\\":[],\\\"type\\\":{\\\"kind\\\":\\\"NonNullType\\\",\\\"type\\\":{\\\"kind\\\":\\\"NamedType\\\",\\\"name\\\":{\\\"kind\\\":\\\"Name\\\",\\\"value\\\":\\\"ID\\\"}}},\\\"directives\\\":[]},{\\\"kind\\\":\\\"FieldDefinition\\\",\\\"name\\\":{\\\"kind\\\":\\\"Name\\\",\\\"value\\\":\\\"accountType\\\"},\\\"arguments\\\":[],\\\"type\\\":{\\\"kind\\\":\\\"NonNullType\\\",\\\"type\\\":{\\\"kind\\\":\\\"NamedType\\\",\\\"name\\\":{\\\"kind\\\":\\\"Name\\\",\\\"value\\\":\\\"String\\\"}}},\\\"directives\\\":[]},{\\\"kind\\\":\\\"FieldDefinition\\\",\\\"name\\\":{\\\"kind\\\":\\\"Name\\\",\\\"value\\\":\\\"createdAt\\\"},\\\"arguments\\\":[],\\\"type\\\":{\\\"kind\\\":\\\"NamedType\\\",\\\"name\\\":{\\\"kind\\\":\\\"Name\\\",\\\"value\\\":\\\"DateTime\\\"}},\\\"directives\\\":[]}]},{\\\"kind\\\":\\\"ObjectTypeDefinition\\\",\\\"description\\\":{\\\"kind\\\":\\\"StringValue\\\",\\\"value\\\":\\\"Test schema where $ref paths use different casing than definitions\\\",\\\"block\\\":false},\\\"name\\\":{\\\"kind\\\":\\\"Name\\\",\\\"value\\\":\\\"Casemismatchtest\\\"},\\\"interfaces\\\":[],\\\"directives\\\":[],\\\"fields\\\":[{\\\"kind\\\":\\\"FieldDefinition\\\",\\\"description\\\":{\\\"kind\\\":\\\"StringValue\\\",\\\"value\\\":\\\"Reference using snake_case when definition is PascalCase\\\",\\\"block\\\":false},\\\"name\\\":{\\\"kind\\\":\\\"Name\\\",\\\"value\\\":\\\"account\\\"},\\\"arguments\\\":[],\\\"type\\\":{\\\"kind\\\":\\\"NamedType\\\",\\\"name\\\":{\\\"kind\\\":\\\"Name\\\",\\\"value\\\":\\\"Account\u001b[7md\u001b[27metails\\\"}},\\\"directives\\\":[]},{\\\"kind\\\":\\\"FieldDefinition\\\",\\\"description\\\":{\\\"kind\\\":\\\"StringValue\\\",\\\"value\\\":\\\"Reference using PascalCase when definition is camelCase\\\",\\\"block\\\":false},\\\"name\\\":{\\\"kind\\\":\\\"Name\\\",\\\"value\\\":\\\"alternateUser\\\"},\\\"arguments\\\":[],\\\"type\\\":{\\\"kind\\\":\\\"NamedType\\\",\\\"name\\\":{\\\"kind\\\":\\\"Name\\\",\\\"value\\\":\\\"User\u001b[7mi\u001b[27mnfo\\\"}},\\\"directives\\\":[]},{\\\"kind\\\":\\\"FieldDefinition\\\",\\\"description\\\":{\\\"kind\\\":\\\"StringValue\\\",\\\"value\\\":\\\"Reference using camelCase when definition is snake_case\\\",\\\"block\\\":false},\\\"name\\\":{\\\"kind\\\":\\\"Name\\\",\\\"value\\\":\\\"profile\\\"},\\\"arguments\\\":[],\\\"type\\\":{\\\"kind\\\":\\\"NamedType\\\",\\\"name\\\":{\\\"kind\\\":\\\"Name\\\",\\\"value\\\":\\\"User\u001b[7mp\u001b[27mrofile\\\"}},\\\"directives\\\":[]},{\\\"kind\\\":\\\"FieldDefinition\\\",\\\"description\\\":{\\\"kind\\\":\\\"StringValue\\\",\\\"value\\\":\\\"Reference using snake_case when definition is camelCase\\\",\\\"block\\\":false},\\\"name\\\":{\\\"kind\\\":\\\"Name\\\",\\\"value\\\":\\\"user\\\"},\\\"arguments\\\":[],\\\"type\\\":{\\\"kind\\\":\\\"NamedType\\\",\\\"name\\\":{\\\"kind\\\":\\\"Name\\\",\\\"value\\\":\\\"User\u001b[7minfo\\\"}},\\\"directives\\\":[]}\u001b[27m]},{\\\"kind\\\":\\\"ObjectTypeDefinition\\\",\\\"description\\\":{\\\"kind\\\":\\\"StringValue\\\",\\\"value\\\":\\\"User information (defined in camelCase)\\\",\\\"block\\\":false},\\\"name\\\":{\\\"kind\\\":\\\"Name\\\",\\\"value\\\":\\\"User\u001b[7mi\u001b[27mnfo\\\"},\\\"interfaces\\\":[],\\\"directives\\\":[],\\\"fields\\\":[{\\\"kind\\\":\\\"FieldDefinition\\\",\\\"name\\\":{\\\"kind\\\":\\\"Name\\\",\\\"value\\\":\\\"emailAddress\\\"},\\\"arguments\\\":[],\\\"type\\\":{\\\"kind\\\":\\\"NamedType\\\",\\\"name\\\":{\\\"kind\\\":\\\"Name\\\",\\\"value\\\":\\\"Email\\\"}},\\\"directives\\\":[]},{\\\"kind\\\":\\\"FieldDefinition\\\",\\\"description\\\":{\\\"kind\\\":\\\"StringValue\\\",\\\"value\\\":\\\"Full name\\\",\\\"block\\\":false},\\\"name\\\":{\\\"kind\\\":\\\"Name\\\",\\\"value\\\":\\\"fullName\\\"},\\\"arguments\\\":[],\\\"type\\\":{\\\"kind\\\":\\\"NonNullType\\\",\\\"type\\\":{\\\"kind\\\":\\\"NamedType\\\",\\\"name\\\":{\\\"kind\\\":\\\"Name\\\",\\\"value\\\":\\\"String\\\"}}},\\\"directives\\\":[]},{\\\"kind\\\":\\\"FieldDefinition\\\",\\\"description\\\":{\\\"kind\\\":\\\"StringValue\\\",\\\"value\\\":\\\"User ID\\\",\\\"block\\\":false},\\\"name\\\":{\\\"kind\\\":\\\"Name\\\",\\\"value\\\":\\\"userId\\\"},\\\"arguments\\\":[],\\\"type\\\":{\\\"kind\\\":\\\"NonNullType\\\",\\\"type\\\":{\\\"kind\\\":\\\"NamedType\\\",\\\"name\\\":{\\\"kind\\\":\\\"Name\\\",\\\"value\\\":\\\"ID\\\"}}},\\\"directives\\\":[]}]},{\\\"kind\\\":\\\"ObjectTypeDefinition\\\",\\\"description\\\":{\\\"kind\\\":\\\"StringValue\\\",\\\"value\\\":\\\"User profile (defined in snake_case)\\\",\\\"block\\\":false},\\\"name\\\":{\\\"kind\\\":\\\"Name\\\",\\\"value\\\":\\\"User\u001b[7mp\u001b[27mrofile\\\"},\\\"interfaces\\\":[],\\\"directives\\\":[],\\\"fields\\\":[{\\\"kind\\\":\\\"FieldDefinition\\\",\\\"name\\\":{\\\"kind\\\":\\\"Name\\\",\\\"value\\\":\\\"avatarUrl\\\"},\\\"arguments\\\":[],\\\"type\\\":{\\\"kind\\\":\\\"NamedType\\\",\\\"name\\\":{\\\"kind\\\":\\\"Name\\\",\\\"value\\\":\\\"UR\u001b[7mL\u001b[27m\\\"}},\\\"directives\\\":[]},{\\\"kind\\\":\\\"FieldDefinition\\\",\\\"name\\\":{\\\"kind\\\":\\\"Name\\\",\\\"value\\\":\\\"bio\\\"},\\\"arguments\\\":[],\\\"type\\\":{\\\"kind\\\":\\\"NamedType\\\",\\\"name\\\":{\\\"kind\\\":\\\"Name\\\",\\\"value\\\":\\\"String\\\"}},\\\"directives\\\":[]},{\\\"kind\\\":\\\"FieldDefinition\\\",\\\"name\\\":{\\\"kind\\\":\\\"Name\\\",\\\"value\\\":\\\"profileId\\\"},\\\"arguments\\\":[],\\\"type\\\":{\\\"kind\\\":\\\"NamedType\\\",\\\"name\\\":{\\\"kind\\\":\\\"Name\\\",\\\"value\\\":\\\"ID\\\"}},\\\"directives\\\":[]}]}]}\"\u001b[39m\nReceived: \u001b[31m\"{\\\"kind\\\":\\\"Document\\\",\\\"definitions\\\":[{\\\"kind\\\":\\\"ObjectTypeDefinition\\\",\\\"description\\\":{\\\"kind\\\":\\\"StringValue\\\",\\\"value\\\":\\\"Account details (defined in PascalCase)\\\",\\\"block\\\":false},\\\"name\\\":{\\\"kind\\\":\\\"Name\\\",\\\"value\\\":\\\"Account\u001b[7mD\u001b[27metails\\\"},\\\"interfaces\\\":[],\\\"directives\\\":[],\\\"fields\\\":[{\\\"kind\\\":\\\"FieldDefinition\\\",\\\"name\\\":{\\\"kind\\\":\\\"Name\\\",\\\"value\\\":\\\"accountId\\\"},\\\"arguments\\\":[],\\\"type\\\":{\\\"kind\\\":\\\"NonNullType\\\",\\\"type\\\":{\\\"kind\\\":\\\"NamedType\\\",\\\"name\\\":{\\\"kind\\\":\\\"Name\\\",\\\"value\\\":\\\"ID\\\"}}},\\\"directives\\\":[]},{\\\"kind\\\":\\\"FieldDefinition\\\",\\\"name\\\":{\\\"kind\\\":\\\"Name\\\",\\\"value\\\":\\\"accountType\\\"},\\\"arguments\\\":[],\\\"type\\\":{\\\"kind\\\":\\\"NonNullType\\\",\\\"type\\\":{\\\"kind\\\":\\\"NamedType\\\",\\\"name\\\":{\\\"kind\\\":\\\"Name\\\",\\\"value\\\":\\\"String\\\"}}},\\\"directives\\\":[]},{\\\"kind\\\":\\\"FieldDefinition\\\",\\\"name\\\":{\\\"kind\\\":\\\"Name\\\",\\\"value\\\":\\\"createdAt\\\"},\\\"arguments\\\":[],\\\"type\\\":{\\\"kind\\\":\\\"NamedType\\\",\\\"name\\\":{\\\"kind\\\":\\\"Name\\\",\\\"value\\\":\\\"DateTime\\\"}},\\\"directives\\\":[]}]},{\\\"kind\\\":\\\"ObjectTypeDefinition\\\",\\\"description\\\":{\\\"kind\\\":\\\"StringValue\\\",\\\"value\\\":\\\"Test schema where $ref paths use different casing than definitions\\\",\\\"block\\\":false},\\\"name\\\":{\\\"kind\\\":\\\"Name\\\",\\\"value\\\":\\\"Casemismatchtest\\\"},\\\"interfaces\\\":[],\\\"directives\\\":[],\\\"fields\\\":[{\\\"kind\\\":\\\"FieldDefinition\\\",\\\"description\\\":{\\\"kind\\\":\\\"StringValue\\\",\\\"value\\\":\\\"Reference using snake_case when definition is PascalCase\\\",\\\"block\\\":false},\\\"name\\\":{\\\"kind\\\":\\\"Name\\\",\\\"value\\\":\\\"account\\\"},\\\"arguments\\\":[],\\\"type\\\":{\\\"kind\\\":\\\"NamedType\\\",\\\"name\\\":{\\\"kind\\\":\\\"Name\\\",\\\"value\\\":\\\"Account\u001b[7mD\u001b[27metails\\\"}},\\\"directives\\\":[]},{\\\"kind\\\":\\\"FieldDefinition\\\",\\\"description\\\":{\\\"kind\\\":\\\"StringValue\\\",\\\"value\\\":\\\"Reference using PascalCase when definition is camelCase\\\",\\\"block\\\":false},\\\"name\\\":{\\\"kind\\\":\\\"Name\\\",\\\"value\\\":\\\"alternateUser\\\"},\\\"arguments\\\":[],\\\"type\\\":{\\\"kind\\\":\\\"NamedType\\\",\\\"name\\\":{\\\"kind\\\":\\\"Name\\\",\\\"value\\\":\\\"User\u001b[7mI\u001b[27mnfo\\\"}},\\\"directives\\\":[]},{\\\"kind\\\":\\\"FieldDefinition\\\",\\\"description\\\":{\\\"kind\\\":\\\"StringValue\\\",\\\"value\\\":\\\"Reference using camelCase when definition is snake_case\\\",\\\"block\\\":false},\\\"name\\\":{\\\"kind\\\":\\\"Name\\\",\\\"value\\\":\\\"profile\\\"},\\\"arguments\\\":[],\\\"type\\\":{\\\"kind\\\":\\\"NamedType\\\",\\\"name\\\":{\\\"kind\\\":\\\"Name\\\",\\\"value\\\":\\\"User\u001b[7mP\u001b[27mrofile\\\"}},\\\"directives\\\":[]},{\\\"kind\\\":\\\"FieldDefinition\\\",\\\"description\\\":{\\\"kind\\\":\\\"StringValue\\\",\\\"value\\\":\\\"Reference using snake_case when definition is camelCase\\\",\\\"block\\\":false},\\\"name\\\":{\\\"kind\\\":\\\"Name\\\",\\\"value\\\":\\\"user\\\"},\\\"arguments\\\":[],\\\"type\\\":{\\\"kind\\\":\\\"NamedType\\\",\\\"name\\\":{\\\"kind\\\":\\\"Name\\\",\\\"value\\\":\\\"User\u001b[7mInfo\\\"}},\\\"directives\\\":[]}]},{\\\"kind\\\":\\\"ScalarTypeDefinition\\\",\\\"name\\\":{\\\"kind\\\":\\\"Name\\\",\\\"value\\\":\\\"DateTime\\\"},\\\"directives\\\":[]},{\\\"kind\\\":\\\"ScalarTypeDefinition\\\",\\\"name\\\":{\\\"kind\\\":\\\"Name\\\",\\\"value\\\":\\\"Email\\\"},\\\"directives\\\":[]},{\\\"kind\\\":\\\"ScalarTypeDefinition\\\",\\\"name\\\":{\\\"kind\\\":\\\"Name\\\",\\\"value\\\":\\\"URI\\\"},\\\"directives\\\":[\u001b[27m]},{\\\"kind\\\":\\\"ObjectTypeDefinition\\\",\\\"description\\\":{\\\"kind\\\":\\\"StringValue\\\",\\\"value\\\":\\\"User information (defined in camelCase)\\\",\\\"block\\\":false},\\\"name\\\":{\\\"kind\\\":\\\"Name\\\",\\\"value\\\":\\\"User\u001b[7mI\u001b[27mnfo\\\"},\\\"interfaces\\\":[],\\\"directives\\\":[],\\\"fields\\\":[{\\\"kind\\\":\\\"FieldDefinition\\\",\\\"name\\\":{\\\"kind\\\":\\\"Name\\\",\\\"value\\\":\\\"emailAddress\\\"},\\\"arguments\\\":[],\\\"type\\\":{\\\"kind\\\":\\\"NamedType\\\",\\\"name\\\":{\\\"kind\\\":\\\"Name\\\",\\\"value\\\":\\\"Email\\\"}},\\\"directives\\\":[]},{\\\"kind\\\":\\\"FieldDefinition\\\",\\\"description\\\":{\\\"kind\\\":\\\"StringValue\\\",\\\"value\\\":\\\"Full name\\\",\\\"block\\\":false},\\\"name\\\":{\\\"kind\\\":\\\"Name\\\",\\\"value\\\":\\\"fullName\\\"},\\\"arguments\\\":[],\\\"type\\\":{\\\"kind\\\":\\\"NonNullType\\\",\\\"type\\\":{\\\"kind\\\":\\\"NamedType\\\",\\\"name\\\":{\\\"kind\\\":\\\"Name\\\",\\\"value\\\":\\\"String\\\"}}},\\\"directives\\\":[]},{\\\"kind\\\":\\\"FieldDefinition\\\",\\\"description\\\":{\\\"kind\\\":\\\"StringValue\\\",\\\"value\\\":\\\"User ID\\\",\\\"block\\\":false},\\\"name\\\":{\\\"kind\\\":\\\"Name\\\",\\\"value\\\":\\\"userId\\\"},\\\"arguments\\\":[],\\\"type\\\":{\\\"kind\\\":\\\"NonNullType\\\",\\\"type\\\":{\\\"kind\\\":\\\"NamedType\\\",\\\"name\\\":{\\\"kind\\\":\\\"Name\\\",\\\"value\\\":\\\"ID\\\"}}},\\\"directives\\\":[]}]},{\\\"kind\\\":\\\"ObjectTypeDefinition\\\",\\\"description\\\":{\\\"kind\\\":\\\"StringValue\\\",\\\"value\\\":\\\"User profile (defined in snake_case)\\\",\\\"block\\\":false},\\\"name\\\":{\\\"kind\\\":\\\"Name\\\",\\\"value\\\":\\\"User\u001b[7mP\u001b[27mrofile\\\"},\\\"interfaces\\\":[],\\\"directives\\\":[],\\\"fields\\\":[{\\\"kind\\\":\\\"FieldDefinition\\\",\\\"name\\\":{\\\"kind\\\":\\\"Name\\\",\\\"value\\\":\\\"avatarUrl\\\"},\\\"arguments\\\":[],\\\"type\\\":{\\\"kind\\\":\\\"NamedType\\\",\\\"name\\\":{\\\"kind\\\":\\\"Name\\\",\\\"value\\\":\\\"UR\u001b[7mI\u001b[27m\\\"}},\\\"directives\\\":[]},{\\\"kind\\\":\\\"FieldDefinition\\\",\\\"name\\\":{\\\"kind\\\":\\\"Name\\\",\\\"value\\\":\\\"bio\\\"},\\\"arguments\\\":[],\\\"type\\\":{\\\"kind\\\":\\\"NamedType\\\",\\\"name\\\":{\\\"kind\\\":\\\"Name\\\",\\\"value\\\":\\\"String\\\"}},\\\"directives\\\":[]},{\\\"kind\\\":\\\"FieldDefinition\\\",\\\"name\\\":{\\\"kind\\\":\\\"Name\\\",\\\"value\\\":\\\"profileId\\\"},\\\"arguments\\\":[],\\\"type\\\":{\\\"kind\\\":\\\"NamedType\\\",\\\"name\\\":{\\\"kind\\\":\\\"Name\\\",\\\"value\\\":\\\"ID\\\"}},\\\"directives\\\":[]}]}]}\"\u001b[39m","name":"toEqual","pass":false}}],"failureMessages":["Error: \u001b[2mexpect(\u001b[22m\u001b[31mreceived\u001b[39m\u001b[2m).\u001b[22mtoEqual\u001b[2m(\u001b[22m\u001b[32mexpected\u001b[39m\u001b[2m) // deep equality\u001b[22m\n\nExpected: \u001b[32m\"{\\\"kind\\\":\\\"Document\\\",\\\"definitions\\\":[{\\\"kind\\\":\\\"ObjectTypeDefinition\\\",\\\"description\\\":{\\\"kind\\\":\\\"StringValue\\\",\\\"value\\\":\\\"Account details (defined in PascalCase)\\\",\\\"block\\\":false},\\\"name\\\":{\\\"kind\\\":\\\"Name\\\",\\\"value\\\":\\\"Account\u001b[7md\u001b[27metails\\\"},\\\"interfaces\\\":[],\\\"directives\\\":[],\\\"fields\\\":[{\\\"kind\\\":\\\"FieldDefinition\\\",\\\"name\\\":{\\\"kind\\\":\\\"Name\\\",\\\"value\\\":\\\"accountId\\\"},\\\"arguments\\\":[],\\\"type\\\":{\\\"kind\\\":\\\"NonNullType\\\",\\\"type\\\":{\\\"kind\\\":\\\"NamedType\\\",\\\"name\\\":{\\\"kind\\\":\\\"Name\\\",\\\"value\\\":\\\"ID\\\"}}},\\\"directives\\\":[]},{\\\"kind\\\":\\\"FieldDefinition\\\",\\\"name\\\":{\\\"kind\\\":\\\"Name\\\",\\\"value\\\":\\\"accountType\\\"},\\\"arguments\\\":[],\\\"type\\\":{\\\"kind\\\":\\\"NonNullType\\\",\\\"type\\\":{\\\"kind\\\":\\\"NamedType\\\",\\\"name\\\":{\\\"kind\\\":\\\"Name\\\",\\\"value\\\":\\\"String\\\"}}},\\\"directives\\\":[]},{\\\"kind\\\":\\\"FieldDefinition\\\",\\\"name\\\":{\\\"kind\\\":\\\"Name\\\",\\\"value\\\":\\\"createdAt\\\"},\\\"arguments\\\":[],\\\"type\\\":{\\\"kind\\\":\\\"NamedType\\\",\\\"name\\\":{\\\"kind\\\":\\\"Name\\\",\\\"value\\\":\\\"DateTime\\\"}},\\\"directives\\\":[]}]},{\\\"kind\\\":\\\"ObjectTypeDefinition\\\",\\\"description\\\":{\\\"kind\\\":\\\"StringValue\\\",\\\"value\\\":\\\"Test schema where $ref paths use different casing than definitions\\\",\\\"block\\\":false},\\\"name\\\":{\\\"kind\\\":\\\"Name\\\",\\\"value\\\":\\\"Casemismatchtest\\\"},\\\"interfaces\\\":[],\\\"directives\\\":[],\\\"fields\\\":[{\\\"kind\\\":\\\"FieldDefinition\\\",\\\"description\\\":{\\\"kind\\\":\\\"StringValue\\\",\\\"value\\\":\\\"Reference using snake_case when definition is PascalCase\\\",\\\"block\\\":false},\\\"name\\\":{\\\"kind\\\":\\\"Name\\\",\\\"value\\\":\\\"account\\\"},\\\"arguments\\\":[],\\\"type\\\":{\\\"kind\\\":\\\"NamedType\\\",\\\"name\\\":{\\\"kind\\\":\\\"Name\\\",\\\"value\\\":\\\"Account\u001b[7md\u001b[27metails\\\"}},\\\"directives\\\":[]},{\\\"kind\\\":\\\"FieldDefinition\\\",\\\"description\\\":{\\\"kind\\\":\\\"StringValue\\\",\\\"value\\\":\\\"Reference using PascalCase when definition is camelCase\\\",\\\"block\\\":false},\\\"name\\\":{\\\"kind\\\":\\\"Name\\\",\\\"value\\\":\\\"alternateUser\\\"},\\\"arguments\\\":[],\\\"type\\\":{\\\"kind\\\":\\\"NamedType\\\",\\\"name\\\":{\\\"kind\\\":\\\"Name\\\",\\\"value\\\":\\\"User\u001b[7mi\u001b[27mnfo\\\"}},\\\"directives\\\":[]},{\\\"kind\\\":\\\"FieldDefinition\\\",\\\"description\\\":{\\\"kind\\\":\\\"StringValue\\\",\\\"value\\\":\\\"Reference using camelCase when definition is snake_case\\\",\\\"block\\\":false},\\\"name\\\":{\\\"kind\\\":\\\"Name\\\",\\\"value\\\":\\\"profile\\\"},\\\"arguments\\\":[],\\\"type\\\":{\\\"kind\\\":\\\"NamedType\\\",\\\"name\\\":{\\\"kind\\\":\\\"Name\\\",\\\"value\\\":\\\"User\u001b[7mp\u001b[27mrofile\\\"}},\\\"directives\\\":[]},{\\\"kind\\\":\\\"FieldDefinition\\\",\\\"description\\\":{\\\"kind\\\":\\\"StringValue\\\",\\\"value\\\":\\\"Reference using snake_case when definition is camelCase\\\",\\\"block\\\":false},\\\"name\\\":{\\\"kind\\\":\\\"Name\\\",\\\"value\\\":\\\"user\\\"},\\\"arguments\\\":[],\\\"type\\\":{\\\"kind\\\":\\\"NamedType\\\",\\\"name\\\":{\\\"kind\\\":\\\"Name\\\",\\\"value\\\":\\\"User\u001b[7minfo\\\"}},\\\"directives\\\":[]}\u001b[27m]},{\\\"kind\\\":\\\"ObjectTypeDefinition\\\",\\\"description\\\":{\\\"kind\\\":\\\"StringValue\\\",\\\"value\\\":\\\"User information (defined in camelCase)\\\",\\\"block\\\":false},\\\"name\\\":{\\\"kind\\\":\\\"Name\\\",\\\"value\\\":\\\"User\u001b[7mi\u001b[27mnfo\\\"},\\\"interfaces\\\":[],\\\"directives\\\":[],\\\"fields\\\":[{\\\"kind\\\":\\\"FieldDefinition\\\",\\\"name\\\":{\\\"kind\\\":\\\"Name\\\",\\\"value\\\":\\\"emailAddress\\\"},\\\"arguments\\\":[],\\\"type\\\":{\\\"kind\\\":\\\"NamedType\\\",\\\"name\\\":{\\\"kind\\\":\\\"Name\\\",\\\"value\\\":\\\"Email\\\"}},\\\"directives\\\":[]},{\\\"kind\\\":\\\"FieldDefinition\\\",\\\"description\\\":{\\\"kind\\\":\\\"StringValue\\\",\\\"value\\\":\\\"Full name\\\",\\\"block\\\":false},\\\"name\\\":{\\\"kind\\\":\\\"Name\\\",\\\"value\\\":\\\"fullName\\\"},\\\"arguments\\\":[],\\\"type\\\":{\\\"kind\\\":\\\"NonNullType\\\",\\\"type\\\":{\\\"kind\\\":\\\"NamedType\\\",\\\"name\\\":{\\\"kind\\\":\\\"Name\\\",\\\"value\\\":\\\"String\\\"}}},\\\"directives\\\":[]},{\\\"kind\\\":\\\"FieldDefinition\\\",\\\"description\\\":{\\\"kind\\\":\\\"StringValue\\\",\\\"value\\\":\\\"User ID\\\",\\\"block\\\":false},\\\"name\\\":{\\\"kind\\\":\\\"Name\\\",\\\"value\\\":\\\"userId\\\"},\\\"arguments\\\":[],\\\"type\\\":{\\\"kind\\\":\\\"NonNullType\\\",\\\"type\\\":{\\\"kind\\\":\\\"NamedType\\\",\\\"name\\\":{\\\"kind\\\":\\\"Name\\\",\\\"value\\\":\\\"ID\\\"}}},\\\"directives\\\":[]}]},{\\\"kind\\\":\\\"ObjectTypeDefinition\\\",\\\"description\\\":{\\\"kind\\\":\\\"StringValue\\\",\\\"value\\\":\\\"User profile (defined in snake_case)\\\",\\\"block\\\":false},\\\"name\\\":{\\\"kind\\\":\\\"Name\\\",\\\"value\\\":\\\"User\u001b[7mp\u001b[27mrofile\\\"},\\\"interfaces\\\":[],\\\"directives\\\":[],\\\"fields\\\":[{\\\"kind\\\":\\\"FieldDefinition\\\",\\\"name\\\":{\\\"kind\\\":\\\"Name\\\",\\\"value\\\":\\\"avatarUrl\\\"},\\\"arguments\\\":[],\\\"type\\\":{\\\"kind\\\":\\\"NamedType\\\",\\\"name\\\":{\\\"kind\\\":\\\"Name\\\",\\\"value\\\":\\\"UR\u001b[7mL\u001b[27m\\\"}},\\\"directives\\\":[]},{\\\"kind\\\":\\\"FieldDefinition\\\",\\\"name\\\":{\\\"kind\\\":\\\"Name\\\",\\\"value\\\":\\\"bio\\\"},\\\"arguments\\\":[],\\\"type\\\":{\\\"kind\\\":\\\"NamedType\\\",\\\"name\\\":{\\\"kind\\\":\\\"Name\\\",\\\"value\\\":\\\"String\\\"}},\\\"directives\\\":[]},{\\\"kind\\\":\\\"FieldDefinition\\\",\\\"name\\\":{\\\"kind\\\":\\\"Name\\\",\\\"value\\\":\\\"profileId\\\"},\\\"arguments\\\":[],\\\"type\\\":{\\\"kind\\\":\\\"NamedType\\\",\\\"name\\\":{\\\"kind\\\":\\\"Name\\\",\\\"value\\\":\\\"ID\\\"}},\\\"directives\\\":[]}]}]}\"\u001b[39m\nReceived: \u001b[31m\"{\\\"kind\\\":\\\"Document\\\",\\\"definitions\\\":[{\\\"kind\\\":\\\"ObjectTypeDefinition\\\",\\\"description\\\":{\\\"kind\\\":\\\"StringValue\\\",\\\"value\\\":\\\"Account details (defined in PascalCase)\\\",\\\"block\\\":false},\\\"name\\\":{\\\"kind\\\":\\\"Name\\\",\\\"value\\\":\\\"Account\u001b[7mD\u001b[27metails\\\"},\\\"interfaces\\\":[],\\\"directives\\\":[],\\\"fields\\\":[{\\\"kind\\\":\\\"FieldDefinition\\\",\\\"name\\\":{\\\"kind\\\":\\\"Name\\\",\\\"value\\\":\\\"accountId\\\"},\\\"arguments\\\":[],\\\"type\\\":{\\\"kind\\\":\\\"NonNullType\\\",\\\"type\\\":{\\\"kind\\\":\\\"NamedType\\\",\\\"name\\\":{\\\"kind\\\":\\\"Name\\\",\\\"value\\\":\\\"ID\\\"}}},\\\"directives\\\":[]},{\\\"kind\\\":\\\"FieldDefinition\\\",\\\"name\\\":{\\\"kind\\\":\\\"Name\\\",\\\"value\\\":\\\"accountType\\\"},\\\"arguments\\\":[],\\\"type\\\":{\\\"kind\\\":\\\"NonNullType\\\",\\\"type\\\":{\\\"kind\\\":\\\"NamedType\\\",\\\"name\\\":{\\\"kind\\\":\\\"Name\\\",\\\"value\\\":\\\"String\\\"}}},\\\"directives\\\":[]},{\\\"kind\\\":\\\"FieldDefinition\\\",\\\"name\\\":{\\\"kind\\\":\\\"Name\\\",\\\"value\\\":\\\"createdAt\\\"},\\\"arguments\\\":[],\\\"type\\\":{\\\"kind\\\":\\\"NamedType\\\",\\\"name\\\":{\\\"kind\\\":\\\"Name\\\",\\\"value\\\":\\\"DateTime\\\"}},\\\"directives\\\":[]}]},{\\\"kind\\\":\\\"ObjectTypeDefinition\\\",\\\"description\\\":{\\\"kind\\\":\\\"StringValue\\\",\\\"value\\\":\\\"Test schema where $ref paths use different casing than definitions\\\",\\\"block\\\":false},\\\"name\\\":{\\\"kind\\\":\\\"Name\\\",\\\"value\\\":\\\"Casemismatchtest\\\"},\\\"interfaces\\\":[],\\\"directives\\\":[],\\\"fields\\\":[{\\\"kind\\\":\\\"FieldDefinition\\\",\\\"description\\\":{\\\"kind\\\":\\\"StringValue\\\",\\\"value\\\":\\\"Reference using snake_case when definition is PascalCase\\\",\\\"block\\\":false},\\\"name\\\":{\\\"kind\\\":\\\"Name\\\",\\\"value\\\":\\\"account\\\"},\\\"arguments\\\":[],\\\"type\\\":{\\\"kind\\\":\\\"NamedType\\\",\\\"name\\\":{\\\"kind\\\":\\\"Name\\\",\\\"value\\\":\\\"Account\u001b[7mD\u001b[27metails\\\"}},\\\"directives\\\":[]},{\\\"kind\\\":\\\"FieldDefinition\\\",\\\"description\\\":{\\\"kind\\\":\\\"StringValue\\\",\\\"value\\\":\\\"Reference using PascalCase when definition is camelCase\\\",\\\"block\\\":false},\\\"name\\\":{\\\"kind\\\":\\\"Name\\\",\\\"value\\\":\\\"alternateUser\\\"},\\\"arguments\\\":[],\\\"type\\\":{\\\"kind\\\":\\\"NamedType\\\",\\\"name\\\":{\\\"kind\\\":\\\"Name\\\",\\\"value\\\":\\\"User\u001b[7mI\u001b[27mnfo\\\"}},\\\"directives\\\":[]},{\\\"kind\\\":\\\"FieldDefinition\\\",\\\"description\\\":{\\\"kind\\\":\\\"StringValue\\\",\\\"value\\\":\\\"Reference using camelCase when definition is snake_case\\\",\\\"block\\\":false},\\\"name\\\":{\\\"kind\\\":\\\"Name\\\",\\\"value\\\":\\\"profile\\\"},\\\"arguments\\\":[],\\\"type\\\":{\\\"kind\\\":\\\"NamedType\\\",\\\"name\\\":{\\\"kind\\\":\\\"Name\\\",\\\"value\\\":\\\"User\u001b[7mP\u001b[27mrofile\\\"}},\\\"directives\\\":[]},{\\\"kind\\\":\\\"FieldDefinition\\\",\\\"description\\\":{\\\"kind\\\":\\\"StringValue\\\",\\\"value\\\":\\\"Reference using snake_case when definition is camelCase\\\",\\\"block\\\":false},\\\"name\\\":{\\\"kind\\\":\\\"Name\\\",\\\"value\\\":\\\"user\\\"},\\\"arguments\\\":[],\\\"type\\\":{\\\"kind\\\":\\\"NamedType\\\",\\\"name\\\":{\\\"kind\\\":\\\"Name\\\",\\\"value\\\":\\\"User\u001b[7mInfo\\\"}},\\\"directives\\\":[]}]},{\\\"kind\\\":\\\"ScalarTypeDefinition\\\",\\\"name\\\":{\
[...]
directives\\\":[],\\\"fields\\\":[{\\\"kind\\\":\\\"FieldDefinition\\\",\\\"name\\\":{\\\"kind\\\":\\\"Name\\\",\\\"value\\\":\\\"language\\\"},\\\"arguments\\\":[],\\\"type\\\":{\\\"kind\\\":\\\"NamedType\\\",\\\"name\\\":{\\\"kind\\\":\\\"Name\\\",\\\"value\\\":\\\"String\\\"}},\\\"directives\\\":[]},{\\\"kind\\\":\\\"FieldDefinition\\\",\\\"name\\\":{\\\"kind\\\":\\\"Name\\\",\\\"value\\\":\\\"notifications\\\"},\\\"arguments\\\":[],\\\"type\\\":{\\\"kind\\\":\\\"NamedType\\\",\\\"name\\\":{\\\"kind\\\":\\\"Name\\\",\\\"value\\\":\\\"Notifications\\\"}},\\\"directives\\\":[]},{\\\"kind\\\":\\\"FieldDefinition\\\",\\\"name\\\":{\\\"kind\\\":\\\"Name\\\",\\\"value\\\":\\\"theme\\\"},\\\"arguments\\\":[],\\\"type\\\":{\\\"kind\\\":\\\"NamedType\\\",\\\"name\\\":{\\\"kind\\\":\\\"Name\\\",\\\"value\\\":\\\"String\\\"}},\\\"directives\\\":[]}]}]}\"\u001b[39m\n    Received: \u001b[31m\"{\\\"kind\\\":\\\"Document\\\",\\\"definitions\\\":[{\\\"kind\\\":\\\"ObjectTypeDefinition\\\",\\\"name\\\":{\\\"kind\\\":\\\"Name\\\",\\\"value\\\":\\\"Address\\\"},\\\"interfaces\\\":[],\\\"directives\\\":[],\\\"fields\\\":[{\\\"kind\\\":\\\"FieldDefinition\\\",\\\"name\\\":{\\\"kind\\\":\\\"Name\\\",\\\"value\\\":\\\"city\\\"},\\\"arguments\\\":[],\\\"type\\\":{\\\"kind\\\":\\\"NonNullType\\\",\\\"type\\\":{\\\"kind\\\":\\\"NamedType\\\",\\\"name\\\":{\\\"kind\\\":\\\"Name\\\",\\\"value\\\":\\\"String\\\"}}},\\\"directives\\\":[]},{\\\"kind\\\":\\\"FieldDefinition\\\",\\\"name\\\":{\\\"kind\\\":\\\"Name\\\",\\\"value\\\":\\\"country\\\"},\\\"arguments\\\":[],\\\"type\\\":{\\\"kind\\\":\\\"NonNullType\\\",\\\"type\\\":{\\\"kind\\\":\\\"NamedType\\\",\\\"name\\\":{\\\"kind\\\":\\\"Name\\\",\\\"value\\\":\\\"String\\\"}}},\\\"directives\\\":[]},{\\\"kind\\\":\\\"FieldDefinition\\\",\\\"name\\\":{\\\"kind\\\":\\\"Name\\\",\\\"value\\\":\\\"state\\\"},\\\"arguments\\\":[],\\\"type\\\":{\\\"kind\\\":\\\"NamedType\\\",\\\"name\\\":{\\\"kind\\\":\\\"Name\\\",\\\"value\\\":\\\"String\\\"}},\\\"directives\\\":[]},{\\\"kind\\\":\\\"FieldDefinition\\\",\\\"name\\\":{\\\"kind\\\":\\\"Name\\\",\\\"value\\\":\\\"street\\\"},\\\"arguments\\\":[],\\\"type\\\":{\\\"kind\\\":\\\"NonNullType\\\",\\\"type\\\":{\\\"kind\\\":\\\"NamedType\\\",\\\"name\\\":{\\\"kind\\\":\\\"Name\\\",\\\"value\\\":\\\"String\\\"}}},\\\"directives\\\":[]},{\\\"kind\\\":\\\"FieldDefinition\\\",\\\"name\\\":{\\\"kind\\\":\\\"Name\\\",\\\"value\\\":\\\"zipCode\\\"},\\\"arguments\\\":[],\\\"type\\\":{\\\"kind\\\":\\\"NamedType\\\",\\\"name\\\":{\\\"kind\\\":\\\"Name\\\",\\\"value\\\":\\\"String\\\"}},\\\"directives\\\":[]}]},{\\\"kind\\\":\\\"ObjectTypeDefinition\\\",\\\"name\\\":{\\\"kind\\\":\\\"Name\\\",\\\"value\\\":\\\"Complexnested\\\"},\\\"interfaces\\\":[],\\\"directives\\\":[],\\\"fields\\\":[{\\\"kind\\\":\\\"FieldDefinition\\\",\\\"name\\\":{\\\"kind\\\":\\\"Name\\\",\\\"value\\\":\\\"level1\\\"},\\\"arguments\\\":[],\\\"type\\\":{\\\"kind\\\":\\\"NamedType\\\",\\\"name\\\":{\\\"kind\\\":\\\"Name\\\",\\\"value\\\":\\\"Level1\\\"}},\\\"directives\\\":[]}]},{\\\"kind\\\":\\\"ObjectTypeDefinition\\\",\\\"description\\\":{\\\"kind\\\":\\\"StringValue\\\",\\\"value\\\":\\\"A comprehensive test schema covering all JSON Schema features for round-trip validation\\\",\\\"block\\\":true},\\\"name\\\":{\\\"kind\\\":\\\"Name\\\",\\\"value\\\":\\\"Complextestschema\\\"},\\\"interfaces\\\":[],\\\"directives\\\":[{\\\"kind\\\":\\\"Directive\\\",\\\"name\\\":{\\\"kind\\\":\\\"Name\\\",\\\"value\\\":\\\"auth\\\"},\\\"arguments\\\":[]}],\\\"fields\\\":[{\\\"kind\\\":\\\"FieldDefinition\\\",\\\"name\\\":{\\\"kind\\\":\\\"Name\\\",\\\"value\\\":\\\"address\\\"},\\\"arguments\\\":[],\\\"type\\\":{\\\"kind\\\":\\\"NamedType\\\",\\\"name\\\":{\\\"kind\\\":\\\"Name\\\",\\\"value\\\":\\\"Address\\\"}},\\\"directives\\\":[]},{\\\"kind\\\":\\\"FieldDefinition\\\",\\\"description\\\":{\\\"kind\\\":\\\"StringValue\\\",\\\"value\\\":\\\"Age in years\\\",\\\"block\\\":false},\\\"name\\\":{\\\"kind\\\":\\\"Name\\\",\\\"value\\\":\\\"age\\\"},\\\"arguments\\\":[],\\\"type\\\":{\\\"kind\\\":\\\"NamedType\\\",\\\"name\\\":{\\\"kind\\\":\\\"Name\\\",\\\"value\\\":\\\"Int\\\"}},\\\"directives\\\":[]},{\\\"kind\\\":\\\"FieldDefinition\\\",\\\"description\\\":{\\\"kind\\\":\\\"StringValue\\\",\\\"value\\\":\\\"Combined schema using allOf\\\",\\\"block\\\":false},\\\"name\\\":{\\\"kind\\\":\\\"Name\\\",\\\"value\\\":\\\"allOfExample\\\"},\\\"arguments\\\":[],\\\"type\\\":{\\\"kind\\\":\\\"NamedType\\\",\\\"name\\\":{\\\"kind\\\":\\\"Name\\\",\\\"value\\\":\\\"JSON\\\"}},\\\"directives\\\":[]},{\\\"kind\\\":\\\"FieldDefinition\\\",\\\"description\\\":{\\\"kind\\\":\\\"StringValue\\\",\\\"value\\\":\\\"Field that accepts either email or URI\\\",\\\"block\\\":false},\\\"name\\\":{\\\"kind\\\":\\\"Name\\\",\\\"value\\\":\\\"anyOfExample\\\"},\\\"arguments\\\":[],\\\"type\\\":{\\\"kind\\\":\\\"NamedType\\\",\\\"name\\\":{\\\"kind\\\":\\\"Name\\\",\\\"value\\\":\\\"JSON\\\"}},\\\"directives\\\":[]},{\\\"kind\\\":\\\"FieldDefinition\\\",\\\"name\\\":{\\\"kind\\\":\\\"Name\\\",\\\"value\\\":\\\"complexNested\\\"},\\\"arguments\\\":[],\\\"type\\\":{\\\"kind\\\":\\\"NamedType\\\",\\\"name\\\":{\\\"kind\\\":\\\"Name\\\",\\\"value\\\":\\\"Complexnested\\\"}},\\\"directives\\\":[]},{\\\"kind\\\":\\\"FieldDefinition\\\",\\\"name\\\":{\\\"kind\\\":\\\"Name\\\",\\\"value\\\":\\\"conditionalField\\\"},\\\"arguments\\\":[],\\\"type\\\":{\\\"kind\\\":\\\"NamedType\\\",\\\"name\\\":{\\\"kind\\\":\\\"Name\\\",\\\"value\\\":\\\"Conditionalfield\\\"}},\\\"directives\\\":[]},{\\\"kind\\\":\\\"FieldDefinition\\\",\\\"name\\\":{\\\"kind\\\":\\\"Name\\\",\\\"value\\\":\\\"dateFields\\\"},\\\"arguments\\\":[],\\\"type\\\":{\\\"kind\\\":\\\"NamedType\\\",\\\"name\\\":{\\\"kind\\\":\\\"Name\\\",\\\"value\\\":\\\"Datefields\\\"}},\\\"directives\\\":[]},{\\\"kind\\\":\\\"FieldDefinition\\\",\\\"description\\\":{\\\"kind\\\":\\\"StringValue\\\",\\\"value\\\":\\\"Email address\\\",\\\"block\\\":false},\\\"name\\\":{\\\"kind\\\":\\\"Name\\\",\\\"value\\\":\\\"email\\\"},\\\"arguments\\\":[],\\\"type\\\":{\\\"kind\\\":\\\"NonNullType\\\",\\\"type\\\":{\\\"kind\\\":\\\"NamedType\\\",\\\"name\\\":{\\\"kind\\\":\\\"Name\\\",\\\"value\\\":\\\"Email\\\"}}},\\\"directives\\\":[]},{\\\"kind\\\":\\\"FieldDefinition\\\",\\\"description\\\":{\\\"kind\\\":\\\"StringValue\\\",\\\"value\\\":\\\"Unique identifier\\\",\\\"block\\\":false},\\\"name\\\":{\\\"kind\\\":\\\"Name\\\",\\\"value\\\":\\\"id\\\"},\\\"arguments\\\":[],\\\"type\\\":{\\\"kind\\\":\\\"NonNullType\\\",\\\"type\\\":{\\\"kind\\\":\\\"NamedType\\\",\\\"name\\\":{\\\"kind\\\":\\\"Name\\\",\\\"value\\\":\\\"ID\\\"}}},\\\"directives\\\":[]},{\\\"kind\\\":\\\"FieldDefinition\\\",\\\"description\\\":{\\\"kind\\\":\\\"StringValue\\\",\\\"value\\\":\\\"Active status flag\\\",\\\"block\\\":false},\\\"name\\\":{\\\"kind\\\":\\\"Name\\\",\\\"value\\\":\\\"isActive\\\"},\\\"arguments\\\":[],\\\"type\\\":{\\\"kind\\\":\\\"NamedType\\\",\\\"name\\\":{\\\"kind\\\":\\\"Name\\\",\\\"value\\\":\\\"Boolean\\\"}},\\\"directives\\\":[]},{\\\"kind\\\":\\\"FieldDefinition\\\",\\\"description\\\":{\\\"kind\\\":\\\"StringValue\\\",\\\"value\\\":\\\"Additional metadata\\\",\\\"block\\\":false},\\\"name\\\":{\\\"kind\\\":\\\"Name\\\",\\\"value\\\":\\\"metadata\\\"},\\\"arguments\\\":[],\\\"type\\\":{\\\"kind\\\":\\\"NamedType\\\",\\\"name\\\":{\\\"kind\\\":\\\"Name\\\",\\\"value\\\":\\\"Metadata\\\"}},\\\"directives\\\":[]},{\\\"kind\\\":\\\"FieldDefinition\\\",\\\"description\\\":{\\\"kind\\\":\\\"StringValue\\\",\\\"value\\\":\\\"Array with mixed types\\\",\\\"block\\\":false},\\\"name\\\":{\\\"kind\\\":\\\"Name\\\",\\\"value\\\":\\\"mixedArray\\\"},\\\"arguments\\\":[],\\\"type\\\":{\\\"kind\\\":\\\"ListType\\\",\\\"type\\\":{\\\"kind\\\":\\\"NamedType\\\",\\\"name\\\":{\\\"kind\\\":\\\"Name\\\",\\\"value\\\":\\\"JSON\\\"}}},\\\"directives\\\":[]},{\\\"kind\\\":\\\"FieldDefinition\\\",\\\"description\\\":{\\\"kind\\\":\\\"StringValue\\\",\\\"value\\\":\\\"Name field with length constraints\\\",\\\"block\\\":false},\\\"name\\\":{\\\"kind\\\":\\\"Name\\\",\\\"value\\\":\\\"name\\\"},\\\"arguments\\\":[],\\\"type\\\":{\\\"kind\\\":\\\"NonNullType\\\",\\\"type\\\":{\\\"kind\\\":\\\"NamedType\\\",\\\"name\\\":{\\\"kind\\\":\\\"Name\\\",\\\"value\\\":\\\"String\\\"}}},\\\"directives\\\":[]},{\\\"kind\\\":\\\"FieldDefinition\\\",\\\"description\\\":{\\\"kind\\\":\\\"StringValue\\\",\\\"value\\\":\\\"Field that can be null\\\",\\\"block\\\":false},\\\"name\\\":{\\\"kind\\\":\\\"Name\\\",\\\"value\\\":\\\"nullableField\\\"},\\\"arguments\\\":[],\\\"type\\\":{\\\"kind\\\":\\\"NamedType\\\",\\\"name\\\":{\\\"kind\\\":\\\"Name\\\",\\\"value\\\":\\\"JSON\\\"}},\\\"directives\\\":[]},{\\\"kind\\\":\\\"FieldDefinition\\\",\\\"name\\\":{\\\"kind\\\":\\\"Name\\\",\\\"value\\\":\\\"phoneNumbers\\\"},\\\"arguments\\\":[],\\\"type\\\":{\\\"kind\\\":\\\"ListType\\\",\\\"type\\\":{\\\"kind\\\":\\\"NamedType\\\",\\\"name\\\":{\\\"kind\\\":\\\"Name\\\",\\\"value\\\":\\\"Phonenumbers\\\"}}},\\\"directives\\\":[]},{\\\"kind\\\":\\\"FieldDefinition\\\",\\\"name\\\":{\\\"kind\\\":\\\"Name\\\",\\\"value\\\":\\\"preferences\\\"},\\\"arguments\\\":[],\\\"type\\\":{\\\"kind\\\":\\\"NamedType\\\",\\\"name\\\":{\\\"kind\\\":\\\"Name\\\",\\\"value\\\":\\\"Preferences\\\"}},\\\"directives\\\":[]},{\\\"kind\\\":\\\"FieldDefinition\\\",\\\"description\\\":{\\\"kind\\\":\\\"StringValue\\\",\\\"value\\\":\\\"User roles\\\",\\\"block\\\":false},\\\"name\\\":{\\\"kind\\\":\\\"Name\\\",\\\"value\\\":\\\"roles\\\"},\\\"arguments\\\":[],\\\"type\\\":{\\\"kind\\\":\\\"ListType\\\",\\\"type\\\":{\\\"kind\\\":\\\"NamedType\\\",\\\"name\\\":{\\\"kind\\\":\\\"Name\\\",\\\"value\\\":\\\"String\\\"}}},\\\"directives\\\":[]},{\\\"kind\\\":\\\"FieldDefinition\\\",\\\"description\\\":{\\\"kind\\\":\\\"StringValue\\\",\\\"value\\\":\\\"Score value\\\",\\\"block\\\":false},\\\"name\\\":{\\\"kind\\\":\\\"Name\\\",\\\"value\\\":\\\"score\\\"},\\\"arguments\\\":[],\\\"type\\\":{\\\"kind\\\":\\\"NamedType\\\",\\\"name\\\":{\\\"kind\\\":\\\"Name\\\",\\\"value\\\":\\\"Float\\\"}},\\\"directives\\\":[]},{\\\"kind\\\":\\\"FieldDefinition\\\",\\\"description\\\":{\\\"kind\\\":\\\"StringValue\\\",\\\"value\\\":\\\"Current status\\\",\\\"block\\\":false},\\\"name\\\":{\\\"kind\\\":\\\"Name\\\",\\\"value\\\":\\\"status\\\"},\\\"arguments\\\":[],\\\"type\\\":{\\\"kind\\\":\\\"NamedType\\\",\\\"name\\\":{\\\"kind\\\":\\\"Name\\\",\\\"value\\\":\\\"String\\\"}},\\\"directives\\\":[]},{\\\"kind\\\":\\\"FieldDefinition\\\",\\\"description\\\":{\\\"kind\\\":\\\"StringValue\\\",\\\"value\\\":\\\"Array of tags\\\",\\\"block\\\":false},\\\"name\\\":{\\\"kind\\\":\\\"Name\\\",\\\"value\\\":\\\"tags\\\"},\\\"arguments\\\":[],\\\"type\\\":{\\\"kind\\\":\\\"ListType\\\",\\\"type\\\":{\\\"kind\\\":\\\"NamedType\\\",\\\"name\\\":{\\\"kind\\\":\\\"Name\\\",\\\"value\\\":\\\"String\\\"}}},\\\"directives\\\":[]}]},{\\\"kind\\\":\\\"ObjectTypeDefinition\\\",\\\"name\\\":{\\\"kind\\\":\\\"Name\\\",\\\"value\\\":\\\"Conditionalfield\\\"},\\\"interfaces\\\":[],\\\"directives\\\":[],\\\"fields\\\":[{\\\"kind\\\":\\\"FieldDefinition\\\",\\\"name\\\":{\\\"kind\\\":\\\"Name\\\",\\\"value\\\":\\\"taxId\\\"},\\\"arguments\\\":[],\\\"type\\\":{\\\"kind\\\":\\\"NamedType\\\",\\\"name\\\":{\\\"kind\\\":\\\"Name\\\",\\\"value\\\":\\\"ID\\\"}},\\\"directives\\\":[]},{\\\"kind\\\":\\\"FieldDefinition\\\",\\\"name\\\":{\\\"kind\\\":\\\"Name\\\",\\\"value\\\":\\\"type\\\"},\\\"arguments\\\":[],\\\"type\\\":{\\\"kind\\\":\\\"NonNullType\\\",\\\"type\\\":{\\\"kind\\\":\\\"NamedType\\\",\\\"name\\\":{\\\"kind\\\":\\\"Name\\\",\\\"value\\\":\\\"String\\\"}}},\\\"directives\\\":[]}]},{\\\"kind\\\":\\\"\u001b[7mScalarTypeDefinition\\\",\\\"name\\\":{\\\"kind\\\":\\\"Name\\\",\\\"value\\\":\\\"Date\\\"},\\\"directives\\\":[]},{\\\"kind\\\":\\\"\u001b[27mObjectTypeDefinition\\\",\\\"name\\\":{\\\"kind\\\":\\\"Name\\\",\\\"value\\\":\\\"Datefields\\\"},\\\"interfaces\\\":[],\\\"directives\\\":[],\\\"fields\\\":[{\\\"kind\\\":\\\"FieldDefinition\\\",\\\"name\\\":{\\\"kind\\\":\\\"Name\\\",\\\"value\\\":\\\"birthDate\\\"},\\\"arguments\\\":[],\\\"type\\\":{\\\"kind\\\":\\\"NamedType\\\",\\\"name\\\":{\\\"kind\\\":\\\"Name\\\",\\\"value\\\":\\\"Date\\\"}},\\\"directives\\\":[]},{\\\"kind\\\":\\\"FieldDefinition\\\",\\\"name\\\":{\\\"kind\\\":\\\"Name\\\",\\\"value\\\":\\\"lastLogin\\\"},\\\"arguments\\\":[],\\\"type\\\":{\\\"kind\\\":\\\"NamedType\\\",\\\"name\\\":{\\\"kind\\\":\\\"Name\\\",\\\"value\\\":\\\"DateTime\\\"}},\\\"directives\\\":[]},{\\\"kind\\\":\\\"FieldDefinition\\\",\\\"name\\\":{\\\"kind\\\":\\\"Name\\\",\\\"value\\\":\\\"registrationTime\\\"},\\\"arguments\\\":[],\\\"type\\\":{\\\"kind\\\":\\\"NamedType\\\",\\\"name\\\":{\\\"kind\\\":\\\"Name\\\",\\\"value\\\":\\\"DateTime\\\"}},\\\"directives\\\":[]}]},{\\\"kind\\\":\\\"\u001b[7mScalarTypeDefinition\\\",\\\"name\\\":{\\\"kind\\\":\\\"Name\\\",\\\"value\\\":\\\"DateTime\\\"},\\\"directives\\\":[]},{\\\"kind\\\":\\\"ScalarTypeDefinition\\\",\\\"name\\\":{\\\"kind\\\":\\\"Name\\\",\\\"value\\\":\\\"Email\\\"},\\\"directives\\\":[]},{\\\"kind\\\":\\\"\u001b[27mObjectTypeDefinition\\\",\\\"name\\\":{\\\"kind\\\":\\\"Name\\\",\\\"value\\\":\\\"Level1\\\"},\\\"interfaces\\\":[],\\\"directives\\\":[],\\\"fields\\\":[{\\\"kind\\\":\\\"FieldDefinition\\\",\\\"name\\\":{\\\"kind\\\":\\\"Name\\\",\\\"value\\\":\\\"level2\\\"},\\\"arguments\\\":[],\\\"type\\\":{\\\"kind\\\":\\\"NamedType\\\",\\\"name\\\":{\\\"kind\\\":\\\"Name\\\",\\\"value\\\":\\\"Level2\\\"}},\\\"directives\\\":[]}]},{\\\"kind\\\":\\\"ObjectTypeDefinition\\\",\\\"name\\\":{\\\"kind\\\":\\\"Name\\\",\\\"value\\\":\\\"Level2\\\"},\\\"interfaces\\\":[],\\\"directives\\\":[],\\\"fields\\\":[{\\\"kind\\\":\\\"FieldDefinition\\\",\\\"name\\\":{\\\"kind\\\":\\\"Name\\\",\\\"value\\\":\\\"level3\\\"},\\\"arguments\\\":[],\\\"type\\\":{\\\"kind\\\":\\\"NamedType\\\",\\\"name\\\":{\\\"kind\\\":\\\"Name\\\",\\\"value\\\":\\\"Level3\\\"}},\\\"directives\\\":[]}]},{\\\"kind\\\":\\\"ObjectTypeDefinition\\\",\\\"name\\\":{\\\"kind\\\":\\\"Name\\\",\\\"value\\\":\\\"Level3\\\"},\\\"interfaces\\\":[],\\\"directives\\\":[],\\\"fields\\\":[{\\\"kind\\\":\\\"FieldDefinition\\\",\\\"name\\\":{\\\"kind\\\":\\\"Name\\\",\\\"value\\\":\\\"deepValue\\\"},\\\"arguments\\\":[],\\\"type\\\":{\\\"kind\\\":\\\"NamedType\\\",\\\"name\\\":{\\\"kind\\\":\\\"Name\\\",\\\"value\\\":\\\"String\\\"}},\\\"directives\\\":[]}]},{\\\"kind\\\":\\\"ObjectTypeDefinition\\\",\\\"description\\\":{\\\"kind\\\":\\\"StringValue\\\",\\\"value\\\":\\\"Additional metadata\\\",\\\"block\\\":false},\\\"name\\\":{\\\"kind\\\":\\\"Name\\\",\\\"value\\\":\\\"Metadata\\\"},\\\"interfaces\\\":[],\\\"directives\\\":[],\\\"fields\\\":[{\\\"kind\\\":\\\"FieldDefinition\\\",\\\"name\\\":{\\\"kind\\\":\\\"Name\\\",\\\"value\\\":\\\"createdAt\\\"},\\\"arguments\\\":[],\\\"type\\\":{\\\"kind\\\":\\\"NamedType\\\",\\\"name\\\":{\\\"kind\\\":\\\"Name\\\",\\\"value\\\":\\\"DateTime\\\"}},\\\"directives\\\":[]},{\\\"kind\\\":\\\"FieldDefinition\\\",\\\"name\\\":{\\\"kind\\\":\\\"Name\\\",\\\"value\\\":\\\"updatedAt\\\"},\\\"arguments\\\":[],\\\"type\\\":{\\\"kind\\\":\\\"NamedType\\\",\\\"name\\\":{\\\"kind\\\":\\\"Name\\\",\\\"value\\\":\\\"DateTime\\\"}},\\\"directives\\\":[]},{\\\"kind\\\":\\\"FieldDefinition\\\",\\\"name\\\":{\\\"kind\\\":\\\"Name\\\",\\\"value\\\":\\\"version\\\"},\\\"arguments\\\":[],\\\"type\\\":{\\\"kind\\\":\\\"NamedType\\\",\\\"name\\\":{\\\"kind\\\":\\\"Name\\\",\\\"value\\\":\\\"Int\\\"}},\\\"directives\\\":[]}]},{\\\"kind\\\":\\\"ObjectTypeDefinition\\\",\\\"name\\\":{\\\"kind\\\":\\\"Name\\\",\\\"value\\\":\\\"Notifications\\\"},\\\"interfaces\\\":[],\\\"directives\\\":[],\\\"fields\\\":[{\\\"kind\\\":\\\"FieldDefinition\\\",\\\"name\\\":{\\\"kind\\\":\\\"Name\\\",\\\"value\\\":\\\"email\\\"},\\\"arguments\\\":[],\\\"type\\\":{\\\"kind\\\":\\\"NamedType\\\",\\\"name\\\":{\\\"kind\\\":\\\"Name\\\",\\\"value\\\":\\\"Boolean\\\"}},\\\"directives\\\":[]},{\\\"kind\\\":\\\"FieldDefinition\\\",\\\"name\\\":{\\\"kind\\\":\\\"Name\\\",\\\"value\\\":\\\"push\\\"},\\\"arguments\\\":[],\\\"type\\\":{\\\"kind\\\":\\\"NamedType\\\",\\\"name\\\":{\\\"kind\\\":\\\"Name\\\",\\\"value\\\":\\\"Boolean\\\"}},\\\"directives\\\":[]},{\\\"kind\\\":\\\"FieldDefinition\\\",\\\"name\\\":{\\\"kind\\\":\\\"Name\\\",\\\"value\\\":\\\"sms\\\"},\\\"arguments\\\":[],\\\"type\\\":{\\\"kind\\\":\\\"NamedType\\\",\\\"name\\\":{\\\"kind\\\":\\\"Name\\\",\\\"value\\\":\\\"Boolean\\\"}},\\\"directives\\\":[]}]},{\\\"kind\\\":\\\"ObjectTypeDefinition\\\",\\\"name\\\":{\\\"kind\\\":\\\"Name\\\",\\\"value\\\":\\\"Phonenumbers\\\"},\\\"interfaces\\\":[],\\\"directives\\\":[],\\\"fields\\\":[{\\\"kind\\\":\\\"FieldDefinition\\\",\\\"name\\\":{\\\"kind\\\":\\\"Name\\\",\\\"value\\\":\\\"number\\\"},\\\"arguments\\\":[],\\\"type\\\":{\\\"kind\\\":\\\"NonNullType\\\",\\\"type\\\":{\\\"kind\\\":\\\"NamedType\\\",\\\"name\\\":{\\\"kind\\\":\\\"Name\\\",\\\"value\\\":\\\"String\\\"}}},\\\"directives\\\":[]},{\\\"kind\\\":\\\"FieldDefinition\\\",\\\"name\\\":{\\\"kind\\\":\\\"Name\\\",\\\"value\\\":\\\"primary\\\"},\\\"arguments\\\":[],\\\"type\\\":{\\\"kind\\\":\\\"NamedType\\\",\\\"name\\\":{\\\"kind\\\":\\\"Name\\\",\\\"value\\\":\\\"Boolean\\\"}},\\\"directives\\\":[]},{\\\"kind\\\":\\\"FieldDefinition\\\",\\\"name\\\":{\\\"kind\\\":\\\"Name\\\",\\\"value\\\":\\\"type\\\"},\\\"arguments\\\":[],\\\"type\\\":{\\\"kind\\\":\\\"NonNullType\\\",\\\"type\\\":{\\\"kind\\\":\\\"NamedType\\\",\\\"name\\\":{\\\"kind\\\":\\\"Name\\\",\\\"value\\\":\\\"String\\\"}}},\\\"directives\\\":[]}]},{\\\"kind\\\":\\\"ObjectTypeDefinition\\\",\\\"name\\\":{\\\"kind\\\":\\\"Name\\\",\\\"value\\\":\\\"Preferences\\\"},\\\"interfaces\\\":[],\\\"directives\\\":[],\\\"fields\\\":[{\\\"kind\\\":\\\"FieldDefinition\\\",\\\"name\\\":{\\\"kind\\\":\\\"Name\\\",\\\"value\\\":\\\"language\\\"},\\\"arguments\\\":[],\\\"type\\\":{\\\"kind\\\":\\\"NamedType\\\",\\\"name\\\":{\\\"kind\\\":\\\"Name\\\",\\\"value\\\":\\\"String\\\"}},\\\"directives\\\":[]},{\\\"kind\\\":\\\"FieldDefinition\\\",\\\"name\\\":{\\\"kind\\\":\\\"Name\\\",\\\"value\\\":\\\"notifications\\\"},\\\"arguments\\\":[],\\\"type\\\":{\\\"kind\\\":\\\"NamedType\\\",\\\"name\\\":{\\\"kind\\\":\\\"Name\\\",\\\"value\\\":\\\"Notifications\\\"}},\\\"directives\\\":[]},{\\\"kind\\\":\\\"FieldDefinition\\\",\\\"name\\\":{\\\"kind\\\":\\\"Name\\\",\\\"value\\\":\\\"theme\\\"},\\\"arguments\\\":[],\\\"type\\\":{\\\"kind\\\":\\\"NamedType\\\",\\\"name\\\":{\\\"kind\\\":\\\"Name\\\",\\\"value\\\":\\\"String\\\"}},\\\"directives\\\":[]}]}]}\"\u001b[39m\n\u001b[2m\u001b[22m\n\u001b[2m    \u001b[0m \u001b[90m 240 |\u001b[39m       \u001b[36mif\u001b[39m (\u001b[33m!\u001b[39msemanticallyEqual(normNode\u001b[33m,\u001b[39m normRust)) {\u001b[22m\n\u001b[2m     \u001b[90m 241 |\u001b[39m         \u001b[90m// Fall back to strict equality to get a nice diff in test output\u001b[39m\u001b[22m\n\u001b[2m    \u001b[31m\u001b[1m>\u001b[22m\u001b[2m\u001b[39m\u001b[90m 242 |\u001b[39m         expect(\u001b[33mJSON\u001b[39m\u001b[33m.\u001b[39mstringify(normNode))\u001b[33m.\u001b[39mtoEqual(\u001b[33mJSON\u001b[39m\u001b[33m.\u001b[39mstringify(normRust))\u001b[33m;\u001b[39m\u001b[22m\n\u001b[2m     \u001b[90m     |\u001b[39m                                          \u001b[31m\u001b[1m^\u001b[22m\u001b[2m\u001b[39m\u001b[22m\n\u001b[2m     \u001b[90m 243 |\u001b[39m       }\u001b[22m\n\u001b[2m     \u001b[90m 244 |\u001b[39m     })\u001b[33m;\u001b[39m\u001b[22m\n\u001b[2m     \u001b[90m 245 |\u001b[39m   }\u001b[0m\u001b[22m\n\u001b[2m\u001b[22m\n\u001b[2m      \u001b[2mat Object.<anonymous> (\u001b[22m\u001b[2m\u001b[0m\u001b[36msrc/parity.test.ts\u001b[39m\u001b[0m\u001b[2m:242:42)\u001b[22m\u001b[2m\u001b[22m\n","name":"/home/john/json-schema-x-graphql/converters/node/src/parity.test.ts","startTime":1775276281268,"status":"failed","summary":""}],"wasInterrupted":false}
