<?xml version="1.0" encoding="UTF-8"?>
<coverage generated="1771282639390" clover="3.2.0">
  <project timestamp="1771282639390" name="All files">
    <metrics statements="943" coveredstatements="562" conditionals="755" coveredconditionals="351" methods="100" coveredmethods="64" elements="1798" coveredelements="977" complexity="0" loc="943" ncloc="943" packages="3" files="5" classes="5"/>
    <package name="src">
      <metrics statements="871" coveredstatements="516" conditionals="710" coveredconditionals="330" methods="89" coveredmethods="58"/>
      <file name="case-conversion.ts" path="/home/john/json-schema-x-graphql/converters/node/src/case-conversion.ts">
        <metrics statements="14" coveredstatements="4" conditionals="5" coveredconditionals="0" methods="8" coveredmethods="0"/>
        <line num="8" count="5" type="stmt"/>
        <line num="9" count="0" type="stmt"/>
        <line num="18" count="5" type="stmt"/>
        <line num="19" count="0" type="stmt"/>
        <line num="25" count="5" type="stmt"/>
        <line num="29" count="0" type="cond" truecount="0" falsecount="2"/>
        <line num="30" count="0" type="stmt"/>
        <line num="31" count="0" type="cond" truecount="0" falsecount="3"/>
        <line num="32" count="0" type="stmt"/>
        <line num="33" count="0" type="stmt"/>
        <line num="39" count="0" type="stmt"/>
        <line num="45" count="5" type="stmt"/>
        <line num="49" count="0" type="stmt"/>
        <line num="50" count="0" type="stmt"/>
      </file>
      <file name="converter.ts" path="/home/john/json-schema-x-graphql/converters/node/src/converter.ts">
        <metrics statements="676" coveredstatements="379" conditionals="588" coveredconditionals="260" methods="64" coveredmethods="42"/>
        <line num="21" count="5" type="stmt"/>
        <line num="36" count="5" type="stmt"/>
        <line num="37" count="5" type="stmt"/>
        <line num="38" count="5" type="stmt"/>
        <line num="53" count="0" type="stmt"/>
        <line num="55" count="0" type="stmt"/>
        <line num="56" count="0" type="stmt"/>
        <line num="64" count="714" type="cond" truecount="0" falsecount="1"/>
        <line num="67" count="714" type="cond" truecount="0" falsecount="1"/>
        <line num="68" count="0" type="stmt"/>
        <line num="74" count="714" type="cond" truecount="1" falsecount="0"/>
        <line num="76" count="4" type="cond" truecount="1" falsecount="1"/>
        <line num="77" count="0" type="stmt"/>
        <line num="78" count="0" type="cond" truecount="0" falsecount="2"/>
        <line num="81" count="0" type="stmt"/>
        <line num="84" count="4" type="stmt"/>
        <line num="89" count="710" type="cond" truecount="1" falsecount="0"/>
        <line num="90" count="710" type="stmt"/>
        <line num="91" count="5664" type="cond" truecount="1" falsecount="0"/>
        <line num="92" count="16" type="stmt"/>
        <line num="98" count="694" type="cond" truecount="0" falsecount="1"/>
        <line num="100" count="0" type="stmt"/>
        <line num="102" count="0" type="stmt"/>
        <line num="105" count="694" type="stmt"/>
        <line num="110" count="5" type="stmt"/>
        <line num="115" count="43" type="cond" truecount="2" falsecount="0"/>
        <line num="119" count="43" type="stmt"/>
        <line num="121" count="43" type="cond" truecount="1" falsecount="1"/>
        <line num="124" count="43" type="stmt"/>
        <line num="128" count="43" type="stmt"/>
        <line num="139" count="43" type="stmt"/>
        <line num="141" count="43" type="cond" truecount="2" falsecount="0"/>
        <line num="142" count="43" type="cond" truecount="1" falsecount="0"/>
        <line num="143" count="38" type="cond" truecount="1" falsecount="1"/>
        <line num="145" count="0" type="stmt"/>
        <line num="148" count="38" type="stmt"/>
        <line num="150" count="38" type="stmt"/>
        <line num="151" count="318" type="cond" truecount="1" falsecount="1"/>
        <line num="152" count="318" type="stmt"/>
        <line num="153" count="318" type="stmt"/>
        <line num="154" count="318" type="stmt"/>
        <line num="155" count="0" type="stmt"/>
        <line num="156" count="0" type="stmt"/>
        <line num="158" count="318" type="stmt"/>
        <line num="160" count="318" type="stmt"/>
        <line num="161" count="318" type="stmt"/>
        <line num="165" count="38" type="stmt"/>
        <line num="167" count="318" type="cond" truecount="1" falsecount="1"/>
        <line num="169" count="318" type="cond" truecount="3" falsecount="0"/>
        <line num="170" count="302" type="stmt"/>
        <line num="175" count="43" type="cond" truecount="2" falsecount="0"/>
        <line num="176" count="43" type="cond" truecount="3" falsecount="0"/>
        <line num="177" count="43" type="stmt"/>
        <line num="180" count="43" type="stmt"/>
        <line num="181" count="43" type="stmt"/>
        <line num="183" count="43" type="stmt"/>
        <line num="190" count="43" type="cond" truecount="1" falsecount="0"/>
        <line num="191" count="1" type="stmt"/>
        <line num="194" count="42" type="stmt"/>
        <line num="197" count="5" type="stmt"/>
        <line num="201" count="1" type="stmt"/>
        <line num="203" count="1" type="stmt"/>
        <line num="205" count="1" type="stmt"/>
        <line num="208" count="1" type="stmt"/>
        <line num="209" count="1" type="stmt"/>
        <line num="214" count="1" type="stmt"/>
        <line num="215" count="1" type="cond" truecount="1" falsecount="1"/>
        <line num="219" count="1" type="stmt"/>
        <line num="220" count="1" type="cond" truecount="4" falsecount="0"/>
        <line num="221" count="1" type="stmt"/>
        <line num="230" count="1" type="cond" truecount="0" falsecount="1"/>
        <line num="231" count="1" type="cond" truecount="0" falsecount="1"/>
        <line num="232" count="0" type="cond" truecount="0" falsecount="2"/>
        <line num="233" count="0" type="stmt"/>
        <line num="234" count="0" type="cond" truecount="0" falsecount="1"/>
        <line num="235" count="0" type="stmt"/>
        <line num="243" count="0" type="cond" truecount="0" falsecount="2"/>
        <line num="244" count="0" type="stmt"/>
        <line num="245" count="0" type="cond" truecount="0" falsecount="1"/>
        <line num="246" count="0" type="stmt"/>
        <line num="254" count="0" type="cond" truecount="0" falsecount="1"/>
        <line num="255" count="0" type="stmt"/>
        <line num="256" count="0" type="cond" truecount="0" falsecount="1"/>
        <line num="260" count="0" type="stmt"/>
        <line num="271" count="1" type="stmt"/>
        <line num="272" count="1" type="stmt"/>
        <line num="273" count="1" type="stmt"/>
        <line num="274" count="1" type="cond" truecount="1" falsecount="1"/>
        <line num="275" count="1" type="cond" truecount="1" falsecount="0"/>
        <line num="280" count="1" type="stmt"/>
        <line num="281" count="1" type="stmt"/>
        <line num="286" count="1" type="stmt"/>
        <line num="287" count="1" type="cond" truecount="1" falsecount="1"/>
        <line num="292" count="1" type="stmt"/>
        <line num="293" count="1" type="stmt"/>
        <line num="294" count="1" type="cond" truecount="0" falsecount="1"/>
        <line num="295" count="0" type="stmt"/>
        <line num="304" count="1" type="stmt"/>
        <line num="310" count="1" type="cond" truecount="0" falsecount="1"/>
        <line num="311" count="0" type="stmt"/>
        <line num="314" count="1" type="stmt"/>
        <line num="317" count="0" type="stmt"/>
        <line num="337" count="1" type="stmt"/>
        <line num="341" count="1" type="cond" truecount="1" falsecount="2"/>
        <line num="342" count="0" type="stmt"/>
        <line num="345" count="1" type="stmt"/>
        <line num="347" count="1" type="cond" truecount="3" falsecount="0"/>
        <line num="348" count="1" type="stmt"/>
        <line num="351" count="1" type="cond" truecount="0" falsecount="1"/>
        <line num="352" count="0" type="stmt"/>
        <line num="353" count="0" type="cond" truecount="0" falsecount="2"/>
        <line num="354" count="0" type="cond" truecount="0" falsecount="1"/>
        <line num="355" count="0" type="stmt"/>
        <line num="357" count="0" type="stmt"/>
        <line num="360" count="1" type="cond" truecount="0" falsecount="1"/>
        <line num="361" count="0" type="cond" truecount="0" falsecount="2"/>
        <line num="364" count="0" type="stmt"/>
        <line num="367" count="1" type="cond" truecount="0" falsecount="1"/>
        <line num="368" count="0" type="stmt"/>
        <line num="369" count="0" type="stmt"/>
        <line num="370" count="0" type="stmt"/>
        <line num="374" count="1" type="stmt"/>
        <line num="375" count="1" type="stmt"/>
        <line num="377" count="1" type="cond" truecount="1" falsecount="1"/>
        <line num="378" count="2" type="stmt"/>
        <line num="379" count="2" type="cond" truecount="0" falsecount="1"/>
        <line num="381" count="2" type="stmt"/>
        <line num="386" count="2" type="stmt"/>
        <line num="389" count="2" type="cond" truecount="1" falsecount="0"/>
        <line num="390" count="2" type="stmt"/>
        <line num="394" count="1" type="cond" truecount="1" falsecount="0"/>
        <line num="395" count="1" type="stmt"/>
        <line num="398" count="1" type="stmt"/>
        <line num="406" count="2" type="stmt"/>
        <line num="413" count="2" type="cond" truecount="1" falsecount="2"/>
        <line num="414" count="0" type="stmt"/>
        <line num="417" count="2" type="cond" truecount="3" falsecount="0"/>
        <line num="418" count="1" type="stmt"/>
        <line num="421" count="2" type="stmt"/>
        <line num="429" count="2" type="stmt"/>
        <line num="432" count="2" type="stmt"/>
        <line num="433" count="2" type="cond" truecount="1" falsecount="0"/>
        <line num="434" count="2" type="stmt"/>
        <line num="438" count="2" type="cond" truecount="0" falsecount="1"/>
        <line num="439" count="0" type="stmt"/>
        <line num="450" count="2" type="cond" truecount="1" falsecount="0"/>
        <line num="451" count="2" type="stmt"/>
        <line num="454" count="2" type="cond" truecount="1" falsecount="1"/>
        <line num="455" count="2" type="stmt"/>
        <line num="456" count="0" type="cond" truecount="0" falsecount="2"/>
        <line num="457" count="0" type="stmt"/>
        <line num="458" count="0" type="cond" truecount="0" falsecount="2"/>
        <line num="459" count="0" type="stmt"/>
        <line num="460" count="0" type="cond" truecount="0" falsecount="2"/>
        <line num="461" count="0" type="stmt"/>
        <line num="462" count="0" type="cond" truecount="0" falsecount="1"/>
        <line num="463" count="0" type="stmt"/>
        <line num="467" count="0" type="cond" truecount="0" falsecount="1"/>
        <line num="468" count="0" type="stmt"/>
        <line num="472" count="0" type="stmt"/>
        <line num="475" count="0" type="stmt"/>
        <line num="482" count="0" type="stmt"/>
        <line num="489" count="0" type="stmt"/>
        <line num="490" count="0" type="stmt"/>
        <line num="491" count="0" type="stmt"/>
        <line num="493" count="0" type="stmt"/>
        <line num="494" count="0" type="stmt"/>
        <line num="495" count="0" type="cond" truecount="0" falsecount="3"/>
        <line num="497" count="0" type="cond" truecount="0" falsecount="1"/>
        <line num="498" count="0" type="stmt"/>
        <line num="499" count="0" type="stmt"/>
        <line num="502" count="0" type="cond" truecount="0" falsecount="3"/>
        <line num="503" count="0" type="stmt"/>
        <line num="504" count="0" type="stmt"/>
        <line num="507" count="0" type="cond" truecount="0" falsecount="1"/>
        <line num="512" count="0" type="stmt"/>
        <line num="513" count="0" type="stmt"/>
        <line num="514" count="0" type="cond" truecount="0" falsecount="1"/>
        <line num="515" count="0" type="stmt"/>
        <line num="516" count="0" type="stmt"/>
        <line num="518" count="0" type="stmt"/>
        <line num="521" count="0" type="cond" truecount="0" falsecount="1"/>
        <line num="522" count="0" type="stmt"/>
        <line num="523" count="0" type="stmt"/>
        <line num="526" count="0" type="cond" truecount="0" falsecount="3"/>
        <line num="527" count="0" type="stmt"/>
        <line num="529" count="0" type="stmt"/>
        <line num="530" count="0" type="stmt"/>
        <line num="531" count="0" type="cond" truecount="0" falsecount="1"/>
        <line num="532" count="0" type="stmt"/>
        <line num="533" count="0" type="stmt"/>
        <line num="535" count="0" type="stmt"/>
        <line num="536" count="0" type="cond" truecount="0" falsecount="1"/>
        <line num="537" count="0" type="stmt"/>
        <line num="542" count="0" type="stmt"/>
        <line num="552" count="349" type="cond" truecount="0" falsecount="1"/>
        <line num="553" count="349" type="cond" truecount="0" falsecount="1"/>
        <line num="554" count="349" type="cond" truecount="1" falsecount="0"/>
        <line num="557" count="348" type="cond" truecount="1" falsecount="0"/>
        <line num="559" count="328" type="cond" truecount="0" falsecount="1"/>
        <line num="560" count="0" type="stmt"/>
        <line num="566" count="328" type="stmt"/>
        <line num="567" count="328" type="stmt"/>
        <line num="568" count="328" type="stmt"/>
        <line num="571" count="328" type="cond" truecount="0" falsecount="1"/>
        <line num="572" count="0" type="cond" truecount="0" falsecount="2"/>
        <line num="575" count="0" type="stmt"/>
        <line num="578" count="328" type="cond" truecount="4" falsecount="0"/>
        <line num="579" count="32" type="stmt"/>
        <line num="580" count="32" type="cond" truecount="1" falsecount="0"/>
        <line num="581" count="296" type="cond" truecount="4" falsecount="0"/>
        <line num="582" count="24" type="stmt"/>
        <line num="583" count="24" type="cond" truecount="1" falsecount="0"/>
        <line num="584" count="272" type="cond" truecount="2" falsecount="3"/>
        <line num="585" count="272" type="stmt"/>
        <line num="586" count="272" type="cond" truecount="1" falsecount="0"/>
        <line num="587" count="0" type="cond" truecount="0" falsecount="1"/>
        <line num="588" count="0" type="stmt"/>
        <line num="591" count="328" type="stmt"/>
        <line num="592" count="328" type="stmt"/>
        <line num="593" count="328" type="stmt"/>
        <line num="601" count="32" type="stmt"/>
        <line num="602" count="32" type="cond" truecount="2" falsecount="1"/>
        <line num="603" count="0" type="stmt"/>
        <line num="606" count="32" type="stmt"/>
        <line num="607" count="32" type="stmt"/>
        <line num="608" count="32" type="stmt"/>
        <line num="610" count="32" type="cond" truecount="1" falsecount="1"/>
        <line num="611" count="0" type="cond" truecount="0" falsecount="2"/>
        <line num="612" count="0" type="stmt"/>
        <line num="613" count="0" type="cond" truecount="0" falsecount="1"/>
        <line num="614" count="0" type="stmt"/>
        <line num="615" count="0" type="cond" truecount="0" falsecount="1"/>
        <line num="616" count="0" type="stmt"/>
        <line num="618" count="0" type="stmt"/>
        <line num="622" count="32" type="cond" truecount="1" falsecount="1"/>
        <line num="625" count="32" type="stmt"/>
        <line num="626" count="96" type="cond" truecount="2" falsecount="2"/>
        <line num="627" count="0" type="cond" truecount="0" falsecount="2"/>
        <line num="628" count="0" type="cond" truecount="0" falsecount="1"/>
        <line num="629" count="0" type="cond" truecount="0" falsecount="3"/>
        <line num="630" count="0" type="stmt"/>
        <line num="632" count="0" type="stmt"/>
        <line num="634" count="96" type="stmt"/>
        <line num="641" count="32" type="stmt"/>
        <line num="642" count="32" type="stmt"/>
        <line num="650" count="24" type="stmt"/>
        <line num="652" count="24" type="stmt"/>
        <line num="653" count="24" type="cond" truecount="1" falsecount="0"/>
        <line num="654" count="54" type="stmt"/>
        <line num="657" count="24" type="cond" truecount="1" falsecount="0"/>
        <line num="658" count="24" type="stmt"/>
        <line num="659" count="54" type="cond" truecount="1" falsecount="1"/>
        <line num="660" count="54" type="stmt"/>
        <line num="661" count="54" type="cond" truecount="1" falsecount="0"/>
        <line num="663" count="0" type="stmt"/>
        <line num="664" count="0" type="cond" truecount="0" falsecount="1"/>
        <line num="665" count="0" type="stmt"/>
        <line num="666" count="0" type="stmt"/>
        <line num="672" count="24" type="cond" truecount="0" falsecount="1"/>
        <line num="673" count="0" type="stmt"/>
        <line num="680" count="24" type="cond" truecount="4" falsecount="0"/>
        <line num="684" count="24" type="stmt"/>
        <line num="694" count="272" type="stmt"/>
        <line num="695" count="272" type="stmt"/>
        <line num="697" count="272" type="cond" truecount="2" falsecount="0"/>
        <line num="698" count="272" type="cond" truecount="1" falsecount="1"/>
        <line num="700" count="0" type="stmt"/>
        <line num="702" count="272" type="cond" truecount="2" falsecount="0"/>
        <line num="704" count="272" type="stmt"/>
        <line num="705" count="1339" type="stmt"/>
        <line num="711" count="1339" type="cond" truecount="1" falsecount="0"/>
        <line num="712" count="1287" type="stmt"/>
        <line num="719" count="272" type="cond" truecount="3" falsecount="0"/>
        <line num="721" count="239" type="stmt"/>
        <line num="722" count="239" type="cond" truecount="3" falsecount="0"/>
        <line num="723" count="105" type="stmt"/>
        <line num="726" count="239" type="stmt"/>
        <line num="727" count="239" type="cond" truecount="2" falsecount="0"/>
        <line num="729" count="239" type="cond" truecount="2" falsecount="0"/>
        <line num="730" count="239" type="stmt"/>
        <line num="739" count="239" type="stmt"/>
        <line num="740" count="239" type="stmt"/>
        <line num="741" count="239" type="stmt"/>
        <line num="742" count="239" type="stmt"/>
        <line num="746" count="1957" type="stmt"/>
        <line num="747" count="951" type="cond" truecount="1" falsecount="1"/>
        <line num="748" count="10" type="stmt"/>
        <line num="757" count="1339" type="stmt"/>
        <line num="759" count="1339" type="cond" truecount="4" falsecount="0"/>
        <line num="764" count="1339" type="cond" truecount="2" falsecount="0"/>
        <line num="768" count="1339" type="stmt"/>
        <line num="769" count="1339" type="stmt"/>
        <line num="772" count="1339" type="cond" truecount="1" falsecount="0"/>
        <line num="773" count="52" type="stmt"/>
        <line num="777" count="1287" type="stmt"/>
        <line num="778" count="1287" type="stmt"/>
        <line num="780" count="1287" type="stmt"/>
        <line num="781" count="1287" type="cond" truecount="2" falsecount="0"/>
        <line num="782" count="401" type="stmt"/>
        <line num="783" count="886" type="cond" truecount="1" falsecount="0"/>
        <line num="784" count="96" type="stmt"/>
        <line num="787" count="1287" type="stmt"/>
        <line num="795" count="1287" type="stmt"/>
        <line num="796" count="1287" type="cond" truecount="0" falsecount="1"/>
        <line num="797" count="0" type="cond" truecount="0" falsecount="2"/>
        <line num="799" count="1287" type="cond" truecount="0" falsecount="1"/>
        <line num="801" count="1287" type="stmt"/>
        <line num="802" count="1287" type="stmt"/>
        <line num="814" count="1342" type="stmt"/>
        <line num="815" count="1342" type="cond" truecount="0" falsecount="1"/>
        <line num="816" count="0" type="cond" truecount="0" falsecount="2"/>
        <line num="821" count="1342" type="cond" truecount="2" falsecount="0"/>
        <line num="826" count="1342" type="cond" truecount="1" falsecount="0"/>
        <line num="827" count="414" type="stmt"/>
        <line num="830" count="928" type="cond" truecount="0" falsecount="1"/>
        <line num="831" count="0" type="stmt"/>
        <line num="837" count="928" type="cond" truecount="2" falsecount="0"/>
        <line num="838" count="928" type="cond" truecount="3" falsecount="0"/>
        <line num="839" count="73" type="stmt"/>
        <line num="842" count="855" type="cond" truecount="3" falsecount="1"/>
        <line num="843" count="0" type="stmt"/>
        <line num="846" count="855" type="cond" truecount="1" falsecount="0"/>
        <line num="847" count="68" type="stmt"/>
        <line num="848" count="68" type="stmt"/>
        <line num="850" count="68" type="cond" truecount="1" falsecount="1"/>
        <line num="851" count="68" type="stmt"/>
        <line num="854" count="787" type="cond" truecount="1" falsecount="1"/>
        <line num="856" count="787" type="cond" truecount="6" falsecount="2"/>
        <line num="858" count="669" type="stmt"/>
        <line num="860" count="35" type="stmt"/>
        <line num="862" count="17" type="stmt"/>
        <line num="867" count="8" type="stmt"/>
        <line num="869" count="0" type="stmt"/>
        <line num="871" count="55" type="cond" truecount="1" falsecount="1"/>
        <line num="873" count="55" type="stmt"/>
        <line num="875" count="55" type="cond" truecount="2" falsecount="0"/>
        <line num="876" count="55" type="stmt"/>
        <line num="883" count="55" type="stmt"/>
        <line num="886" count="3" type="cond" truecount="1" falsecount="1"/>
        <line num="888" count="3" type="cond" truecount="3" falsecount="0"/>
        <line num="891" count="3" type="cond" truecount="1" falsecount="1"/>
        <line num="893" count="3" type="cond" truecount="1" falsecount="1"/>
        <line num="899" count="3" type="cond" truecount="1" falsecount="7"/>
        <line num="907" count="3" type="cond" truecount="0" falsecount="1"/>
        <line num="908" count="0" type="stmt"/>
        <line num="911" count="3" type="stmt"/>
        <line num="915" count="3" type="cond" truecount="2" falsecount="1"/>
        <line num="916" count="0" type="stmt"/>
        <line num="923" count="3" type="cond" truecount="1" falsecount="0"/>
        <line num="924" count="3" type="stmt"/>
        <line num="925" count="3" type="stmt"/>
        <line num="927" count="0" type="stmt"/>
        <line num="930" count="0" type="stmt"/>
        <line num="938" count="122" type="stmt"/>
        <line num="940" count="122" type="cond" truecount="2" falsecount="1"/>
        <line num="941" count="0" type="stmt"/>
        <line num="944" count="122" type="stmt"/>
        <line num="945" count="122" type="cond" truecount="0" falsecount="1"/>
        <line num="946" count="0" type="stmt"/>
        <line num="949" count="122" type="cond" truecount="1" falsecount="0"/>
        <line num="950" count="121" type="stmt"/>
        <line num="953" count="1" type="stmt"/>
        <line num="954" count="1" type="stmt"/>
        <line num="955" count="1" type="cond" truecount="0" falsecount="1"/>
        <line num="956" count="0" type="stmt"/>
        <line num="959" count="1" type="stmt"/>
        <line num="960" count="1" type="stmt"/>
        <line num="968" count="122" type="cond" truecount="0" falsecount="1"/>
        <line num="971" count="0" type="cond" truecount="0" falsecount="2"/>
        <line num="972" count="0" type="stmt"/>
        <line num="973" count="0" type="cond" truecount="0" falsecount="2"/>
        <line num="974" count="0" type="cond" truecount="0" falsecount="2"/>
        <line num="975" count="0" type="stmt"/>
        <line num="978" count="0" type="cond" truecount="0" falsecount="1"/>
        <line num="980" count="0" type="stmt"/>
        <line num="981" count="0" type="stmt"/>
        <line num="982" count="0" type="stmt"/>
        <line num="983" count="0" type="stmt"/>
        <line num="985" count="0" type="stmt"/>
        <line num="987" count="0" type="stmt"/>
        <line num="988" count="0" type="stmt"/>
        <line num="992" count="0" type="stmt"/>
        <line num="1008" count="122" type="cond" truecount="0" falsecount="1"/>
        <line num="1009" count="0" type="stmt"/>
        <line num="1015" count="122" type="stmt"/>
        <line num="1017" count="122" type="stmt"/>
        <line num="1018" count="122" type="cond" truecount="0" falsecount="1"/>
        <line num="1019" count="0" type="stmt"/>
        <line num="1022" count="122" type="stmt"/>
        <line num="1023" count="122" type="stmt"/>
        <line num="1025" count="122" type="stmt"/>
        <line num="1026" count="246" type="cond" truecount="0" falsecount="1"/>
        <line num="1029" count="246" type="cond" truecount="3" falsecount="1"/>
        <line num="1030" count="0" type="stmt"/>
        <line num="1031" count="0" type="stmt"/>
        <line num="1035" count="246" type="stmt"/>
        <line num="1037" count="246" type="cond" truecount="1" falsecount="3"/>
        <line num="1039" count="0" type="stmt"/>
        <line num="1040" count="0" type="stmt"/>
        <line num="1043" count="0" type="cond" truecount="0" falsecount="1"/>
        <line num="1044" count="0" type="stmt"/>
        <line num="1045" count="0" type="stmt"/>
        <line num="1049" count="246" type="stmt"/>
        <line num="1051" count="246" type="cond" truecount="0" falsecount="1"/>
        <line num="1052" count="0" type="stmt"/>
        <line num="1059" count="122" type="stmt"/>
        <line num="1065" count="43" type="cond" truecount="1" falsecount="0"/>
        <line num="1067" count="12" type="stmt"/>
        <line num="1068" count="12" type="cond" truecount="2" falsecount="0"/>
        <line num="1071" count="12" type="stmt"/>
        <line num="1073" count="12" type="stmt"/>
        <line num="1074" count="12" type="stmt"/>
        <line num="1076" count="12" type="stmt"/>
        <line num="1077" count="26" type="cond" truecount="1" falsecount="0"/>
        <line num="1078" count="19" type="cond" truecount="0" falsecount="1"/>
        <line num="1079" count="19" type="cond" truecount="0" falsecount="1"/>
        <line num="1081" count="19" type="cond" truecount="1" falsecount="0"/>
        <line num="1082" count="10" type="stmt"/>
        <line num="1083" count="10" type="stmt"/>
        <line num="1085" count="19" type="stmt"/>
        <line num="1088" count="12" type="cond" truecount="1" falsecount="0"/>
        <line num="1094" count="10" type="stmt"/>
        <line num="1099" count="43" type="stmt"/>
        <line num="1100" count="43" type="cond" truecount="3" falsecount="0"/>
        <line num="1102" count="4" type="stmt"/>
        <line num="1103" count="4" type="stmt"/>
        <line num="1104" count="24" type="cond" truecount="3" falsecount="0"/>
        <line num="1105" count="24" type="stmt"/>
        <line num="1109" count="24" type="stmt"/>
        <line num="1114" count="43" type="stmt"/>
        <line num="1115" count="43" type="cond" truecount="1" falsecount="0"/>
        <line num="1117" count="4" type="cond" truecount="3" falsecount="1"/>
        <line num="1119" count="0" type="cond" truecount="0" falsecount="1"/>
        <line num="1120" count="0" type="stmt"/>
        <line num="1121" count="0" type="stmt"/>
        <line num="1122" count="0" type="cond" truecount="0" falsecount="3"/>
        <line num="1123" count="0" type="stmt"/>
        <line num="1127" count="0" type="stmt"/>
        <line num="1128" count="0" type="cond" truecount="0" falsecount="2"/>
        <line num="1129" count="0" type="stmt"/>
        <line num="1131" count="0" type="stmt"/>
        <line num="1132" count="0" type="stmt"/>
        <line num="1135" count="4" type="cond" truecount="2" falsecount="2"/>
        <line num="1136" count="0" type="stmt"/>
        <line num="1137" count="4" type="cond" truecount="0" falsecount="1"/>
        <line num="1138" count="0" type="stmt"/>
        <line num="1139" count="0" type="stmt"/>
        <line num="1140" count="0" type="cond" truecount="0" falsecount="3"/>
        <line num="1141" count="0" type="stmt"/>
        <line num="1145" count="0" type="stmt"/>
        <line num="1146" count="0" type="cond" truecount="0" falsecount="2"/>
        <line num="1147" count="0" type="stmt"/>
        <line num="1149" count="0" type="stmt"/>
        <line num="1150" count="0" type="stmt"/>
        <line num="1159" count="44" type="cond" truecount="2" falsecount="0"/>
        <line num="1160" count="44" type="cond" truecount="2" falsecount="0"/>
        <line num="1161" count="44" type="cond" truecount="2" falsecount="0"/>
        <line num="1162" count="44" type="cond" truecount="2" falsecount="0"/>
        <line num="1163" count="44" type="cond" truecount="2" falsecount="0"/>
        <line num="1164" count="44" type="cond" truecount="2" falsecount="0"/>
        <line num="1166" count="44" type="cond" truecount="1" falsecount="1"/>
        <line num="1171" count="44" type="cond" truecount="2" falsecount="0"/>
        <line num="1172" count="44" type="cond" truecount="2" falsecount="0"/>
        <line num="1174" count="44" type="cond" truecount="2" falsecount="0"/>
        <line num="1175" count="44" type="cond" truecount="2" falsecount="0"/>
        <line num="1176" count="44" type="cond" truecount="2" falsecount="0"/>
        <line num="1178" count="44" type="stmt"/>
        <line num="1183" count="44" type="cond" truecount="2" falsecount="0"/>
        <line num="1184" count="44" type="stmt"/>
        <line num="1186" count="44" type="cond" truecount="2" falsecount="0"/>
        <line num="1187" count="44" type="cond" truecount="2" falsecount="0"/>
        <line num="1188" count="44" type="cond" truecount="2" falsecount="0"/>
        <line num="1189" count="44" type="cond" truecount="2" falsecount="0"/>
        <line num="1191" count="44" type="cond" truecount="2" falsecount="0"/>
        <line num="1201" count="44" type="cond" truecount="2" falsecount="0"/>
        <line num="1203" count="44" type="stmt"/>
        <line num="1228" count="0" type="stmt"/>
        <line num="1230" count="0" type="stmt"/>
        <line num="1231" count="0" type="stmt"/>
        <line num="1232" count="0" type="cond" truecount="0" falsecount="3"/>
        <line num="1234" count="0" type="cond" truecount="0" falsecount="1"/>
        <line num="1242" count="0" type="stmt"/>
        <line num="1245" count="0" type="stmt"/>
        <line num="1246" count="0" type="cond" truecount="0" falsecount="1"/>
        <line num="1247" count="0" type="stmt"/>
        <line num="1248" count="0" type="stmt"/>
        <line num="1249" count="0" type="cond" truecount="0" falsecount="1"/>
        <line num="1255" count="0" type="stmt"/>
        <line num="1260" count="0" type="cond" truecount="0" falsecount="1"/>
        <line num="1261" count="0" type="stmt"/>
        <line num="1263" count="0" type="cond" truecount="0" falsecount="3"/>
        <line num="1264" count="0" type="stmt"/>
        <line num="1266" count="0" type="cond" truecount="0" falsecount="1"/>
        <line num="1267" count="0" type="cond" truecount="0" falsecount="1"/>
        <line num="1268" count="0" type="cond" truecount="0" falsecount="1"/>
        <line num="1269" count="0" type="cond" truecount="0" falsecount="1"/>
        <line num="1270" count="0" type="cond" truecount="0" falsecount="1"/>
        <line num="1273" count="0" type="stmt"/>
        <line num="1276" count="5" type="stmt"/>
        <line num="1278" count="0" type="stmt"/>
        <line num="1280" count="0" type="cond" truecount="0" falsecount="2"/>
        <line num="1283" count="0" type="cond" truecount="0" falsecount="2"/>
        <line num="1284" count="0" type="stmt"/>
        <line num="1286" count="0" type="cond" truecount="0" falsecount="2"/>
        <line num="1289" count="0" type="stmt"/>
        <line num="1294" count="0" type="stmt"/>
        <line num="1296" count="0" type="stmt"/>
        <line num="1297" count="0" type="cond" truecount="0" falsecount="1"/>
        <line num="1298" count="0" type="cond" truecount="0" falsecount="2"/>
        <line num="1299" count="0" type="stmt"/>
        <line num="1301" count="0" type="stmt"/>
        <line num="1302" count="0" type="stmt"/>
        <line num="1306" count="0" type="stmt"/>
        <line num="1307" count="0" type="stmt"/>
        <line num="1308" count="0" type="stmt"/>
        <line num="1310" count="0" type="stmt"/>
        <line num="1311" count="0" type="stmt"/>
        <line num="1314" count="0" type="cond" truecount="0" falsecount="3"/>
        <line num="1317" count="0" type="stmt"/>
        <line num="1325" count="0" type="stmt"/>
        <line num="1333" count="0" type="stmt"/>
        <line num="1352" count="365" type="cond" truecount="1" falsecount="1"/>
        <line num="1356" count="365" type="stmt"/>
        <line num="1357" count="365" type="stmt"/>
        <line num="1359" count="0" type="stmt"/>
        <line num="1363" count="365" type="cond" truecount="1" falsecount="1"/>
        <line num="1365" count="365" type="stmt"/>
        <line num="1366" count="365" type="cond" truecount="3" falsecount="0"/>
        <line num="1367" count="291" type="stmt"/>
        <line num="1370" count="74" type="stmt"/>
        <line num="1371" count="74" type="cond" truecount="1" falsecount="2"/>
        <line num="1374" count="0" type="cond" truecount="0" falsecount="1"/>
        <line num="1375" count="0" type="stmt"/>
        <line num="1378" count="74" type="cond" truecount="0" falsecount="1"/>
        <line num="1384" count="0" type="stmt"/>
        <line num="1387" count="74" type="cond" truecount="1" falsecount="0"/>
        <line num="1388" count="41" type="stmt"/>
        <line num="1391" count="33" type="cond" truecount="1" falsecount="0"/>
        <line num="1392" count="0" type="stmt"/>
        <line num="1403" count="0" type="stmt"/>
        <line num="1404" count="0" type="cond" truecount="0" falsecount="1"/>
        <line num="1405" count="0" type="stmt"/>
        <line num="1406" count="0" type="stmt"/>
        <line num="1407" count="0" type="stmt"/>
        <line num="1411" count="0" type="stmt"/>
        <line num="1412" count="0" type="stmt"/>
        <line num="1414" count="0" type="stmt"/>
        <line num="1421" count="74" type="cond" truecount="0" falsecount="1"/>
        <line num="1422" count="0" type="stmt"/>
        <line num="1423" count="0" type="cond" truecount="0" falsecount="1"/>
        <line num="1424" count="0" type="stmt"/>
        <line num="1426" count="74" type="stmt"/>
        <line num="1439" count="1339" type="cond" truecount="1" falsecount="1"/>
        <line num="1440" count="0" type="stmt"/>
        <line num="1443" count="1339" type="stmt"/>
        <line num="1446" count="1339" type="stmt"/>
        <line num="1447" count="1339" type="cond" truecount="1" falsecount="1"/>
        <line num="1451" count="0" type="cond" truecount="0" falsecount="1"/>
        <line num="1452" count="0" type="stmt"/>
        <line num="1456" count="69" type="stmt"/>
        <line num="1457" count="69" type="cond" truecount="1" falsecount="1"/>
        <line num="1461" count="315" type="stmt"/>
        <line num="1465" count="246" type="cond" truecount="0" falsecount="1"/>
        <line num="1466" count="0" type="stmt"/>
        <line num="1467" count="0" type="cond" truecount="0" falsecount="1"/>
        <line num="1468" count="0" type="stmt"/>
        <line num="1470" count="246" type="stmt"/>
        <line num="1477" count="122" type="cond" truecount="2" falsecount="1"/>
        <line num="1478" count="0" type="stmt"/>
        <line num="1482" count="122" type="cond" truecount="1" falsecount="1"/>
        <line num="1486" count="122" type="cond" truecount="0" falsecount="1"/>
        <line num="1487" count="0" type="cond" truecount="0" falsecount="3"/>
        <line num="1492" count="0" type="stmt"/>
        <line num="1495" count="122" type="cond" truecount="0" falsecount="1"/>
        <line num="1496" count="0" type="stmt"/>
        <line num="1497" count="0" type="cond" truecount="0" falsecount="1"/>
        <line num="1498" count="0" type="stmt"/>
        <line num="1501" count="122" type="cond" truecount="1" falsecount="1"/>
        <line num="1507" count="122" type="cond" truecount="1" falsecount="5"/>
        <line num="1509" count="0" type="stmt"/>
        <line num="1511" count="0" type="stmt"/>
        <line num="1513" count="0" type="cond" truecount="0" falsecount="2"/>
        <line num="1515" count="0" type="stmt"/>
        <line num="1517" count="0" type="stmt"/>
        <line num="1521" count="0" type="cond" truecount="0" falsecount="2"/>
        <line num="1524" count="122" type="stmt"/>
        <line num="1532" count="669" type="cond" truecount="7" falsecount="1"/>
        <line num="1534" count="56" type="cond" truecount="1" falsecount="0"/>
        <line num="1535" count="56" type="stmt"/>
        <line num="1537" count="5" type="cond" truecount="1" falsecount="0"/>
        <line num="1538" count="5" type="stmt"/>
        <line num="1540" count="1" type="cond" truecount="1" falsecount="0"/>
        <line num="1541" count="1" type="stmt"/>
        <line num="1543" count="14" type="cond" truecount="1" falsecount="0"/>
        <line num="1544" count="14" type="stmt"/>
        <line num="1546" count="0" type="stmt"/>
        <line num="1549" count="16" type="cond" truecount="1" falsecount="0"/>
        <line num="1550" count="16" type="stmt"/>
        <line num="1552" count="577" type="stmt"/>
        <line num="1557" count="1342" type="cond" truecount="0" falsecount="3"/>
        <line num="1558" count="1342" type="cond" truecount="3" falsecount="0"/>
        <line num="1559" count="468" type="stmt"/>
        <line num="1561" count="874" type="stmt"/>
        <line num="1565" count="1287" type="cond" truecount="2" falsecount="0"/>
        <line num="1574" count="1287" type="stmt"/>
        <line num="1575" count="1287" type="cond" truecount="1" falsecount="0"/>
        <line num="1576" count="0" type="cond" truecount="0" falsecount="1"/>
        <line num="1578" count="0" type="stmt"/>
        <line num="1579" count="0" type="cond" truecount="0" falsecount="1"/>
        <line num="1580" count="0" type="stmt"/>
        <line num="1586" count="0" type="stmt"/>
        <line num="1597" count="239" type="stmt"/>
        <line num="1600" count="239" type="cond" truecount="2" falsecount="0"/>
        <line num="1601" count="239" type="cond" truecount="1" falsecount="0"/>
        <line num="1602" count="70" type="stmt"/>
        <line num="1605" count="239" type="cond" truecount="0" falsecount="1"/>
        <line num="1606" count="0" type="stmt"/>
        <line num="1607" count="0" type="cond" truecount="0" falsecount="1"/>
        <line num="1608" count="0" type="stmt"/>
        <line num="1609" count="0" type="cond" truecount="0" falsecount="1"/>
        <line num="1614" count="239" type="stmt"/>
        <line num="1621" count="484" type="cond" truecount="1" falsecount="1"/>
        <line num="1623" count="484" type="cond" truecount="2" falsecount="0"/>
        <line num="1624" count="484" type="cond" truecount="1" falsecount="0"/>
        <line num="1625" count="16" type="stmt"/>
        <line num="1627" count="468" type="stmt"/>
        <line num="1634" count="1582" type="stmt"/>
        <line num="1635" count="1582" type="stmt"/>
        <line num="1639" count="0" type="stmt"/>
        <line num="1650" count="1339" type="stmt"/>
        <line num="1651" count="1339" type="cond" truecount="1" falsecount="0"/>
        <line num="1653" count="0" type="stmt"/>
        <line num="1655" count="0" type="cond" truecount="0" falsecount="2"/>
        <line num="1659" count="0" type="cond" truecount="0" falsecount="2"/>
        <line num="1661" count="0" type="cond" truecount="0" falsecount="2"/>
        <line num="1662" count="0" type="stmt"/>
        <line num="1665" count="0" type="cond" truecount="0" falsecount="2"/>
        <line num="1671" count="0" type="cond" truecount="0" falsecount="1"/>
        <line num="1672" count="0" type="stmt"/>
        <line num="1674" count="0" type="cond" truecount="0" falsecount="2"/>
        <line num="1678" count="0" type="cond" truecount="0" falsecount="2"/>
        <line num="1680" count="0" type="cond" truecount="0" falsecount="2"/>
        <line num="1681" count="0" type="stmt"/>
        <line num="1683" count="0" type="cond" truecount="0" falsecount="2"/>
        <line num="1693" count="0" type="cond" truecount="0" falsecount="1"/>
        <line num="1694" count="0" type="stmt"/>
        <line num="1697" count="0" type="stmt"/>
        <line num="1698" count="0" type="stmt"/>
        <line num="1700" count="0" type="cond" truecount="0" falsecount="1"/>
        <line num="1701" count="0" type="stmt"/>
        <line num="1704" count="0" type="cond" truecount="0" falsecount="3"/>
        <line num="1705" count="0" type="stmt"/>
        <line num="1706" count="0" type="stmt"/>
        <line num="1707" count="0" type="stmt"/>
        <line num="1708" count="0" type="stmt"/>
        <line num="1711" count="0" type="cond" truecount="0" falsecount="9"/>
        <line num="1713" count="0" type="stmt"/>
        <line num="1714" count="0" type="stmt"/>
        <line num="1717" count="0" type="stmt"/>
        <line num="1718" count="0" type="stmt"/>
        <line num="1720" count="0" type="stmt"/>
        <line num="1721" count="0" type="stmt"/>
        <line num="1723" count="0" type="stmt"/>
        <line num="1724" count="0" type="stmt"/>
        <line num="1725" count="0" type="stmt"/>
        <line num="1729" count="0" type="stmt"/>
        <line num="1730" count="0" type="stmt"/>
        <line num="1731" count="0" type="stmt"/>
        <line num="1732" count="0" type="stmt"/>
        <line num="1734" count="0" type="stmt"/>
        <line num="1735" count="0" type="stmt"/>
        <line num="1738" count="0" type="stmt"/>
        <line num="1742" count="229" type="stmt"/>
        <line num="1747" count="231" type="stmt"/>
        <line num="1753" count="0" type="stmt"/>
      </file>
      <file name="x-graphql-extensions.ts" path="/home/john/json-schema-x-graphql/converters/node/src/x-graphql-extensions.ts">
        <metrics statements="181" coveredstatements="133" conditionals="117" coveredconditionals="70" methods="17" coveredmethods="16"/>
        <line num="102" count="1" type="stmt"/>
        <line num="105" count="12" type="stmt"/>
        <line num="107" count="12" type="stmt"/>
        <line num="108" count="25" type="cond" truecount="1" falsecount="0"/>
        <line num="109" count="3" type="stmt"/>
        <line num="112" count="22" type="stmt"/>
        <line num="114" count="22" type="cond" truecount="21" falsecount="18"/>
        <line num="117" count="2" type="stmt"/>
        <line num="118" count="2" type="stmt"/>
        <line num="120" count="1" type="stmt"/>
        <line num="121" count="1" type="stmt"/>
        <line num="123" count="0" type="cond" truecount="0" falsecount="1"/>
        <line num="124" count="0" type="stmt"/>
        <line num="126" count="0" type="stmt"/>
        <line num="129" count="1" type="cond" truecount="1" falsecount="1"/>
        <line num="132" count="1" type="stmt"/>
        <line num="134" count="1" type="cond" truecount="1" falsecount="1"/>
        <line num="137" count="1" type="stmt"/>
        <line num="139" count="0" type="cond" truecount="0" falsecount="3"/>
        <line num="140" count="0" type="stmt"/>
        <line num="141" count="0" type="cond" truecount="0" falsecount="1"/>
        <line num="142" count="0" type="cond" truecount="0" falsecount="2"/>
        <line num="147" count="0" type="stmt"/>
        <line num="150" count="0" type="stmt"/>
        <line num="152" count="0" type="stmt"/>
        <line num="156" count="1" type="stmt"/>
        <line num="157" count="1" type="stmt"/>
        <line num="159" count="1" type="stmt"/>
        <line num="160" count="1" type="stmt"/>
        <line num="162" count="1" type="stmt"/>
        <line num="163" count="1" type="stmt"/>
        <line num="165" count="1" type="stmt"/>
        <line num="166" count="1" type="stmt"/>
        <line num="168" count="0" type="stmt"/>
        <line num="170" count="0" type="stmt"/>
        <line num="173" count="0" type="stmt"/>
        <line num="174" count="0" type="stmt"/>
        <line num="178" count="1" type="stmt"/>
        <line num="179" count="1" type="stmt"/>
        <line num="181" count="1" type="stmt"/>
        <line num="182" count="1" type="stmt"/>
        <line num="184" count="1" type="stmt"/>
        <line num="185" count="1" type="stmt"/>
        <line num="190" count="3" type="stmt"/>
        <line num="191" count="3" type="stmt"/>
        <line num="193" count="0" type="cond" truecount="0" falsecount="4"/>
        <line num="194" count="0" type="stmt"/>
        <line num="195" count="0" type="cond" truecount="0" falsecount="1"/>
        <line num="196" count="0" type="cond" truecount="0" falsecount="1"/>
        <line num="197" count="0" type="cond" truecount="0" falsecount="1"/>
        <line num="198" count="0" type="stmt"/>
        <line num="199" count="0" type="cond" truecount="0" falsecount="1"/>
        <line num="201" count="0" type="cond" truecount="0" falsecount="2"/>
        <line num="202" count="0" type="cond" truecount="0" falsecount="1"/>
        <line num="203" count="0" type="cond" truecount="0" falsecount="1"/>
        <line num="205" count="0" type="cond" truecount="0" falsecount="2"/>
        <line num="211" count="0" type="stmt"/>
        <line num="212" count="0" type="stmt"/>
        <line num="216" count="0" type="cond" truecount="0" falsecount="1"/>
        <line num="219" count="0" type="stmt"/>
        <line num="221" count="1" type="stmt"/>
        <line num="222" count="1" type="stmt"/>
        <line num="224" count="1" type="stmt"/>
        <line num="225" count="1" type="stmt"/>
        <line num="227" count="1" type="stmt"/>
        <line num="228" count="1" type="stmt"/>
        <line num="230" count="1" type="stmt"/>
        <line num="231" count="1" type="stmt"/>
        <line num="234" count="1" type="stmt"/>
        <line num="235" count="1" type="stmt"/>
        <line num="237" count="0" type="stmt"/>
        <line num="238" count="0" type="stmt"/>
        <line num="240" count="0" type="stmt"/>
        <line num="241" count="0" type="stmt"/>
        <line num="245" count="0" type="stmt"/>
        <line num="246" count="0" type="stmt"/>
        <line num="249" count="0" type="stmt"/>
        <line num="250" count="0" type="stmt"/>
        <line num="253" count="0" type="stmt"/>
        <line num="254" count="0" type="stmt"/>
        <line num="256" count="0" type="stmt"/>
        <line num="257" count="0" type="stmt"/>
        <line num="261" count="0" type="stmt"/>
        <line num="262" count="0" type="stmt"/>
        <line num="266" count="0" type="stmt"/>
        <line num="267" count="0" type="stmt"/>
        <line num="271" count="2" type="cond" truecount="2" falsecount="0"/>
        <line num="272" count="1" type="stmt"/>
        <line num="273" count="1" type="cond" truecount="3" falsecount="0"/>
        <line num="274" count="1" type="stmt"/>
        <line num="275" count="1" type="cond" truecount="1" falsecount="0"/>
        <line num="276" count="1" type="stmt"/>
        <line num="279" count="2" type="stmt"/>
        <line num="283" count="12" type="stmt"/>
        <line num="289" count="1" type="stmt"/>
        <line num="290" count="3" type="stmt"/>
        <line num="297" count="1" type="stmt"/>
        <line num="302" count="7" type="cond" truecount="3" falsecount="0"/>
        <line num="304" count="4" type="stmt"/>
        <line num="305" count="4" type="cond" truecount="2" falsecount="0"/>
        <line num="309" count="3" type="cond" truecount="3" falsecount="0"/>
        <line num="310" count="2" type="stmt"/>
        <line num="311" count="2" type="cond" truecount="1" falsecount="1"/>
        <line num="314" count="1" type="stmt"/>
        <line num="321" count="1" type="stmt"/>
        <line num="326" count="10" type="cond" truecount="1" falsecount="0"/>
        <line num="327" count="6" type="stmt"/>
        <line num="331" count="4" type="cond" truecount="1" falsecount="0"/>
        <line num="332" count="2" type="stmt"/>
        <line num="336" count="2" type="stmt"/>
        <line num="343" count="1" type="stmt"/>
        <line num="347" count="2" type="cond" truecount="2" falsecount="0"/>
        <line num="354" count="1" type="stmt"/>
        <line num="358" count="2" type="cond" truecount="2" falsecount="0"/>
        <line num="364" count="1" type="stmt"/>
        <line num="368" count="6" type="cond" truecount="1" falsecount="0"/>
        <line num="369" count="1" type="stmt"/>
        <line num="372" count="5" type="stmt"/>
        <line num="375" count="5" type="cond" truecount="3" falsecount="0"/>
        <line num="376" count="2" type="stmt"/>
        <line num="380" count="6" type="stmt"/>
        <line num="386" count="1" type="stmt"/>
        <line num="389" count="8" type="cond" truecount="1" falsecount="0"/>
        <line num="390" count="1" type="stmt"/>
        <line num="393" count="7" type="cond" truecount="1" falsecount="0"/>
        <line num="394" count="2" type="stmt"/>
        <line num="398" count="7" type="stmt"/>
        <line num="404" count="1" type="stmt"/>
        <line num="408" count="14" type="cond" truecount="3" falsecount="0"/>
        <line num="409" count="1" type="stmt"/>
        <line num="412" count="13" type="stmt"/>
        <line num="413" count="14" type="cond" truecount="1" falsecount="0"/>
        <line num="414" count="12" type="stmt"/>
        <line num="416" count="2" type="cond" truecount="1" falsecount="0"/>
        <line num="417" count="2" type="stmt"/>
        <line num="418" count="1" type="stmt"/>
        <line num="420" count="1" type="stmt"/>
        <line num="423" count="13" type="stmt"/>
        <line num="429" count="1" type="stmt"/>
        <line num="432" count="5" type="stmt"/>
        <line num="435" count="5" type="cond" truecount="1" falsecount="0"/>
        <line num="436" count="3" type="stmt"/>
        <line num="437" count="3" type="stmt"/>
        <line num="438" count="4" type="stmt"/>
        <line num="443" count="5" type="cond" truecount="1" falsecount="0"/>
        <line num="444" count="2" type="stmt"/>
        <line num="448" count="5" type="cond" truecount="0" falsecount="1"/>
        <line num="449" count="0" type="stmt"/>
        <line num="453" count="5" type="cond" truecount="0" falsecount="1"/>
        <line num="454" count="0" type="stmt"/>
        <line num="459" count="5" type="stmt"/>
        <line num="465" count="1" type="stmt"/>
        <line num="468" count="7" type="stmt"/>
        <line num="471" count="7" type="cond" truecount="1" falsecount="0"/>
        <line num="472" count="2" type="stmt"/>
        <line num="476" count="7" type="cond" truecount="1" falsecount="0"/>
        <line num="477" count="3" type="cond" truecount="2" falsecount="0"/>
        <line num="480" count="3" type="stmt"/>
        <line num="484" count="7" type="cond" truecount="1" falsecount="0"/>
        <line num="485" count="1" type="cond" truecount="1" falsecount="1"/>
        <line num="488" count="1" type="stmt"/>
        <line num="492" count="7" type="cond" truecount="1" falsecount="0"/>
        <line num="493" count="1" type="stmt"/>
        <line num="501" count="7" type="cond" truecount="0" falsecount="1"/>
        <line num="502" count="0" type="stmt"/>
        <line num="505" count="7" type="stmt"/>
        <line num="511" count="1" type="stmt"/>
        <line num="514" count="8" type="stmt"/>
        <line num="515" count="8" type="stmt"/>
        <line num="516" count="8" type="stmt"/>
        <line num="518" count="8" type="stmt"/>
        <line num="520" count="17" type="cond" truecount="1" falsecount="0"/>
        <line num="521" count="6" type="stmt"/>
        <line num="523" count="17" type="cond" truecount="1" falsecount="0"/>
        <line num="524" count="4" type="stmt"/>
        <line num="528" count="17" type="stmt"/>
        <line num="532" count="8" type="cond" truecount="1" falsecount="0"/>
        <line num="533" count="3" type="stmt"/>
        <line num="536" count="8" type="cond" truecount="1" falsecount="0"/>
        <line num="537" count="2" type="stmt"/>
        <line num="540" count="8" type="stmt"/>
      </file>
    </package>
    <package name="src.features">
      <metrics statements="14" coveredstatements="2" conditionals="3" coveredconditionals="0" methods="2" coveredmethods="0"/>
      <file name="relay.ts" path="/home/john/json-schema-x-graphql/converters/node/src/features/relay.ts">
        <metrics statements="14" coveredstatements="2" conditionals="3" coveredconditionals="0" methods="2" coveredmethods="0"/>
        <line num="4" count="5" type="stmt"/>
        <line num="5" count="0" type="cond" truecount="0" falsecount="1"/>
        <line num="7" count="0" type="stmt"/>
        <line num="14" count="0" type="stmt"/>
        <line num="17" count="5" type="stmt"/>
        <line num="18" count="0" type="stmt"/>
        <line num="19" count="0" type="stmt"/>
        <line num="21" count="0" type="cond" truecount="0" falsecount="1"/>
        <line num="23" count="0" type="stmt"/>
        <line num="25" count="0" type="cond" truecount="0" falsecount="1"/>
        <line num="26" count="0" type="stmt"/>
        <line num="31" count="0" type="stmt"/>
        <line num="34" count="0" type="stmt"/>
        <line num="40" count="0" type="stmt"/>
      </file>
    </package>
    <package name="src.normalization">
      <metrics statements="58" coveredstatements="44" conditionals="42" coveredconditionals="21" methods="9" coveredmethods="6"/>
      <file name="directives.ts" path="/home/john/json-schema-x-graphql/converters/node/src/normalization/directives.ts">
        <metrics statements="58" coveredstatements="44" conditionals="42" coveredconditionals="21" methods="9" coveredmethods="6"/>
        <line num="9" count="5" type="stmt"/>
        <line num="13" count="1582" type="stmt"/>
        <line num="16" count="1582" type="cond" truecount="2" falsecount="1"/>
        <line num="20" count="1582" type="cond" truecount="1" falsecount="0"/>
        <line num="21" count="2" type="stmt"/>
        <line num="22" count="2" type="cond" truecount="1" falsecount="0"/>
        <line num="23" count="2" type="stmt"/>
        <line num="24" count="2" type="cond" truecount="1" falsecount="0"/>
        <line num="25" count="2" type="stmt"/>
        <line num="26" count="2" type="cond" truecount="1" falsecount="2"/>
        <line num="27" count="2" type="stmt"/>
        <line num="29" count="2" type="stmt"/>
        <line num="31" count="0" type="cond" truecount="0" falsecount="1"/>
        <line num="32" count="0" type="cond" truecount="0" falsecount="3"/>
        <line num="33" count="0" type="stmt"/>
        <line num="38" count="1582" type="cond" truecount="1" falsecount="0"/>
        <line num="39" count="1582" type="cond" truecount="1" falsecount="0"/>
        <line num="40" count="19" type="stmt"/>
        <line num="42" count="1582" type="cond" truecount="0" falsecount="1"/>
        <line num="43" count="0" type="stmt"/>
        <line num="45" count="1582" type="cond" truecount="0" falsecount="1"/>
        <line num="46" count="0" type="stmt"/>
        <line num="48" count="1582" type="cond" truecount="0" falsecount="1"/>
        <line num="49" count="0" type="stmt"/>
        <line num="51" count="1582" type="cond" truecount="0" falsecount="1"/>
        <line num="52" count="0" type="stmt"/>
        <line num="58" count="1582" type="cond" truecount="1" falsecount="0"/>
        <line num="59" count="16" type="stmt"/>
        <line num="60" count="32" type="cond" truecount="1" falsecount="1"/>
        <line num="61" count="32" type="stmt"/>
        <line num="62" count="0" type="cond" truecount="0" falsecount="4"/>
        <line num="63" count="0" type="stmt"/>
        <line num="71" count="1582" type="cond" truecount="1" falsecount="0"/>
        <line num="72" count="16" type="stmt"/>
        <line num="77" count="1582" type="cond" truecount="1" falsecount="0"/>
        <line num="78" count="16" type="stmt"/>
        <line num="83" count="1582" type="cond" truecount="1" falsecount="0"/>
        <line num="84" count="16" type="stmt"/>
        <line num="86" count="1582" type="cond" truecount="1" falsecount="0"/>
        <line num="87" count="16" type="stmt"/>
        <line num="94" count="1582" type="stmt"/>
        <line num="98" count="5" type="stmt"/>
        <line num="99" count="1582" type="cond" truecount="1" falsecount="0"/>
        <line num="100" count="1497" type="stmt"/>
        <line num="103" count="85" type="stmt"/>
        <line num="104" count="117" type="cond" truecount="1" falsecount="0"/>
        <line num="105" count="115" type="cond" truecount="0" falsecount="1"/>
        <line num="106" count="115" type="cond" truecount="4" falsecount="0"/>
        <line num="109" count="115" type="stmt"/>
        <line num="112" count="117" type="stmt"/>
        <line num="116" count="80" type="stmt"/>
        <line num="119" count="80" type="cond" truecount="1" falsecount="2"/>
        <line num="120" count="0" type="stmt"/>
        <line num="123" count="0" type="cond" truecount="0" falsecount="2"/>
        <line num="124" count="0" type="stmt"/>
        <line num="130" count="80" type="stmt"/>
        <line num="136" count="0" type="stmt"/>
        <line num="151" count="0" type="stmt"/>
      </file>
    </package>
  </project>
</coverage>
