<?xml version="1.0" encoding="UTF-8"?>
<coverage generated="1771293545349" clover="3.2.0">
  <project timestamp="1771293545349" name="All files">
    <metrics statements="950" coveredstatements="584" conditionals="760" coveredconditionals="370" methods="100" coveredmethods="70" elements="1810" coveredelements="1024" complexity="0" loc="950" ncloc="950" packages="3" files="5" classes="5"/>
    <package name="src">
      <metrics statements="877" coveredstatements="537" conditionals="715" coveredconditionals="349" methods="89" coveredmethods="64"/>
      <file name="case-conversion.ts" path="/home/john/json-schema-x-graphql/converters/node/src/case-conversion.ts">
        <metrics statements="14" coveredstatements="12" conditionals="5" coveredconditionals="5" methods="8" coveredmethods="6"/>
        <line num="8" count="6" type="stmt"/>
        <line num="9" count="5" type="stmt"/>
        <line num="18" count="6" type="stmt"/>
        <line num="19" count="9" type="stmt"/>
        <line num="25" count="6" type="stmt"/>
        <line num="29" count="8" type="cond" truecount="2" falsecount="0"/>
        <line num="30" count="2" type="stmt"/>
        <line num="31" count="7" type="cond" truecount="3" falsecount="0"/>
        <line num="32" count="2" type="stmt"/>
        <line num="33" count="5" type="stmt"/>
        <line num="39" count="5" type="stmt"/>
        <line num="45" count="6" type="stmt"/>
        <line num="49" count="0" type="stmt"/>
        <line num="51" count="0" type="stmt"/>
      </file>
      <file name="converter.ts" path="/home/john/json-schema-x-graphql/converters/node/src/converter.ts">
        <metrics statements="682" coveredstatements="392" conditionals="593" coveredconditionals="274" methods="64" coveredmethods="42"/>
        <line num="21" count="6" type="stmt"/>
        <line num="36" count="6" type="stmt"/>
        <line num="37" count="6" type="stmt"/>
        <line num="42" count="6" type="stmt"/>
        <line num="57" count="0" type="stmt"/>
        <line num="59" count="0" type="stmt"/>
        <line num="60" count="0" type="stmt"/>
        <line num="68" count="810" type="cond" truecount="0" falsecount="1"/>
        <line num="71" count="810" type="cond" truecount="1" falsecount="0"/>
        <line num="76" count="10" type="stmt"/>
        <line num="82" count="810" type="cond" truecount="0" falsecount="1"/>
        <line num="83" count="0" type="stmt"/>
        <line num="89" count="810" type="cond" truecount="1" falsecount="0"/>
        <line num="91" count="11" type="cond" truecount="2" falsecount="0"/>
        <line num="92" count="3" type="stmt"/>
        <line num="93" count="3" type="cond" truecount="2" falsecount="0"/>
        <line num="96" count="1" type="stmt"/>
        <line num="99" count="8" type="stmt"/>
        <line num="104" count="801" type="cond" truecount="1" falsecount="0"/>
        <line num="105" count="801" type="stmt"/>
        <line num="106" count="6355" type="cond" truecount="1" falsecount="0"/>
        <line num="107" count="24" type="stmt"/>
        <line num="113" count="777" type="cond" truecount="0" falsecount="1"/>
        <line num="115" count="0" type="stmt"/>
        <line num="117" count="0" type="stmt"/>
        <line num="120" count="777" type="stmt"/>
        <line num="125" count="6" type="stmt"/>
        <line num="130" count="60" type="cond" truecount="2" falsecount="0"/>
        <line num="134" count="60" type="stmt"/>
        <line num="136" count="60" type="cond" truecount="1" falsecount="1"/>
        <line num="139" count="60" type="stmt"/>
        <line num="143" count="60" type="stmt"/>
        <line num="154" count="60" type="stmt"/>
        <line num="156" count="60" type="cond" truecount="2" falsecount="0"/>
        <line num="157" count="60" type="cond" truecount="1" falsecount="0"/>
        <line num="158" count="55" type="cond" truecount="1" falsecount="1"/>
        <line num="160" count="0" type="stmt"/>
        <line num="163" count="55" type="stmt"/>
        <line num="165" count="55" type="stmt"/>
        <line num="166" count="354" type="cond" truecount="1" falsecount="1"/>
        <line num="167" count="354" type="stmt"/>
        <line num="168" count="354" type="stmt"/>
        <line num="169" count="354" type="stmt"/>
        <line num="170" count="0" type="stmt"/>
        <line num="171" count="0" type="stmt"/>
        <line num="173" count="354" type="stmt"/>
        <line num="175" count="354" type="stmt"/>
        <line num="176" count="354" type="stmt"/>
        <line num="180" count="55" type="stmt"/>
        <line num="182" count="354" type="cond" truecount="1" falsecount="1"/>
        <line num="185" count="354" type="cond" truecount="1" falsecount="0"/>
        <line num="186" count="1" type="stmt"/>
        <line num="191" count="354" type="cond" truecount="3" falsecount="0"/>
        <line num="192" count="326" type="stmt"/>
        <line num="197" count="60" type="cond" truecount="2" falsecount="0"/>
        <line num="198" count="60" type="cond" truecount="3" falsecount="0"/>
        <line num="199" count="60" type="stmt"/>
        <line num="202" count="60" type="stmt"/>
        <line num="203" count="60" type="stmt"/>
        <line num="205" count="60" type="stmt"/>
        <line num="212" count="60" type="cond" truecount="1" falsecount="0"/>
        <line num="213" count="1" type="stmt"/>
        <line num="216" count="59" type="stmt"/>
        <line num="219" count="6" type="stmt"/>
        <line num="223" count="1" type="stmt"/>
        <line num="225" count="1" type="stmt"/>
        <line num="227" count="1" type="stmt"/>
        <line num="230" count="1" type="stmt"/>
        <line num="231" count="1" type="stmt"/>
        <line num="236" count="1" type="stmt"/>
        <line num="237" count="1" type="cond" truecount="1" falsecount="1"/>
        <line num="241" count="1" type="stmt"/>
        <line num="242" count="1" type="cond" truecount="4" falsecount="0"/>
        <line num="243" count="1" type="stmt"/>
        <line num="252" count="1" type="cond" truecount="0" falsecount="1"/>
        <line num="253" count="1" type="cond" truecount="0" falsecount="1"/>
        <line num="254" count="0" type="cond" truecount="0" falsecount="2"/>
        <line num="255" count="0" type="stmt"/>
        <line num="256" count="0" type="cond" truecount="0" falsecount="1"/>
        <line num="257" count="0" type="stmt"/>
        <line num="265" count="0" type="cond" truecount="0" falsecount="2"/>
        <line num="266" count="0" type="stmt"/>
        <line num="267" count="0" type="cond" truecount="0" falsecount="1"/>
        <line num="268" count="0" type="stmt"/>
        <line num="276" count="0" type="cond" truecount="0" falsecount="1"/>
        <line num="277" count="0" type="stmt"/>
        <line num="278" count="0" type="cond" truecount="0" falsecount="1"/>
        <line num="282" count="0" type="stmt"/>
        <line num="293" count="1" type="stmt"/>
        <line num="294" count="1" type="stmt"/>
        <line num="295" count="1" type="stmt"/>
        <line num="296" count="1" type="cond" truecount="1" falsecount="1"/>
        <line num="297" count="1" type="cond" truecount="1" falsecount="0"/>
        <line num="302" count="1" type="stmt"/>
        <line num="303" count="1" type="stmt"/>
        <line num="308" count="1" type="stmt"/>
        <line num="309" count="1" type="cond" truecount="1" falsecount="1"/>
        <line num="314" count="1" type="stmt"/>
        <line num="315" count="1" type="stmt"/>
        <line num="316" count="1" type="cond" truecount="0" falsecount="1"/>
        <line num="317" count="0" type="stmt"/>
        <line num="326" count="1" type="stmt"/>
        <line num="332" count="1" type="cond" truecount="0" falsecount="1"/>
        <line num="333" count="0" type="stmt"/>
        <line num="336" count="1" type="stmt"/>
        <line num="339" count="0" type="stmt"/>
        <line num="359" count="1" type="stmt"/>
        <line num="363" count="1" type="cond" truecount="1" falsecount="2"/>
        <line num="364" count="0" type="stmt"/>
        <line num="367" count="1" type="stmt"/>
        <line num="369" count="1" type="cond" truecount="3" falsecount="0"/>
        <line num="370" count="1" type="stmt"/>
        <line num="371" count="1" type="stmt"/>
        <line num="375" count="1" type="cond" truecount="0" falsecount="1"/>
        <line num="376" count="0" type="stmt"/>
        <line num="377" count="0" type="cond" truecount="0" falsecount="2"/>
        <line num="378" count="0" type="cond" truecount="0" falsecount="1"/>
        <line num="379" count="0" type="stmt"/>
        <line num="381" count="0" type="stmt"/>
        <line num="384" count="1" type="cond" truecount="0" falsecount="1"/>
        <line num="385" count="0" type="cond" truecount="0" falsecount="2"/>
        <line num="388" count="0" type="stmt"/>
        <line num="391" count="1" type="cond" truecount="0" falsecount="1"/>
        <line num="392" count="0" type="stmt"/>
        <line num="393" count="0" type="stmt"/>
        <line num="394" count="0" type="stmt"/>
        <line num="398" count="1" type="stmt"/>
        <line num="399" count="1" type="stmt"/>
        <line num="401" count="1" type="cond" truecount="1" falsecount="1"/>
        <line num="402" count="2" type="stmt"/>
        <line num="403" count="2" type="cond" truecount="0" falsecount="1"/>
        <line num="405" count="2" type="stmt"/>
        <line num="410" count="2" type="stmt"/>
        <line num="413" count="2" type="cond" truecount="1" falsecount="0"/>
        <line num="414" count="2" type="stmt"/>
        <line num="418" count="1" type="cond" truecount="1" falsecount="0"/>
        <line num="419" count="1" type="stmt"/>
        <line num="422" count="1" type="stmt"/>
        <line num="430" count="2" type="stmt"/>
        <line num="437" count="2" type="cond" truecount="1" falsecount="2"/>
        <line num="438" count="0" type="stmt"/>
        <line num="441" count="2" type="cond" truecount="3" falsecount="0"/>
        <line num="442" count="1" type="stmt"/>
        <line num="443" count="1" type="stmt"/>
        <line num="447" count="2" type="stmt"/>
        <line num="455" count="2" type="stmt"/>
        <line num="458" count="2" type="stmt"/>
        <line num="459" count="2" type="cond" truecount="1" falsecount="0"/>
        <line num="460" count="2" type="stmt"/>
        <line num="464" count="2" type="cond" truecount="0" falsecount="1"/>
        <line num="465" count="0" type="stmt"/>
        <line num="476" count="2" type="cond" truecount="1" falsecount="0"/>
        <line num="477" count="2" type="stmt"/>
        <line num="480" count="2" type="cond" truecount="1" falsecount="1"/>
        <line num="481" count="2" type="stmt"/>
        <line num="482" count="0" type="cond" truecount="0" falsecount="2"/>
        <line num="483" count="0" type="stmt"/>
        <line num="484" count="0" type="cond" truecount="0" falsecount="2"/>
        <line num="485" count="0" type="stmt"/>
        <line num="486" count="0" type="cond" truecount="0" falsecount="2"/>
        <line num="487" count="0" type="stmt"/>
        <line num="488" count="0" type="cond" truecount="0" falsecount="1"/>
        <line num="489" count="0" type="stmt"/>
        <line num="493" count="0" type="cond" truecount="0" falsecount="1"/>
        <line num="494" count="0" type="stmt"/>
        <line num="498" count="0" type="stmt"/>
        <line num="501" count="0" type="stmt"/>
        <line num="508" count="0" type="stmt"/>
        <line num="515" count="0" type="stmt"/>
        <line num="516" count="0" type="stmt"/>
        <line num="517" count="0" type="stmt"/>
        <line num="519" count="0" type="stmt"/>
        <line num="520" count="0" type="stmt"/>
        <line num="521" count="0" type="cond" truecount="0" falsecount="3"/>
        <line num="523" count="0" type="cond" truecount="0" falsecount="1"/>
        <line num="524" count="0" type="stmt"/>
        <line num="525" count="0" type="stmt"/>
        <line num="528" count="0" type="cond" truecount="0" falsecount="3"/>
        <line num="529" count="0" type="stmt"/>
        <line num="530" count="0" type="stmt"/>
        <line num="533" count="0" type="cond" truecount="0" falsecount="1"/>
        <line num="538" count="0" type="stmt"/>
        <line num="539" count="0" type="stmt"/>
        <line num="540" count="0" type="cond" truecount="0" falsecount="1"/>
        <line num="541" count="0" type="stmt"/>
        <line num="542" count="0" type="stmt"/>
        <line num="544" count="0" type="stmt"/>
        <line num="547" count="0" type="cond" truecount="0" falsecount="1"/>
        <line num="548" count="0" type="stmt"/>
        <line num="549" count="0" type="stmt"/>
        <line num="552" count="0" type="cond" truecount="0" falsecount="3"/>
        <line num="553" count="0" type="stmt"/>
        <line num="555" count="0" type="stmt"/>
        <line num="556" count="0" type="stmt"/>
        <line num="557" count="0" type="cond" truecount="0" falsecount="1"/>
        <line num="558" count="0" type="stmt"/>
        <line num="559" count="0" type="stmt"/>
        <line num="561" count="0" type="stmt"/>
        <line num="562" count="0" type="cond" truecount="0" falsecount="1"/>
        <line num="563" count="0" type="stmt"/>
        <line num="568" count="0" type="stmt"/>
        <line num="578" count="391" type="cond" truecount="0" falsecount="1"/>
        <line num="579" count="391" type="cond" truecount="0" falsecount="1"/>
        <line num="580" count="391" type="cond" truecount="1" falsecount="0"/>
        <line num="583" count="389" type="cond" truecount="1" falsecount="0"/>
        <line num="585" count="369" type="cond" truecount="0" falsecount="1"/>
        <line num="586" count="0" type="stmt"/>
        <line num="592" count="369" type="stmt"/>
        <line num="593" count="369" type="stmt"/>
        <line num="594" count="369" type="stmt"/>
        <line num="597" count="369" type="cond" truecount="0" falsecount="1"/>
        <line num="599" count="0" type="cond" truecount="0" falsecount="2"/>
        <line num="602" count="0" type="stmt"/>
        <line num="605" count="369" type="cond" truecount="4" falsecount="0"/>
        <line num="606" count="32" type="stmt"/>
        <line num="607" count="32" type="cond" truecount="1" falsecount="0"/>
        <line num="608" count="337" type="cond" truecount="4" falsecount="0"/>
        <line num="609" count="24" type="stmt"/>
        <line num="610" count="24" type="cond" truecount="1" falsecount="0"/>
        <line num="611" count="313" type="cond" truecount="5" falsecount="0"/>
        <line num="612" count="298" type="stmt"/>
        <line num="613" count="298" type="cond" truecount="1" falsecount="0"/>
        <line num="614" count="15" type="cond" truecount="0" falsecount="1"/>
        <line num="615" count="0" type="stmt"/>
        <line num="618" count="369" type="stmt"/>
        <line num="619" count="369" type="stmt"/>
        <line num="620" count="369" type="stmt"/>
        <line num="628" count="32" type="stmt"/>
        <line num="629" count="32" type="cond" truecount="2" falsecount="1"/>
        <line num="630" count="0" type="stmt"/>
        <line num="633" count="32" type="stmt"/>
        <line num="634" count="32" type="stmt"/>
        <line num="635" count="32" type="stmt"/>
        <line num="637" count="32" type="cond" truecount="1" falsecount="1"/>
        <line num="638" count="0" type="cond" truecount="0" falsecount="2"/>
        <line num="639" count="0" type="stmt"/>
        <line num="640" count="0" type="cond" truecount="0" falsecount="1"/>
        <line num="641" count="0" type="stmt"/>
        <line num="642" count="0" type="cond" truecount="0" falsecount="1"/>
        <line num="643" count="0" type="stmt"/>
        <line num="645" count="0" type="stmt"/>
        <line num="649" count="32" type="cond" truecount="1" falsecount="1"/>
        <line num="652" count="32" type="stmt"/>
        <line num="653" count="96" type="cond" truecount="2" falsecount="2"/>
        <line num="654" count="0" type="cond" truecount="0" falsecount="2"/>
        <line num="655" count="0" type="cond" truecount="0" falsecount="1"/>
        <line num="656" count="0" type="cond" truecount="0" falsecount="3"/>
        <line num="657" count="0" type="stmt"/>
        <line num="659" count="0" type="stmt"/>
        <line num="661" count="96" type="stmt"/>
        <line num="668" count="32" type="stmt"/>
        <line num="669" count="32" type="stmt"/>
        <line num="677" count="24" type="stmt"/>
        <line num="679" count="24" type="stmt"/>
        <line num="680" count="24" type="cond" truecount="1" falsecount="0"/>
        <line num="681" count="54" type="stmt"/>
        <line num="684" count="24" type="cond" truecount="1" falsecount="0"/>
        <line num="685" count="24" type="stmt"/>
        <line num="686" count="54" type="cond" truecount="1" falsecount="1"/>
        <line num="687" count="54" type="stmt"/>
        <line num="688" count="54" type="cond" truecount="1" falsecount="0"/>
        <line num="690" count="0" type="stmt"/>
        <line num="691" count="0" type="cond" truecount="0" falsecount="1"/>
        <line num="692" count="0" type="stmt"/>
        <line num="693" count="0" type="stmt"/>
        <line num="699" count="24" type="cond" truecount="0" falsecount="1"/>
        <line num="700" count="0" type="stmt"/>
        <line num="707" count="24" type="cond" truecount="4" falsecount="0"/>
        <line num="711" count="24" type="stmt"/>
        <line num="721" count="298" type="stmt"/>
        <line num="722" count="298" type="stmt"/>
        <line num="724" count="298" type="cond" truecount="2" falsecount="0"/>
        <line num="725" count="298" type="cond" truecount="1" falsecount="1"/>
        <line num="727" count="0" type="stmt"/>
        <line num="729" count="298" type="cond" truecount="2" falsecount="0"/>
        <line num="731" count="298" type="stmt"/>
        <line num="732" count="1383" type="stmt"/>
        <line num="738" count="1383" type="cond" truecount="1" falsecount="0"/>
        <line num="739" count="1331" type="stmt"/>
        <line num="746" count="298" type="cond" truecount="3" falsecount="0"/>
        <line num="748" count="265" type="stmt"/>
        <line num="749" count="265" type="cond" truecount="3" falsecount="0"/>
        <line num="750" count="106" type="stmt"/>
        <line num="753" count="265" type="stmt"/>
        <line num="754" count="265" type="cond" truecount="2" falsecount="0"/>
        <line num="756" count="265" type="cond" truecount="2" falsecount="0"/>
        <line num="757" count="265" type="stmt"/>
        <line num="766" count="265" type="stmt"/>
        <line num="767" count="265" type="stmt"/>
        <line num="768" count="265" type="stmt"/>
        <line num="769" count="265" type="stmt"/>
        <line num="773" count="2045" type="stmt"/>
        <line num="774" count="955" type="cond" truecount="1" falsecount="1"/>
        <line num="775" count="10" type="stmt"/>
        <line num="784" count="1383" type="stmt"/>
        <line num="786" count="1383" type="cond" truecount="4" falsecount="0"/>
        <line num="791" count="1383" type="cond" truecount="2" falsecount="0"/>
        <line num="795" count="1383" type="stmt"/>
        <line num="796" count="1383" type="stmt"/>
        <line num="799" count="1383" type="cond" truecount="1" falsecount="0"/>
        <line num="800" count="52" type="stmt"/>
        <line num="804" count="1331" type="stmt"/>
        <line num="805" count="1331" type="stmt"/>
        <line num="807" count="1331" type="stmt"/>
        <line num="808" count="1331" type="cond" truecount="2" falsecount="0"/>
        <line num="809" count="401" type="stmt"/>
        <line num="810" count="930" type="cond" truecount="1" falsecount="0"/>
        <line num="811" count="96" type="stmt"/>
        <line num="814" count="1331" type="stmt"/>
        <line num="822" count="1331" type="stmt"/>
        <line num="823" count="1331" type="cond" truecount="0" falsecount="1"/>
        <line num="824" count="0" type="cond" truecount="0" falsecount="2"/>
        <line num="826" count="1331" type="cond" truecount="0" falsecount="1"/>
        <line num="828" count="1331" type="stmt"/>
        <line num="829" count="1331" type="stmt"/>
        <line num="841" count="1389" type="stmt"/>
        <line num="842" count="1389" type="cond" truecount="0" falsecount="1"/>
        <line num="843" count="0" type="cond" truecount="0" falsecount="2"/>
        <line num="848" count="1389" type="cond" truecount="2" falsecount="0"/>
        <line num="853" count="1389" type="cond" truecount="1" falsecount="0"/>
        <line num="854" count="414" type="stmt"/>
        <line num="857" count="975" type="cond" truecount="0" falsecount="1"/>
        <line num="858" count="0" type="stmt"/>
        <line num="864" count="975" type="cond" truecount="2" falsecount="0"/>
        <line num="865" count="975" type="cond" truecount="3" falsecount="0"/>
        <line num="866" count="73" type="stmt"/>
        <line num="869" count="902" type="cond" truecount="3" falsecount="1"/>
        <line num="870" count="0" type="stmt"/>
        <line num="873" count="902" type="cond" truecount="1" falsecount="0"/>
        <line num="874" count="78" type="stmt"/>
        <line num="875" count="78" type="stmt"/>
        <line num="877" count="78" type="cond" truecount="1" falsecount="1"/>
        <line num="878" count="78" type="stmt"/>
        <line num="881" count="824" type="cond" truecount="1" falsecount="1"/>
        <line num="883" count="824" type="cond" truecount="6" falsecount="2"/>
        <line num="885" count="703" type="stmt"/>
        <line num="887" count="35" type="stmt"/>
        <line num="889" count="17" type="stmt"/>
        <line num="894" count="8" type="stmt"/>
        <line num="896" count="0" type="stmt"/>
        <line num="898" count="58" type="cond" truecount="1" falsecount="1"/>
        <line num="900" count="58" type="stmt"/>
        <line num="902" count="58" type="cond" truecount="2" falsecount="0"/>
        <line num="903" count="58" type="stmt"/>
        <line num="910" count="58" type="stmt"/>
        <line num="913" count="3" type="cond" truecount="1" falsecount="1"/>
        <line num="915" count="3" type="cond" truecount="3" falsecount="0"/>
        <line num="918" count="3" type="cond" truecount="1" falsecount="1"/>
        <line num="920" count="3" type="cond" truecount="1" falsecount="1"/>
        <line num="926" count="3" type="cond" truecount="1" falsecount="7"/>
        <line num="934" count="3" type="cond" truecount="0" falsecount="1"/>
        <line num="935" count="0" type="stmt"/>
        <line num="938" count="3" type="stmt"/>
        <line num="942" count="3" type="cond" truecount="2" falsecount="1"/>
        <line num="943" count="0" type="stmt"/>
        <line num="950" count="3" type="cond" truecount="1" falsecount="0"/>
        <line num="951" count="3" type="stmt"/>
        <line num="952" count="3" type="stmt"/>
        <line num="954" count="0" type="stmt"/>
        <line num="957" count="0" type="stmt"/>
        <line num="965" count="132" type="stmt"/>
        <line num="967" count="132" type="cond" truecount="2" falsecount="1"/>
        <line num="968" count="0" type="stmt"/>
        <line num="971" count="132" type="stmt"/>
        <line num="972" count="132" type="cond" truecount="0" falsecount="1"/>
        <line num="973" count="0" type="stmt"/>
        <line num="976" count="132" type="cond" truecount="1" falsecount="0"/>
        <line num="977" count="130" type="stmt"/>
        <line num="980" count="2" type="stmt"/>
        <line num="981" count="2" type="stmt"/>
        <line num="982" count="2" type="cond" truecount="0" falsecount="1"/>
        <line num="983" count="0" type="stmt"/>
        <line num="986" count="2" type="stmt"/>
        <line num="987" count="2" type="stmt"/>
        <line num="995" count="132" type="cond" truecount="0" falsecount="1"/>
        <line num="998" count="0" type="cond" truecount="0" falsecount="2"/>
        <line num="999" count="0" type="stmt"/>
        <line num="1000" count="0" type="cond" truecount="0" falsecount="2"/>
        <line num="1001" count="0" type="cond" truecount="0" falsecount="2"/>
        <line num="1002" count="0" type="stmt"/>
        <line num="1005" count="0" type="cond" truecount="0" falsecount="1"/>
        <line num="1007" count="0" type="stmt"/>
        <line num="1008" count="0" type="stmt"/>
        <line num="1009" count="0" type="stmt"/>
        <line num="1010" count="0" type="stmt"/>
        <line num="1012" count="0" type="stmt"/>
        <line num="1014" count="0" type="stmt"/>
        <line num="1015" count="0" type="stmt"/>
        <line num="1019" count="0" type="stmt"/>
        <line num="1035" count="132" type="cond" truecount="0" falsecount="1"/>
        <line num="1036" count="0" type="stmt"/>
        <line num="1042" count="132" type="stmt"/>
        <line num="1044" count="132" type="stmt"/>
        <line num="1045" count="132" type="cond" truecount="0" falsecount="1"/>
        <line num="1046" count="0" type="stmt"/>
        <line num="1049" count="132" type="stmt"/>
        <line num="1050" count="132" type="stmt"/>
        <line num="1052" count="132" type="stmt"/>
        <line num="1053" count="266" type="cond" truecount="0" falsecount="1"/>
        <line num="1056" count="266" type="cond" truecount="3" falsecount="1"/>
        <line num="1057" count="0" type="stmt"/>
        <line num="1058" count="0" type="stmt"/>
        <line num="1062" count="266" type="stmt"/>
        <line num="1064" count="266" type="cond" truecount="4" falsecount="0"/>
        <line num="1066" count="1" type="stmt"/>
        <line num="1067" count="1" type="stmt"/>
        <line num="1070" count="1" type="cond" truecount="0" falsecount="1"/>
        <line num="1071" count="0" type="stmt"/>
        <line num="1072" count="0" type="stmt"/>
        <line num="1076" count="266" type="stmt"/>
        <line num="1078" count="266" type="cond" truecount="0" falsecount="1"/>
        <line num="1079" count="0" type="stmt"/>
        <line num="1086" count="132" type="stmt"/>
        <line num="1092" count="60" type="cond" truecount="1" falsecount="0"/>
        <line num="1094" count="12" type="stmt"/>
        <line num="1095" count="12" type="cond" truecount="2" falsecount="0"/>
        <line num="1098" count="12" type="stmt"/>
        <line num="1100" count="12" type="stmt"/>
        <line num="1101" count="12" type="stmt"/>
        <line num="1103" count="12" type="stmt"/>
        <line num="1104" count="26" type="cond" truecount="1" falsecount="0"/>
        <line num="1105" count="19" type="cond" truecount="0" falsecount="1"/>
        <line num="1106" count="19" type="cond" truecount="0" falsecount="1"/>
        <line num="1108" count="19" type="cond" truecount="1" falsecount="0"/>
        <line num="1109" count="10" type="stmt"/>
        <line num="1110" count="10" type="stmt"/>
        <line num="1112" count="19" type="stmt"/>
        <line num="1115" count="12" type="cond" truecount="1" falsecount="0"/>
        <line num="1121" count="10" type="stmt"/>
        <line num="1126" count="60" type="stmt"/>
        <line num="1127" count="60" type="cond" truecount="3" falsecount="0"/>
        <line num="1129" count="4" type="stmt"/>
        <line num="1130" count="4" type="stmt"/>
        <line num="1131" count="24" type="cond" truecount="3" falsecount="0"/>
        <line num="1132" count="24" type="stmt"/>
        <line num="1136" count="24" type="stmt"/>
        <line num="1141" count="60" type="stmt"/>
        <line num="1142" count="60" type="cond" truecount="1" falsecount="0"/>
        <line num="1144" count="4" type="cond" truecount="3" falsecount="1"/>
        <line num="1146" count="0" type="cond" truecount="0" falsecount="1"/>
        <line num="1147" count="0" type="stmt"/>
        <line num="1148" count="0" type="stmt"/>
        <line num="1149" count="0" type="cond" truecount="0" falsecount="3"/>
        <line num="1150" count="0" type="stmt"/>
        <line num="1154" count="0" type="stmt"/>
        <line num="1155" count="0" type="cond" truecount="0" falsecount="2"/>
        <line num="1156" count="0" type="stmt"/>
        <line num="1158" count="0" type="stmt"/>
        <line num="1159" count="0" type="stmt"/>
        <line num="1162" count="4" type="cond" truecount="2" falsecount="2"/>
        <line num="1163" count="0" type="stmt"/>
        <line num="1164" count="4" type="cond" truecount="0" falsecount="1"/>
        <line num="1165" count="0" type="stmt"/>
        <line num="1166" count="0" type="stmt"/>
        <line num="1167" count="0" type="cond" truecount="0" falsecount="3"/>
        <line num="1168" count="0" type="stmt"/>
        <line num="1172" count="0" type="stmt"/>
        <line num="1173" count="0" type="cond" truecount="0" falsecount="2"/>
        <line num="1174" count="0" type="stmt"/>
        <line num="1176" count="0" type="stmt"/>
        <line num="1177" count="0" type="stmt"/>
        <line num="1186" count="61" type="cond" truecount="2" falsecount="0"/>
        <line num="1187" count="61" type="cond" truecount="2" falsecount="0"/>
        <line num="1188" count="61" type="cond" truecount="2" falsecount="0"/>
        <line num="1189" count="61" type="cond" truecount="2" falsecount="0"/>
        <line num="1190" count="61" type="cond" truecount="2" falsecount="0"/>
        <line num="1191" count="61" type="cond" truecount="2" falsecount="0"/>
        <line num="1193" count="61" type="cond" truecount="1" falsecount="1"/>
        <line num="1198" count="61" type="cond" truecount="2" falsecount="0"/>
        <line num="1199" count="61" type="cond" truecount="2" falsecount="0"/>
        <line num="1201" count="61" type="cond" truecount="2" falsecount="0"/>
        <line num="1202" count="61" type="cond" truecount="2" falsecount="0"/>
        <line num="1203" count="61" type="cond" truecount="2" falsecount="0"/>
        <line num="1205" count="61" type="stmt"/>
        <line num="1210" count="61" type="cond" truecount="2" falsecount="0"/>
        <line num="1211" count="61" type="stmt"/>
        <line num="1213" count="61" type="cond" truecount="2" falsecount="0"/>
        <line num="1214" count="61" type="cond" truecount="2" falsecount="0"/>
        <line num="1215" count="61" type="cond" truecount="2" falsecount="0"/>
        <line num="1216" count="61" type="cond" truecount="2" falsecount="0"/>
        <line num="1218" count="61" type="cond" truecount="2" falsecount="0"/>
        <line num="1228" count="61" type="cond" truecount="2" falsecount="0"/>
        <line num="1230" count="61" type="stmt"/>
        <line num="1255" count="0" type="stmt"/>
        <line num="1257" count="0" type="stmt"/>
        <line num="1258" count="0" type="stmt"/>
        <line num="1259" count="0" type="cond" truecount="0" falsecount="3"/>
        <line num="1261" count="0" type="cond" truecount="0" falsecount="1"/>
        <line num="1269" count="0" type="stmt"/>
        <line num="1272" count="0" type="stmt"/>
        <line num="1273" count="0" type="cond" truecount="0" falsecount="1"/>
        <line num="1274" count="0" type="stmt"/>
        <line num="1275" count="0" type="stmt"/>
        <line num="1276" count="0" type="cond" truecount="0" falsecount="1"/>
        <line num="1282" count="0" type="stmt"/>
        <line num="1287" count="0" type="cond" truecount="0" falsecount="1"/>
        <line num="1288" count="0" type="stmt"/>
        <line num="1290" count="0" type="cond" truecount="0" falsecount="3"/>
        <line num="1291" count="0" type="stmt"/>
        <line num="1293" count="0" type="cond" truecount="0" falsecount="1"/>
        <line num="1294" count="0" type="cond" truecount="0" falsecount="1"/>
        <line num="1295" count="0" type="cond" truecount="0" falsecount="1"/>
        <line num="1296" count="0" type="cond" truecount="0" falsecount="1"/>
        <line num="1297" count="0" type="cond" truecount="0" falsecount="1"/>
        <line num="1300" count="0" type="stmt"/>
        <line num="1303" count="6" type="stmt"/>
        <line num="1305" count="0" type="stmt"/>
        <line num="1307" count="0" type="cond" truecount="0" falsecount="2"/>
        <line num="1310" count="0" type="cond" truecount="0" falsecount="2"/>
        <line num="1311" count="0" type="stmt"/>
        <line num="1313" count="0" type="cond" truecount="0" falsecount="2"/>
        <line num="1316" count="0" type="stmt"/>
        <line num="1321" count="0" type="stmt"/>
        <line num="1323" count="0" type="stmt"/>
        <line num="1324" count="0" type="cond" truecount="0" falsecount="1"/>
        <line num="1325" count="0" type="cond" truecount="0" falsecount="2"/>
        <line num="1326" count="0" type="stmt"/>
        <line num="1328" count="0" type="stmt"/>
        <line num="1329" count="0" type="stmt"/>
        <line num="1333" count="0" type="stmt"/>
        <line num="1334" count="0" type="stmt"/>
        <line num="1335" count="0" type="stmt"/>
        <line num="1337" count="0" type="stmt"/>
        <line num="1338" count="0" type="stmt"/>
        <line num="1341" count="0" type="cond" truecount="0" falsecount="3"/>
        <line num="1344" count="0" type="stmt"/>
        <line num="1352" count="0" type="stmt"/>
        <line num="1360" count="0" type="stmt"/>
        <line num="1379" count="419" type="cond" truecount="1" falsecount="1"/>
        <line num="1383" count="419" type="stmt"/>
        <line num="1384" count="419" type="stmt"/>
        <line num="1386" count="0" type="stmt"/>
        <line num="1390" count="419" type="cond" truecount="1" falsecount="1"/>
        <line num="1392" count="419" type="stmt"/>
        <line num="1393" count="419" type="cond" truecount="3" falsecount="0"/>
        <line num="1394" count="329" type="stmt"/>
        <line num="1397" count="90" type="stmt"/>
        <line num="1398" count="90" type="cond" truecount="1" falsecount="2"/>
        <line num="1401" count="0" type="cond" truecount="0" falsecount="1"/>
        <line num="1402" count="0" type="stmt"/>
        <line num="1405" count="90" type="cond" truecount="0" falsecount="1"/>
        <line num="1411" count="0" type="stmt"/>
        <line num="1414" count="90" type="cond" truecount="1" falsecount="0"/>
        <line num="1415" count="41" type="stmt"/>
        <line num="1418" count="49" type="cond" truecount="1" falsecount="0"/>
        <line num="1419" count="0" type="stmt"/>
        <line num="1430" count="0" type="stmt"/>
        <line num="1431" count="0" type="cond" truecount="0" falsecount="1"/>
        <line num="1432" count="0" type="stmt"/>
        <line num="1433" count="0" type="stmt"/>
        <line num="1434" count="0" type="stmt"/>
        <line num="1438" count="0" type="stmt"/>
        <line num="1439" count="0" type="stmt"/>
        <line num="1441" count="0" type="stmt"/>
        <line num="1448" count="90" type="cond" truecount="0" falsecount="1"/>
        <line num="1449" count="0" type="stmt"/>
        <line num="1450" count="0" type="cond" truecount="0" falsecount="1"/>
        <line num="1451" count="0" type="stmt"/>
        <line num="1453" count="90" type="stmt"/>
        <line num="1466" count="1383" type="cond" truecount="1" falsecount="1"/>
        <line num="1467" count="0" type="stmt"/>
        <line num="1470" count="1383" type="stmt"/>
        <line num="1473" count="1383" type="stmt"/>
        <line num="1474" count="1383" type="cond" truecount="1" falsecount="1"/>
        <line num="1478" count="0" type="cond" truecount="0" falsecount="1"/>
        <line num="1479" count="0" type="stmt"/>
        <line num="1483" count="80" type="stmt"/>
        <line num="1484" count="80" type="cond" truecount="1" falsecount="1"/>
        <line num="1488" count="346" type="stmt"/>
        <line num="1492" count="267" type="cond" truecount="0" falsecount="1"/>
        <line num="1493" count="0" type="stmt"/>
        <line num="1494" count="0" type="cond" truecount="0" falsecount="1"/>
        <line num="1495" count="0" type="stmt"/>
        <line num="1497" count="267" type="stmt"/>
        <line num="1504" count="132" type="cond" truecount="2" falsecount="1"/>
        <line num="1505" count="0" type="stmt"/>
        <line num="1509" count="132" type="cond" truecount="1" falsecount="1"/>
        <line num="1513" count="132" type="cond" truecount="0" falsecount="1"/>
        <line num="1514" count="0" type="cond" truecount="0" falsecount="3"/>
        <line num="1519" count="0" type="stmt"/>
        <line num="1522" count="132" type="cond" truecount="0" falsecount="1"/>
        <line num="1523" count="0" type="stmt"/>
        <line num="1524" count="0" type="cond" truecount="0" falsecount="1"/>
        <line num="1525" count="0" type="stmt"/>
        <line num="1528" count="132" type="cond" truecount="1" falsecount="1"/>
        <line num="1534" count="132" type="cond" truecount="1" falsecount="5"/>
        <line num="1536" count="0" type="stmt"/>
        <line num="1538" count="0" type="stmt"/>
        <line num="1540" count="0" type="cond" truecount="0" falsecount="2"/>
        <line num="1542" count="0" type="stmt"/>
        <line num="1544" count="0" type="cond" truecount="0" falsecount="2"/>
        <line num="1545" count="0" type="cond" truecount="0" falsecount="2"/>
        <line num="1548" count="132" type="stmt"/>
        <line num="1553" count="703" type="cond" truecount="7" falsecount="1"/>
        <line num="1555" count="56" type="cond" truecount="1" falsecount="0"/>
        <line num="1556" count="56" type="stmt"/>
        <line num="1558" count="5" type="cond" truecount="1" falsecount="0"/>
        <line num="1559" count="5" type="stmt"/>
        <line num="1561" count="1" type="cond" truecount="1" falsecount="0"/>
        <line num="1562" count="1" type="stmt"/>
        <line num="1564" count="14" type="cond" truecount="1" falsecount="0"/>
        <line num="1565" count="14" type="stmt"/>
        <line num="1567" count="0" type="stmt"/>
        <line num="1570" count="16" type="cond" truecount="1" falsecount="0"/>
        <line num="1571" count="16" type="stmt"/>
        <line num="1573" count="611" type="stmt"/>
        <line num="1578" count="1389" type="cond" truecount="0" falsecount="3"/>
        <line num="1579" count="1389" type="cond" truecount="3" falsecount="0"/>
        <line num="1580" count="470" type="stmt"/>
        <line num="1582" count="919" type="stmt"/>
        <line num="1586" count="1331" type="cond" truecount="2" falsecount="0"/>
        <line num="1595" count="1331" type="stmt"/>
        <line num="1596" count="1331" type="cond" truecount="1" falsecount="0"/>
        <line num="1597" count="0" type="cond" truecount="0" falsecount="1"/>
        <line num="1599" count="0" type="stmt"/>
        <line num="1600" count="0" type="cond" truecount="0" falsecount="1"/>
        <line num="1601" count="0" type="stmt"/>
        <line num="1607" count="0" type="stmt"/>
        <line num="1618" count="265" type="stmt"/>
        <line num="1621" count="265" type="cond" truecount="2" falsecount="0"/>
        <line num="1622" count="265" type="cond" truecount="1" falsecount="0"/>
        <line num="1623" count="70" type="stmt"/>
        <line num="1626" count="265" type="cond" truecount="0" falsecount="1"/>
        <line num="1627" count="0" type="stmt"/>
        <line num="1628" count="0" type="cond" truecount="0" falsecount="1"/>
        <line num="1629" count="0" type="stmt"/>
        <line num="1630" count="0" type="cond" truecount="0" falsecount="1"/>
        <line num="1635" count="265" type="stmt"/>
        <line num="1642" count="485" type="cond" truecount="1" falsecount="1"/>
        <line num="1644" count="485" type="cond" truecount="2" falsecount="0"/>
        <line num="1645" count="485" type="cond" truecount="1" falsecount="0"/>
        <line num="1646" count="16" type="stmt"/>
        <line num="1648" count="469" type="stmt"/>
        <line num="1655" count="1652" type="stmt"/>
        <line num="1656" count="1652" type="stmt"/>
        <line num="1660" count="0" type="stmt"/>
        <line num="1671" count="1383" type="stmt"/>
        <line num="1672" count="1383" type="cond" truecount="1" falsecount="0"/>
        <line num="1674" count="0" type="stmt"/>
        <line num="1676" count="0" type="cond" truecount="0" falsecount="2"/>
        <line num="1680" count="0" type="cond" truecount="0" falsecount="2"/>
        <line num="1682" count="0" type="cond" truecount="0" falsecount="2"/>
        <line num="1683" count="0" type="stmt"/>
        <line num="1686" count="0" type="cond" truecount="0" falsecount="2"/>
        <line num="1692" count="0" type="cond" truecount="0" falsecount="1"/>
        <line num="1693" count="0" type="stmt"/>
        <line num="1695" count="0" type="cond" truecount="0" falsecount="2"/>
        <line num="1699" count="0" type="cond" truecount="0" falsecount="2"/>
        <line num="1701" count="0" type="cond" truecount="0" falsecount="2"/>
        <line num="1702" count="0" type="stmt"/>
        <line num="1704" count="0" type="cond" truecount="0" falsecount="2"/>
        <line num="1714" count="0" type="cond" truecount="0" falsecount="1"/>
        <line num="1715" count="0" type="stmt"/>
        <line num="1718" count="0" type="stmt"/>
        <line num="1719" count="0" type="stmt"/>
        <line num="1721" count="0" type="cond" truecount="0" falsecount="1"/>
        <line num="1722" count="0" type="stmt"/>
        <line num="1725" count="0" type="cond" truecount="0" falsecount="3"/>
        <line num="1726" count="0" type="stmt"/>
        <line num="1727" count="0" type="stmt"/>
        <line num="1728" count="0" type="stmt"/>
        <line num="1729" count="0" type="stmt"/>
        <line num="1732" count="0" type="cond" truecount="0" falsecount="9"/>
        <line num="1734" count="0" type="stmt"/>
        <line num="1735" count="0" type="stmt"/>
        <line num="1738" count="0" type="stmt"/>
        <line num="1739" count="0" type="stmt"/>
        <line num="1741" count="0" type="stmt"/>
        <line num="1742" count="0" type="stmt"/>
        <line num="1744" count="0" type="stmt"/>
        <line num="1745" count="0" type="stmt"/>
        <line num="1746" count="0" type="stmt"/>
        <line num="1750" count="0" type="stmt"/>
        <line num="1751" count="0" type="stmt"/>
        <line num="1752" count="0" type="stmt"/>
        <line num="1753" count="0" type="stmt"/>
        <line num="1755" count="0" type="stmt"/>
        <line num="1756" count="0" type="stmt"/>
        <line num="1759" count="0" type="stmt"/>
        <line num="1763" count="245" type="stmt"/>
        <line num="1768" count="247" type="stmt"/>
        <line num="1774" count="0" type="stmt"/>
      </file>
      <file name="x-graphql-extensions.ts" path="/home/john/json-schema-x-graphql/converters/node/src/x-graphql-extensions.ts">
        <metrics statements="181" coveredstatements="133" conditionals="117" coveredconditionals="70" methods="17" coveredmethods="16"/>
        <line num="102" count="1" type="stmt"/>
        <line num="105" count="12" type="stmt"/>
        <line num="107" count="12" type="stmt"/>
        <line num="108" count="25" type="cond" truecount="1" falsecount="0"/>
        <line num="109" count="3" type="stmt"/>
        <line num="112" count="22" type="stmt"/>
        <line num="114" count="22" type="cond" truecount="21" falsecount="18"/>
        <line num="117" count="2" type="stmt"/>
        <line num="118" count="2" type="stmt"/>
        <line num="120" count="1" type="stmt"/>
        <line num="121" count="1" type="stmt"/>
        <line num="123" count="0" type="cond" truecount="0" falsecount="1"/>
        <line num="124" count="0" type="stmt"/>
        <line num="126" count="0" type="stmt"/>
        <line num="129" count="1" type="cond" truecount="1" falsecount="1"/>
        <line num="132" count="1" type="stmt"/>
        <line num="134" count="1" type="cond" truecount="1" falsecount="1"/>
        <line num="137" count="1" type="stmt"/>
        <line num="139" count="0" type="cond" truecount="0" falsecount="3"/>
        <line num="140" count="0" type="stmt"/>
        <line num="141" count="0" type="cond" truecount="0" falsecount="1"/>
        <line num="142" count="0" type="cond" truecount="0" falsecount="2"/>
        <line num="147" count="0" type="stmt"/>
        <line num="150" count="0" type="stmt"/>
        <line num="152" count="0" type="stmt"/>
        <line num="156" count="1" type="stmt"/>
        <line num="157" count="1" type="stmt"/>
        <line num="159" count="1" type="stmt"/>
        <line num="160" count="1" type="stmt"/>
        <line num="162" count="1" type="stmt"/>
        <line num="163" count="1" type="stmt"/>
        <line num="165" count="1" type="stmt"/>
        <line num="166" count="1" type="stmt"/>
        <line num="168" count="0" type="stmt"/>
        <line num="170" count="0" type="stmt"/>
        <line num="173" count="0" type="stmt"/>
        <line num="174" count="0" type="stmt"/>
        <line num="178" count="1" type="stmt"/>
        <line num="179" count="1" type="stmt"/>
        <line num="181" count="1" type="stmt"/>
        <line num="182" count="1" type="stmt"/>
        <line num="184" count="1" type="stmt"/>
        <line num="185" count="1" type="stmt"/>
        <line num="190" count="3" type="stmt"/>
        <line num="191" count="3" type="stmt"/>
        <line num="193" count="0" type="cond" truecount="0" falsecount="4"/>
        <line num="194" count="0" type="stmt"/>
        <line num="195" count="0" type="cond" truecount="0" falsecount="1"/>
        <line num="196" count="0" type="cond" truecount="0" falsecount="1"/>
        <line num="197" count="0" type="cond" truecount="0" falsecount="1"/>
        <line num="198" count="0" type="stmt"/>
        <line num="199" count="0" type="cond" truecount="0" falsecount="1"/>
        <line num="201" count="0" type="cond" truecount="0" falsecount="2"/>
        <line num="202" count="0" type="cond" truecount="0" falsecount="1"/>
        <line num="203" count="0" type="cond" truecount="0" falsecount="1"/>
        <line num="205" count="0" type="cond" truecount="0" falsecount="2"/>
        <line num="211" count="0" type="stmt"/>
        <line num="212" count="0" type="stmt"/>
        <line num="216" count="0" type="cond" truecount="0" falsecount="1"/>
        <line num="219" count="0" type="stmt"/>
        <line num="221" count="1" type="stmt"/>
        <line num="222" count="1" type="stmt"/>
        <line num="224" count="1" type="stmt"/>
        <line num="225" count="1" type="stmt"/>
        <line num="227" count="1" type="stmt"/>
        <line num="228" count="1" type="stmt"/>
        <line num="230" count="1" type="stmt"/>
        <line num="231" count="1" type="stmt"/>
        <line num="234" count="1" type="stmt"/>
        <line num="235" count="1" type="stmt"/>
        <line num="237" count="0" type="stmt"/>
        <line num="238" count="0" type="stmt"/>
        <line num="240" count="0" type="stmt"/>
        <line num="241" count="0" type="stmt"/>
        <line num="245" count="0" type="stmt"/>
        <line num="246" count="0" type="stmt"/>
        <line num="249" count="0" type="stmt"/>
        <line num="250" count="0" type="stmt"/>
        <line num="253" count="0" type="stmt"/>
        <line num="254" count="0" type="stmt"/>
        <line num="256" count="0" type="stmt"/>
        <line num="257" count="0" type="stmt"/>
        <line num="261" count="0" type="stmt"/>
        <line num="262" count="0" type="stmt"/>
        <line num="266" count="0" type="stmt"/>
        <line num="267" count="0" type="stmt"/>
        <line num="271" count="2" type="cond" truecount="2" falsecount="0"/>
        <line num="272" count="1" type="stmt"/>
        <line num="273" count="1" type="cond" truecount="3" falsecount="0"/>
        <line num="274" count="1" type="stmt"/>
        <line num="275" count="1" type="cond" truecount="1" falsecount="0"/>
        <line num="276" count="1" type="stmt"/>
        <line num="279" count="2" type="stmt"/>
        <line num="283" count="12" type="stmt"/>
        <line num="289" count="1" type="stmt"/>
        <line num="290" count="3" type="stmt"/>
        <line num="297" count="1" type="stmt"/>
        <line num="302" count="7" type="cond" truecount="3" falsecount="0"/>
        <line num="304" count="4" type="stmt"/>
        <line num="305" count="4" type="cond" truecount="2" falsecount="0"/>
        <line num="309" count="3" type="cond" truecount="3" falsecount="0"/>
        <line num="310" count="2" type="stmt"/>
        <line num="311" count="2" type="cond" truecount="1" falsecount="1"/>
        <line num="314" count="1" type="stmt"/>
        <line num="321" count="1" type="stmt"/>
        <line num="326" count="10" type="cond" truecount="1" falsecount="0"/>
        <line num="327" count="6" type="stmt"/>
        <line num="331" count="4" type="cond" truecount="1" falsecount="0"/>
        <line num="332" count="2" type="stmt"/>
        <line num="336" count="2" type="stmt"/>
        <line num="343" count="1" type="stmt"/>
        <line num="347" count="2" type="cond" truecount="2" falsecount="0"/>
        <line num="354" count="1" type="stmt"/>
        <line num="358" count="2" type="cond" truecount="2" falsecount="0"/>
        <line num="364" count="1" type="stmt"/>
        <line num="368" count="6" type="cond" truecount="1" falsecount="0"/>
        <line num="369" count="1" type="stmt"/>
        <line num="372" count="5" type="stmt"/>
        <line num="375" count="5" type="cond" truecount="3" falsecount="0"/>
        <line num="376" count="2" type="stmt"/>
        <line num="380" count="6" type="stmt"/>
        <line num="386" count="1" type="stmt"/>
        <line num="389" count="8" type="cond" truecount="1" falsecount="0"/>
        <line num="390" count="1" type="stmt"/>
        <line num="393" count="7" type="cond" truecount="1" falsecount="0"/>
        <line num="394" count="2" type="stmt"/>
        <line num="398" count="7" type="stmt"/>
        <line num="404" count="1" type="stmt"/>
        <line num="408" count="14" type="cond" truecount="3" falsecount="0"/>
        <line num="409" count="1" type="stmt"/>
        <line num="412" count="13" type="stmt"/>
        <line num="413" count="14" type="cond" truecount="1" falsecount="0"/>
        <line num="414" count="12" type="stmt"/>
        <line num="416" count="2" type="cond" truecount="1" falsecount="0"/>
        <line num="417" count="2" type="stmt"/>
        <line num="418" count="1" type="stmt"/>
        <line num="420" count="1" type="stmt"/>
        <line num="423" count="13" type="stmt"/>
        <line num="429" count="1" type="stmt"/>
        <line num="432" count="5" type="stmt"/>
        <line num="435" count="5" type="cond" truecount="1" falsecount="0"/>
        <line num="436" count="3" type="stmt"/>
        <line num="437" count="3" type="stmt"/>
        <line num="438" count="4" type="stmt"/>
        <line num="443" count="5" type="cond" truecount="1" falsecount="0"/>
        <line num="444" count="2" type="stmt"/>
        <line num="448" count="5" type="cond" truecount="0" falsecount="1"/>
        <line num="449" count="0" type="stmt"/>
        <line num="453" count="5" type="cond" truecount="0" falsecount="1"/>
        <line num="454" count="0" type="stmt"/>
        <line num="459" count="5" type="stmt"/>
        <line num="465" count="1" type="stmt"/>
        <line num="468" count="7" type="stmt"/>
        <line num="471" count="7" type="cond" truecount="1" falsecount="0"/>
        <line num="472" count="2" type="stmt"/>
        <line num="476" count="7" type="cond" truecount="1" falsecount="0"/>
        <line num="477" count="3" type="cond" truecount="2" falsecount="0"/>
        <line num="480" count="3" type="stmt"/>
        <line num="484" count="7" type="cond" truecount="1" falsecount="0"/>
        <line num="485" count="1" type="cond" truecount="1" falsecount="1"/>
        <line num="488" count="1" type="stmt"/>
        <line num="492" count="7" type="cond" truecount="1" falsecount="0"/>
        <line num="493" count="1" type="stmt"/>
        <line num="501" count="7" type="cond" truecount="0" falsecount="1"/>
        <line num="502" count="0" type="stmt"/>
        <line num="505" count="7" type="stmt"/>
        <line num="511" count="1" type="stmt"/>
        <line num="514" count="8" type="stmt"/>
        <line num="515" count="8" type="stmt"/>
        <line num="516" count="8" type="stmt"/>
        <line num="518" count="8" type="stmt"/>
        <line num="520" count="17" type="cond" truecount="1" falsecount="0"/>
        <line num="521" count="6" type="stmt"/>
        <line num="523" count="17" type="cond" truecount="1" falsecount="0"/>
        <line num="524" count="4" type="stmt"/>
        <line num="528" count="17" type="stmt"/>
        <line num="532" count="8" type="cond" truecount="1" falsecount="0"/>
        <line num="533" count="3" type="stmt"/>
        <line num="536" count="8" type="cond" truecount="1" falsecount="0"/>
        <line num="537" count="2" type="stmt"/>
        <line num="540" count="8" type="stmt"/>
      </file>
    </package>
    <package name="src.features">
      <metrics statements="14" coveredstatements="2" conditionals="3" coveredconditionals="0" methods="2" coveredmethods="0"/>
      <file name="relay.ts" path="/home/john/json-schema-x-graphql/converters/node/src/features/relay.ts">
        <metrics statements="14" coveredstatements="2" conditionals="3" coveredconditionals="0" methods="2" coveredmethods="0"/>
        <line num="4" count="6" type="stmt"/>
        <line num="5" count="0" type="cond" truecount="0" falsecount="1"/>
        <line num="7" count="0" type="stmt"/>
        <line num="14" count="0" type="stmt"/>
        <line num="17" count="6" type="stmt"/>
        <line num="21" count="0" type="stmt"/>
        <line num="22" count="0" type="stmt"/>
        <line num="24" count="0" type="cond" truecount="0" falsecount="1"/>
        <line num="26" count="0" type="stmt"/>
        <line num="28" count="0" type="cond" truecount="0" falsecount="1"/>
        <line num="29" count="0" type="stmt"/>
        <line num="34" count="0" type="stmt"/>
        <line num="37" count="0" type="stmt"/>
        <line num="43" count="0" type="stmt"/>
      </file>
    </package>
    <package name="src.normalization">
      <metrics statements="59" coveredstatements="45" conditionals="42" coveredconditionals="21" methods="9" coveredmethods="6"/>
      <file name="directives.ts" path="/home/john/json-schema-x-graphql/converters/node/src/normalization/directives.ts">
        <metrics statements="59" coveredstatements="45" conditionals="42" coveredconditionals="21" methods="9" coveredmethods="6"/>
        <line num="9" count="6" type="stmt"/>
        <line num="13" count="1652" type="stmt"/>
        <line num="16" count="1652" type="cond" truecount="2" falsecount="1"/>
        <line num="20" count="1652" type="cond" truecount="1" falsecount="0"/>
        <line num="21" count="2" type="stmt"/>
        <line num="22" count="2" type="cond" truecount="1" falsecount="0"/>
        <line num="23" count="2" type="stmt"/>
        <line num="24" count="2" type="cond" truecount="1" falsecount="0"/>
        <line num="25" count="2" type="stmt"/>
        <line num="26" count="2" type="cond" truecount="1" falsecount="2"/>
        <line num="27" count="2" type="stmt"/>
        <line num="29" count="2" type="stmt"/>
        <line num="31" count="0" type="cond" truecount="0" falsecount="1"/>
        <line num="32" count="0" type="cond" truecount="0" falsecount="3"/>
        <line num="33" count="0" type="stmt"/>
        <line num="38" count="1652" type="cond" truecount="1" falsecount="0"/>
        <line num="39" count="1652" type="cond" truecount="1" falsecount="0"/>
        <line num="40" count="19" type="stmt"/>
        <line num="42" count="1652" type="cond" truecount="0" falsecount="1"/>
        <line num="43" count="0" type="stmt"/>
        <line num="45" count="1652" type="cond" truecount="0" falsecount="1"/>
        <line num="46" count="0" type="stmt"/>
        <line num="48" count="1652" type="cond" truecount="0" falsecount="1"/>
        <line num="49" count="0" type="stmt"/>
        <line num="51" count="1652" type="cond" truecount="0" falsecount="1"/>
        <line num="52" count="0" type="stmt"/>
        <line num="58" count="1652" type="cond" truecount="1" falsecount="0"/>
        <line num="59" count="16" type="stmt"/>
        <line num="60" count="32" type="cond" truecount="1" falsecount="1"/>
        <line num="61" count="32" type="stmt"/>
        <line num="62" count="0" type="cond" truecount="0" falsecount="4"/>
        <line num="63" count="0" type="stmt"/>
        <line num="71" count="1652" type="cond" truecount="1" falsecount="0"/>
        <line num="72" count="16" type="stmt"/>
        <line num="77" count="1652" type="cond" truecount="1" falsecount="0"/>
        <line num="78" count="16" type="stmt"/>
        <line num="83" count="1652" type="cond" truecount="1" falsecount="0"/>
        <line num="84" count="16" type="stmt"/>
        <line num="86" count="1652" type="cond" truecount="1" falsecount="0"/>
        <line num="87" count="16" type="stmt"/>
        <line num="94" count="1652" type="stmt"/>
        <line num="97" count="6" type="stmt"/>
        <line num="98" count="1652" type="cond" truecount="1" falsecount="0"/>
        <line num="99" count="1567" type="stmt"/>
        <line num="102" count="85" type="stmt"/>
        <line num="103" count="117" type="cond" truecount="1" falsecount="0"/>
        <line num="104" count="115" type="cond" truecount="0" falsecount="1"/>
        <line num="106" count="115" type="cond" truecount="4" falsecount="0"/>
        <line num="109" count="115" type="stmt"/>
        <line num="112" count="85" type="stmt"/>
        <line num="114" count="117" type="stmt"/>
        <line num="119" count="80" type="stmt"/>
        <line num="122" count="80" type="cond" truecount="1" falsecount="2"/>
        <line num="123" count="0" type="stmt"/>
        <line num="126" count="0" type="cond" truecount="0" falsecount="2"/>
        <line num="127" count="0" type="stmt"/>
        <line num="133" count="80" type="stmt"/>
        <line num="139" count="0" type="stmt"/>
        <line num="154" count="0" type="stmt"/>
      </file>
    </package>
  </project>
</coverage>
