{
  "/home/john/json-schema-x-graphql/converters/node/src/case-conversion.ts": {
    "path": "/home/john/json-schema-x-graphql/converters/node/src/case-conversion.ts",
    "statementMap": {
      "0": {
        "start": { "line": 8, "column": 0 },
        "end": { "line": 8, "column": 16 }
      },
      "1": {
        "start": { "line": 18, "column": 0 },
        "end": { "line": 18, "column": 16 }
      },
      "2": {
        "start": { "line": 25, "column": 0 },
        "end": { "line": 25, "column": 16 }
      },
      "3": {
        "start": { "line": 45, "column": 0 },
        "end": { "line": 45, "column": 16 }
      },
      "4": {
        "start": { "line": 9, "column": 2 },
        "end": { "line": 12, "column": 19 }
      },
      "5": {
        "start": { "line": 19, "column": 2 },
        "end": { "line": 19, "column": 67 }
      },
      "6": {
        "start": { "line": 19, "column": 50 },
        "end": { "line": 19, "column": 65 }
      },
      "7": {
        "start": { "line": 29, "column": 2 },
        "end": { "line": 38, "column": 3 }
      },
      "8": {
        "start": { "line": 30, "column": 4 },
        "end": { "line": 30, "column": 65 }
      },
      "9": {
        "start": { "line": 30, "column": 29 },
        "end": { "line": 30, "column": 63 }
      },
      "10": {
        "start": { "line": 31, "column": 9 },
        "end": { "line": 38, "column": 3 }
      },
      "11": {
        "start": { "line": 32, "column": 4 },
        "end": { "line": 37, "column": 6 }
      },
      "12": {
        "start": { "line": 33, "column": 48 },
        "end": { "line": 36, "column": 8 }
      },
      "13": {
        "start": { "line": 39, "column": 2 },
        "end": { "line": 39, "column": 13 }
      },
      "14": {
        "start": { "line": 49, "column": 2 },
        "end": { "line": 51, "column": 4 }
      },
      "15": {
        "start": { "line": 50, "column": 4 },
        "end": { "line": 50, "column": 31 }
      }
    },
    "fnMap": {
      "0": {
        "name": "camelToSnake",
        "decl": {
          "start": { "line": 8, "column": 16 },
          "end": { "line": 8, "column": 28 }
        },
        "loc": {
          "start": { "line": 8, "column": 40 },
          "end": { "line": 13, "column": 1 }
        }
      },
      "1": {
        "name": "snakeToCamel",
        "decl": {
          "start": { "line": 18, "column": 16 },
          "end": { "line": 18, "column": 28 }
        },
        "loc": {
          "start": { "line": 18, "column": 40 },
          "end": { "line": 20, "column": 1 }
        }
      },
      "2": {
        "name": "(anonymous_2)",
        "decl": {
          "start": { "line": 19, "column": 40 },
          "end": { "line": 19, "column": 41 }
        },
        "loc": {
          "start": { "line": 19, "column": 50 },
          "end": { "line": 19, "column": 65 }
        }
      },
      "3": {
        "name": "convertObjectKeys",
        "decl": {
          "start": { "line": 25, "column": 16 },
          "end": { "line": 25, "column": 33 }
        },
        "loc": {
          "start": { "line": 27, "column": 36 },
          "end": { "line": 40, "column": 1 }
        }
      },
      "4": {
        "name": "(anonymous_4)",
        "decl": {
          "start": { "line": 30, "column": 19 },
          "end": { "line": 30, "column": 20 }
        },
        "loc": {
          "start": { "line": 30, "column": 29 },
          "end": { "line": 30, "column": 63 }
        }
      },
      "5": {
        "name": "(anonymous_5)",
        "decl": {
          "start": { "line": 33, "column": 30 },
          "end": { "line": 33, "column": 31 }
        },
        "loc": {
          "start": { "line": 33, "column": 48 },
          "end": { "line": 36, "column": 8 }
        }
      },
      "6": {
        "name": "convertGraphQLFields",
        "decl": {
          "start": { "line": 45, "column": 16 },
          "end": { "line": 45, "column": 36 }
        },
        "loc": {
          "start": { "line": 47, "column": 38 },
          "end": { "line": 52, "column": 1 }
        }
      },
      "7": {
        "name": "(anonymous_7)",
        "decl": {
          "start": { "line": 49, "column": 58 },
          "end": { "line": 49, "column": 59 }
        },
        "loc": {
          "start": { "line": 50, "column": 4 },
          "end": { "line": 50, "column": 31 }
        }
      }
    },
    "branchMap": {
      "0": {
        "loc": {
          "start": { "line": 29, "column": 2 },
          "end": { "line": 38, "column": 3 }
        },
        "type": "if",
        "locations": [
          {
            "start": { "line": 29, "column": 2 },
            "end": { "line": 38, "column": 3 }
          },
          {
            "start": { "line": 31, "column": 9 },
            "end": { "line": 38, "column": 3 }
          }
        ]
      },
      "1": {
        "loc": {
          "start": { "line": 31, "column": 9 },
          "end": { "line": 38, "column": 3 }
        },
        "type": "if",
        "locations": [
          {
            "start": { "line": 31, "column": 9 },
            "end": { "line": 38, "column": 3 }
          }
        ]
      },
      "2": {
        "loc": {
          "start": { "line": 31, "column": 13 },
          "end": { "line": 31, "column": 52 }
        },
        "type": "binary-expr",
        "locations": [
          {
            "start": { "line": 31, "column": 13 },
            "end": { "line": 31, "column": 25 }
          },
          {
            "start": { "line": 31, "column": 29 },
            "end": { "line": 31, "column": 52 }
          }
        ]
      }
    },
    "s": {
      "0": 5,
      "1": 5,
      "2": 5,
      "3": 5,
      "4": 0,
      "5": 0,
      "6": 0,
      "7": 0,
      "8": 0,
      "9": 0,
      "10": 0,
      "11": 0,
      "12": 0,
      "13": 0,
      "14": 0,
      "15": 0
    },
    "f": { "0": 0, "1": 0, "2": 0, "3": 0, "4": 0, "5": 0, "6": 0, "7": 0 },
    "b": { "0": [0, 0], "1": [0], "2": [0, 0] }
  },
  "/home/john/json-schema-x-graphql/converters/node/src/converter.ts": {
    "path": "/home/john/json-schema-x-graphql/converters/node/src/converter.ts",
    "statementMap": {
      "0": {
        "start": { "line": 110, "column": 0 },
        "end": { "line": 110, "column": 16 }
      },
      "1": {
        "start": { "line": 197, "column": 0 },
        "end": { "line": 197, "column": 16 }
      },
      "2": {
        "start": { "line": 21, "column": 0 },
        "end": { "line": 21, "column": 39 }
      },
      "3": {
        "start": { "line": 36, "column": 0 },
        "end": { "line": 36, "column": 66 }
      },
      "4": {
        "start": { "line": 37, "column": 0 },
        "end": { "line": 37, "column": 105 }
      },
      "5": {
        "start": { "line": 38, "column": 0 },
        "end": { "line": 38, "column": 59 }
      },
      "6": {
        "start": { "line": 55, "column": 4 },
        "end": { "line": 55, "column": 19 }
      },
      "7": {
        "start": { "line": 53, "column": 11 },
        "end": { "line": 53, "column": 24 }
      },
      "8": {
        "start": { "line": 56, "column": 4 },
        "end": { "line": 56, "column": 34 }
      },
      "9": {
        "start": { "line": 64, "column": 2 },
        "end": { "line": 64, "column": 29 }
      },
      "10": {
        "start": { "line": 64, "column": 17 },
        "end": { "line": 64, "column": 29 }
      },
      "11": {
        "start": { "line": 67, "column": 2 },
        "end": { "line": 69, "column": 3 }
      },
      "12": {
        "start": { "line": 68, "column": 4 },
        "end": { "line": 68, "column": 16 }
      },
      "13": {
        "start": { "line": 74, "column": 2 },
        "end": { "line": 86, "column": 3 }
      },
      "14": {
        "start": { "line": 76, "column": 4 },
        "end": { "line": 85, "column": 5 }
      },
      "15": {
        "start": { "line": 77, "column": 31 },
        "end": { "line": 77, "column": 68 }
      },
      "16": {
        "start": { "line": 78, "column": 6 },
        "end": { "line": 82, "column": 7 }
      },
      "17": {
        "start": { "line": 81, "column": 8 },
        "end": { "line": 81, "column": 20 }
      },
      "18": {
        "start": { "line": 84, "column": 6 },
        "end": { "line": 84, "column": 18 }
      },
      "19": {
        "start": { "line": 89, "column": 2 },
        "end": { "line": 95, "column": 3 }
      },
      "20": {
        "start": { "line": 90, "column": 4 },
        "end": { "line": 94, "column": 5 }
      },
      "21": {
        "start": { "line": 91, "column": 6 },
        "end": { "line": 93, "column": 7 }
      },
      "22": {
        "start": { "line": 92, "column": 8 },
        "end": { "line": 92, "column": 20 }
      },
      "23": {
        "start": { "line": 98, "column": 2 },
        "end": { "line": 103, "column": 3 }
      },
      "24": {
        "start": { "line": 100, "column": 43 },
        "end": { "line": 100, "column": 63 }
      },
      "25": {
        "start": { "line": 102, "column": 4 },
        "end": { "line": 102, "column": 16 }
      },
      "26": {
        "start": { "line": 105, "column": 2 },
        "end": { "line": 105, "column": 15 }
      },
      "27": {
        "start": { "line": 115, "column": 4 },
        "end": { "line": 117, "column": 23 }
      },
      "28": {
        "start": { "line": 119, "column": 21 },
        "end": { "line": 119, "column": 46 }
      },
      "29": {
        "start": { "line": 121, "column": 4 },
        "end": { "line": 123, "column": 36 }
      },
      "30": {
        "start": { "line": 124, "column": 54 },
        "end": { "line": 127, "column": 4 }
      },
      "31": {
        "start": { "line": 128, "column": 37 },
        "end": { "line": 137, "column": 4 }
      },
      "32": {
        "start": { "line": 139, "column": 2 },
        "end": { "line": 139, "column": 37 }
      },
      "33": {
        "start": { "line": 141, "column": 22 },
        "end": { "line": 141, "column": 56 }
      },
      "34": {
        "start": { "line": 142, "column": 2 },
        "end": { "line": 173, "column": 3 }
      },
      "35": {
        "start": { "line": 143, "column": 20 },
        "end": { "line": 145, "column": 74 }
      },
      "36": {
        "start": { "line": 145, "column": 55 },
        "end": { "line": 145, "column": 73 }
      },
      "37": {
        "start": { "line": 148, "column": 26 },
        "end": { "line": 148, "column": 65 }
      },
      "38": {
        "start": { "line": 150, "column": 4 },
        "end": { "line": 162, "column": 5 }
      },
      "39": {
        "start": { "line": 151, "column": 26 },
        "end": { "line": 151, "column": 75 }
      },
      "40": {
        "start": { "line": 152, "column": 23 },
        "end": { "line": 152, "column": 34 }
      },
      "41": {
        "start": { "line": 153, "column": 16 },
        "end": { "line": 153, "column": 17 }
      },
      "42": {
        "start": { "line": 154, "column": 6 },
        "end": { "line": 157, "column": 7 }
      },
      "43": {
        "start": { "line": 155, "column": 8 },
        "end": { "line": 155, "column": 44 }
      },
      "44": {
        "start": { "line": 156, "column": 8 },
        "end": { "line": 156, "column": 14 }
      },
      "45": {
        "start": { "line": 158, "column": 6 },
        "end": { "line": 158, "column": 36 }
      },
      "46": {
        "start": { "line": 160, "column": 6 },
        "end": { "line": 160, "column": 60 }
      },
      "47": {
        "start": { "line": 161, "column": 6 },
        "end": { "line": 161, "column": 66 }
      },
      "48": {
        "start": { "line": 165, "column": 4 },
        "end": { "line": 172, "column": 5 }
      },
      "49": {
        "start": { "line": 167, "column": 8 },
        "end": { "line": 168, "column": 55 }
      },
      "50": {
        "start": { "line": 169, "column": 6 },
        "end": { "line": 171, "column": 7 }
      },
      "51": {
        "start": { "line": 170, "column": 8 },
        "end": { "line": 170, "column": 60 }
      },
      "52": {
        "start": { "line": 175, "column": 23 },
        "end": { "line": 175, "column": 75 }
      },
      "53": {
        "start": { "line": 176, "column": 2 },
        "end": { "line": 178, "column": 3 }
      },
      "54": {
        "start": { "line": 177, "column": 4 },
        "end": { "line": 177, "column": 57 }
      },
      "55": {
        "start": { "line": 180, "column": 2 },
        "end": { "line": 180, "column": 30 }
      },
      "56": {
        "start": { "line": 181, "column": 2 },
        "end": { "line": 181, "column": 34 }
      },
      "57": {
        "start": { "line": 183, "column": 19 },
        "end": { "line": 186, "column": 11 }
      },
      "58": {
        "start": { "line": 190, "column": 2 },
        "end": { "line": 192, "column": 3 }
      },
      "59": {
        "start": { "line": 191, "column": 4 },
        "end": { "line": 191, "column": 14 }
      },
      "60": {
        "start": { "line": 194, "column": 2 },
        "end": { "line": 194, "column": 18 }
      },
      "61": {
        "start": { "line": 201, "column": 21 },
        "end": { "line": 201, "column": 46 }
      },
      "62": {
        "start": { "line": 203, "column": 2 },
        "end": { "line": 318, "column": 3 }
      },
      "63": {
        "start": { "line": 205, "column": 16 },
        "end": { "line": 205, "column": 33 }
      },
      "64": {
        "start": { "line": 208, "column": 25 },
        "end": { "line": 208, "column": 65 }
      },
      "65": {
        "start": { "line": 209, "column": 22 },
        "end": { "line": 212, "column": 6 }
      },
      "66": {
        "start": { "line": 214, "column": 4 },
        "end": { "line": 268, "column": 5 }
      },
      "67": {
        "start": { "line": 215, "column": 6 },
        "end": { "line": 267, "column": 7 }
      },
      "68": {
        "start": { "line": 219, "column": 25 },
        "end": { "line": 219, "column": 40 }
      },
      "69": {
        "start": { "line": 220, "column": 8 },
        "end": { "line": 229, "column": 9 }
      },
      "70": {
        "start": { "line": 221, "column": 10 },
        "end": { "line": 228, "column": 13 }
      },
      "71": {
        "start": { "line": 230, "column": 8 },
        "end": { "line": 230, "column": 61 }
      },
      "72": {
        "start": { "line": 230, "column": 34 },
        "end": { "line": 230, "column": 61 }
      },
      "73": {
        "start": { "line": 231, "column": 8 },
        "end": { "line": 231, "column": 67 }
      },
      "74": {
        "start": { "line": 231, "column": 37 },
        "end": { "line": 231, "column": 67 }
      },
      "75": {
        "start": { "line": 232, "column": 13 },
        "end": { "line": 267, "column": 7 }
      },
      "76": {
        "start": { "line": 233, "column": 25 },
        "end": { "line": 233, "column": 40 }
      },
      "77": {
        "start": { "line": 234, "column": 8 },
        "end": { "line": 242, "column": 9 }
      },
      "78": {
        "start": { "line": 235, "column": 10 },
        "end": { "line": 241, "column": 13 }
      },
      "79": {
        "start": { "line": 243, "column": 13 },
        "end": { "line": 267, "column": 7 }
      },
      "80": {
        "start": { "line": 244, "column": 26 },
        "end": { "line": 244, "column": 41 }
      },
      "81": {
        "start": { "line": 245, "column": 8 },
        "end": { "line": 253, "column": 9 }
      },
      "82": {
        "start": { "line": 246, "column": 10 },
        "end": { "line": 252, "column": 13 }
      },
      "83": {
        "start": { "line": 254, "column": 13 },
        "end": { "line": 267, "column": 7 }
      },
      "84": {
        "start": { "line": 255, "column": 27 },
        "end": { "line": 255, "column": 42 }
      },
      "85": {
        "start": { "line": 256, "column": 8 },
        "end": { "line": 266, "column": 9 }
      },
      "86": {
        "start": { "line": 260, "column": 10 },
        "end": { "line": 265, "column": 13 }
      },
      "87": {
        "start": { "line": 271, "column": 23 },
        "end": { "line": 271, "column": 29 }
      },
      "88": {
        "start": { "line": 272, "column": 20 },
        "end": { "line": 272, "column": 21 }
      },
      "89": {
        "start": { "line": 273, "column": 4 },
        "end": { "line": 283, "column": 5 }
      },
      "90": {
        "start": { "line": 274, "column": 25 },
        "end": { "line": 274, "column": 54 }
      },
      "91": {
        "start": { "line": 275, "column": 6 },
        "end": { "line": 282, "column": 7 }
      },
      "92": {
        "start": { "line": 280, "column": 8 },
        "end": { "line": 280, "column": 31 }
      },
      "93": {
        "start": { "line": 281, "column": 8 },
        "end": { "line": 281, "column": 32 }
      },
      "94": {
        "start": { "line": 286, "column": 24 },
        "end": { "line": 286, "column": 54 }
      },
      "95": {
        "start": { "line": 287, "column": 23 },
        "end": { "line": 289, "column": 10 }
      },
      "96": {
        "start": { "line": 292, "column": 52 },
        "end": { "line": 292, "column": 54 }
      },
      "97": {
        "start": { "line": 293, "column": 4 },
        "end": { "line": 301, "column": 5 }
      },
      "98": {
        "start": { "line": 294, "column": 6 },
        "end": { "line": 300, "column": 7 }
      },
      "99": {
        "start": { "line": 295, "column": 8 },
        "end": { "line": 299, "column": 10 }
      },
      "100": {
        "start": { "line": 304, "column": 31 },
        "end": { "line": 307, "column": 6 }
      },
      "101": {
        "start": { "line": 310, "column": 4 },
        "end": { "line": 312, "column": 5 }
      },
      "102": {
        "start": { "line": 311, "column": 6 },
        "end": { "line": 311, "column": 33 }
      },
      "103": {
        "start": { "line": 314, "column": 4 },
        "end": { "line": 314, "column": 43 }
      },
      "104": {
        "start": { "line": 317, "column": 4 },
        "end": { "line": 317, "column": 63 }
      },
      "105": {
        "start": { "line": 337, "column": 29 },
        "end": { "line": 339, "column": 4 }
      },
      "106": {
        "start": { "line": 341, "column": 2 },
        "end": { "line": 343, "column": 3 }
      },
      "107": {
        "start": { "line": 342, "column": 4 },
        "end": { "line": 342, "column": 45 }
      },
      "108": {
        "start": { "line": 345, "column": 2 },
        "end": { "line": 345, "column": 42 }
      },
      "109": {
        "start": { "line": 347, "column": 2 },
        "end": { "line": 349, "column": 3 }
      },
      "110": {
        "start": { "line": 348, "column": 4 },
        "end": { "line": 348, "column": 82 }
      },
      "111": {
        "start": { "line": 348, "column": 72 },
        "end": { "line": 348, "column": 80 }
      },
      "112": {
        "start": { "line": 351, "column": 2 },
        "end": { "line": 358, "column": 3 }
      },
      "113": {
        "start": { "line": 352, "column": 4 },
        "end": { "line": 352, "column": 27 }
      },
      "114": {
        "start": { "line": 353, "column": 4 },
        "end": { "line": 353, "column": 75 }
      },
      "115": {
        "start": { "line": 353, "column": 54 },
        "end": { "line": 353, "column": 67 }
      },
      "116": {
        "start": { "line": 354, "column": 4 },
        "end": { "line": 356, "column": 5 }
      },
      "117": {
        "start": { "line": 355, "column": 6 },
        "end": { "line": 355, "column": 47 }
      },
      "118": {
        "start": { "line": 357, "column": 4 },
        "end": { "line": 357, "column": 18 }
      },
      "119": {
        "start": { "line": 360, "column": 2 },
        "end": { "line": 365, "column": 3 }
      },
      "120": {
        "start": { "line": 361, "column": 4 },
        "end": { "line": 363, "column": 8 }
      },
      "121": {
        "start": { "line": 361, "column": 58 },
        "end": { "line": 363, "column": 6 }
      },
      "122": {
        "start": { "line": 364, "column": 4 },
        "end": { "line": 364, "column": 18 }
      },
      "123": {
        "start": { "line": 367, "column": 2 },
        "end": { "line": 371, "column": 3 }
      },
      "124": {
        "start": { "line": 368, "column": 4 },
        "end": { "line": 368, "column": 27 }
      },
      "125": {
        "start": { "line": 369, "column": 4 },
        "end": { "line": 369, "column": 46 }
      },
      "126": {
        "start": { "line": 370, "column": 4 },
        "end": { "line": 370, "column": 18 }
      },
      "127": {
        "start": { "line": 374, "column": 2 },
        "end": { "line": 374, "column": 25 }
      },
      "128": {
        "start": { "line": 375, "column": 29 },
        "end": { "line": 375, "column": 31 }
      },
      "129": {
        "start": { "line": 377, "column": 2 },
        "end": { "line": 392, "column": 3 }
      },
      "130": {
        "start": { "line": 378, "column": 22 },
        "end": { "line": 378, "column": 39 }
      },
      "131": {
        "start": { "line": 379, "column": 4 },
        "end": { "line": 379, "column": 29 }
      },
      "132": {
        "start": { "line": 379, "column": 20 },
        "end": { "line": 379, "column": 29 }
      },
      "133": {
        "start": { "line": 381, "column": 24 },
        "end": { "line": 384, "column": null }
      },
      "134": {
        "start": { "line": 386, "column": 4 },
        "end": { "line": 386, "column": 47 }
      },
      "135": {
        "start": { "line": 389, "column": 4 },
        "end": { "line": 391, "column": 5 }
      },
      "136": {
        "start": { "line": 390, "column": 6 },
        "end": { "line": 390, "column": 31 }
      },
      "137": {
        "start": { "line": 394, "column": 2 },
        "end": { "line": 396, "column": 3 }
      },
      "138": {
        "start": { "line": 395, "column": 4 },
        "end": { "line": 395, "column": 31 }
      },
      "139": {
        "start": { "line": 398, "column": 2 },
        "end": { "line": 398, "column": 16 }
      },
      "140": {
        "start": { "line": 406, "column": 21 },
        "end": { "line": 409, "column": null }
      },
      "141": {
        "start": { "line": 413, "column": 2 },
        "end": { "line": 415, "column": 3 }
      },
      "142": {
        "start": { "line": 414, "column": 4 },
        "end": { "line": 414, "column": 53 }
      },
      "143": {
        "start": { "line": 417, "column": 2 },
        "end": { "line": 419, "column": 3 }
      },
      "144": {
        "start": { "line": 418, "column": 4 },
        "end": { "line": 418, "column": 84 }
      },
      "145": {
        "start": { "line": 418, "column": 74 },
        "end": { "line": 418, "column": 82 }
      },
      "146": {
        "start": { "line": 421, "column": 2 },
        "end": { "line": 421, "column": 20 }
      },
      "147": {
        "start": { "line": 429, "column": 29 },
        "end": { "line": 429, "column": 31 }
      },
      "148": {
        "start": { "line": 432, "column": 20 },
        "end": { "line": 432, "column": 27 }
      },
      "149": {
        "start": { "line": 433, "column": 2 },
        "end": { "line": 435, "column": 3 }
      },
      "150": {
        "start": { "line": 434, "column": 4 },
        "end": { "line": 434, "column": 35 }
      },
      "151": {
        "start": { "line": 438, "column": 2 },
        "end": { "line": 447, "column": 3 }
      },
      "152": {
        "start": { "line": 439, "column": 4 },
        "end": { "line": 446, "column": 6 }
      },
      "153": {
        "start": { "line": 450, "column": 2 },
        "end": { "line": 473, "column": 3 }
      },
      "154": {
        "start": { "line": 451, "column": 21 },
        "end": { "line": 451, "column": 44 }
      },
      "155": {
        "start": { "line": 454, "column": 4 },
        "end": { "line": 464, "column": 5 }
      },
      "156": {
        "start": { "line": 455, "column": 6 },
        "end": { "line": 455, "column": 32 }
      },
      "157": {
        "start": { "line": 456, "column": 11 },
        "end": { "line": 464, "column": 5 }
      },
      "158": {
        "start": { "line": 457, "column": 6 },
        "end": { "line": 457, "column": 33 }
      },
      "159": {
        "start": { "line": 458, "column": 11 },
        "end": { "line": 464, "column": 5 }
      },
      "160": {
        "start": { "line": 459, "column": 6 },
        "end": { "line": 459, "column": 32 }
      },
      "161": {
        "start": { "line": 460, "column": 11 },
        "end": { "line": 464, "column": 5 }
      },
      "162": {
        "start": { "line": 461, "column": 6 },
        "end": { "line": 461, "column": 33 }
      },
      "163": {
        "start": { "line": 462, "column": 11 },
        "end": { "line": 464, "column": 5 }
      },
      "164": {
        "start": { "line": 463, "column": 6 },
        "end": { "line": 463, "column": 58 }
      },
      "165": {
        "start": { "line": 467, "column": 4 },
        "end": { "line": 469, "column": 5 }
      },
      "166": {
        "start": { "line": 468, "column": 6 },
        "end": { "line": 468, "column": 45 }
      },
      "167": {
        "start": { "line": 472, "column": 4 },
        "end": { "line": 472, "column": 60 }
      },
      "168": {
        "start": { "line": 475, "column": 2 },
        "end": { "line": 475, "column": 28 }
      },
      "169": {
        "start": { "line": 482, "column": 29 },
        "end": { "line": 487, "column": 4 }
      },
      "170": {
        "start": { "line": 489, "column": 16 },
        "end": { "line": 489, "column": 38 }
      },
      "171": {
        "start": { "line": 490, "column": 35 },
        "end": { "line": 490, "column": 39 }
      },
      "172": {
        "start": { "line": 491, "column": 35 },
        "end": { "line": 491, "column": 39 }
      },
      "173": {
        "start": { "line": 493, "column": 2 },
        "end": { "line": 540, "column": 3 }
      },
      "174": {
        "start": { "line": 494, "column": 17 },
        "end": { "line": 494, "column": 31 }
      },
      "175": {
        "start": { "line": 495, "column": 4 },
        "end": { "line": 495, "column": 48 }
      },
      "176": {
        "start": { "line": 495, "column": 39 },
        "end": { "line": 495, "column": 48 }
      },
      "177": {
        "start": { "line": 497, "column": 4 },
        "end": { "line": 500, "column": 5 }
      },
      "178": {
        "start": { "line": 498, "column": 6 },
        "end": { "line": 498, "column": 53 }
      },
      "179": {
        "start": { "line": 499, "column": 6 },
        "end": { "line": 499, "column": 15 }
      },
      "180": {
        "start": { "line": 502, "column": 4 },
        "end": { "line": 505, "column": 5 }
      },
      "181": {
        "start": { "line": 503, "column": 6 },
        "end": { "line": 503, "column": 38 }
      },
      "182": {
        "start": { "line": 504, "column": 6 },
        "end": { "line": 504, "column": 15 }
      },
      "183": {
        "start": { "line": 507, "column": 4 },
        "end": { "line": 519, "column": 5 }
      },
      "184": {
        "start": { "line": 512, "column": 6 },
        "end": { "line": 512, "column": 41 }
      },
      "185": {
        "start": { "line": 513, "column": 6 },
        "end": { "line": 513, "column": 50 }
      },
      "186": {
        "start": { "line": 514, "column": 6 },
        "end": { "line": 517, "column": 7 }
      },
      "187": {
        "start": { "line": 515, "column": 8 },
        "end": { "line": 515, "column": 41 }
      },
      "188": {
        "start": { "line": 516, "column": 8 },
        "end": { "line": 516, "column": 27 }
      },
      "189": {
        "start": { "line": 518, "column": 6 },
        "end": { "line": 518, "column": 15 }
      },
      "190": {
        "start": { "line": 521, "column": 4 },
        "end": { "line": 524, "column": 5 }
      },
      "191": {
        "start": { "line": 522, "column": 6 },
        "end": { "line": 522, "column": 25 }
      },
      "192": {
        "start": { "line": 523, "column": 6 },
        "end": { "line": 523, "column": 15 }
      },
      "193": {
        "start": { "line": 526, "column": 4 },
        "end": { "line": 539, "column": 5 }
      },
      "194": {
        "start": { "line": 527, "column": 32 },
        "end": { "line": 529, "column": 41 }
      },
      "195": {
        "start": { "line": 529, "column": 26 },
        "end": { "line": 529, "column": 40 }
      },
      "196": {
        "start": { "line": 530, "column": 26 },
        "end": { "line": 530, "column": 74 }
      },
      "197": {
        "start": { "line": 531, "column": 6 },
        "end": { "line": 534, "column": 7 }
      },
      "198": {
        "start": { "line": 532, "column": 8 },
        "end": { "line": 532, "column": 46 }
      },
      "199": {
        "start": { "line": 533, "column": 8 },
        "end": { "line": 533, "column": 27 }
      },
      "200": {
        "start": { "line": 535, "column": 6 },
        "end": { "line": 535, "column": 46 }
      },
      "201": {
        "start": { "line": 536, "column": 6 },
        "end": { "line": 538, "column": 7 }
      },
      "202": {
        "start": { "line": 537, "column": 8 },
        "end": { "line": 537, "column": 37 }
      },
      "203": {
        "start": { "line": 542, "column": 2 },
        "end": { "line": 542, "column": 41 }
      },
      "204": {
        "start": { "line": 552, "column": 2 },
        "end": { "line": 552, "column": 24 }
      },
      "205": {
        "start": { "line": 552, "column": 17 },
        "end": { "line": 552, "column": 24 }
      },
      "206": {
        "start": { "line": 553, "column": 2 },
        "end": { "line": 553, "column": 59 }
      },
      "207": {
        "start": { "line": 553, "column": 52 },
        "end": { "line": 553, "column": 59 }
      },
      "208": {
        "start": { "line": 554, "column": 2 },
        "end": { "line": 554, "column": 51 }
      },
      "209": {
        "start": { "line": 554, "column": 44 },
        "end": { "line": 554, "column": 51 }
      },
      "210": {
        "start": { "line": 557, "column": 2 },
        "end": { "line": 557, "column": 48 }
      },
      "211": {
        "start": { "line": 557, "column": 41 },
        "end": { "line": 557, "column": 48 }
      },
      "212": {
        "start": { "line": 559, "column": 2 },
        "end": { "line": 564, "column": 3 }
      },
      "213": {
        "start": { "line": 560, "column": 4 },
        "end": { "line": 563, "column": 6 }
      },
      "214": {
        "start": { "line": 566, "column": 2 },
        "end": { "line": 566, "column": 35 }
      },
      "215": {
        "start": { "line": 567, "column": 2 },
        "end": { "line": 567, "column": 33 }
      },
      "216": {
        "start": { "line": 568, "column": 22 },
        "end": { "line": 568, "column": 29 }
      },
      "217": {
        "start": { "line": 571, "column": 2 },
        "end": { "line": 576, "column": 3 }
      },
      "218": {
        "start": { "line": 572, "column": 27 },
        "end": { "line": 574, "column": 16 }
      },
      "219": {
        "start": { "line": 575, "column": 4 },
        "end": { "line": 575, "column": 50 }
      },
      "220": {
        "start": { "line": 578, "column": 2 },
        "end": { "line": 589, "column": 3 }
      },
      "221": {
        "start": { "line": 579, "column": 14 },
        "end": { "line": 579, "column": 51 }
      },
      "222": {
        "start": { "line": 580, "column": 4 },
        "end": { "line": 580, "column": 34 }
      },
      "223": {
        "start": { "line": 580, "column": 11 },
        "end": { "line": 580, "column": 34 }
      },
      "224": {
        "start": { "line": 581, "column": 9 },
        "end": { "line": 589, "column": 3 }
      },
      "225": {
        "start": { "line": 582, "column": 14 },
        "end": { "line": 582, "column": 52 }
      },
      "226": {
        "start": { "line": 583, "column": 4 },
        "end": { "line": 583, "column": 34 }
      },
      "227": {
        "start": { "line": 583, "column": 11 },
        "end": { "line": 583, "column": 34 }
      },
      "228": {
        "start": { "line": 584, "column": 9 },
        "end": { "line": 589, "column": 3 }
      },
      "229": {
        "start": { "line": 585, "column": 14 },
        "end": { "line": 585, "column": 53 }
      },
      "230": {
        "start": { "line": 586, "column": 4 },
        "end": { "line": 586, "column": 34 }
      },
      "231": {
        "start": { "line": 586, "column": 11 },
        "end": { "line": 586, "column": 34 }
      },
      "232": {
        "start": { "line": 587, "column": 9 },
        "end": { "line": 589, "column": 3 }
      },
      "233": {
        "start": { "line": 588, "column": 4 },
        "end": { "line": 588, "column": 48 }
      },
      "234": {
        "start": { "line": 591, "column": 2 },
        "end": { "line": 591, "column": 38 }
      },
      "235": {
        "start": { "line": 592, "column": 2 },
        "end": { "line": 592, "column": 36 }
      },
      "236": {
        "start": { "line": 593, "column": 2 },
        "end": { "line": 593, "column": 39 }
      },
      "237": {
        "start": { "line": 601, "column": 26 },
        "end": { "line": 601, "column": 28 }
      },
      "238": {
        "start": { "line": 602, "column": 2 },
        "end": { "line": 604, "column": 3 }
      },
      "239": {
        "start": { "line": 603, "column": 4 },
        "end": { "line": 603, "column": 63 }
      },
      "240": {
        "start": { "line": 606, "column": 2 },
        "end": { "line": 606, "column": 71 }
      },
      "241": {
        "start": { "line": 607, "column": 22 },
        "end": { "line": 607, "column": 24 }
      },
      "242": {
        "start": { "line": 608, "column": 21 },
        "end": { "line": 608, "column": 45 }
      },
      "243": {
        "start": { "line": 610, "column": 2 },
        "end": { "line": 623, "column": 3 }
      },
      "244": {
        "start": { "line": 611, "column": 4 },
        "end": { "line": 620, "column": 5 }
      },
      "245": {
        "start": { "line": 612, "column": 6 },
        "end": { "line": 612, "column": 33 }
      },
      "246": {
        "start": { "line": 613, "column": 11 },
        "end": { "line": 620, "column": 5 }
      },
      "247": {
        "start": { "line": 614, "column": 6 },
        "end": { "line": 619, "column": 9 }
      },
      "248": {
        "start": { "line": 615, "column": 8 },
        "end": { "line": 617, "column": 9 }
      },
      "249": {
        "start": { "line": 616, "column": 10 },
        "end": { "line": 616, "column": 39 }
      },
      "250": {
        "start": { "line": 618, "column": 8 },
        "end": { "line": 618, "column": 43 }
      },
      "251": {
        "start": { "line": 622, "column": 4 },
        "end": { "line": 622, "column": 31 }
      },
      "252": {
        "start": { "line": 625, "column": 2 },
        "end": { "line": 640, "column": 3 }
      },
      "253": {
        "start": { "line": 626, "column": 4 },
        "end": { "line": 639, "column": 5 }
      },
      "254": {
        "start": { "line": 627, "column": 22 },
        "end": { "line": 627, "column": 43 }
      },
      "255": {
        "start": { "line": 628, "column": 6 },
        "end": { "line": 628, "column": 29 }
      },
      "256": {
        "start": { "line": 628, "column": 20 },
        "end": { "line": 628, "column": 29 }
      },
      "257": {
        "start": { "line": 629, "column": 6 },
        "end": { "line": 631, "column": 7 }
      },
      "258": {
        "start": { "line": 630, "column": 8 },
        "end": { "line": 630, "column": 78 }
      },
      "259": {
        "start": { "line": 632, "column": 6 },
        "end": { "line": 632, "column": 33 }
      },
      "260": {
        "start": { "line": 634, "column": 6 },
        "end": { "line": 638, "column": 8 }
      },
      "261": {
        "start": { "line": 641, "column": 2 },
        "end": { "line": 641, "column": 20 }
      },
      "262": {
        "start": { "line": 642, "column": 2 },
        "end": { "line": 642, "column": 26 }
      },
      "263": {
        "start": { "line": 650, "column": 18 },
        "end": { "line": 650, "column": 35 }
      },
      "264": {
        "start": { "line": 652, "column": 19 },
        "end": { "line": 652, "column": 50 }
      },
      "265": {
        "start": { "line": 653, "column": 2 },
        "end": { "line": 655, "column": 3 }
      },
      "266": {
        "start": { "line": 654, "column": 4 },
        "end": { "line": 654, "column": 52 }
      },
      "267": {
        "start": { "line": 654, "column": 36 },
        "end": { "line": 654, "column": 50 }
      },
      "268": {
        "start": { "line": 657, "column": 2 },
        "end": { "line": 670, "column": 3 }
      },
      "269": {
        "start": { "line": 658, "column": 4 },
        "end": { "line": 669, "column": 5 }
      },
      "270": {
        "start": { "line": 659, "column": 6 },
        "end": { "line": 668, "column": 7 }
      },
      "271": {
        "start": { "line": 660, "column": 27 },
        "end": { "line": 660, "column": 75 }
      },
      "272": {
        "start": { "line": 661, "column": 8 },
        "end": { "line": 661, "column": 48 }
      },
      "273": {
        "start": { "line": 661, "column": 24 },
        "end": { "line": 661, "column": 48 }
      },
      "274": {
        "start": { "line": 663, "column": 25 },
        "end": { "line": 663, "column": 61 }
      },
      "275": {
        "start": { "line": 664, "column": 8 },
        "end": { "line": 667, "column": 9 }
      },
      "276": {
        "start": { "line": 665, "column": 10 },
        "end": { "line": 665, "column": 65 }
      },
      "277": {
        "start": { "line": 666, "column": 10 },
        "end": { "line": 666, "column": 32 }
      },
      "278": {
        "start": { "line": 672, "column": 2 },
        "end": { "line": 677, "column": 3 }
      },
      "279": {
        "start": { "line": 673, "column": 4 },
        "end": { "line": 676, "column": 6 }
      },
      "280": {
        "start": { "line": 680, "column": 4 },
        "end": { "line": 682, "column": 10 }
      },
      "281": {
        "start": { "line": 684, "column": 2 },
        "end": { "line": 686, "column": 20 }
      },
      "282": {
        "start": { "line": 694, "column": 22 },
        "end": { "line": 694, "column": 29 }
      },
      "283": {
        "start": { "line": 695, "column": 27 },
        "end": { "line": 695, "column": 29 }
      },
      "284": {
        "start": { "line": 697, "column": 21 },
        "end": { "line": 697, "column": 44 }
      },
      "285": {
        "start": { "line": 698, "column": 22 },
        "end": { "line": 700, "column": 71 }
      },
      "286": {
        "start": { "line": 700, "column": 52 },
        "end": { "line": 700, "column": 70 }
      },
      "287": {
        "start": { "line": 702, "column": 19 },
        "end": { "line": 702, "column": 49 }
      },
      "288": {
        "start": { "line": 704, "column": 2 },
        "end": { "line": 714, "column": 3 }
      },
      "289": {
        "start": { "line": 705, "column": 18 },
        "end": { "line": 709, "column": null }
      },
      "290": {
        "start": { "line": 711, "column": 4 },
        "end": { "line": 713, "column": 5 }
      },
      "291": {
        "start": { "line": 712, "column": 6 },
        "end": { "line": 712, "column": 32 }
      },
      "292": {
        "start": { "line": 719, "column": 2 },
        "end": { "line": 719, "column": 64 }
      },
      "293": {
        "start": { "line": 719, "column": 54 },
        "end": { "line": 719, "column": 64 }
      },
      "294": {
        "start": { "line": 721, "column": 26 },
        "end": { "line": 721, "column": 28 }
      },
      "295": {
        "start": { "line": 722, "column": 2 },
        "end": { "line": 724, "column": 3 }
      },
      "296": {
        "start": { "line": 723, "column": 4 },
        "end": { "line": 723, "column": 63 }
      },
      "297": {
        "start": { "line": 726, "column": 25 },
        "end": { "line": 726, "column": 59 }
      },
      "298": {
        "start": { "line": 727, "column": 19 },
        "end": { "line": 727, "column": 70 }
      },
      "299": {
        "start": { "line": 729, "column": 4 },
        "end": { "line": 729, "column": 72 }
      },
      "300": {
        "start": { "line": 730, "column": 17 },
        "end": { "line": 737, "column": 14 }
      },
      "301": {
        "start": { "line": 739, "column": 2 },
        "end": { "line": 739, "column": 56 }
      },
      "302": {
        "start": { "line": 740, "column": 2 },
        "end": { "line": 740, "column": 24 }
      },
      "303": {
        "start": { "line": 741, "column": 2 },
        "end": { "line": 741, "column": 20 }
      },
      "304": {
        "start": { "line": 742, "column": 2 },
        "end": { "line": 742, "column": 26 }
      },
      "305": {
        "start": { "line": 746, "column": 2 },
        "end": { "line": 748, "column": 47 }
      },
      "306": {
        "start": { "line": 747, "column": 40 },
        "end": { "line": 747, "column": 64 }
      },
      "307": {
        "start": { "line": 748, "column": 30 },
        "end": { "line": 748, "column": 45 }
      },
      "308": {
        "start": { "line": 757, "column": 22 },
        "end": { "line": 757, "column": 29 }
      },
      "309": {
        "start": { "line": 759, "column": 4 },
        "end": { "line": 761, "column": 10 }
      },
      "310": {
        "start": { "line": 764, "column": 4 },
        "end": { "line": 767, "column": 30 }
      },
      "311": {
        "start": { "line": 768, "column": 24 },
        "end": { "line": 768, "column": 78 }
      },
      "312": {
        "start": { "line": 769, "column": 15 },
        "end": { "line": 769, "column": 33 }
      },
      "313": {
        "start": { "line": 772, "column": 2 },
        "end": { "line": 774, "column": 3 }
      },
      "314": {
        "start": { "line": 773, "column": 4 },
        "end": { "line": 773, "column": 16 }
      },
      "315": {
        "start": { "line": 777, "column": 23 },
        "end": { "line": 777, "column": 57 }
      },
      "316": {
        "start": { "line": 778, "column": 24 },
        "end": { "line": 778, "column": 52 }
      },
      "317": {
        "start": { "line": 780, "column": 26 },
        "end": { "line": 780, "column": 36 }
      },
      "318": {
        "start": { "line": 781, "column": 2 },
        "end": { "line": 785, "column": 3 }
      },
      "319": {
        "start": { "line": 782, "column": 4 },
        "end": { "line": 782, "column": 37 }
      },
      "320": {
        "start": { "line": 783, "column": 9 },
        "end": { "line": 785, "column": 3 }
      },
      "321": {
        "start": { "line": 784, "column": 4 },
        "end": { "line": 784, "column": 39 }
      },
      "322": {
        "start": { "line": 787, "column": 16 },
        "end": { "line": 792, "column": null }
      },
      "323": {
        "start": { "line": 795, "column": 19 },
        "end": { "line": 795, "column": 40 }
      },
      "324": {
        "start": { "line": 796, "column": 2 },
        "end": { "line": 798, "column": 3 }
      },
      "325": {
        "start": { "line": 797, "column": 4 },
        "end": { "line": 797, "column": 47 }
      },
      "326": {
        "start": { "line": 799, "column": 2 },
        "end": { "line": 799, "column": 28 }
      },
      "327": {
        "start": { "line": 799, "column": 16 },
        "end": { "line": 799, "column": 28 }
      },
      "328": {
        "start": { "line": 801, "column": 21 },
        "end": { "line": 801, "column": 62 }
      },
      "329": {
        "start": { "line": 802, "column": 2 },
        "end": { "line": 802, "column": 74 }
      },
      "330": {
        "start": { "line": 814, "column": 22 },
        "end": { "line": 814, "column": 29 }
      },
      "331": {
        "start": { "line": 815, "column": 2 },
        "end": { "line": 817, "column": 3 }
      },
      "332": {
        "start": { "line": 816, "column": 4 },
        "end": { "line": 816, "column": 41 }
      },
      "333": {
        "start": { "line": 821, "column": 4 },
        "end": { "line": 824, "column": 39 }
      },
      "334": {
        "start": { "line": 826, "column": 2 },
        "end": { "line": 828, "column": 3 }
      },
      "335": {
        "start": { "line": 827, "column": 4 },
        "end": { "line": 827, "column": 50 }
      },
      "336": {
        "start": { "line": 830, "column": 2 },
        "end": { "line": 835, "column": 3 }
      },
      "337": {
        "start": { "line": 831, "column": 4 },
        "end": { "line": 834, "column": 6 }
      },
      "338": {
        "start": { "line": 837, "column": 20 },
        "end": { "line": 837, "column": 67 }
      },
      "339": {
        "start": { "line": 838, "column": 2 },
        "end": { "line": 840, "column": 3 }
      },
      "340": {
        "start": { "line": 839, "column": 4 },
        "end": { "line": 839, "column": 44 }
      },
      "341": {
        "start": { "line": 842, "column": 2 },
        "end": { "line": 844, "column": 3 }
      },
      "342": {
        "start": { "line": 843, "column": 4 },
        "end": { "line": 843, "column": 44 }
      },
      "343": {
        "start": { "line": 846, "column": 2 },
        "end": { "line": 852, "column": 3 }
      },
      "344": {
        "start": { "line": 847, "column": 21 },
        "end": { "line": 847, "column": 63 }
      },
      "345": {
        "start": { "line": 848, "column": 21 },
        "end": { "line": 848, "column": 52 }
      },
      "346": {
        "start": { "line": 850, "column": 6 },
        "end": { "line": 850, "column": 70 }
      },
      "347": {
        "start": { "line": 851, "column": 4 },
        "end": { "line": 851, "column": 50 }
      },
      "348": {
        "start": { "line": 854, "column": 20 },
        "end": { "line": 854, "column": 77 }
      },
      "349": {
        "start": { "line": 856, "column": 2 },
        "end": { "line": 931, "column": 3 }
      },
      "350": {
        "start": { "line": 858, "column": 6 },
        "end": { "line": 858, "column": 79 }
      },
      "351": {
        "start": { "line": 860, "column": 6 },
        "end": { "line": 860, "column": 45 }
      },
      "352": {
        "start": { "line": 862, "column": 6 },
        "end": { "line": 865, "column": 8 }
      },
      "353": {
        "start": { "line": 867, "column": 6 },
        "end": { "line": 867, "column": 49 }
      },
      "354": {
        "start": { "line": 869, "column": 6 },
        "end": { "line": 869, "column": 46 }
      },
      "355": {
        "start": { "line": 871, "column": 20 },
        "end": { "line": 871, "column": 38 }
      },
      "356": {
        "start": { "line": 873, "column": 30 },
        "end": { "line": 873, "column": 74 }
      },
      "357": {
        "start": { "line": 875, "column": 8 },
        "end": { "line": 875, "column": 70 }
      },
      "358": {
        "start": { "line": 876, "column": 23 },
        "end": { "line": 881, "column": null }
      },
      "359": {
        "start": { "line": 883, "column": 6 },
        "end": { "line": 883, "column": 55 }
      },
      "360": {
        "start": { "line": 886, "column": 23 },
        "end": { "line": 886, "column": 59 }
      },
      "361": {
        "start": { "line": 888, "column": 8 },
        "end": { "line": 890, "column": 33 }
      },
      "362": {
        "start": { "line": 891, "column": 24 },
        "end": { "line": 891, "column": 67 }
      },
      "363": {
        "start": { "line": 893, "column": 8 },
        "end": { "line": 895, "column": 41 }
      },
      "364": {
        "start": { "line": 899, "column": 8 },
        "end": { "line": 906, "column": 21 }
      },
      "365": {
        "start": { "line": 907, "column": 6 },
        "end": { "line": 909, "column": 7 }
      },
      "366": {
        "start": { "line": 908, "column": 8 },
        "end": { "line": 908, "column": 48 }
      },
      "367": {
        "start": { "line": 911, "column": 21 },
        "end": { "line": 911, "column": 59 }
      },
      "368": {
        "start": { "line": 915, "column": 6 },
        "end": { "line": 921, "column": 7 }
      },
      "369": {
        "start": { "line": 916, "column": 8 },
        "end": { "line": 920, "column": 10 }
      },
      "370": {
        "start": { "line": 923, "column": 6 },
        "end": { "line": 926, "column": 7 }
      },
      "371": {
        "start": { "line": 924, "column": 8 },
        "end": { "line": 924, "column": 57 }
      },
      "372": {
        "start": { "line": 925, "column": 8 },
        "end": { "line": 925, "column": 50 }
      },
      "373": {
        "start": { "line": 927, "column": 6 },
        "end": { "line": 927, "column": 46 }
      },
      "374": {
        "start": { "line": 930, "column": 6 },
        "end": { "line": 930, "column": 48 }
      },
      "375": {
        "start": { "line": 938, "column": 38 },
        "end": { "line": 938, "column": 66 }
      },
      "376": {
        "start": { "line": 940, "column": 2 },
        "end": { "line": 942, "column": 3 }
      },
      "377": {
        "start": { "line": 941, "column": 4 },
        "end": { "line": 941, "column": 16 }
      },
      "378": {
        "start": { "line": 944, "column": 20 },
        "end": { "line": 944, "column": 63 }
      },
      "379": {
        "start": { "line": 945, "column": 2 },
        "end": { "line": 947, "column": 3 }
      },
      "380": {
        "start": { "line": 946, "column": 4 },
        "end": { "line": 946, "column": 21 }
      },
      "381": {
        "start": { "line": 949, "column": 2 },
        "end": { "line": 951, "column": 3 }
      },
      "382": {
        "start": { "line": 950, "column": 4 },
        "end": { "line": 950, "column": 43 }
      },
      "383": {
        "start": { "line": 953, "column": 19 },
        "end": { "line": 953, "column": 46 }
      },
      "384": {
        "start": { "line": 954, "column": 23 },
        "end": { "line": 954, "column": 61 }
      },
      "385": {
        "start": { "line": 955, "column": 2 },
        "end": { "line": 957, "column": 3 }
      },
      "386": {
        "start": { "line": 956, "column": 4 },
        "end": { "line": 956, "column": 16 }
      },
      "387": {
        "start": { "line": 959, "column": 2 },
        "end": { "line": 959, "column": 55 }
      },
      "388": {
        "start": { "line": 960, "column": 2 },
        "end": { "line": 960, "column": 22 }
      },
      "389": {
        "start": { "line": 968, "column": 2 },
        "end": { "line": 1006, "column": 3 }
      },
      "390": {
        "start": { "line": 971, "column": 21 },
        "end": { "line": 971, "column": 60 }
      },
      "391": {
        "start": { "line": 972, "column": 24 },
        "end": { "line": 972, "column": 58 }
      },
      "392": {
        "start": { "line": 973, "column": 18 },
        "end": { "line": 973, "column": 71 }
      },
      "393": {
        "start": { "line": 974, "column": 4 },
        "end": { "line": 986, "column": 5 }
      },
      "394": {
        "start": { "line": 975, "column": 6 },
        "end": { "line": 977, "column": 19 }
      },
      "395": {
        "start": { "line": 978, "column": 11 },
        "end": { "line": 986, "column": 5 }
      },
      "396": {
        "start": { "line": 980, "column": 14 },
        "end": { "line": 980, "column": 30 }
      },
      "397": {
        "start": { "line": 981, "column": 6 },
        "end": { "line": 984, "column": 7 }
      },
      "398": {
        "start": { "line": 981, "column": 19 },
        "end": { "line": 981, "column": 20 }
      },
      "399": {
        "start": { "line": 982, "column": 8 },
        "end": { "line": 982, "column": 35 }
      },
      "400": {
        "start": { "line": 983, "column": 8 },
        "end": { "line": 983, "column": 41 }
      },
      "401": {
        "start": { "line": 985, "column": 6 },
        "end": { "line": 985, "column": 37 }
      },
      "402": {
        "start": { "line": 987, "column": 4 },
        "end": { "line": 987, "column": 54 }
      },
      "403": {
        "start": { "line": 988, "column": 23 },
        "end": { "line": 990, "column": null }
      },
      "404": {
        "start": { "line": 992, "column": 4 },
        "end": { "line": 1005, "column": 6 }
      },
      "405": {
        "start": { "line": 1008, "column": 2 },
        "end": { "line": 1013, "column": 3 }
      },
      "406": {
        "start": { "line": 1009, "column": 4 },
        "end": { "line": 1012, "column": 6 }
      },
      "407": {
        "start": { "line": 1015, "column": 2 },
        "end": { "line": 1015, "column": 23 }
      },
      "408": {
        "start": { "line": 1017, "column": 18 },
        "end": { "line": 1017, "column": 34 }
      },
      "409": {
        "start": { "line": 1018, "column": 2 },
        "end": { "line": 1020, "column": 3 }
      },
      "410": {
        "start": { "line": 1019, "column": 4 },
        "end": { "line": 1019, "column": 55 }
      },
      "411": {
        "start": { "line": 1022, "column": 16 },
        "end": { "line": 1022, "column": 76 }
      },
      "412": {
        "start": { "line": 1023, "column": 21 },
        "end": { "line": 1023, "column": 39 }
      },
      "413": {
        "start": { "line": 1025, "column": 2 },
        "end": { "line": 1057, "column": 3 }
      },
      "414": {
        "start": { "line": 1026, "column": 4 },
        "end": { "line": 1026, "column": 24 }
      },
      "415": {
        "start": { "line": 1026, "column": 15 },
        "end": { "line": 1026, "column": 24 }
      },
      "416": {
        "start": { "line": 1029, "column": 4 },
        "end": { "line": 1032, "column": 5 }
      },
      "417": {
        "start": { "line": 1030, "column": 23 },
        "end": { "line": 1030, "column": 65 }
      },
      "418": {
        "start": { "line": 1031, "column": 6 },
        "end": { "line": 1031, "column": 32 }
      },
      "419": {
        "start": { "line": 1035, "column": 15 },
        "end": { "line": 1035, "column": 41 }
      },
      "420": {
        "start": { "line": 1037, "column": 4 },
        "end": { "line": 1047, "column": 5 }
      },
      "421": {
        "start": { "line": 1039, "column": 20 },
        "end": { "line": 1039, "column": 38 }
      },
      "422": {
        "start": { "line": 1040, "column": 6 },
        "end": { "line": 1040, "column": 41 }
      },
      "423": {
        "start": { "line": 1043, "column": 6 },
        "end": { "line": 1046, "column": 7 }
      },
      "424": {
        "start": { "line": 1044, "column": 22 },
        "end": { "line": 1044, "column": 40 }
      },
      "425": {
        "start": { "line": 1045, "column": 8 },
        "end": { "line": 1045, "column": 43 }
      },
      "426": {
        "start": { "line": 1049, "column": 4 },
        "end": { "line": 1049, "column": 19 }
      },
      "427": {
        "start": { "line": 1051, "column": 4 },
        "end": { "line": 1056, "column": 5 }
      },
      "428": {
        "start": { "line": 1052, "column": 6 },
        "end": { "line": 1055, "column": 8 }
      },
      "429": {
        "start": { "line": 1059, "column": 2 },
        "end": { "line": 1059, "column": 52 }
      },
      "430": {
        "start": { "line": 1065, "column": 2 },
        "end": { "line": 1065, "column": 45 }
      },
      "431": {
        "start": { "line": 1065, "column": 38 },
        "end": { "line": 1065, "column": 45 }
      },
      "432": {
        "start": { "line": 1067, "column": 18 },
        "end": { "line": 1067, "column": 57 }
      },
      "433": {
        "start": { "line": 1068, "column": 19 },
        "end": { "line": 1068, "column": 54 }
      },
      "434": {
        "start": { "line": 1071, "column": 26 },
        "end": { "line": 1071, "column": 78 }
      },
      "435": {
        "start": { "line": 1073, "column": 26 },
        "end": { "line": 1073, "column": 28 }
      },
      "436": {
        "start": { "line": 1074, "column": 20 },
        "end": { "line": 1074, "column": 25 }
      },
      "437": {
        "start": { "line": 1076, "column": 2 },
        "end": { "line": 1086, "column": 3 }
      },
      "438": {
        "start": { "line": 1077, "column": 4 },
        "end": { "line": 1077, "column": 39 }
      },
      "439": {
        "start": { "line": 1077, "column": 30 },
        "end": { "line": 1077, "column": 39 }
      },
      "440": {
        "start": { "line": 1078, "column": 4 },
        "end": { "line": 1078, "column": 53 }
      },
      "441": {
        "start": { "line": 1078, "column": 44 },
        "end": { "line": 1078, "column": 53 }
      },
      "442": {
        "start": { "line": 1079, "column": 4 },
        "end": { "line": 1079, "column": 46 }
      },
      "443": {
        "start": { "line": 1079, "column": 37 },
        "end": { "line": 1079, "column": 46 }
      },
      "444": {
        "start": { "line": 1081, "column": 4 },
        "end": { "line": 1084, "column": 5 }
      },
      "445": {
        "start": { "line": 1082, "column": 6 },
        "end": { "line": 1082, "column": 38 }
      },
      "446": {
        "start": { "line": 1083, "column": 6 },
        "end": { "line": 1083, "column": 25 }
      },
      "447": {
        "start": { "line": 1085, "column": 4 },
        "end": { "line": 1085, "column": 35 }
      },
      "448": {
        "start": { "line": 1088, "column": 2 },
        "end": { "line": 1095, "column": 3 }
      },
      "449": {
        "start": { "line": 1094, "column": 4 },
        "end": { "line": 1094, "column": 49 }
      },
      "450": {
        "start": { "line": 1099, "column": 18 },
        "end": { "line": 1099, "column": 45 }
      },
      "451": {
        "start": { "line": 1100, "column": 2 },
        "end": { "line": 1100, "column": 54 }
      },
      "452": {
        "start": { "line": 1100, "column": 47 },
        "end": { "line": 1100, "column": 54 }
      },
      "453": {
        "start": { "line": 1102, "column": 2 },
        "end": { "line": 1102, "column": 42 }
      },
      "454": {
        "start": { "line": 1103, "column": 2 },
        "end": { "line": 1110, "column": 3 }
      },
      "455": {
        "start": { "line": 1104, "column": 4 },
        "end": { "line": 1108, "column": 5 }
      },
      "456": {
        "start": { "line": 1105, "column": 6 },
        "end": { "line": 1107, "column": 8 }
      },
      "457": {
        "start": { "line": 1109, "column": 4 },
        "end": { "line": 1109, "column": 64 }
      },
      "458": {
        "start": { "line": 1114, "column": 14 },
        "end": { "line": 1114, "column": 44 }
      },
      "459": {
        "start": { "line": 1115, "column": 2 },
        "end": { "line": 1115, "column": 19 }
      },
      "460": {
        "start": { "line": 1115, "column": 12 },
        "end": { "line": 1115, "column": 19 }
      },
      "461": {
        "start": { "line": 1117, "column": 2 },
        "end": { "line": 1133, "column": 3 }
      },
      "462": {
        "start": { "line": 1119, "column": 9 },
        "end": { "line": 1133, "column": 3 }
      },
      "463": {
        "start": { "line": 1120, "column": 18 },
        "end": { "line": 1120, "column": 34 }
      },
      "464": {
        "start": { "line": 1121, "column": 4 },
        "end": { "line": 1130, "column": 5 }
      },
      "465": {
        "start": { "line": 1122, "column": 6 },
        "end": { "line": 1126, "column": 7 }
      },
      "466": {
        "start": { "line": 1123, "column": 8 },
        "end": { "line": 1125, "column": 10 }
      },
      "467": {
        "start": { "line": 1127, "column": 19 },
        "end": { "line": 1127, "column": 48 }
      },
      "468": {
        "start": { "line": 1128, "column": 25 },
        "end": { "line": 1128, "column": 45 }
      },
      "469": {
        "start": { "line": 1129, "column": 6 },
        "end": { "line": 1129, "column": 52 }
      },
      "470": {
        "start": { "line": 1131, "column": 4 },
        "end": { "line": 1131, "column": 22 }
      },
      "471": {
        "start": { "line": 1132, "column": 4 },
        "end": { "line": 1132, "column": 42 }
      },
      "472": {
        "start": { "line": 1135, "column": 2 },
        "end": { "line": 1151, "column": 3 }
      },
      "473": {
        "start": { "line": 1136, "column": 4 },
        "end": { "line": 1136, "column": 11 }
      },
      "474": {
        "start": { "line": 1137, "column": 9 },
        "end": { "line": 1151, "column": 3 }
      },
      "475": {
        "start": { "line": 1138, "column": 18 },
        "end": { "line": 1138, "column": 37 }
      },
      "476": {
        "start": { "line": 1139, "column": 4 },
        "end": { "line": 1148, "column": 5 }
      },
      "477": {
        "start": { "line": 1140, "column": 6 },
        "end": { "line": 1144, "column": 7 }
      },
      "478": {
        "start": { "line": 1141, "column": 8 },
        "end": { "line": 1143, "column": 10 }
      },
      "479": {
        "start": { "line": 1145, "column": 19 },
        "end": { "line": 1145, "column": 48 }
      },
      "480": {
        "start": { "line": 1146, "column": 25 },
        "end": { "line": 1146, "column": 45 }
      },
      "481": {
        "start": { "line": 1147, "column": 6 },
        "end": { "line": 1147, "column": 52 }
      },
      "482": {
        "start": { "line": 1149, "column": 4 },
        "end": { "line": 1149, "column": 22 }
      },
      "483": {
        "start": { "line": 1150, "column": 4 },
        "end": { "line": 1150, "column": 42 }
      },
      "484": {
        "start": { "line": 1159, "column": 19 },
        "end": { "line": 1159, "column": 43 }
      },
      "485": {
        "start": { "line": 1160, "column": 30 },
        "end": { "line": 1160, "column": 65 }
      },
      "486": {
        "start": { "line": 1161, "column": 29 },
        "end": { "line": 1161, "column": 63 }
      },
      "487": {
        "start": { "line": 1162, "column": 27 },
        "end": { "line": 1162, "column": 74 }
      },
      "488": {
        "start": { "line": 1163, "column": 19 },
        "end": { "line": 1163, "column": 44 }
      },
      "489": {
        "start": { "line": 1164, "column": 30 },
        "end": { "line": 1164, "column": 58 }
      },
      "490": {
        "start": { "line": 1166, "column": 4 },
        "end": { "line": 1170, "column": 16 }
      },
      "491": {
        "start": { "line": 1171, "column": 23 },
        "end": { "line": 1171, "column": 52 }
      },
      "492": {
        "start": { "line": 1172, "column": 24 },
        "end": { "line": 1172, "column": 54 }
      },
      "493": {
        "start": { "line": 1174, "column": 4 },
        "end": { "line": 1174, "column": 47 }
      },
      "494": {
        "start": { "line": 1175, "column": 28 },
        "end": { "line": 1175, "column": 61 }
      },
      "495": {
        "start": { "line": 1176, "column": 19 },
        "end": { "line": 1176, "column": 41 }
      },
      "496": {
        "start": { "line": 1178, "column": 23 },
        "end": { "line": 1181, "column": null }
      },
      "497": {
        "start": { "line": 1183, "column": 26 },
        "end": { "line": 1183, "column": 76 }
      },
      "498": {
        "start": { "line": 1184, "column": 25 },
        "end": { "line": 1184, "column": 78 }
      },
      "499": {
        "start": { "line": 1184, "column": 58 },
        "end": { "line": 1184, "column": 77 }
      },
      "500": {
        "start": { "line": 1186, "column": 36 },
        "end": { "line": 1186, "column": 75 }
      },
      "501": {
        "start": { "line": 1187, "column": 25 },
        "end": { "line": 1187, "column": 56 }
      },
      "502": {
        "start": { "line": 1188, "column": 32 },
        "end": { "line": 1188, "column": 66 }
      },
      "503": {
        "start": { "line": 1189, "column": 21 },
        "end": { "line": 1189, "column": 60 }
      },
      "504": {
        "start": { "line": 1191, "column": 30 },
        "end": { "line": 1200, "column": 4 }
      },
      "505": {
        "start": { "line": 1201, "column": 34 },
        "end": { "line": 1201, "column": 74 }
      },
      "506": {
        "start": { "line": 1203, "column": 2 },
        "end": { "line": 1224, "column": 4 }
      },
      "507": {
        "start": { "line": 1228, "column": 30 },
        "end": { "line": 1228, "column": 38 }
      },
      "508": {
        "start": { "line": 1230, "column": 2 },
        "end": { "line": 1271, "column": 3 }
      },
      "509": {
        "start": { "line": 1231, "column": 20 },
        "end": { "line": 1231, "column": 31 }
      },
      "510": {
        "start": { "line": 1232, "column": 4 },
        "end": { "line": 1232, "column": 58 }
      },
      "511": {
        "start": { "line": 1232, "column": 49 },
        "end": { "line": 1232, "column": 58 }
      },
      "512": {
        "start": { "line": 1234, "column": 4 },
        "end": { "line": 1243, "column": 5 }
      },
      "513": {
        "start": { "line": 1242, "column": 6 },
        "end": { "line": 1242, "column": 18 }
      },
      "514": {
        "start": { "line": 1245, "column": 23 },
        "end": { "line": 1245, "column": 54 }
      },
      "515": {
        "start": { "line": 1246, "column": 4 },
        "end": { "line": 1258, "column": 5 }
      },
      "516": {
        "start": { "line": 1247, "column": 6 },
        "end": { "line": 1257, "column": 7 }
      },
      "517": {
        "start": { "line": 1248, "column": 22 },
        "end": { "line": 1248, "column": 64 }
      },
      "518": {
        "start": { "line": 1249, "column": 8 },
        "end": { "line": 1256, "column": 9 }
      },
      "519": {
        "start": { "line": 1255, "column": 10 },
        "end": { "line": 1255, "column": 22 }
      },
      "520": {
        "start": { "line": 1260, "column": 4 },
        "end": { "line": 1262, "column": 5 }
      },
      "521": {
        "start": { "line": 1261, "column": 6 },
        "end": { "line": 1261, "column": 55 }
      },
      "522": {
        "start": { "line": 1263, "column": 4 },
        "end": { "line": 1265, "column": 5 }
      },
      "523": {
        "start": { "line": 1264, "column": 6 },
        "end": { "line": 1264, "column": 46 }
      },
      "524": {
        "start": { "line": 1266, "column": 4 },
        "end": { "line": 1266, "column": 67 }
      },
      "525": {
        "start": { "line": 1266, "column": 38 },
        "end": { "line": 1266, "column": 67 }
      },
      "526": {
        "start": { "line": 1267, "column": 4 },
        "end": { "line": 1267, "column": 67 }
      },
      "527": {
        "start": { "line": 1267, "column": 38 },
        "end": { "line": 1267, "column": 67 }
      },
      "528": {
        "start": { "line": 1268, "column": 4 },
        "end": { "line": 1268, "column": 67 }
      },
      "529": {
        "start": { "line": 1268, "column": 38 },
        "end": { "line": 1268, "column": 67 }
      },
      "530": {
        "start": { "line": 1269, "column": 4 },
        "end": { "line": 1269, "column": 67 }
      },
      "531": {
        "start": { "line": 1269, "column": 23 },
        "end": { "line": 1269, "column": 67 }
      },
      "532": {
        "start": { "line": 1270, "column": 4 },
        "end": { "line": 1270, "column": 79 }
      },
      "533": {
        "start": { "line": 1270, "column": 29 },
        "end": { "line": 1270, "column": 79 }
      },
      "534": {
        "start": { "line": 1273, "column": 2 },
        "end": { "line": 1273, "column": 16 }
      },
      "535": {
        "start": { "line": 1278, "column": 4 },
        "end": { "line": 1340, "column": 5 }
      },
      "536": {
        "start": { "line": 1280, "column": 8 },
        "end": { "line": 1282, "column": 28 }
      },
      "537": {
        "start": { "line": 1283, "column": 26 },
        "end": { "line": 1283, "column": 45 }
      },
      "538": {
        "start": { "line": 1284, "column": 25 },
        "end": { "line": 1284, "column": 53 }
      },
      "539": {
        "start": { "line": 1286, "column": 8 },
        "end": { "line": 1288, "column": 40 }
      },
      "540": {
        "start": { "line": 1289, "column": 58 },
        "end": { "line": 1292, "column": 8 }
      },
      "541": {
        "start": { "line": 1294, "column": 18 },
        "end": { "line": 1294, "column": 66 }
      },
      "542": {
        "start": { "line": 1296, "column": 19 },
        "end": { "line": 1296, "column": 22 }
      },
      "543": {
        "start": { "line": 1297, "column": 6 },
        "end": { "line": 1304, "column": 7 }
      },
      "544": {
        "start": { "line": 1298, "column": 8 },
        "end": { "line": 1303, "column": 9 }
      },
      "545": {
        "start": { "line": 1299, "column": 10 },
        "end": { "line": 1299, "column": 26 }
      },
      "546": {
        "start": { "line": 1301, "column": 22 },
        "end": { "line": 1301, "column": 54 }
      },
      "547": {
        "start": { "line": 1302, "column": 10 },
        "end": { "line": 1302, "column": 39 }
      },
      "548": {
        "start": { "line": 1306, "column": 40 },
        "end": { "line": 1306, "column": 42 }
      },
      "549": {
        "start": { "line": 1307, "column": 27 },
        "end": { "line": 1309, "column": 14 }
      },
      "550": {
        "start": { "line": 1308, "column": 15 },
        "end": { "line": 1308, "column": 39 }
      },
      "551": {
        "start": { "line": 1310, "column": 25 },
        "end": { "line": 1312, "column": 14 }
      },
      "552": {
        "start": { "line": 1311, "column": 15 },
        "end": { "line": 1311, "column": 37 }
      },
      "553": {
        "start": { "line": 1314, "column": 8 },
        "end": { "line": 1315, "column": 62 }
      },
      "554": {
        "start": { "line": 1317, "column": 6 },
        "end": { "line": 1323, "column": 8 }
      },
      "555": {
        "start": { "line": 1325, "column": 37 },
        "end": { "line": 1331, "column": 8 }
      },
      "556": {
        "start": { "line": 1333, "column": 6 },
        "end": { "line": 1339, "column": 8 }
      },
      "557": {
        "start": { "line": 1276, "column": 0 },
        "end": { "line": 1276, "column": 13 }
      },
      "558": {
        "start": { "line": 1352, "column": 2 },
        "end": { "line": 1360, "column": 3 }
      },
      "559": {
        "start": { "line": 1356, "column": 4 },
        "end": { "line": 1356, "column": 53 }
      },
      "560": {
        "start": { "line": 1357, "column": 4 },
        "end": { "line": 1357, "column": 27 }
      },
      "561": {
        "start": { "line": 1359, "column": 4 },
        "end": { "line": 1359, "column": 43 }
      },
      "562": {
        "start": { "line": 1363, "column": 4 },
        "end": { "line": 1363, "column": 60 }
      },
      "563": {
        "start": { "line": 1365, "column": 23 },
        "end": { "line": 1365, "column": 52 }
      },
      "564": {
        "start": { "line": 1366, "column": 2 },
        "end": { "line": 1368, "column": 3 }
      },
      "565": {
        "start": { "line": 1367, "column": 4 },
        "end": { "line": 1367, "column": 31 }
      },
      "566": {
        "start": { "line": 1370, "column": 23 },
        "end": { "line": 1370, "column": 47 }
      },
      "567": {
        "start": { "line": 1371, "column": 2 },
        "end": { "line": 1377, "column": 3 }
      },
      "568": {
        "start": { "line": 1374, "column": 4 },
        "end": { "line": 1376, "column": 5 }
      },
      "569": {
        "start": { "line": 1375, "column": 6 },
        "end": { "line": 1375, "column": 62 }
      },
      "570": {
        "start": { "line": 1378, "column": 2 },
        "end": { "line": 1385, "column": 3 }
      },
      "571": {
        "start": { "line": 1384, "column": 4 },
        "end": { "line": 1384, "column": 65 }
      },
      "572": {
        "start": { "line": 1387, "column": 2 },
        "end": { "line": 1389, "column": 3 }
      },
      "573": {
        "start": { "line": 1388, "column": 4 },
        "end": { "line": 1388, "column": 60 }
      },
      "574": {
        "start": { "line": 1391, "column": 2 },
        "end": { "line": 1391, "column": 68 }
      },
      "575": {
        "start": { "line": 1391, "column": 16 },
        "end": { "line": 1391, "column": 68 }
      },
      "576": {
        "start": { "line": 1392, "column": 2 },
        "end": { "line": 1392, "column": 14 }
      },
      "577": {
        "start": { "line": 1403, "column": 15 },
        "end": { "line": 1403, "column": 59 }
      },
      "578": {
        "start": { "line": 1404, "column": 2 },
        "end": { "line": 1404, "column": 28 }
      },
      "579": {
        "start": { "line": 1404, "column": 16 },
        "end": { "line": 1404, "column": 28 }
      },
      "580": {
        "start": { "line": 1405, "column": 18 },
        "end": { "line": 1405, "column": 22 }
      },
      "581": {
        "start": { "line": 1406, "column": 10 },
        "end": { "line": 1406, "column": 11 }
      },
      "582": {
        "start": { "line": 1407, "column": 2 },
        "end": { "line": 1413, "column": 3 }
      },
      "583": {
        "start": { "line": 1411, "column": 4 },
        "end": { "line": 1411, "column": 30 }
      },
      "584": {
        "start": { "line": 1412, "column": 4 },
        "end": { "line": 1412, "column": 11 }
      },
      "585": {
        "start": { "line": 1414, "column": 2 },
        "end": { "line": 1414, "column": 19 }
      },
      "586": {
        "start": { "line": 1421, "column": 2 },
        "end": { "line": 1425, "column": 3 }
      },
      "587": {
        "start": { "line": 1422, "column": 12 },
        "end": { "line": 1422, "column": 48 }
      },
      "588": {
        "start": { "line": 1423, "column": 4 },
        "end": { "line": 1423, "column": 38 }
      },
      "589": {
        "start": { "line": 1423, "column": 26 },
        "end": { "line": 1423, "column": 38 }
      },
      "590": {
        "start": { "line": 1424, "column": 4 },
        "end": { "line": 1424, "column": 13 }
      },
      "591": {
        "start": { "line": 1426, "column": 2 },
        "end": { "line": 1434, "column": 33 }
      },
      "592": {
        "start": { "line": 1439, "column": 2 },
        "end": { "line": 1444, "column": 3 }
      },
      "593": {
        "start": { "line": 1440, "column": 4 },
        "end": { "line": 1440, "column": 47 }
      },
      "594": {
        "start": { "line": 1443, "column": 4 },
        "end": { "line": 1443, "column": 60 }
      },
      "595": {
        "start": { "line": 1446, "column": 18 },
        "end": { "line": 1446, "column": 53 }
      },
      "596": {
        "start": { "line": 1447, "column": 2 },
        "end": { "line": 1447, "column": 62 }
      },
      "597": {
        "start": { "line": 1451, "column": 2 },
        "end": { "line": 1451, "column": 42 }
      },
      "598": {
        "start": { "line": 1451, "column": 21 },
        "end": { "line": 1451, "column": 42 }
      },
      "599": {
        "start": { "line": 1452, "column": 2 },
        "end": { "line": 1452, "column": 24 }
      },
      "600": {
        "start": { "line": 1456, "column": 16 },
        "end": { "line": 1456, "column": 50 }
      },
      "601": {
        "start": { "line": 1457, "column": 2 },
        "end": { "line": 1457, "column": 68 }
      },
      "602": {
        "start": { "line": 1461, "column": 2 },
        "end": { "line": 1461, "column": 57 }
      },
      "603": {
        "start": { "line": 1465, "column": 2 },
        "end": { "line": 1469, "column": 3 }
      },
      "604": {
        "start": { "line": 1466, "column": 18 },
        "end": { "line": 1466, "column": 29 }
      },
      "605": {
        "start": { "line": 1467, "column": 4 },
        "end": { "line": 1467, "column": 46 }
      },
      "606": {
        "start": { "line": 1467, "column": 29 },
        "end": { "line": 1467, "column": 46 }
      },
      "607": {
        "start": { "line": 1468, "column": 4 },
        "end": { "line": 1468, "column": 23 }
      },
      "608": {
        "start": { "line": 1470, "column": 2 },
        "end": { "line": 1470, "column": 21 }
      },
      "609": {
        "start": { "line": 1477, "column": 2 },
        "end": { "line": 1479, "column": 3 }
      },
      "610": {
        "start": { "line": 1478, "column": 4 },
        "end": { "line": 1478, "column": 16 }
      },
      "611": {
        "start": { "line": 1482, "column": 4 },
        "end": { "line": 1484, "column": 38 }
      },
      "612": {
        "start": { "line": 1486, "column": 2 },
        "end": { "line": 1493, "column": 3 }
      },
      "613": {
        "start": { "line": 1487, "column": 4 },
        "end": { "line": 1491, "column": 5 }
      },
      "614": {
        "start": { "line": 1492, "column": 4 },
        "end": { "line": 1492, "column": 20 }
      },
      "615": {
        "start": { "line": 1495, "column": 2 },
        "end": { "line": 1499, "column": 3 }
      },
      "616": {
        "start": { "line": 1496, "column": 18 },
        "end": { "line": 1496, "column": 58 }
      },
      "617": {
        "start": { "line": 1497, "column": 4 },
        "end": { "line": 1497, "column": 48 }
      },
      "618": {
        "start": { "line": 1497, "column": 17 },
        "end": { "line": 1497, "column": 48 }
      },
      "619": {
        "start": { "line": 1498, "column": 4 },
        "end": { "line": 1498, "column": 17 }
      },
      "620": {
        "start": { "line": 1501, "column": 21 },
        "end": { "line": 1505, "column": 17 }
      },
      "621": {
        "start": { "line": 1507, "column": 2 },
        "end": { "line": 1525, "column": 3 }
      },
      "622": {
        "start": { "line": 1509, "column": 6 },
        "end": { "line": 1509, "column": 53 }
      },
      "623": {
        "start": { "line": 1511, "column": 6 },
        "end": { "line": 1511, "column": 19 }
      },
      "624": {
        "start": { "line": 1513, "column": 6 },
        "end": { "line": 1513, "column": 59 }
      },
      "625": {
        "start": { "line": 1515, "column": 6 },
        "end": { "line": 1515, "column": 23 }
      },
      "626": {
        "start": { "line": 1517, "column": 23 },
        "end": { "line": 1519, "column": null }
      },
      "627": {
        "start": { "line": 1521, "column": 6 },
        "end": { "line": 1521, "column": 47 }
      },
      "628": {
        "start": { "line": 1524, "column": 6 },
        "end": { "line": 1524, "column": 18 }
      },
      "629": {
        "start": { "line": 1532, "column": 2 },
        "end": { "line": 1553, "column": 3 }
      },
      "630": {
        "start": { "line": 1534, "column": 6 },
        "end": { "line": 1534, "column": 55 }
      },
      "631": {
        "start": { "line": 1534, "column": 19 },
        "end": { "line": 1534, "column": 55 }
      },
      "632": {
        "start": { "line": 1535, "column": 6 },
[...]
      "29": {
        "start": { "line": 52, "column": 6 },
        "end": { "line": 55, "column": 9 }
      },
      "30": {
        "start": { "line": 58, "column": 4 },
        "end": { "line": 69, "column": 5 }
      },
      "31": {
        "start": { "line": 59, "column": 6 },
        "end": { "line": 68, "column": 7 }
      },
      "32": {
        "start": { "line": 60, "column": 8 },
        "end": { "line": 67, "column": 9 }
      },
      "33": {
        "start": { "line": 61, "column": 10 },
        "end": { "line": 61, "column": 66 }
      },
      "34": {
        "start": { "line": 62, "column": 15 },
        "end": { "line": 67, "column": 9 }
      },
      "35": {
        "start": { "line": 63, "column": 10 },
        "end": { "line": 66, "column": 13 }
      },
      "36": {
        "start": { "line": 71, "column": 4 },
        "end": { "line": 76, "column": 5 }
      },
      "37": {
        "start": { "line": 72, "column": 6 },
        "end": { "line": 75, "column": 9 }
      },
      "38": {
        "start": { "line": 77, "column": 4 },
        "end": { "line": 82, "column": 5 }
      },
      "39": {
        "start": { "line": 78, "column": 6 },
        "end": { "line": 81, "column": 9 }
      },
      "40": {
        "start": { "line": 83, "column": 4 },
        "end": { "line": 85, "column": 5 }
      },
      "41": {
        "start": { "line": 84, "column": 6 },
        "end": { "line": 84, "column": 44 }
      },
      "42": {
        "start": { "line": 86, "column": 4 },
        "end": { "line": 91, "column": 5 }
      },
      "43": {
        "start": { "line": 87, "column": 6 },
        "end": { "line": 90, "column": 9 }
      },
      "44": {
        "start": { "line": 94, "column": 2 },
        "end": { "line": 94, "column": 20 }
      },
      "45": {
        "start": { "line": 99, "column": 2 },
        "end": { "line": 101, "column": 3 }
      },
      "46": {
        "start": { "line": 100, "column": 4 },
        "end": { "line": 100, "column": 14 }
      },
      "47": {
        "start": { "line": 103, "column": 16 },
        "end": { "line": 110, "column": 4 }
      },
      "48": {
        "start": { "line": 104, "column": 4 },
        "end": { "line": 104, "column": 32 }
      },
      "49": {
        "start": { "line": 104, "column": 17 },
        "end": { "line": 104, "column": 32 }
      },
      "50": {
        "start": { "line": 105, "column": 4 },
        "end": { "line": 105, "column": 29 }
      },
      "51": {
        "start": { "line": 105, "column": 19 },
        "end": { "line": 105, "column": 29 }
      },
      "52": {
        "start": { "line": 106, "column": 17 },
        "end": { "line": 108, "column": 10 }
      },
      "53": {
        "start": { "line": 109, "column": 4 },
        "end": { "line": 109, "column": 33 }
      },
      "54": {
        "start": { "line": 112, "column": 2 },
        "end": { "line": 112, "column": 58 }
      },
      "55": {
        "start": { "line": 112, "column": 40 },
        "end": { "line": 112, "column": 47 }
      },
      "56": {
        "start": { "line": 116, "column": 2 },
        "end": { "line": 132, "column": 16 }
      },
      "57": {
        "start": { "line": 119, "column": 6 },
        "end": { "line": 128, "column": 7 }
      },
      "58": {
        "start": { "line": 120, "column": 8 },
        "end": { "line": 127, "column": 26 }
      },
      "59": {
        "start": { "line": 123, "column": 14 },
        "end": { "line": 125, "column": 30 }
      },
      "60": {
        "start": { "line": 124, "column": 36 },
        "end": { "line": 124, "column": 44 }
      },
      "61": {
        "start": { "line": 130, "column": 6 },
        "end": { "line": 130, "column": 48 }
      },
      "62": {
        "start": { "line": 136, "column": 31 },
        "end": { "line": 150, "column": 4 }
      },
      "63": {
        "start": { "line": 151, "column": 2 },
        "end": { "line": 151, "column": 40 }
      }
    },
    "fnMap": {
      "0": {
        "name": "extractDirectives",
        "decl": {
          "start": { "line": 9, "column": 16 },
          "end": { "line": 9, "column": 33 }
        },
        "loc": {
          "start": { "line": 11, "column": 38 },
          "end": { "line": 95, "column": 1 }
        }
      },
      "1": {
        "name": "printDirectives",
        "decl": {
          "start": { "line": 98, "column": 16 },
          "end": { "line": 98, "column": 31 }
        },
        "loc": {
          "start": { "line": 98, "column": 66 },
          "end": { "line": 113, "column": 1 }
        }
      },
      "2": {
        "name": "(anonymous_2)",
        "decl": {
          "start": { "line": 103, "column": 31 },
          "end": { "line": 103, "column": 32 }
        },
        "loc": {
          "start": { "line": 103, "column": 39 },
          "end": { "line": 110, "column": 3 }
        }
      },
      "3": {
        "name": "(anonymous_3)",
        "decl": {
          "start": { "line": 112, "column": 35 },
          "end": { "line": 112, "column": 36 }
        },
        "loc": {
          "start": { "line": 112, "column": 40 },
          "end": { "line": 112, "column": 47 }
        }
      },
      "4": {
        "name": "formatDirectiveArgs",
        "decl": {
          "start": { "line": 115, "column": 9 },
          "end": { "line": 115, "column": 28 }
        },
        "loc": {
          "start": { "line": 115, "column": 54 },
          "end": { "line": 133, "column": 1 }
        }
      },
      "5": {
        "name": "(anonymous_5)",
        "decl": {
          "start": { "line": 117, "column": 9 },
          "end": { "line": 117, "column": 10 }
        },
        "loc": {
          "start": { "line": 117, "column": 26 },
          "end": { "line": 131, "column": 5 }
        }
      },
      "6": {
        "name": "(anonymous_6)",
        "decl": {
          "start": { "line": 122, "column": 12 },
          "end": { "line": 122, "column": 13 }
        },
        "loc": {
          "start": { "line": 123, "column": 14 },
          "end": { "line": 125, "column": 30 }
        }
      },
      "7": {
        "name": "(anonymous_7)",
        "decl": {
          "start": { "line": 124, "column": 21 },
          "end": { "line": 124, "column": 22 }
        },
        "loc": {
          "start": { "line": 124, "column": 36 },
          "end": { "line": 124, "column": 44 }
        }
      },
      "8": {
        "name": "isFederationDirective",
        "decl": {
          "start": { "line": 135, "column": 9 },
          "end": { "line": 135, "column": 30 }
        },
        "loc": {
          "start": { "line": 135, "column": 43 },
          "end": { "line": 152, "column": 1 }
        }
      }
    },
    "branchMap": {
      "0": {
        "loc": {
          "start": { "line": 16, "column": 4 },
          "end": { "line": 17, "column": 41 }
        },
        "type": "binary-expr",
        "locations": [
          {
            "start": { "line": 16, "column": 5 },
            "end": { "line": 16, "column": 41 }
          },
          {
            "start": { "line": 16, "column": 45 },
            "end": { "line": 16, "column": 49 }
          },
          {
            "start": { "line": 17, "column": 4 },
            "end": { "line": 17, "column": 41 }
          }
        ]
      },
      "1": {
        "loc": {
          "start": { "line": 20, "column": 2 },
          "end": { "line": 35, "column": 3 }
        },
        "type": "if",
        "locations": [
          {
            "start": { "line": 20, "column": 2 },
            "end": { "line": 35, "column": 3 }
          }
        ]
      },
      "2": {
        "loc": {
          "start": { "line": 22, "column": 6 },
          "end": { "line": 30, "column": 7 }
        },
        "type": "if",
        "locations": [
          {
            "start": { "line": 22, "column": 6 },
            "end": { "line": 30, "column": 7 }
          }
        ]
      },
      "3": {
        "loc": {
          "start": { "line": 24, "column": 8 },
          "end": { "line": 28, "column": 9 }
        },
        "type": "if",
        "locations": [
          {
            "start": { "line": 24, "column": 8 },
            "end": { "line": 28, "column": 9 }
          }
        ]
      },
      "4": {
        "loc": {
          "start": { "line": 26, "column": 12 },
          "end": { "line": 26, "column": 76 }
        },
        "type": "if",
        "locations": [
          {
            "start": { "line": 26, "column": 12 },
            "end": { "line": 26, "column": 76 }
          }
        ]
      },
      "5": {
        "loc": {
          "start": { "line": 26, "column": 16 },
          "end": { "line": 26, "column": 65 }
        },
        "type": "binary-expr",
        "locations": [
          {
            "start": { "line": 26, "column": 16 },
            "end": { "line": 26, "column": 34 }
          },
          {
            "start": { "line": 26, "column": 38 },
            "end": { "line": 26, "column": 65 }
          }
        ]
      },
      "6": {
        "loc": {
          "start": { "line": 31, "column": 6 },
          "end": { "line": 31, "column": 31 }
        },
        "type": "if",
        "locations": [
          {
            "start": { "line": 31, "column": 6 },
            "end": { "line": 31, "column": 31 }
          }
        ]
      },
      "7": {
        "loc": {
          "start": { "line": 32, "column": 6 },
          "end": { "line": 32, "column": 74 }
        },
        "type": "if",
        "locations": [
          {
            "start": { "line": 32, "column": 6 },
            "end": { "line": 32, "column": 74 }
          }
        ]
      },
      "8": {
        "loc": {
          "start": { "line": 32, "column": 10 },
          "end": { "line": 32, "column": 63 }
        },
        "type": "binary-expr",
        "locations": [
          {
            "start": { "line": 32, "column": 10 },
            "end": { "line": 32, "column": 28 }
          },
          {
            "start": { "line": 32, "column": 32 },
            "end": { "line": 32, "column": 63 }
          }
        ]
      },
      "9": {
        "loc": {
          "start": { "line": 38, "column": 2 },
          "end": { "line": 92, "column": 3 }
        },
        "type": "if",
        "locations": [
          {
            "start": { "line": 38, "column": 2 },
            "end": { "line": 92, "column": 3 }
          }
        ]
      },
      "10": {
        "loc": {
          "start": { "line": 39, "column": 4 },
          "end": { "line": 41, "column": 5 }
        },
        "type": "if",
        "locations": [
          {
            "start": { "line": 39, "column": 4 },
            "end": { "line": 41, "column": 5 }
          }
        ]
      },
      "11": {
        "loc": {
          "start": { "line": 42, "column": 4 },
          "end": { "line": 44, "column": 5 }
        },
        "type": "if",
        "locations": [
          {
            "start": { "line": 42, "column": 4 },
            "end": { "line": 44, "column": 5 }
          }
        ]
      },
      "12": {
        "loc": {
          "start": { "line": 45, "column": 4 },
          "end": { "line": 47, "column": 5 }
        },
        "type": "if",
        "locations": [
          {
            "start": { "line": 45, "column": 4 },
            "end": { "line": 47, "column": 5 }
          }
        ]
      },
      "13": {
        "loc": {
          "start": { "line": 48, "column": 4 },
          "end": { "line": 50, "column": 5 }
        },
        "type": "if",
        "locations": [
          {
            "start": { "line": 48, "column": 4 },
            "end": { "line": 50, "column": 5 }
          }
        ]
      },
      "14": {
        "loc": {
          "start": { "line": 51, "column": 4 },
          "end": { "line": 56, "column": 5 }
        },
        "type": "if",
        "locations": [
          {
            "start": { "line": 51, "column": 4 },
            "end": { "line": 56, "column": 5 }
          }
        ]
      },
      "15": {
        "loc": {
          "start": { "line": 58, "column": 4 },
          "end": { "line": 69, "column": 5 }
        },
        "type": "if",
        "locations": [
          {
            "start": { "line": 58, "column": 4 },
            "end": { "line": 69, "column": 5 }
          }
        ]
      },
      "16": {
        "loc": {
          "start": { "line": 60, "column": 8 },
          "end": { "line": 67, "column": 9 }
        },
        "type": "if",
        "locations": [
          {
            "start": { "line": 60, "column": 8 },
            "end": { "line": 67, "column": 9 }
          },
          {
            "start": { "line": 62, "column": 15 },
            "end": { "line": 67, "column": 9 }
          }
        ]
      },
      "17": {
        "loc": {
          "start": { "line": 62, "column": 15 },
          "end": { "line": 67, "column": 9 }
        },
        "type": "if",
        "locations": [
          {
            "start": { "line": 62, "column": 15 },
            "end": { "line": 67, "column": 9 }
          }
        ]
      },
      "18": {
        "loc": {
          "start": { "line": 62, "column": 19 },
          "end": { "line": 62, "column": 63 }
        },
        "type": "binary-expr",
        "locations": [
          {
            "start": { "line": 62, "column": 19 },
            "end": { "line": 62, "column": 22 }
          },
          {
            "start": { "line": 62, "column": 26 },
            "end": { "line": 62, "column": 49 }
          },
          {
            "start": { "line": 62, "column": 53 },
            "end": { "line": 62, "column": 63 }
          }
        ]
      },
      "19": {
        "loc": {
          "start": { "line": 71, "column": 4 },
          "end": { "line": 76, "column": 5 }
        },
        "type": "if",
        "locations": [
          {
            "start": { "line": 71, "column": 4 },
            "end": { "line": 76, "column": 5 }
          }
        ]
      },
      "20": {
        "loc": {
          "start": { "line": 77, "column": 4 },
          "end": { "line": 82, "column": 5 }
        },
        "type": "if",
        "locations": [
          {
            "start": { "line": 77, "column": 4 },
            "end": { "line": 82, "column": 5 }
          }
        ]
      },
      "21": {
        "loc": {
          "start": { "line": 83, "column": 4 },
          "end": { "line": 85, "column": 5 }
        },
        "type": "if",
        "locations": [
          {
            "start": { "line": 83, "column": 4 },
            "end": { "line": 85, "column": 5 }
          }
        ]
      },
      "22": {
        "loc": {
          "start": { "line": 86, "column": 4 },
          "end": { "line": 91, "column": 5 }
        },
        "type": "if",
        "locations": [
          {
            "start": { "line": 86, "column": 4 },
            "end": { "line": 91, "column": 5 }
          }
        ]
      },
      "23": {
        "loc": {
          "start": { "line": 99, "column": 2 },
          "end": { "line": 101, "column": 3 }
        },
        "type": "if",
        "locations": [
          {
            "start": { "line": 99, "column": 2 },
            "end": { "line": 101, "column": 3 }
          }
        ]
      },
      "24": {
        "loc": {
          "start": { "line": 104, "column": 4 },
          "end": { "line": 104, "column": 32 }
        },
        "type": "if",
        "locations": [
          {
            "start": { "line": 104, "column": 4 },
            "end": { "line": 104, "column": 32 }
          }
        ]
      },
      "25": {
        "loc": {
          "start": { "line": 105, "column": 4 },
          "end": { "line": 105, "column": 29 }
        },
        "type": "if",
        "locations": [
          {
            "start": { "line": 105, "column": 4 },
            "end": { "line": 105, "column": 29 }
          }
        ]
      },
      "26": {
        "loc": {
          "start": { "line": 106, "column": 17 },
          "end": { "line": 108, "column": 10 }
        },
        "type": "cond-expr",
        "locations": [
          {
            "start": { "line": 107, "column": 8 },
            "end": { "line": 107, "column": 44 }
          },
          {
            "start": { "line": 108, "column": 8 },
            "end": { "line": 108, "column": 10 }
          }
        ]
      },
      "27": {
        "loc": {
          "start": { "line": 106, "column": 17 },
          "end": { "line": 106, "column": 61 }
        },
        "type": "binary-expr",
        "locations": [
          {
            "start": { "line": 106, "column": 17 },
            "end": { "line": 106, "column": 25 }
          },
          {
            "start": { "line": 106, "column": 29 },
            "end": { "line": 106, "column": 61 }
          }
        ]
      },
      "28": {
        "loc": {
          "start": { "line": 119, "column": 6 },
          "end": { "line": 128, "column": 7 }
        },
        "type": "if",
        "locations": [
          {
            "start": { "line": 119, "column": 6 },
            "end": { "line": 128, "column": 7 }
          }
        ]
      },
      "29": {
        "loc": {
          "start": { "line": 119, "column": 10 },
          "end": { "line": 119, "column": 50 }
        },
        "type": "binary-expr",
        "locations": [
          {
            "start": { "line": 119, "column": 10 },
            "end": { "line": 119, "column": 26 }
          },
          {
            "start": { "line": 119, "column": 30 },
            "end": { "line": 119, "column": 50 }
          }
        ]
      },
      "30": {
        "loc": {
          "start": { "line": 123, "column": 19 },
          "end": { "line": 123, "column": 45 }
        },
        "type": "cond-expr",
        "locations": [
          {
            "start": { "line": 123, "column": 38 },
            "end": { "line": 123, "column": 39 }
          },
          {
            "start": { "line": 123, "column": 42 },
            "end": { "line": 123, "column": 45 }
          }
        ]
      }
    },
    "s": {
      "0": 5,
      "1": 5,
      "2": 1582,
      "3": 1582,
      "4": 1582,
      "5": 2,
      "6": 2,
      "7": 2,
      "8": 2,
      "9": 2,
      "10": 2,
      "11": 0,
      "12": 2,
      "13": 2,
      "14": 0,
      "15": 0,
      "16": 0,
      "17": 0,
      "18": 0,
      "19": 1582,
      "20": 1582,
      "21": 19,
      "22": 1582,
      "23": 0,
      "24": 1582,
      "25": 0,
      "26": 1582,
      "27": 0,
      "28": 1582,
      "29": 0,
      "30": 1582,
      "31": 16,
      "32": 32,
      "33": 32,
      "34": 0,
      "35": 0,
      "36": 1582,
      "37": 16,
      "38": 1582,
      "39": 16,
      "40": 1582,
      "41": 16,
      "42": 1582,
      "43": 16,
      "44": 1582,
      "45": 1582,
      "46": 1497,
      "47": 85,
      "48": 117,
      "49": 2,
      "50": 115,
      "51": 0,
      "52": 115,
      "53": 115,
      "54": 85,
      "55": 117,
      "56": 80,
      "57": 80,
      "58": 0,
      "59": 0,
      "60": 0,
      "61": 80,
      "62": 0,
      "63": 0
    },
    "f": {
      "0": 1582,
      "1": 1582,
      "2": 117,
      "3": 117,
      "4": 80,
      "5": 80,
      "6": 0,
      "7": 0,
      "8": 0
    },
    "b": {
      "0": [1582, 0, 1582],
      "1": [2],
      "2": [2],
      "3": [2],
      "4": [0],
      "5": [2, 0],
      "6": [0],
      "7": [0],
      "8": [0, 0],
      "9": [1582],
      "10": [19],
      "11": [0],
      "12": [0],
      "13": [0],
      "14": [0],
      "15": [16],
      "16": [32, 0],
      "17": [0],
      "18": [0, 0, 0],
      "19": [16],
      "20": [16],
      "21": [16],
      "22": [16],
      "23": [1497],
      "24": [2],
      "25": [0],
      "26": [80, 35],
      "27": [115, 80],
      "28": [0],
      "29": [80, 0],
      "30": [0, 0]
    }
  }
}
