{"/home/john/json-schema-x-graphql/converters/node/src/case-conversion.ts": {"path":"/home/john/json-schema-x-graphql/converters/node/src/case-conversion.ts","statementMap":{"0":{"start":{"line":8,"column":0},"end":{"line":8,"column":16}},"1":{"start":{"line":18,"column":0},"end":{"line":18,"column":16}},"2":{"start":{"line":25,"column":0},"end":{"line":25,"column":16}},"3":{"start":{"line":45,"column":0},"end":{"line":45,"column":16}},"4":{"start":{"line":9,"column":2},"end":{"line":12,"column":19}},"5":{"start":{"line":19,"column":2},"end":{"line":19,"column":67}},"6":{"start":{"line":19,"column":50},"end":{"line":19,"column":65}},"7":{"start":{"line":29,"column":2},"end":{"line":38,"column":3}},"8":{"start":{"line":30,"column":4},"end":{"line":30,"column":65}},"9":{"start":{"line":30,"column":29},"end":{"line":30,"column":63}},"10":{"start":{"line":31,"column":9},"end":{"line":38,"column":3}},"11":{"start":{"line":32,"column":4},"end":{"line":37,"column":6}},"12":{"start":{"line":33,"column":48},"end":{"line":36,"column":8}},"13":{"start":{"line":39,"column":2},"end":{"line":39,"column":13}},"14":{"start":{"line":49,"column":2},"end":{"line":52,"column":4}},"15":{"start":{"line":51,"column":26},"end":{"line":51,"column":53}}},"fnMap":{"0":{"name":"camelToSnake","decl":{"start":{"line":8,"column":16},"end":{"line":8,"column":28}},"loc":{"start":{"line":8,"column":40},"end":{"line":13,"column":1}}},"1":{"name":"snakeToCamel","decl":{"start":{"line":18,"column":16},"end":{"line":18,"column":28}},"loc":{"start":{"line":18,"column":40},"end":{"line":20,"column":1}}},"2":{"name":"(anonymous_2)","decl":{"start":{"line":19,"column":40},"end":{"line":19,"column":41}},"loc":{"start":{"line":19,"column":50},"end":{"line":19,"column":65}}},"3":{"name":"convertObjectKeys","decl":{"start":{"line":25,"column":16},"end":{"line":25,"column":33}},"loc":{"start":{"line":27,"column":36},"end":{"line":40,"column":1}}},"4":{"name":"(anonymous_4)","decl":{"start":{"line":30,"column":19},"end":{"line":30,"column":20}},"loc":{"start":{"line":30,"column":29},"end":{"line":30,"column":63}}},"5":{"name":"(anonymous_5)","decl":{"start":{"line":33,"column":30},"end":{"line":33,"column":31}},"loc":{"start":{"line":33,"column":48},"end":{"line":36,"column":8}}},"6":{"name":"convertGraphQLFields","decl":{"start":{"line":45,"column":16},"end":{"line":45,"column":36}},"loc":{"start":{"line":47,"column":38},"end":{"line":53,"column":1}}},"7":{"name":"(anonymous_7)","decl":{"start":{"line":51,"column":4},"end":{"line":51,"column":5}},"loc":{"start":{"line":51,"column":26},"end":{"line":51,"column":53}}}},"branchMap":{"0":{"loc":{"start":{"line":29,"column":2},"end":{"line":38,"column":3}},"type":"if","locations":[{"start":{"line":29,"column":2},"end":{"line":38,"column":3}},{"start":{"line":31,"column":9},"end":{"line":38,"column":3}}]},"1":{"loc":{"start":{"line":31,"column":9},"end":{"line":38,"column":3}},"type":"if","locations":[{"start":{"line":31,"column":9},"end":{"line":38,"column":3}}]},"2":{"loc":{"start":{"line":31,"column":13},"end":{"line":31,"column":52}},"type":"binary-expr","locations":[{"start":{"line":31,"column":13},"end":{"line":31,"column":25}},{"start":{"line":31,"column":29},"end":{"line":31,"column":52}}]}},"s":{"0":6,"1":6,"2":6,"3":6,"4":5,"5":8,"6":9,"7":8,"8":1,"9":2,"10":7,"11":2,"12":5,"13":5,"14":0,"15":0},"f":{"0":5,"1":8,"2":9,"3":8,"4":2,"5":5,"6":0,"7":0},"b":{"0":[1,7],"1":[2],"2":[7,7]}}
,"/home/john/json-schema-x-graphql/converters/node/src/converter.ts": {"path":"/home/john/json-schema-x-graphql/converters/node/src/converter.ts","statementMap":{"0":{"start":{"line":125,"column":0},"end":{"line":125,"column":16}},"1":{"start":{"line":219,"column":0},"end":{"line":219,"column":16}},"2":{"start":{"line":21,"column":0},"end":{"line":21,"column":39}},"3":{"start":{"line":36,"column":0},"end":{"line":36,"column":66}},"4":{"start":{"line":37,"column":0},"end":{"line":37,"column":null}},"5":{"start":{"line":42,"column":0},"end":{"line":42,"column":59}},"6":{"start":{"line":59,"column":4},"end":{"line":59,"column":19}},"7":{"start":{"line":57,"column":11},"end":{"line":57,"column":24}},"8":{"start":{"line":60,"column":4},"end":{"line":60,"column":34}},"9":{"start":{"line":68,"column":2},"end":{"line":68,"column":29}},"10":{"start":{"line":68,"column":17},"end":{"line":68,"column":29}},"11":{"start":{"line":71,"column":2},"end":{"line":79,"column":3}},"12":{"start":{"line":76,"column":4},"end":{"line":78,"column":6}},"13":{"start":{"line":82,"column":2},"end":{"line":84,"column":3}},"14":{"start":{"line":83,"column":4},"end":{"line":83,"column":16}},"15":{"start":{"line":89,"column":2},"end":{"line":101,"column":3}},"16":{"start":{"line":91,"column":4},"end":{"line":100,"column":5}},"17":{"start":{"line":92,"column":31},"end":{"line":92,"column":68}},"18":{"start":{"line":93,"column":6},"end":{"line":97,"column":7}},"19":{"start":{"line":96,"column":8},"end":{"line":96,"column":20}},"20":{"start":{"line":99,"column":6},"end":{"line":99,"column":18}},"21":{"start":{"line":104,"column":2},"end":{"line":110,"column":3}},"22":{"start":{"line":105,"column":4},"end":{"line":109,"column":5}},"23":{"start":{"line":106,"column":6},"end":{"line":108,"column":7}},"24":{"start":{"line":107,"column":8},"end":{"line":107,"column":20}},"25":{"start":{"line":113,"column":2},"end":{"line":118,"column":3}},"26":{"start":{"line":115,"column":43},"end":{"line":115,"column":63}},"27":{"start":{"line":117,"column":4},"end":{"line":117,"column":16}},"28":{"start":{"line":120,"column":2},"end":{"line":120,"column":15}},"29":{"start":{"line":130,"column":4},"end":{"line":132,"column":23}},"30":{"start":{"line":134,"column":21},"end":{"line":134,"column":46}},"31":{"start":{"line":136,"column":4},"end":{"line":138,"column":36}},"32":{"start":{"line":139,"column":54},"end":{"line":142,"column":4}},"33":{"start":{"line":143,"column":37},"end":{"line":152,"column":4}},"34":{"start":{"line":154,"column":2},"end":{"line":154,"column":37}},"35":{"start":{"line":156,"column":22},"end":{"line":156,"column":56}},"36":{"start":{"line":157,"column":2},"end":{"line":195,"column":3}},"37":{"start":{"line":158,"column":20},"end":{"line":160,"column":74}},"38":{"start":{"line":160,"column":55},"end":{"line":160,"column":73}},"39":{"start":{"line":163,"column":26},"end":{"line":163,"column":65}},"40":{"start":{"line":165,"column":4},"end":{"line":177,"column":5}},"41":{"start":{"line":166,"column":26},"end":{"line":166,"column":75}},"42":{"start":{"line":167,"column":23},"end":{"line":167,"column":34}},"43":{"start":{"line":168,"column":16},"end":{"line":168,"column":17}},"44":{"start":{"line":169,"column":6},"end":{"line":172,"column":7}},"45":{"start":{"line":170,"column":8},"end":{"line":170,"column":44}},"46":{"start":{"line":171,"column":8},"end":{"line":171,"column":14}},"47":{"start":{"line":173,"column":6},"end":{"line":173,"column":36}},"48":{"start":{"line":175,"column":6},"end":{"line":175,"column":60}},"49":{"start":{"line":176,"column":6},"end":{"line":176,"column":66}},"50":{"start":{"line":180,"column":4},"end":{"line":194,"column":5}},"51":{"start":{"line":182,"column":8},"end":{"line":183,"column":55}},"52":{"start":{"line":185,"column":6},"end":{"line":189,"column":7}},"53":{"start":{"line":186,"column":8},"end":{"line":188,"column":10}},"54":{"start":{"line":191,"column":6},"end":{"line":193,"column":7}},"55":{"start":{"line":192,"column":8},"end":{"line":192,"column":60}},"56":{"start":{"line":197,"column":23},"end":{"line":197,"column":75}},"57":{"start":{"line":198,"column":2},"end":{"line":200,"column":3}},"58":{"start":{"line":199,"column":4},"end":{"line":199,"column":57}},"59":{"start":{"line":202,"column":2},"end":{"line":202,"column":30}},"60":{"start":{"line":203,"column":2},"end":{"line":203,"column":34}},"61":{"start":{"line":205,"column":19},"end":{"line":208,"column":11}},"62":{"start":{"line":212,"column":2},"end":{"line":214,"column":3}},"63":{"start":{"line":213,"column":4},"end":{"line":213,"column":14}},"64":{"start":{"line":216,"column":2},"end":{"line":216,"column":18}},"65":{"start":{"line":223,"column":21},"end":{"line":223,"column":46}},"66":{"start":{"line":225,"column":2},"end":{"line":340,"column":3}},"67":{"start":{"line":227,"column":16},"end":{"line":227,"column":33}},"68":{"start":{"line":230,"column":25},"end":{"line":230,"column":65}},"69":{"start":{"line":231,"column":22},"end":{"line":234,"column":6}},"70":{"start":{"line":236,"column":4},"end":{"line":290,"column":5}},"71":{"start":{"line":237,"column":6},"end":{"line":289,"column":7}},"72":{"start":{"line":241,"column":25},"end":{"line":241,"column":40}},"73":{"start":{"line":242,"column":8},"end":{"line":251,"column":9}},"74":{"start":{"line":243,"column":10},"end":{"line":250,"column":13}},"75":{"start":{"line":252,"column":8},"end":{"line":252,"column":61}},"76":{"start":{"line":252,"column":34},"end":{"line":252,"column":61}},"77":{"start":{"line":253,"column":8},"end":{"line":253,"column":67}},"78":{"start":{"line":253,"column":37},"end":{"line":253,"column":67}},"79":{"start":{"line":254,"column":13},"end":{"line":289,"column":7}},"80":{"start":{"line":255,"column":25},"end":{"line":255,"column":40}},"81":{"start":{"line":256,"column":8},"end":{"line":264,"column":9}},"82":{"start":{"line":257,"column":10},"end":{"line":263,"column":13}},"83":{"start":{"line":265,"column":13},"end":{"line":289,"column":7}},"84":{"start":{"line":266,"column":26},"end":{"line":266,"column":41}},"85":{"start":{"line":267,"column":8},"end":{"line":275,"column":9}},"86":{"start":{"line":268,"column":10},"end":{"line":274,"column":13}},"87":{"start":{"line":276,"column":13},"end":{"line":289,"column":7}},"88":{"start":{"line":277,"column":27},"end":{"line":277,"column":42}},"89":{"start":{"line":278,"column":8},"end":{"line":288,"column":9}},"90":{"start":{"line":282,"column":10},"end":{"line":287,"column":13}},"91":{"start":{"line":293,"column":23},"end":{"line":293,"column":29}},"92":{"start":{"line":294,"column":20},"end":{"line":294,"column":21}},"93":{"start":{"line":295,"column":4},"end":{"line":305,"column":5}},"94":{"start":{"line":296,"column":25},"end":{"line":296,"column":54}},"95":{"start":{"line":297,"column":6},"end":{"line":304,"column":7}},"96":{"start":{"line":302,"column":8},"end":{"line":302,"column":31}},"97":{"start":{"line":303,"column":8},"end":{"line":303,"column":32}},"98":{"start":{"line":308,"column":24},"end":{"line":308,"column":54}},"99":{"start":{"line":309,"column":23},"end":{"line":311,"column":10}},"100":{"start":{"line":314,"column":52},"end":{"line":314,"column":54}},"101":{"start":{"line":315,"column":4},"end":{"line":323,"column":5}},"102":{"start":{"line":316,"column":6},"end":{"line":322,"column":7}},"103":{"start":{"line":317,"column":8},"end":{"line":321,"column":10}},"104":{"start":{"line":326,"column":31},"end":{"line":329,"column":6}},"105":{"start":{"line":332,"column":4},"end":{"line":334,"column":5}},"106":{"start":{"line":333,"column":6},"end":{"line":333,"column":33}},"107":{"start":{"line":336,"column":4},"end":{"line":336,"column":43}},"108":{"start":{"line":339,"column":4},"end":{"line":339,"column":63}},"109":{"start":{"line":359,"column":29},"end":{"line":361,"column":4}},"110":{"start":{"line":363,"column":2},"end":{"line":365,"column":3}},"111":{"start":{"line":364,"column":4},"end":{"line":364,"column":45}},"112":{"start":{"line":367,"column":2},"end":{"line":367,"column":42}},"113":{"start":{"line":369,"column":2},"end":{"line":373,"column":3}},"114":{"start":{"line":370,"column":4},"end":{"line":372,"column":6}},"115":{"start":{"line":371,"column":6},"end":{"line":371,"column":14}},"116":{"start":{"line":375,"column":2},"end":{"line":382,"column":3}},"117":{"start":{"line":376,"column":4},"end":{"line":376,"column":27}},"118":{"start":{"line":377,"column":4},"end":{"line":377,"column":75}},"119":{"start":{"line":377,"column":54},"end":{"line":377,"column":67}},"120":{"start":{"line":378,"column":4},"end":{"line":380,"column":5}},"121":{"start":{"line":379,"column":6},"end":{"line":379,"column":47}},"122":{"start":{"line":381,"column":4},"end":{"line":381,"column":18}},"123":{"start":{"line":384,"column":2},"end":{"line":389,"column":3}},"124":{"start":{"line":385,"column":4},"end":{"line":387,"column":8}},"125":{"start":{"line":385,"column":58},"end":{"line":387,"column":6}},"126":{"start":{"line":388,"column":4},"end":{"line":388,"column":18}},"127":{"start":{"line":391,"column":2},"end":{"line":395,"column":3}},"128":{"start":{"line":392,"column":4},"end":{"line":392,"column":27}},"129":{"start":{"line":393,"column":4},"end":{"line":393,"column":46}},"130":{"start":{"line":394,"column":4},"end":{"line":394,"column":18}},"131":{"start":{"line":398,"column":2},"end":{"line":398,"column":25}},"132":{"start":{"line":399,"column":29},"end":{"line":399,"column":31}},"133":{"start":{"line":401,"column":2},"end":{"line":416,"column":3}},"134":{"start":{"line":402,"column":22},"end":{"line":402,"column":39}},"135":{"start":{"line":403,"column":4},"end":{"line":403,"column":29}},"136":{"start":{"line":403,"column":20},"end":{"line":403,"column":29}},"137":{"start":{"line":405,"column":24},"end":{"line":408,"column":null}},"138":{"start":{"line":410,"column":4},"end":{"line":410,"column":47}},"139":{"start":{"line":413,"column":4},"end":{"line":415,"column":5}},"140":{"start":{"line":414,"column":6},"end":{"line":414,"column":31}},"141":{"start":{"line":418,"column":2},"end":{"line":420,"column":3}},"142":{"start":{"line":419,"column":4},"end":{"line":419,"column":31}},"143":{"start":{"line":422,"column":2},"end":{"line":422,"column":16}},"144":{"start":{"line":430,"column":21},"end":{"line":433,"column":null}},"145":{"start":{"line":437,"column":2},"end":{"line":439,"column":3}},"146":{"start":{"line":438,"column":4},"end":{"line":438,"column":53}},"147":{"start":{"line":441,"column":2},"end":{"line":445,"column":3}},"148":{"start":{"line":442,"column":4},"end":{"line":444,"column":6}},"149":{"start":{"line":443,"column":6},"end":{"line":443,"column":14}},"150":{"start":{"line":447,"column":2},"end":{"line":447,"column":20}},"151":{"start":{"line":455,"column":29},"end":{"line":455,"column":31}},"152":{"start":{"line":458,"column":20},"end":{"line":458,"column":27}},"153":{"start":{"line":459,"column":2},"end":{"line":461,"column":3}},"154":{"start":{"line":460,"column":4},"end":{"line":460,"column":35}},"155":{"start":{"line":464,"column":2},"end":{"line":473,"column":3}},"156":{"start":{"line":465,"column":4},"end":{"line":472,"column":6}},"157":{"start":{"line":476,"column":2},"end":{"line":499,"column":3}},"158":{"start":{"line":477,"column":21},"end":{"line":477,"column":44}},"159":{"start":{"line":480,"column":4},"end":{"line":490,"column":5}},"160":{"start":{"line":481,"column":6},"end":{"line":481,"column":32}},"161":{"start":{"line":482,"column":11},"end":{"line":490,"column":5}},"162":{"start":{"line":483,"column":6},"end":{"line":483,"column":33}},"163":{"start":{"line":484,"column":11},"end":{"line":490,"column":5}},"164":{"start":{"line":485,"column":6},"end":{"line":485,"column":32}},"165":{"start":{"line":486,"column":11},"end":{"line":490,"column":5}},"166":{"start":{"line":487,"column":6},"end":{"line":487,"column":33}},"167":{"start":{"line":488,"column":11},"end":{"line":490,"column":5}},"168":{"start":{"line":489,"column":6},"end":{"line":489,"column":58}},"169":{"start":{"line":493,"column":4},"end":{"line":495,"column":5}},"170":{"start":{"line":494,"column":6},"end":{"line":494,"column":45}},"171":{"start":{"line":498,"column":4},"end":{"line":498,"column":60}},"172":{"start":{"line":501,"column":2},"end":{"line":501,"column":28}},"173":{"start":{"line":508,"column":29},"end":{"line":513,"column":4}},"174":{"start":{"line":515,"column":16},"end":{"line":515,"column":38}},"175":{"start":{"line":516,"column":35},"end":{"line":516,"column":39}},"176":{"start":{"line":517,"column":35},"end":{"line":517,"column":39}},"177":{"start":{"line":519,"column":2},"end":{"line":566,"column":3}},"178":{"start":{"line":520,"column":17},"end":{"line":520,"column":31}},"179":{"start":{"line":521,"column":4},"end":{"line":521,"column":48}},"180":{"start":{"line":521,"column":39},"end":{"line":521,"column":48}},"181":{"start":{"line":523,"column":4},"end":{"line":526,"column":5}},"182":{"start":{"line":524,"column":6},"end":{"line":524,"column":53}},"183":{"start":{"line":525,"column":6},"end":{"line":525,"column":15}},"184":{"start":{"line":528,"column":4},"end":{"line":531,"column":5}},"185":{"start":{"line":529,"column":6},"end":{"line":529,"column":38}},"186":{"start":{"line":530,"column":6},"end":{"line":530,"column":15}},"187":{"start":{"line":533,"column":4},"end":{"line":545,"column":5}},"188":{"start":{"line":538,"column":6},"end":{"line":538,"column":41}},"189":{"start":{"line":539,"column":6},"end":{"line":539,"column":50}},"190":{"start":{"line":540,"column":6},"end":{"line":543,"column":7}},"191":{"start":{"line":541,"column":8},"end":{"line":541,"column":41}},"192":{"start":{"line":542,"column":8},"end":{"line":542,"column":27}},"193":{"start":{"line":544,"column":6},"end":{"line":544,"column":15}},"194":{"start":{"line":547,"column":4},"end":{"line":550,"column":5}},"195":{"start":{"line":548,"column":6},"end":{"line":548,"column":25}},"196":{"start":{"line":549,"column":6},"end":{"line":549,"column":15}},"197":{"start":{"line":552,"column":4},"end":{"line":565,"column":5}},"198":{"start":{"line":553,"column":32},"end":{"line":555,"column":41}},"199":{"start":{"line":555,"column":26},"end":{"line":555,"column":40}},"200":{"start":{"line":556,"column":26},"end":{"line":556,"column":74}},"201":{"start":{"line":557,"column":6},"end":{"line":560,"column":7}},"202":{"start":{"line":558,"column":8},"end":{"line":558,"column":46}},"203":{"start":{"line":559,"column":8},"end":{"line":559,"column":27}},"204":{"start":{"line":561,"column":6},"end":{"line":561,"column":46}},"205":{"start":{"line":562,"column":6},"end":{"line":564,"column":7}},"206":{"start":{"line":563,"column":8},"end":{"line":563,"column":37}},"207":{"start":{"line":568,"column":2},"end":{"line":568,"column":41}},"208":{"start":{"line":578,"column":2},"end":{"line":578,"column":24}},"209":{"start":{"line":578,"column":17},"end":{"line":578,"column":24}},"210":{"start":{"line":579,"column":2},"end":{"line":579,"column":59}},"211":{"start":{"line":579,"column":52},"end":{"line":579,"column":59}},"212":{"start":{"line":580,"column":2},"end":{"line":580,"column":51}},"213":{"start":{"line":580,"column":44},"end":{"line":580,"column":51}},"214":{"start":{"line":583,"column":2},"end":{"line":583,"column":48}},"215":{"start":{"line":583,"column":41},"end":{"line":583,"column":48}},"216":{"start":{"line":585,"column":2},"end":{"line":590,"column":3}},"217":{"start":{"line":586,"column":4},"end":{"line":589,"column":6}},"218":{"start":{"line":592,"column":2},"end":{"line":592,"column":35}},"219":{"start":{"line":593,"column":2},"end":{"line":593,"column":33}},"220":{"start":{"line":594,"column":22},"end":{"line":594,"column":29}},"221":{"start":{"line":597,"column":2},"end":{"line":603,"column":3}},"222":{"start":{"line":599,"column":6},"end":{"line":601,"column":18}},"223":{"start":{"line":602,"column":4},"end":{"line":602,"column":50}},"224":{"start":{"line":605,"column":2},"end":{"line":616,"column":3}},"225":{"start":{"line":606,"column":14},"end":{"line":606,"column":51}},"226":{"start":{"line":607,"column":4},"end":{"line":607,"column":34}},"227":{"start":{"line":607,"column":11},"end":{"line":607,"column":34}},"228":{"start":{"line":608,"column":9},"end":{"line":616,"column":3}},"229":{"start":{"line":609,"column":14},"end":{"line":609,"column":52}},"230":{"start":{"line":610,"column":4},"end":{"line":610,"column":34}},"231":{"start":{"line":610,"column":11},"end":{"line":610,"column":34}},"232":{"start":{"line":611,"column":9},"end":{"line":616,"column":3}},"233":{"start":{"line":612,"column":14},"end":{"line":612,"column":53}},"234":{"start":{"line":613,"column":4},"end":{"line":613,"column":34}},"235":{"start":{"line":613,"column":11},"end":{"line":613,"column":34}},"236":{"start":{"line":614,"column":9},"end":{"line":616,"column":3}},"237":{"start":{"line":615,"column":4},"end":{"line":615,"column":48}},"238":{"start":{"line":618,"column":2},"end":{"line":618,"column":38}},"239":{"start":{"line":619,"column":2},"end":{"line":619,"column":36}},"240":{"start":{"line":620,"column":2},"end":{"line":620,"column":39}},"241":{"start":{"line":628,"column":26},"end":{"line":628,"column":28}},"242":{"start":{"line":629,"column":2},"end":{"line":631,"column":3}},"243":{"start":{"line":630,"column":4},"end":{"line":630,"column":63}},"244":{"start":{"line":633,"column":2},"end":{"line":633,"column":71}},"245":{"start":{"line":634,"column":22},"end":{"line":634,"column":24}},"246":{"start":{"line":635,"column":21},"end":{"line":635,"column":45}},"247":{"start":{"line":637,"column":2},"end":{"line":650,"column":3}},"248":{"start":{"line":638,"column":4},"end":{"line":647,"column":5}},"249":{"start":{"line":639,"column":6},"end":{"line":639,"column":33}},"250":{"start":{"line":640,"column":11},"end":{"line":647,"column":5}},"251":{"start":{"line":641,"column":6},"end":{"line":646,"column":9}},"252":{"start":{"line":642,"column":8},"end":{"line":644,"column":9}},"253":{"start":{"line":643,"column":10},"end":{"line":643,"column":39}},"254":{"start":{"line":645,"column":8},"end":{"line":645,"column":43}},"255":{"start":{"line":649,"column":4},"end":{"line":649,"column":31}},"256":{"start":{"line":652,"column":2},"end":{"line":667,"column":3}},"257":{"start":{"line":653,"column":4},"end":{"line":666,"column":5}},"258":{"start":{"line":654,"column":22},"end":{"line":654,"column":43}},"259":{"start":{"line":655,"column":6},"end":{"line":655,"column":29}},"260":{"start":{"line":655,"column":20},"end":{"line":655,"column":29}},"261":{"start":{"line":656,"column":6},"end":{"line":658,"column":7}},"262":{"start":{"line":657,"column":8},"end":{"line":657,"column":78}},"263":{"start":{"line":659,"column":6},"end":{"line":659,"column":33}},"264":{"start":{"line":661,"column":6},"end":{"line":665,"column":8}},"265":{"start":{"line":668,"column":2},"end":{"line":668,"column":20}},"266":{"start":{"line":669,"column":2},"end":{"line":669,"column":26}},"267":{"start":{"line":677,"column":18},"end":{"line":677,"column":35}},"268":{"start":{"line":679,"column":19},"end":{"line":679,"column":50}},"269":{"start":{"line":680,"column":2},"end":{"line":682,"column":3}},"270":{"start":{"line":681,"column":4},"end":{"line":681,"column":52}},"271":{"start":{"line":681,"column":36},"end":{"line":681,"column":50}},"272":{"start":{"line":684,"column":2},"end":{"line":697,"column":3}},"273":{"start":{"line":685,"column":4},"end":{"line":696,"column":5}},"274":{"start":{"line":686,"column":6},"end":{"line":695,"column":7}},"275":{"start":{"line":687,"column":27},"end":{"line":687,"column":75}},"276":{"start":{"line":688,"column":8},"end":{"line":688,"column":48}},"277":{"start":{"line":688,"column":24},"end":{"line":688,"column":48}},"278":{"start":{"line":690,"column":25},"end":{"line":690,"column":61}},"279":{"start":{"line":691,"column":8},"end":{"line":694,"column":9}},"280":{"start":{"line":692,"column":10},"end":{"line":692,"column":65}},"281":{"start":{"line":693,"column":10},"end":{"line":693,"column":32}},"282":{"start":{"line":699,"column":2},"end":{"line":704,"column":3}},"283":{"start":{"line":700,"column":4},"end":{"line":703,"column":6}},"284":{"start":{"line":707,"column":4},"end":{"line":709,"column":10}},"285":{"start":{"line":711,"column":2},"end":{"line":713,"column":20}},"286":{"start":{"line":721,"column":22},"end":{"line":721,"column":29}},"287":{"start":{"line":722,"column":27},"end":{"line":722,"column":29}},"288":{"start":{"line":724,"column":21},"end":{"line":724,"column":44}},"289":{"start":{"line":725,"column":22},"end":{"line":727,"column":71}},"290":{"start":{"line":727,"column":52},"end":{"line":727,"column":70}},"291":{"start":{"line":729,"column":19},"end":{"line":729,"column":49}},"292":{"start":{"line":731,"column":2},"end":{"line":741,"column":3}},"293":{"start":{"line":732,"column":18},"end":{"line":736,"column":null}},"294":{"start":{"line":738,"column":4},"end":{"line":740,"column":5}},"295":{"start":{"line":739,"column":6},"end":{"line":739,"column":32}},"296":{"start":{"line":746,"column":2},"end":{"line":746,"column":64}},"297":{"start":{"line":746,"column":54},"end":{"line":746,"column":64}},"298":{"start":{"line":748,"column":26},"end":{"line":748,"column":28}},"299":{"start":{"line":749,"column":2},"end":{"line":751,"column":3}},"300":{"start":{"line":750,"column":4},"end":{"line":750,"column":63}},"301":{"start":{"line":753,"column":25},"end":{"line":753,"column":59}},"302":{"start":{"line":754,"column":19},"end":{"line":754,"column":70}},"303":{"start":{"line":756,"column":4},"end":{"line":756,"column":72}},"304":{"start":{"line":757,"column":17},"end":{"line":764,"column":14}},"305":{"start":{"line":766,"column":2},"end":{"line":766,"column":56}},"306":{"start":{"line":767,"column":2},"end":{"line":767,"column":24}},"307":{"start":{"line":768,"column":2},"end":{"line":768,"column":20}},"308":{"start":{"line":769,"column":2},"end":{"line":769,"column":26}},"309":{"start":{"line":773,"column":2},"end":{"line":775,"column":47}},"310":{"start":{"line":774,"column":40},"end":{"line":774,"column":64}},"311":{"start":{"line":775,"column":30},"end":{"line":775,"column":45}},"312":{"start":{"line":784,"column":22},"end":{"line":784,"column":29}},"313":{"start":{"line":786,"column":4},"end":{"line":788,"column":10}},"314":{"start":{"line":791,"column":4},"end":{"line":794,"column":30}},"315":{"start":{"line":795,"column":24},"end":{"line":795,"column":78}},"316":{"start":{"line":796,"column":15},"end":{"line":796,"column":33}},"317":{"start":{"line":799,"column":2},"end":{"line":801,"column":3}},"318":{"start":{"line":800,"column":4},"end":{"line":800,"column":16}},"319":{"start":{"line":804,"column":23},"end":{"line":804,"column":57}},"320":{"start":{"line":805,"column":24},"end":{"line":805,"column":52}},"321":{"start":{"line":807,"column":26},"end":{"line":807,"column":36}},"322":{"start":{"line":808,"column":2},"end":{"line":812,"column":3}},"323":{"start":{"line":809,"column":4},"end":{"line":809,"column":37}},"324":{"start":{"line":810,"column":9},"end":{"line":812,"column":3}},"325":{"start":{"line":811,"column":4},"end":{"line":811,"column":39}},"326":{"start":{"line":814,"column":16},"end":{"line":819,"column":null}},"327":{"start":{"line":822,"column":19},"end":{"line":822,"column":40}},"328":{"start":{"line":823,"column":2},"end":{"line":825,"column":3}},"329":{"start":{"line":824,"column":4},"end":{"line":824,"column":47}},"330":{"start":{"line":826,"column":2},"end":{"line":826,"column":28}},"331":{"start":{"line":826,"column":16},"end":{"line":826,"column":28}},"332":{"start":{"line":828,"column":21},"end":{"line":828,"column":62}},"333":{"start":{"line":829,"column":2},"end":{"line":829,"column":74}},"334":{"start":{"line":841,"column":22},"end":{"line":841,"column":29}},"335":{"start":{"line":842,"column":2},"end":{"line":844,"column":3}},"336":{"start":{"line":843,"column":4},"end":{"line":843,"column":41}},"337":{"start":{"line":848,"column":4},"end":{"line":851,"column":39}},"338":{"start":{"line":853,"column":2},"end":{"line":855,"column":3}},"339":{"start":{"line":854,"column":4},"end":{"line":854,"column":50}},"340":{"start":{"line":857,"column":2},"end":{"line":862,"column":3}},"341":{"start":{"line":858,"column":4},"end":{"line":861,"column":6}},"342":{"start":{"line":864,"column":20},"end":{"line":864,"column":67}},"343":{"start":{"line":865,"column":2},"end":{"line":867,"column":3}},"344":{"start":{"line":866,"column":4},"end":{"line":866,"column":44}},"345":{"start":{"line":869,"column":2},"end":{"line":871,"column":3}},"346":{"start":{"line":870,"column":4},"end":{"line":870,"column":44}},"347":{"start":{"line":873,"column":2},"end":{"line":879,"column":3}},"348":{"start":{"line":874,"column":21},"end":{"line":874,"column":63}},"349":{"start":{"line":875,"column":21},"end":{"line":875,"column":52}},"350":{"start":{"line":877,"column":6},"end":{"line":877,"column":70}},"351":{"start":{"line":878,"column":4},"end":{"line":878,"column":50}},"352":{"start":{"line":881,"column":20},"end":{"line":881,"column":77}},"353":{"start":{"line":883,"column":2},"end":{"line":958,"column":3}},"354":{"start":{"line":885,"column":6},"end":{"line":885,"column":79}},"355":{"start":{"line":887,"column":6},"end":{"line":887,"column":45}},"356":{"start":{"line":889,"column":6},"end":{"line":892,"column":8}},"357":{"start":{"line":894,"column":6},"end":{"line":894,"column":49}},"358":{"start":{"line":896,"column":6},"end":{"line":896,"column":46}},"359":{"start":{"line":898,"column":20},"end":{"line":898,"column":38}},"360":{"start":{"line":900,"column":30},"end":{"line":900,"column":74}},"361":{"start":{"line":902,"column":8},"end":{"line":902,"column":70}},"362":{"start":{"line":903,"column":23},"end":{"line":908,"column":null}},"363":{"start":{"line":910,"column":6},"end":{"line":910,"column":55}},"364":{"start":{"line":913,"column":23},"end":{"line":913,"column":59}},"365":{"start":{"line":915,"column":8},"end":{"line":917,"column":33}},"366":{"start":{"line":918,"column":24},"end":{"line":918,"column":67}},"367":{"start":{"line":920,"column":8},"end":{"line":922,"column":41}},"368":{"start":{"line":926,"column":8},"end":{"line":933,"column":21}},"369":{"start":{"line":934,"column":6},"end":{"line":936,"column":7}},"370":{"start":{"line":935,"column":8},"end":{"line":935,"column":48}},"371":{"start":{"line":938,"column":21},"end":{"line":938,"column":59}},"372":{"start":{"line":942,"column":6},"end":{"line":948,"column":7}},"373":{"start":{"line":943,"column":8},"end":{"line":947,"column":10}},"374":{"start":{"line":950,"column":6},"end":{"line":953,"column":7}},"375":{"start":{"line":951,"column":8},"end":{"line":951,"column":57}},"376":{"start":{"line":952,"column":8},"end":{"line":952,"column":50}},"377":{"start":{"line":954,"column":6},"end":{"line":954,"column":46}},"378":{"start":{"line":957,"column":6},"end":{"line":957,"column":48}},"379":{"start":{"line":965,"column":38},"end":{"line":965,"column":66}},"380":{"start":{"line":967,"column":2},"end":{"line":969,"column":3}},"381":{"start":{"line":968,"column":4},"end":{"line":968,"column":16}},"382":{"start":{"line":971,"column":20},"end":{"line":971,"column":63}},"383":{"start":{"line":972,"column":2},"end":{"line":974,"column":3}},"384":{"start":{"line":973,"column":4},"end":{"line":973,"column":21}},"385":{"start":{"line":976,"column":2},"end":{"line":978,"column":3}},"386":{"start":{"line":977,"column":4},"end":{"line":977,"column":43}},"387":{"start":{"line":980,"column":19},"end":{"line":980,"column":46}},"388":{"start":{"line":981,"column":23},"end":{"line":981,"column":61}},"389":{"start":{"line":982,"column":2},"end":{"line":984,"column":3}},"390":{"start":{"line":983,"column":4},"end":{"line":983,"column":16}},"391":{"start":{"line":986,"column":2},"end":{"line":986,"column":55}},"392":{"start":{"line":987,"column":2},"end":{"line":987,"column":22}},"393":{"start":{"line":995,"column":2},"end":{"line":1033,"column":3}},"394":{"start":{"line":998,"column":21},"end":{"line":998,"column":60}},"395":{"start":{"line":999,"column":24},"end":{"line":999,"column":58}},"396":{"start":{"line":1000,"column":18},"end":{"line":1000,"column":71}},"397":{"start":{"line":1001,"column":4},"end":{"line":1013,"column":5}},"398":{"start":{"line":1002,"column":6},"end":{"line":1004,"column":19}},"399":{"start":{"line":1005,"column":11},"end":{"line":1013,"column":5}},"400":{"start":{"line":1007,"column":14},"end":{"line":1007,"column":30}},"401":{"start":{"line":1008,"column":6},"end":{"line":1011,"column":7}},"402":{"start":{"line":1008,"column":19},"end":{"line":1008,"column":20}},"403":{"start":{"line":1009,"column":8},"end":{"line":1009,"column":35}},"404":{"start":{"line":1010,"column":8},"end":{"line":1010,"column":41}},"405":{"start":{"line":1012,"column":6},"end":{"line":1012,"column":37}},"406":{"start":{"line":1014,"column":4},"end":{"line":1014,"column":54}},"407":{"start":{"line":1015,"column":23},"end":{"line":1017,"column":null}},"408":{"start":{"line":1019,"column":4},"end":{"line":1032,"column":6}},"409":{"start":{"line":1035,"column":2},"end":{"line":1040,"column":3}},"410":{"start":{"line":1036,"column":4},"end":{"line":1039,"column":6}},"411":{"start":{"line":1042,"column":2},"end":{"line":1042,"column":23}},"412":{"start":{"line":1044,"column":18},"end":{"line":1044,"column":34}},"413":{"start":{"line":1045,"column":2},"end":{"line":1047,"column":3}},"414":{"start":{"line":1046,"column":4},"end":{"line":1046,"column":55}},"415":{"start":{"line":1049,"column":16},"end":{"line":1049,"column":76}},"416":{"start":{"line":1050,"column":21},"end":{"line":1050,"column":39}},"417":{"start":{"line":1052,"column":2},"end":{"line":1084,"column":3}},"418":{"start":{"line":1053,"column":4},"end":{"line":1053,"column":24}},"419":{"start":{"line":1053,"column":15},"end":{"line":1053,"column":24}},"420":{"start":{"line":1056,"column":4},"end":{"line":1059,"column":5}},"421":{"start":{"line":1057,"column":23},"end":{"line":1057,"column":65}},"422":{"start":{"line":1058,"column":6},"end":{"line":1058,"column":32}},"423":{"start":{"line":1062,"column":15},"end":{"line":1062,"column":41}},"424":{"start":{"line":1064,"column":4},"end":{"line":1074,"column":5}},"425":{"start":{"line":1066,"column":20},"end":{"line":1066,"column":38}},"426":{"start":{"line":1067,"column":6},"end":{"line":1067,"column":41}},"427":{"start":{"line":1070,"column":6},"end":{"line":1073,"column":7}},"428":{"start":{"line":1071,"column":22},"end":{"line":1071,"column":40}},"429":{"start":{"line":1072,"column":8},"end":{"line":1072,"column":43}},"430":{"start":{"line":1076,"column":4},"end":{"line":1076,"column":19}},"431":{"start":{"line":1078,"column":4},"end":{"line":1083,"column":5}},"432":{"start":{"line":1079,"column":6},"end":{"line":1082,"column":8}},"433":{"start":{"line":1086,"column":2},"end":{"line":1086,"column":52}},"434":{"start":{"line":1092,"column":2},"end":{"line":1092,"column":45}},"435":{"start":{"line":1092,"column":38},"end":{"line":1092,"column":45}},"436":{"start":{"line":1094,"column":18},"end":{"line":1094,"column":57}},"437":{"start":{"line":1095,"column":19},"end":{"line":1095,"column":54}},"438":{"start":{"line":1098,"column":26},"end":{"line":1098,"column":78}},"439":{"start":{"line":1100,"column":26},"end":{"line":1100,"column":28}},"440":{"start":{"line":1101,"column":20},"end":{"line":1101,"column":25}},"441":{"start":{"line":1103,"column":2},"end":{"line":1113,"column":3}},"442":{"start":{"line":1104,"column":4},"end":{"line":1104,"column":39}},"443":{"start":{"line":1104,"column":30},"end":{"line":1104,"column":39}},"444":{"start":{"line":1105,"column":4},"end":{"line":1105,"column":53}},"445":{"start":{"line":1105,"column":44},"end":{"line":1105,"column":53}},"446":{"start":{"line":1106,"column":4},"end":{"line":1106,"column":46}},"447":{"start":{"line":1106,"column":37},"end":{"line":1106,"column":46}},"448":{"start":{"line":1108,"column":4},"end":{"line":1111,"column":5}},"449":{"start":{"line":1109,"column":6},"end":{"line":1109,"column":38}},"450":{"start":{"line":1110,"column":6},"end":{"line":1110,"column":25}},"451":{"start":{"line":1112,"column":4},"end":{"line":1112,"column":35}},"452":{"start":{"line":1115,"column":2},"end":{"line":1122,"column":3}},"453":{"start":{"line":1121,"column":4},"end":{"line":1121,"column":49}},"454":{"start":{"line":1126,"column":18},"end":{"line":1126,"column":45}},"455":{"start":{"line":1127,"column":2},"end":{"line":1127,"column":54}},"456":{"start":{"line":1127,"column":47},"end":{"line":1127,"column":54}},"457":{"start":{"line":1129,"column":2},"end":{"line":1129,"column":42}},"458":{"start":{"line":1130,"column":2},"end":{"line":1137,"column":3}},"459":{"start":{"line":1131,"column":4},"end":{"line":1135,"column":5}},"460":{"start":{"line":1132,"column":6},"end":{"line":1134,"column":8}},"461":{"start":{"line":1136,"column":4},"end":{"line":1136,"column":64}},"462":{"start":{"line":1141,"column":14},"end":{"line":1141,"column":44}},"463":{"start":{"line":1142,"column":2},"end":{"line":1142,"column":19}},"464":{"start":{"line":1142,"column":12},"end":{"line":1142,"column":19}},"465":{"start":{"line":1144,"column":2},"end":{"line":1160,"column":3}},"466":{"start":{"line":1146,"column":9},"end":{"line":1160,"column":3}},"467":{"start":{"line":1147,"column":18},"end":{"line":1147,"column":34}},"468":{"start":{"line":1148,"column":4},"end":{"line":1157,"column":5}},"469":{"start":{"line":1149,"column":6},"end":{"line":1153,"column":7}},"470":{"start":{"line":1150,"column":8},"end":{"line":1152,"column":10}},"471":{"start":{"line":1154,"column":19},"end":{"line":1154,"column":48}},"472":{"start":{"line":1155,"column":25},"end":{"line":1155,"column":45}},"473":{"start":{"line":1156,"column":6},"end":{"line":1156,"column":52}},"474":{"start":{"line":1158,"column":4},"end":{"line":1158,"column":22}},"475":{"start":{"line":1159,"column":4},"end":{"line":1159,"column":42}},"476":{"start":{"line":1162,"column":2},"end":{"line":1178,"column":3}},"477":{"start":{"line":1163,"column":4},"end":{"line":1163,"column":11}},"478":{"start":{"line":1164,"column":9},"end":{"line":1178,"column":3}},"479":{"start":{"line":1165,"column":18},"end":{"line":1165,"column":37}},"480":{"start":{"line":1166,"column":4},"end":{"line":1175,"column":5}},"481":{"start":{"line":1167,"column":6},"end":{"line":1171,"column":7}},"482":{"start":{"line":1168,"column":8},"end":{"line":1170,"column":10}},"483":{"start":{"line":1172,"column":19},"end":{"line":1172,"column":48}},"484":{"start":{"line":1173,"column":25},"end":{"line":1173,"column":45}},"485":{"start":{"line":1174,"column":6},"end":{"line":1174,"column":52}},"486":{"start":{"line":1176,"column":4},"end":{"line":1176,"column":22}},"487":{"start":{"line":1177,"column":4},"end":{"line":1177,"column":42}},"488":{"start":{"line":1186,"column":19},"end":{"line":1186,"column":43}},"489":{"start":{"line":1187,"column":30},"end":{"line":1187,"column":65}},"490":{"start":{"line":1188,"column":29},"end":{"line":1188,"column":63}},"491":{"start":{"line":1189,"column":27},"end":{"line":1189,"column":74}},"492":{"start":{"line":1190,"column":19},"end":{"line":1190,"column":44}},"493":{"start":{"line":1191,"column":30},"end":{"line":1191,"column":58}},"494":{"start":{"line":1193,"column":4},"end":{"line":1197,"column":16}},"495":{"start":{"line":1198,"column":23},"end":{"line":1198,"column":52}},"496":{"start":{"line":1199,"column":24},"end":{"line":1199,"column":54}},"497":{"start":{"line":1201,"column":4},"end":{"line":1201,"column":47}},"498":{"start":{"line":1202,"column":28},"end":{"line":1202,"column":61}},"499":{"start":{"line":1203,"column":19},"end":{"line":1203,"column":41}},"500":{"start":{"line":1205,"column":23},"end":{"line":1208,"column":null}},"501":{"start":{"line":1210,"column":26},"end":{"line":1210,"column":76}},"502":{"start":{"line":1211,"column":25},"end":{"line":1211,"column":78}},"503":{"start":{"line":1211,"column":58},"end":{"line":1211,"column":77}},"504":{"start":{"line":1213,"column":36},"end":{"line":1213,"column":75}},"505":{"start":{"line":1214,"column":25},"end":{"line":1214,"column":56}},"506":{"start":{"line":1215,"column":32},"end":{"line":1215,"column":66}},"507":{"start":{"line":1216,"column":21},"end":{"line":1216,"column":60}},"508":{"start":{"line":1218,"column":30},"end":{"line":1227,"column":4}},"509":{"start":{"line":1228,"column":34},"end":{"line":1228,"column":74}},"510":{"start":{"line":1230,"column":2},"end":{"line":1251,"column":4}},"511":{"start":{"line":1255,"column":30},"end":{"line":1255,"column":38}},"512":{"start":{"line":1257,"column":2},"end":{"line":1298,"column":3}},"513":{"start":{"line":1258,"column":20},"end":{"line":1258,"column":31}},"514":{"start":{"line":1259,"column":4},"end":{"line":1259,"column":58}},"515":{"start":{"line":1259,"column":49},"end":{"line":1259,"column":58}},"516":{"start":{"line":1261,"column":4},"end":{"line":1270,"column":5}},"517":{"start":{"line":1269,"column":6},"end":{"line":1269,"column":18}},"518":{"start":{"line":1272,"column":23},"end":{"line":1272,"column":54}},"519":{"start":{"line":1273,"column":4},"end":{"line":1285,"column":5}},"520":{"start":{"line":1274,"column":6},"end":{"line":1284,"column":7}},"521":{"start":{"line":1275,"column":22},"end":{"line":1275,"column":64}},"522":{"start":{"line":1276,"column":8},"end":{"line":1283,"column":9}},"523":{"start":{"line":1282,"column":10},"end":{"line":1282,"column":22}},"524":{"start":{"line":1287,"column":4},"end":{"line":1289,"column":5}},"525":{"start":{"line":1288,"column":6},"end":{"line":1288,"column":55}},"526":{"start":{"line":1290,"column":4},"end":{"line":1292,"column":5}},"527":{"start":{"line":1291,"column":6},"end":{"line":1291,"column":46}},"528":{"start":{"line":1293,"column":4},"end":{"line":1293,"column":67}},"529":{"start":{"line":1293,"column":38},"end":{"line":1293,"column":67}},"530":{"start":{"line":1294,"column":4},"end":{"line":1294,"column":67}},"531":{"start":{"line":1294,"column":38},"end":{"line":1294,"column":67}},"532":{"start":{"line":1295,"column":4},"end":{"line":1295,"column":67}},"533":{"start":{"line":1295,"column":38},"end":{"line":1295,"column":67}},"534":{"start":{"line":1296,"column":4},"end":{"line":1296,"column":67}},"535":{"start":{"line":1296,"column":23},"end":{"line":1296,"column":67}},"536":{"start":{"line":1297,"column":4},"end":{"line":1297,"column":79}},"537":{"start":{"line":1297,"column":29},"end":{"line":1297,"column":79}},"538":{"start":{"line":1300,"column":2},"end":{"line":1300,"column":16}},"539":{"start":{"line":1305,"column":4},"end":{"line":1367,"column":5}},"540":{"start":{"line":1307,"column":8},"end":{"line":1309,"column":28}},"541":{"start":{"line":1310,"column":26},"end":{"line":1310,"column":45}},"542":{"start":{"line":1311,"column":25},"end":{"line":1311,"column":53}},"543":{"start":{"line":1313,"column":8},"end":{"line":1315,"column":40}},"544":{"start":{"line":1316,"column":58},"end":{"line":1319,"column":8}},"545":{"start":{"line":1321,"column":18},"end":{"line":1321,"column":66}},"546":{"start":{"line":1323,"column":19},"end":{"line":1323,"column":22}},"547":{"start":{"line":1324,"column":6},"end":{"line":1331,"column":7}},"548":{"start":{"line":1325,"column":8},"end":{"line":1330,"column":9}},"549":{"start":{"line":1326,"column":10},"end":{"line":1326,"column":26}},"550":{"start":{"line":1328,"column":22},"end":{"line":1328,"column":54}},"551":{"start":{"line":1329,"column":10},"end":{"line":1329,"column":39}},"552":{"start":{"line":1333,"column":40},"end":{"line":1333,"column":42}},"553":{"start":{"line":1334,"column":27},"end":{"line":1336,"column":14}},"554":{"start":{"line":1335,"column":15},"end":{"line":1335,"column":39}},"555":{"start":{"line":1337,"column":25},"end":{"line":1339,"column":14}},"556":{"start":{"line":1338,"column":15},"end":{"line":1338,"column":37}},"557":{"start":{"line":1341,"column":8},"end":{"line":1342,"column":62}},"558":{"start":{"line":1344,"column":6},"end":{"line":1350,"column":8}},"559":{"start":{"line":1352,"column":37},"end":{"line":1358,"column":8}},"560":{"start":{"line":1360,"column":6},"end":{"line":1366,"column":8}},"561":{"start":{"line":1303,"column":0},"end":{"line":1303,"column":13}},"562":{"start":{"line":1379,"column":2},"end":{"line":1387,"column":3}},"563":{"start":{"line":1383,"column":4},"end":{"line":1383,"column":53}},"564":{"start":{"line":1384,"column":4},"end":{"line":1384,"column":27}},"565":{"start":{"line":1386,"column":4},"end":{"line":1386,"column":43}},"566":{"start":{"line":1390,"column":4},"end":{"line":1390,"column":60}},"567":{"start":{"line":1392,"column":23},"end":{"line":1392,"column":52}},"568":{"start":{"line":1393,"column":2},"end":{"line":1395,"column":3}},"569":{"start":{"line":1394,"column":4},"end":{"line":1394,"column":31}},"570":{"start":{"line":1397,"column":23},"end":{"line":1397,"column":47}},"571":{"start":{"line":1398,"column":2},"end":{"line":1404,"column":3}},"572":{"start":{"line":1401,"column":4},"end":{"line":1403,"column":5}},"573":{"start":{"line":1402,"column":6},"end":{"line":1402,"column":62}},"574":{"start":{"line":1405,"column":2},"end":{"line":1412,"column":3}},"575":{"start":{"line":1411,"column":4},"end":{"line":1411,"column":65}},"576":{"start":{"line":1414,"column":2},"end":{"line":1416,"column":3}},"577":{"start":{"line":1415,"column":4},"end":{"line":1415,"column":60}},"578":{"start":{"line":1418,"column":2},"end":{"line":1418,"column":68}},"579":{"start":{"line":1418,"column":16},"end":{"line":1418,"column":68}},"580":{"start":{"line":1419,"column":2},"end":{"line":1419,"column":14}},"581":{"start":{"line":1430,"column":15},"end":{"line":1430,"column":59}},"582":{"start":{"line":1431,"column":2},"end":{"line":1431,"column":28}},"583":{"start":{"line":1431,"column":16},"end":{"line":1431,"column":28}},"584":{"start":{"line":1432,"column":18},"end":{"line":1432,"column":22}},"585":{"start":{"line":1433,"column":10},"end":{"line":1433,"column":11}},"586":{"start":{"line":1434,"column":2},"end":{"line":1440,"column":3}},"587":{"start":{"line":1438,"column":4},"end":{"line":1438,"column":30}},"588":{"start":{"line":1439,"column":4},"end":{"line":1439,"column":11}},"589":{"start":{"line":1441,"column":2},"end":{"line":1441,"column":19}},"590":{"start":{"line":1448,"column":2},"end":{"line":1452,"column":3}},"591":{"start":{"line":1449,"column":12},"end":{"line":1449,"column":48}},"592":{"start":{"line":1450,"column":4},"end":{"line":1450,"column":38}},"593":{"start":{"line":1450,"column":26},"end":{"line":1450,"column":38}},"594":{"start":{"line":1451,"column":4},"end":{"line":1451,"column":13}},"595":{"start":{"line":1453,"column":2},"end":{"line":1461,"column":33}},"596":{"start":{"line":1466,"column":2},"end":{"line":1471,"column":3}},"597":{"start":{"line":1467,"column":4},"end":{"line":1467,"column":47}},"598":{"start":{"line":1470,"column":4},"end":{"line":1470,"column":60}},"599":{"start":{"line":1473,"column":18},"end":{"line":1473,"column":53}},"600":{"start":{"line":1474,"column":2},"end":{"line":1474,"column":62}},"601":{"start":{"line":1478,"column":2},"end":{"line":1478,"column":42}},"602":{"start":{"line":1478,"column":21},"end":{"line":1478,"column":42}},"603":{"start":{"line":1479,"column":2},"end":{"line":1479,"column":24}},"604":{"start":{"line":1483,"column":16},"end":{"line":1483,"column":50}},"605":{"start":{"line":1484,"column":2},"end":{"line":1484,"column":68}},"606":{"start":{"line":1488,"column":2},"end":{"line":1488,"column":57}},"607":{"start":{"line":1492,"column":2},"end":{"line":1496,"column":3}},"608":{"start":{"line":1493,"column":18},"end":{"line":1493,"column":29}},"609":{"start":{"line":1494,"column":4},"end":{"line":1494,"column":46}},"610":{"start":{"line":1494,"column":29},"end":{"line":1494,"column":46}},"611":{"start":{"line":1495,"column":4},"end":{"line":1495,"column":23}},"612":{"start":{"line":1497,"column":2},"end":{"line":1497,"column":21}},"613":{"start":{"line":1504,"column":2},"end":{"line":1506,"column":3}},"614":{"start":{"line":1505,"column":4},"end":{"line":1505,"column":16}},"615":{"start":{"line":1509,"column":4},"end":{"line":1511,"column":38}},"616":{"start":{"line":1513,"column":2},"end":{"line":1520,"column":3}},"617":{"start":{"line":1514,"column":4},"end":{"line":1518,"column":5}},"618":{"start":{"line":1519,"column":4},"end":{"line":1519,"column":20}},"619":{"start":{"line":1522,"column":2},"end":{"line":1526,"column":3}},"620":{"start":{"line":1523,"column":18},"end":{"line":1523,"column":58}},"621":{"start":{"line":1524,"column":4},"end":{"line":1524,"column":48}},"622":{"start":{"line":1524,"column":17},"end":{"line":1524,"column":48}},"623":{"start":{"line":1525,"column":4},"end":{"line":1525,"column":17}},"624":{"start":{"line":1528,"column":21},"end":{"line":1532,"column":17}},"625":{"start":{"line":1534,"column":2},"end":{"line":1549,"column":3}},"626":{"start":{"line":1536,"column":6},"end":{"line":1536,"column":53}},"627":{"start":{"line":1538,"column":6},"end":{"line":1538,"column":19}},"628":{"start":{"line":1540,"column":6},"end":{"line":1540,"column":59}},"629":{"start":{"line":1542,"column":6},"end":{"line":1542,"column":23}},"630":{"start":{"line":1544,"column":23},"end":{"line":1544,"column":78}},"631":{"start":{"line":1545,"column":6},"end":{"line":1545,"column":47}},"632":{"start":{"line":1548,"column":6},"end":{"line":1548,"column":18}},"633":{"start":{"line":1553,"column":2},"end":{"line":1574,"column":3}},"634":{"start":{"line":1555,"column":6},"end":{"line":1555,"column":55}},"635":{"start":{"line":1555,"column":19},"end":{"line":1555,"column":55}},"636":{"start":{"line":1556,"column":6},"end":{"line":1556,"column":24}},"637":{"start":{"line":1558,"column":6},"end":{"line":1558,"column":51}},"638":{"start":{"line":1558,"column":19},"end":{"line":1558,"column":51}},"639":{"start":{"line":1559,"column":6},"end":{"line":1559,"column":20}},"640":{"start":{"line":1561,"column":6},"end":{"line":1561,"column":51}},"641":{"start":{"line":1561,"column":19},"end":{"line":1561,"column":51}},"642":{"start":{"line":1562,"column":6},"end":{"line":1562,"column":20}},"643":{"start":{"line":1564,"column":6},"end":{"line":1564,"column":52}},"644":{"start":{"line":1564,"column":19},"end":{"line":1564,"column":52}},"645":{"start":{"line":1565,"column":6},"end":{"line":1565,"column":21}},"646":{"start":{"line":1567,"column":6},"end":{"line":1567,"column":18}},"647":{"start":{"line":1570,"column":6},"end":{"line":1570,"column":50}},"648":{"start":{"line":1570,"column":19},"end":{"line":1570,"column":50}},"649":{"start":{"line":1571,"column":6},"end":{"line":1571,"column":19}},"650":{"start":{"line":1573,"column":6},"end":{"line":1573,"column":22}},"651":{"start":{"line":1578,"column":2},"end":{"line":1578,"column":56}},"652":{"start":{"line":1578,"column":17},"end":{"line":1578,"column":56}},"653":{"start":{"line":1579,"column":2},"end":{"line":1581,"column":3}},"654":{"start":{"line":1580,"column":4},"end":{"line":1580,"column":26}},"655":{"start":{"line":1582,"column":2},"end":{"line":1582,"column":18}},"656":{"start":{"line":1586,"column":2},"end":{"line":1586,"column":67}},"657":{"start":{"line":1595,"column":19},"end":{"line":1595,"column":37}},"658":{"start":{"line":1596,"column":2},"end":{"line":1596,"column":40}},"659":{"start":{"line":1596,"column":27},"end":{"line":1596,"column":40}},"660":{"start":{"line":1597,"column":2},"end":{"line":1597,"column":42}},"661":{"start":{"line":1597,"column":29},"end":{"line":1597,"column":42}},"662":{"start":{"line":1599,"column":20},"end":{"line":1599,"column":42}},"663":{"start":{"line":1600,"column":2},"end":{"line":1604,"column":3}},"664":{"start":{"line":1601,"column":4},"end":{"line":1603,"column":6}},"665":{"start":{"line":1607,"column":2},"end":{"line":1611,"column":4}},"666":{"start":{"line":1618,"column":25},"end":{"line":1618,"column":42}},"667":{"start":{"line":1621,"column":4},"end":{"line":1621,"column":73}},"668":{"start":{"line":1622,"column":2},"end":{"line":1624,"column":3}},"669":{"start":{"line":1623,"column":4},"end":{"line":1623,"column":67}},"670":{"start":{"line":1623,"column":40},"end":{"line":1623,"column":65}},"671":{"start":{"line":1626,"column":2},"end":{"line":1633,"column":3}},"672":{"start":{"line":1627,"column":4},"end":{"line":1632,"column":5}},"673":{"start":{"line":1628,"column":6},"end":{"line":1631,"column":7}},"674":{"start":{"line":1629,"column":22},"end":{"line":1629,"column":63}},"675":{"start":{"line":1630,"column":8},"end":{"line":1630,"column":45}},"676":{"start":{"line":1630,"column":19},"end":{"line":1630,"column":45}},"677":{"start":{"line":1635,"column":2},"end":{"line":1635,"column":29}},"678":{"start":{"line":1642,"column":26},"end":{"line":1642,"column":66}},"679":{"start":{"line":1644,"column":4},"end":{"line":1644,"column":71}},"680":{"start":{"line":1645,"column":2},"end":{"line":1647,"column":3}},"681":{"start":{"line":1646,"column":4},"end":{"line":1646,"column":61}},"682":{"start":{"line":1648,"column":2},"end":{"line":1648,"column":49}},"683":{"start":{"line":1655,"column":45},"end":{"line":1655,"column":79}},"684":{"start":{"line":1656,"column":2},"end":{"line":1656,"column":37}},"685":{"start":{"line":1660,"column":2},"end":{"line":1667,"column":4}},"686":{"start":{"line":1671,"column":15},"end":{"line":1671,"column":44}},"687":{"start":{"line":1672,"column":2},"end":{"line":1672,"column":23}},"688":{"start":{"line":1672,"column":13},"end":{"line":1672,"column":23}},"689":{"start":{"line":1674,"column":18},"end":{"line":1684,"column":4}},"690":{"start":{"line":1676,"column":6},"end":{"line":1679,"column":20}},"691":{"start":{"line":1680,"column":20},"end":{"line":1680,"column":46}},"692":{"start":{"line":1682,"column":6},"end":{"line":1682,"column":74}},"693":{"start":{"line":1683,"column":4},"end":{"line":1683,"column":48}},"694":{"start":{"line":1686,"column":2},"end":{"line":1686,"column":57}},"695":{"start":{"line":1692,"column":2},"end":{"line":1692,"column":23}},"696":{"start":{"line":1692,"column":13},"end":{"line":1692,"column":23}},"697":{"start":{"line":1693,"column":19},"end":{"line":1703,"column":4}},"698":{"start":{"line":1695,"column":6},"end":{"line":1698,"column":20}},"699":{"start":{"line":1699,"column":17},"end":{"line":1699,"column":43}},"700":{"start":{"line":1701,"column":6},"end":{"line":1701,"column":74}},"701":{"start":{"line":1702,"column":4},"end":{"line":1702,"column":45}},"702":{"start":{"line":1704,"column":2},"end":{"line":1704,"column":59}},"703":{"start":{"line":1714,"column":2},"end":{"line":1716,"column":3}},"704":{"start":{"line":1715,"column":4},"end":{"line":1715,"column":58}},"705":{"start":{"line":1718,"column":16},"end":{"line":1718,"column":27}},"706":{"start":{"line":1719,"column":29},"end":{"line":1719,"column":31}},"707":{"start":{"line":1721,"column":2},"end":{"line":1723,"column":3}},"708":{"start":{"line":1722,"column":4},"end":{"line":1722,"column":35}},"709":{"start":{"line":1725,"column":2},"end":{"line":1730,"column":3}},"710":{"start":{"line":1726,"column":18},"end":{"line":1726,"column":38}},"711":{"start":{"line":1727,"column":4},"end":{"line":1727,"column":26}},"712":{"start":{"line":1728,"column":4},"end":{"line":1728,"column":68}},"713":{"start":{"line":1729,"column":4},"end":{"line":1729,"column":18}},"714":{"start":{"line":1732,"column":2},"end":{"line":1757,"column":3}},"715":{"start":{"line":1734,"column":6},"end":{"line":1734,"column":29}},"716":{"start":{"line":1735,"column":6},"end":{"line":1735,"column":12}},"717":{"start":{"line":1738,"column":6},"end":{"line":1738,"column":29}},"718":{"start":{"line":1739,"column":6},"end":{"line":1739,"column":12}},"719":{"start":{"line":1741,"column":6},"end":{"line":1741,"column":30}},"720":{"start":{"line":1742,"column":6},"end":{"line":1742,"column":12}},"721":{"start":{"line":1744,"column":6},"end":{"line":1744,"column":29}},"722":{"start":{"line":1745,"column":6},"end":{"line":1745,"column":38}},"723":{"start":{"line":1746,"column":6},"end":{"line":1746,"column":12}},"724":{"start":{"line":1750,"column":6},"end":{"line":1750,"column":29}},"725":{"start":{"line":1751,"column":6},"end":{"line":1751,"column":44}},"726":{"start":{"line":1752,"column":6},"end":{"line":1752,"column":43}},"727":{"start":{"line":1753,"column":6},"end":{"line":1753,"column":12}},"728":{"start":{"line":1755,"column":6},"end":{"line":1755,"column":54}},"729":{"start":{"line":1756,"column":6},"end":{"line":1756,"column":41}},"730":{"start":{"line":1759,"column":2},"end":{"line":1759,"column":16}},"731":{"start":{"line":1763,"column":2},"end":{"line":1770,"column":14}},"732":{"start":{"line":1768,"column":8},"end":{"line":1768,"column":72}},"733":{"start":{"line":1774,"column":2},"end":{"line":1777,"column":19}}},"fnMap":{"0":{"name":"(anonymous_0)","decl":{"start":{"line":55,"column":2},"end":{"line":55,"column":null}},"loc":{"start":{"line":57,"column":24},"end":{"line":61,"column":3}}},"1":{"name":"shouldExcludeType","decl":{"start":{"line":64,"column":9},"end":{"line":64,"column":26}},"loc":{"start":{"line":66,"column":37},"end":{"line":121,"column":1}}},"2":{"name":"(anonymous_2)","decl":{"start":{"line":115,"column":32},"end":{"line":115,"column":33}},"loc":{"start":{"line":115,"column":43},"end":{"line":115,"column":63}}},"3":{"name":"jsonSchemaToGraphQL","decl":{"start":{"line":125,"column":16},"end":{"line":125,"column":35}},"loc":{"start":{"line":127,"column":40},"end":{"line":217,"column":1}}},"4":{"name":"(anonymous_4)","decl":{"start":{"line":160,"column":41},"end":{"line":160,"column":42}},"loc":{"start":{"line":160,"column":55},"end":{"line":160,"column":73}}},"5":{"name":"graphqlToJsonSchema","decl":{"start":{"line":219,"column":16},"end":{"line":219,"column":35}},"loc":{"start":{"line":221,"column":32},"end":{"line":341,"column":1}}},"6":{"name":"convertGraphQLTypeToSchema","decl":{"start":{"line":354,"column":9},"end":{"line":354,"column":35}},"loc":{"start":{"line":357,"column":37},"end":{"line":423,"column":1}}},"7":{"name":"(anonymous_7)","decl":{"start":{"line":370,"column":60},"end":{"line":370,"column":61}},"loc":{"start":{"line":371,"column":6},"end":{"line":371,"column":14}}},"8":{"name":"(anonymous_8)","decl":{"start":{"line":377,"column":42},"end":{"line":377,"column":43}},"loc":{"start":{"line":377,"column":54},"end":{"line":377,"column":67}}},"9":{"name":"(anonymous_9)","decl":{"start":{"line":385,"column":45},"end":{"line":385,"column":46}},"loc":{"start":{"line":385,"column":58},"end":{"line":387,"column":6}}},"10":{"name":"convertGraphQLFieldToSchema","decl":{"start":{"line":425,"column":9},"end":{"line":425,"column":36}},"loc":{"start":{"line":428,"column":37},"end":{"line":448,"column":1}}},"11":{"name":"(anonymous_11)","decl":{"start":{"line":442,"column":62},"end":{"line":442,"column":63}},"loc":{"start":{"line":443,"column":6},"end":{"line":443,"column":14}}},"12":{"name":"convertGraphQLTypeToJsonSchema","decl":{"start":{"line":450,"column":9},"end":{"line":450,"column":39}},"loc":{"start":{"line":453,"column":37},"end":{"line":502,"column":1}}},"13":{"name":"fallbackGraphqlToJsonSchema","decl":{"start":{"line":504,"column":9},"end":{"line":504,"column":36}},"loc":{"start":{"line":506,"column":37},"end":{"line":569,"column":1}}},"14":{"name":"(anonymous_14)","decl":{"start":{"line":555,"column":13},"end":{"line":555,"column":14}},"loc":{"start":{"line":555,"column":26},"end":{"line":555,"column":40}}},"15":{"name":"convertTypeDefinition","decl":{"start":{"line":573,"column":9},"end":{"line":573,"column":30}},"loc":{"start":{"line":576,"column":28},"end":{"line":621,"column":1}}},"16":{"name":"renderEnum","decl":{"start":{"line":623,"column":9},"end":{"line":623,"column":19}},"loc":{"start":{"line":626,"column":37},"end":{"line":670,"column":1}}},"17":{"name":"(anonymous_17)","decl":{"start":{"line":641,"column":53},"end":{"line":641,"column":54}},"loc":{"start":{"line":641,"column":64},"end":{"line":646,"column":7}}},"18":{"name":"renderUnion","decl":{"start":{"line":672,"column":9},"end":{"line":672,"column":20}},"loc":{"start":{"line":675,"column":28},"end":{"line":714,"column":1}}},"19":{"name":"(anonymous_19)","decl":{"start":{"line":681,"column":21},"end":{"line":681,"column":22}},"loc":{"start":{"line":681,"column":36},"end":{"line":681,"column":50}}},"20":{"name":"renderObject","decl":{"start":{"line":716,"column":9},"end":{"line":716,"column":21}},"loc":{"start":{"line":719,"column":28},"end":{"line":770,"column":1}}},"21":{"name":"(anonymous_21)","decl":{"start":{"line":727,"column":38},"end":{"line":727,"column":39}},"loc":{"start":{"line":727,"column":52},"end":{"line":727,"column":70}}},"22":{"name":"toCamelCase","decl":{"start":{"line":772,"column":9},"end":{"line":772,"column":20}},"loc":{"start":{"line":772,"column":32},"end":{"line":776,"column":1}}},"23":{"name":"(anonymous_23)","decl":{"start":{"line":774,"column":29},"end":{"line":774,"column":30}},"loc":{"start":{"line":774,"column":40},"end":{"line":774,"column":64}}},"24":{"name":"(anonymous_24)","decl":{"start":{"line":775,"column":23},"end":{"line":775,"column":24}},"loc":{"start":{"line":775,"column":30},"end":{"line":775,"column":45}}},"25":{"name":"convertField","decl":{"start":{"line":778,"column":9},"end":{"line":778,"column":21}},"loc":{"start":{"line":782,"column":28},"end":{"line":830,"column":1}}},"26":{"name":"inferGraphQLType","decl":{"start":{"line":834,"column":9},"end":{"line":834,"column":25}},"loc":{"start":{"line":839,"column":19},"end":{"line":959,"column":1}}},"27":{"name":"ensureReferencedType","decl":{"start":{"line":961,"column":9},"end":{"line":961,"column":29}},"loc":{"start":{"line":963,"column":28},"end":{"line":988,"column":1}}},"28":{"name":"resolveRef","decl":{"start":{"line":990,"column":9},"end":{"line":990,"column":19}},"loc":{"start":{"line":993,"column":34},"end":{"line":1087,"column":1}}},"29":{"name":"emitImpliedScalars","decl":{"start":{"line":1091,"column":9},"end":{"line":1091,"column":27}},"loc":{"start":{"line":1091,"column":54},"end":{"line":1123,"column":1}}},"30":{"name":"emitCustomScalars","decl":{"start":{"line":1125,"column":9},"end":{"line":1125,"column":26}},"loc":{"start":{"line":1125,"column":73},"end":{"line":1138,"column":1}}},"31":{"name":"emitOperations","decl":{"start":{"line":1140,"column":9},"end":{"line":1140,"column":23}},"loc":{"start":{"line":1140,"column":70},"end":{"line":1179,"column":1}}},"32":{"name":"normalizeOptions","decl":{"start":{"line":1183,"column":9},"end":{"line":1183,"column":25}},"loc":{"start":{"line":1184,"column":35},"end":{"line":1252,"column":1}}},"33":{"name":"(anonymous_33)","decl":{"start":{"line":1211,"column":45},"end":{"line":1211,"column":46}},"loc":{"start":{"line":1211,"column":58},"end":{"line":1211,"column":77}}},"34":{"name":"detectFederationVersion","decl":{"start":{"line":1254,"column":9},"end":{"line":1254,"column":32}},"loc":{"start":{"line":1254,"column":51},"end":{"line":1301,"column":1}}},"35":{"name":"(anonymous_35)","decl":{"start":{"line":1304,"column":2},"end":{"line":1304,"column":7}},"loc":{"start":{"line":1304,"column":35},"end":{"line":1368,"column":3}}},"36":{"name":"(anonymous_36)","decl":{"start":{"line":1335,"column":8},"end":{"line":1335,"column":9}},"loc":{"start":{"line":1335,"column":15},"end":{"line":1335,"column":39}}},"37":{"name":"(anonymous_37)","decl":{"start":{"line":1338,"column":8},"end":{"line":1338,"column":9}},"loc":{"start":{"line":1338,"column":15},"end":{"line":1338,"column":37}}},"38":{"name":"getTypeName","decl":{"start":{"line":1371,"column":9},"end":{"line":1371,"column":20}},"loc":{"start":{"line":1374,"column":22},"end":{"line":1420,"column":1}}},"39":{"name":"uniqueInlineTypeName","decl":{"start":{"line":1425,"column":9},"end":{"line":1425,"column":29}},"loc":{"start":{"line":1428,"column":58},"end":{"line":1442,"column":1}}},"40":{"name":"sanitizeTypeName","decl":{"start":{"line":1444,"column":9},"end":{"line":1444,"column":25}},"loc":{"start":{"line":1446,"column":58},"end":{"line":1462,"column":1}}},"41":{"name":"sanitizeFieldName","decl":{"start":{"line":1464,"column":9},"end":{"line":1464,"column":26}},"loc":{"start":{"line":1464,"column":75},"end":{"line":1475,"column":1}}},"42":{"name":"propFallbackName","decl":{"start":{"line":1477,"column":9},"end":{"line":1477,"column":25}},"loc":{"start":{"line":1477,"column":44},"end":{"line":1480,"column":1}}},"43":{"name":"pointerLastSegment","decl":{"start":{"line":1482,"column":9},"end":{"line":1482,"column":27}},"loc":{"start":{"line":1482,"column":43},"end":{"line":1485,"column":1}}},"44":{"name":"decodePointerSegment","decl":{"start":{"line":1487,"column":9},"end":{"line":1487,"column":29}},"loc":{"start":{"line":1487,"column":45},"end":{"line":1489,"column":1}}},"45":{"name":"accessChild","decl":{"start":{"line":1491,"column":9},"end":{"line":1491,"column":20}},"loc":{"start":{"line":1491,"column":43},"end":{"line":1498,"column":1}}},"46":{"name":"derivePrimitiveGraphQLType","decl":{"start":{"line":1500,"column":9},"end":{"line":1500,"column":35}},"loc":{"start":{"line":1502,"column":29},"end":{"line":1550,"column":1}}},"47":{"name":"mapStringFormat","decl":{"start":{"line":1552,"column":9},"end":{"line":1552,"column":24}},"loc":{"start":{"line":1552,"column":69},"end":{"line":1575,"column":1}}},"48":{"name":"finalizeType","decl":{"start":{"line":1577,"column":9},"end":{"line":1577,"column":21}},"loc":{"start":{"line":1577,"column":57},"end":{"line":1583,"column":1}}},"49":{"name":"stripNonNull","decl":{"start":{"line":1585,"column":9},"end":{"line":1585,"column":21}},"loc":{"start":{"line":1585,"column":38},"end":{"line":1587,"column":1}}},"50":{"name":"shouldPromoteToId","decl":{"start":{"line":1589,"column":9},"end":{"line":1589,"column":26}},"loc":{"start":{"line":1593,"column":37},"end":{"line":1612,"column":1}}},"51":{"name":"collectInterfaces","decl":{"start":{"line":1614,"column":9},"end":{"line":1614,"column":26}},"loc":{"start":{"line":1616,"column":28},"end":{"line":1636,"column":1}}},"52":{"name":"(anonymous_52)","decl":{"start":{"line":1623,"column":21},"end":{"line":1623,"column":22}},"loc":{"start":{"line":1623,"column":40},"end":{"line":1623,"column":65}}},"53":{"name":"formatDescription","decl":{"start":{"line":1638,"column":9},"end":{"line":1638,"column":26}},"loc":{"start":{"line":1640,"column":38},"end":{"line":1649,"column":1}}},"54":{"name":"formatDirectives","decl":{"start":{"line":1651,"column":9},"end":{"line":1651,"column":25}},"loc":{"start":{"line":1653,"column":38},"end":{"line":1657,"column":1}}},"55":{"name":"isFederationDirective","decl":{"start":{"line":1659,"column":9},"end":{"line":1659,"column":30}},"loc":{"start":{"line":1659,"column":43},"end":{"line":1668,"column":1}}},"56":{"name":"formatArgs","decl":{"start":{"line":1670,"column":9},"end":{"line":1670,"column":19}},"loc":{"start":{"line":1670,"column":38},"end":{"line":1687,"column":1}}},"57":{"name":"(anonymous_57)","decl":{"start":{"line":1674,"column":43},"end":{"line":1674,"column":44}},"loc":{"start":{"line":1674,"column":59},"end":{"line":1684,"column":3}}},"58":{"name":"formatOperationArgs","decl":{"start":{"line":1689,"column":9},"end":{"line":1689,"column":28}},"loc":{"start":{"line":1690,"column":44},"end":{"line":1705,"column":1}}},"59":{"name":"(anonymous_59)","decl":{"start":{"line":1693,"column":44},"end":{"line":1693,"column":45}},"loc":{"start":{"line":1693,"column":60},"end":{"line":1703,"column":3}}},"60":{"name":"convertGqlTypeToJson","decl":{"start":{"line":1709,"column":9},"end":{"line":1709,"column":29}},"loc":{"start":{"line":1712,"column":11},"end":{"line":1760,"column":1}}},"61":{"name":"toPascalCase","decl":{"start":{"line":1762,"column":9},"end":{"line":1762,"column":21}},"loc":{"start":{"line":1762,"column":35},"end":{"line":1771,"column":1}}},"62":{"name":"(anonymous_62)","decl":{"start":{"line":1767,"column":6},"end":{"line":1767,"column":7}},"loc":{"start":{"line":1768,"column":8},"end":{"line":1768,"column":72}}},"63":{"name":"toSnakeCase","decl":{"start":{"line":1773,"column":9},"end":{"line":1773,"column":20}},"loc":{"start":{"line":1773,"column":34},"end":{"line":1778,"column":1}}}},"branchMap":{"0":{"loc":{"start":{"line":68,"column":2},"end":{"line":68,"column":29}},"type":"if","locations":[{"start":{"line":68,"column":2},"end":{"line":68,"column":29}}]},"1":{"loc":{"start":{"line":71,"column":2},"end":{"line":79,"column":3}},"type":"if","locations":[{"start":{"line":71,"column":2},"end":{"line":79,"column":3}}]},"2":{"loc":{"start":{"line":72,"column":4},"end":{"line":74,"column":27}},"type":"binary-expr","locations":[{"start":{"line":72,"column":4},"end":{"line":72,"column":27}},{"start":{"line":73,"column":4},"end":{"line":73,"column":24}},{"start":{"line":74,"column":4},"end":{"line":74,"column":27}}]},"3":{"loc":{"start":{"line":82,"column":2},"end":{"line":84,"column":3}},"type":"if","locations":[{"start":{"line":82,"column":2},"end":{"line":84,"column":3}}]},"4":{"loc":{"start":{"line":89,"column":2},"end":{"line":101,"column":3}},"type":"if","locations":[{"start":{"line":89,"column":2},"end":{"line":101,"column":3}}]},"5":{"loc":{"start":{"line":91,"column":4},"end":{"line":100,"column":5}},"type":"if","locations":[{"start":{"line":91,"column":4},"end":{"line":100,"column":5}},{"start":{"line":98,"column":11},"end":{"line":100,"column":5}}]},"6":{"loc":{"start":{"line":93,"column":6},"end":{"line":97,"column":7}},"type":"if","locations":[{"start":{"line":93,"column":6},"end":{"line":97,"column":7}},{"start":{"line":95,"column":13},"end":{"line":97,"column":7}}]},"7":{"loc":{"start":{"line":104,"column":2},"end":{"line":110,"column":3}},"type":"if","locations":[{"start":{"line":104,"column":2},"end":{"line":110,"column":3}}]},"8":{"loc":{"start":{"line":106,"column":6},"end":{"line":108,"column":7}},"type":"if","locations":[{"start":{"line":106,"column":6},"end":{"line":108,"column":7}}]},"9":{"loc":{"start":{"line":113,"column":2},"end":{"line":118,"column":3}},"type":"if","locations":[{"start":{"line":113,"column":2},"end":{"line":118,"column":3}}]},"10":{"loc":{"start":{"line":114,"column":4},"end":{"line":115,"column":64}},"type":"binary-expr","locations":[{"start":{"line":114,"column":4},"end":{"line":114,"column":26}},{"start":{"line":115,"column":4},"end":{"line":115,"column":64}}]},"11":{"loc":{"start":{"line":127,"column":2},"end":{"line":127,"column":40}},"type":"default-arg","locations":[{"start":{"line":127,"column":38},"end":{"line":127,"column":40}}]},"12":{"loc":{"start":{"line":130,"column":4},"end":{"line":132,"column":23}},"type":"cond-expr","locations":[{"start":{"line":131,"column":9},"end":{"line":131,"column":51}},{"start":{"line":132,"column":8},"end":{"line":132,"column":23}}]},"13":{"loc":{"start":{"line":136,"column":4},"end":{"line":138,"column":36}},"type":"cond-expr","locations":[{"start":{"line":137,"column":8},"end":{"line":137,"column":39}},{"start":{"line":138,"column":8},"end":{"line":138,"column":36}}]},"14":{"loc":{"start":{"line":156,"column":22},"end":{"line":156,"column":56}},"type":"binary-expr","locations":[{"start":{"line":156,"column":22},"end":{"line":156,"column":34}},{"start":{"line":156,"column":38},"end":{"line":156,"column":56}}]},"15":{"loc":{"start":{"line":157,"column":2},"end":{"line":195,"column":3}},"type":"if","locations":[{"start":{"line":157,"column":2},"end":{"line":195,"column":3}}]},"16":{"loc":{"start":{"line":158,"column":20},"end":{"line":160,"column":74}},"type":"cond-expr","locations":[{"start":{"line":159,"column":8},"end":{"line":159,"column":35}},{"start":{"line":160,"column":8},"end":{"line":160,"column":74}}]},"17":{"loc":{"start":{"line":166,"column":26},"end":{"line":166,"column":75}},"type":"binary-expr","locations":[{"start":{"line":166,"column":26},"end":{"line":166,"column":65}},{"start":{"line":166,"column":69},"end":{"line":166,"column":75}}]},"18":{"loc":{"start":{"line":182,"column":8},"end":{"line":183,"column":55}},"type":"binary-expr","locations":[{"start":{"line":182,"column":8},"end":{"line":182,"column":49}},{"start":{"line":183,"column":8},"end":{"line":183,"column":55}}]},"19":{"loc":{"start":{"line":185,"column":6},"end":{"line":189,"column":7}},"type":"if","locations":[{"start":{"line":185,"column":6},"end":{"line":189,"column":7}}]},"20":{"loc":{"start":{"line":191,"column":6},"end":{"line":193,"column":7}},"type":"if","locations":[{"start":{"line":191,"column":6},"end":{"line":193,"column":7}}]},"21":{"loc":{"start":{"line":191,"column":10},"end":{"line":191,"column":67}},"type":"binary-expr","locations":[{"start":{"line":191,"column":10},"end":{"line":191,"column":18}},{"start":{"line":191,"column":22},"end":{"line":191,"column":67}}]},"22":{"loc":{"start":{"line":197,"column":52},"end":{"line":197,"column":74}},"type":"binary-expr","locations":[{"start":{"line":197,"column":52},"end":{"line":197,"column":64}},{"start":{"line":197,"column":68},"end":{"line":197,"column":74}}]},"23":{"loc":{"start":{"line":198,"column":2},"end":{"line":200,"column":3}},"type":"if","locations":[{"start":{"line":198,"column":2},"end":{"line":200,"column":3}}]},"24":{"loc":{"start":{"line":198,"column":6},"end":{"line":198,"column":71}},"type":"binary-expr","locations":[{"start":{"line":198,"column":6},"end":{"line":198,"column":18}},{"start":{"line":198,"column":22},"end":{"line":198,"column":71}}]},"25":{"loc":{"start":{"line":212,"column":2},"end":{"line":214,"column":3}},"type":"if","locations":[{"start":{"line":212,"column":2},"end":{"line":214,"column":3}}]},"26":{"loc":{"start":{"line":221,"column":2},"end":{"line":221,"column":32}},"type":"default-arg","locations":[{"start":{"line":221,"column":30},"end":{"line":221,"column":32}}]},"27":{"loc":{"start":{"line":237,"column":6},"end":{"line":289,"column":7}},"type":"if","locations":[{"start":{"line":237,"column":6},"end":{"line":289,"column":7}},{"start":{"line":254,"column":13},"end":{"line":289,"column":7}}]},"28":{"loc":{"start":{"line":238,"column":8},"end":{"line":239,"column":46}},"type":"binary-expr","locations":[{"start":{"line":238,"column":8},"end":{"line":238,"column":43}},{"start":{"line":239,"column":8},"end":{"line":239,"column":46}}]},"29":{"loc":{"start":{"line":242,"column":8},"end":{"line":251,"column":9}},"type":"if","locations":[{"start":{"line":242,"column":8},"end":{"line":251,"column":9}}]},"30":{"loc":{"start":{"line":242,"column":12},"end":{"line":242,"column":71}},"type":"binary-expr","locations":[{"start":{"line":242,"column":12},"end":{"line":242,"column":20}},{"start":{"line":242,"column":24},"end":{"line":242,"column":44}},{"start":{"line":242,"column":48},"end":{"line":242,"column":71}}]},"31":{"loc":{"start":{"line":247,"column":20},"end":{"line":247,"column":36}},"type":"binary-expr","locations":[{"start":{"line":247,"column":20},"end":{"line":247,"column":30}},{"start":{"line":247,"column":34},"end":{"line":247,"column":36}}]},"32":{"loc":{"start":{"line":248,"column":24},"end":{"line":248,"column":44}},"type":"binary-expr","locations":[{"start":{"line":248,"column":24},"end":{"line":248,"column":38}},{"start":{"line":248,"column":42},"end":{"line":248,"column":44}}]},"33":{"loc":{"start":{"line":249,"column":24},"end":{"line":249,"column":44}},"type":"binary-expr","locations":[{"start":{"line":249,"column":24},"end":{"line":249,"column":38}},{"start":{"line":249,"column":42},"end":{"line":249,"column":44}}]},"34":{"loc":{"start":{"line":252,"column":8},"end":{"line":252,"column":61}},"type":"if","locations":[{"start":{"line":252,"column":8},"end":{"line":252,"column":61}}]},"35":{"loc":{"start":{"line":253,"column":8},"end":{"line":253,"column":67}},"type":"if","locations":[{"start":{"line":253,"column":8},"end":{"line":253,"column":67}}]},"36":{"loc":{"start":{"line":254,"column":13},"end":{"line":289,"column":7}},"type":"if","locations":[{"start":{"line":254,"column":13},"end":{"line":289,"column":7}},{"start":{"line":265,"column":13},"end":{"line":289,"column":7}}]},"37":{"loc":{"start":{"line":256,"column":8},"end":{"line":264,"column":9}},"type":"if","locations":[{"start":{"line":256,"column":8},"end":{"line":264,"column":9}}]},"38":{"loc":{"start":{"line":261,"column":24},"end":{"line":261,"column":40}},"type":"binary-expr","locations":[{"start":{"line":261,"column":24},"end":{"line":261,"column":34}},{"start":{"line":261,"column":38},"end":{"line":261,"column":40}}]},"39":{"loc":{"start":{"line":262,"column":24},"end":{"line":262,"column":44}},"type":"binary-expr","locations":[{"start":{"line":262,"column":24},"end":{"line":262,"column":38}},{"start":{"line":262,"column":42},"end":{"line":262,"column":44}}]},"40":{"loc":{"start":{"line":265,"column":13},"end":{"line":289,"column":7}},"type":"if","locations":[{"start":{"line":265,"column":13},"end":{"line":289,"column":7}},{"start":{"line":276,"column":13},"end":{"line":289,"column":7}}]},"41":{"loc":{"start":{"line":267,"column":8},"end":{"line":275,"column":9}},"type":"if","locations":[{"start":{"line":267,"column":8},"end":{"line":275,"column":9}}]},"42":{"loc":{"start":{"line":272,"column":19},"end":{"line":272,"column":34}},"type":"binary-expr","locations":[{"start":{"line":272,"column":19},"end":{"line":272,"column":28}},{"start":{"line":272,"column":32},"end":{"line":272,"column":34}}]},"43":{"loc":{"start":{"line":273,"column":24},"end":{"line":273,"column":44}},"type":"binary-expr","locations":[{"start":{"line":273,"column":24},"end":{"line":273,"column":38}},{"start":{"line":273,"column":42},"end":{"line":273,"column":44}}]},"44":{"loc":{"start":{"line":276,"column":13},"end":{"line":289,"column":7}},"type":"if","locations":[{"start":{"line":276,"column":13},"end":{"line":289,"column":7}}]},"45":{"loc":{"start":{"line":278,"column":8},"end":{"line":288,"column":9}},"type":"if","locations":[{"start":{"line":278,"column":8},"end":{"line":288,"column":9}}]},"46":{"loc":{"start":{"line":279,"column":10},"end":{"line":280,"column":75}},"type":"binary-expr","locations":[{"start":{"line":279,"column":10},"end":{"line":279,"column":20}},{"start":{"line":280,"column":10},"end":{"line":280,"column":75}}]},"47":{"loc":{"start":{"line":286,"column":24},"end":{"line":286,"column":44}},"type":"binary-expr","locations":[{"start":{"line":286,"column":24},"end":{"line":286,"column":38}},{"start":{"line":286,"column":42},"end":{"line":286,"column":44}}]},"48":{"loc":{"start":{"line":296,"column":26},"end":{"line":296,"column":46}},"type":"binary-expr","locations":[{"start":{"line":296,"column":26},"end":{"line":296,"column":40}},{"start":{"line":296,"column":44},"end":{"line":296,"column":46}}]},"49":{"loc":{"start":{"line":297,"column":6},"end":{"line":304,"column":7}},"type":"if","locations":[{"start":{"line":297,"column":6},"end":{"line":304,"column":7}}]},"50":{"loc":{"start":{"line":298,"column":8},"end":{"line":300,"column":53}},"type":"binary-expr","locations":[{"start":{"line":298,"column":8},"end":{"line":298,"column":30}},{"start":{"line":299,"column":9},"end":{"line":299,"column":48}},{"start":{"line":300,"column":10},"end":{"line":300,"column":52}}]},"51":{"loc":{"start":{"line":309,"column":23},"end":{"line":311,"column":10}},"type":"cond-expr","locations":[{"start":{"line":310,"column":8},"end":{"line":310,"column":73}},{"start":{"line":311,"column":8},"end":{"line":311,"column":10}}]},"52":{"loc":{"start":{"line":316,"column":6},"end":{"line":322,"column":7}},"type":"if","locations":[{"start":{"line":316,"column":6},"end":{"line":322,"column":7}}]},"53":{"loc":{"start":{"line":332,"column":4},"end":{"line":334,"column":5}},"type":"if","locations":[{"start":{"line":332,"column":4},"end":{"line":334,"column":5}}]},"54":{"loc":{"start":{"line":363,"column":2},"end":{"line":365,"column":3}},"type":"if","locations":[{"start":{"line":363,"column":2},"end":{"line":365,"column":3}}]},"55":{"loc":{"start":{"line":363,"column":6},"end":{"line":363,"column":56}},"type":"binary-expr","locations":[{"start":{"line":363,"column":6},"end":{"line":363,"column":25}},{"start":{"line":363,"column":29},"end":{"line":363,"column":56}}]},"56":{"loc":{"start":{"line":369,"column":2},"end":{"line":373,"column":3}},"type":"if","locations":[{"start":{"line":369,"column":2},"end":{"line":373,"column":3}}]},"57":{"loc":{"start":{"line":369,"column":6},"end":{"line":369,"column":57}},"type":"binary-expr","locations":[{"start":{"line":369,"column":6},"end":{"line":369,"column":24}},{"st
[...]
"column":2},"end":{"line":440,"column":3}},"type":"if","locations":[{"start":{"line":435,"column":2},"end":{"line":440,"column":3}}]},"45":{"loc":{"start":{"line":443,"column":2},"end":{"line":445,"column":3}},"type":"if","locations":[{"start":{"line":443,"column":2},"end":{"line":445,"column":3}}]},"46":{"loc":{"start":{"line":448,"column":2},"end":{"line":450,"column":3}},"type":"if","locations":[{"start":{"line":448,"column":2},"end":{"line":450,"column":3}}]},"47":{"loc":{"start":{"line":453,"column":2},"end":{"line":457,"column":3}},"type":"if","locations":[{"start":{"line":453,"column":2},"end":{"line":457,"column":3}}]},"48":{"loc":{"start":{"line":471,"column":2},"end":{"line":473,"column":3}},"type":"if","locations":[{"start":{"line":471,"column":2},"end":{"line":473,"column":3}}]},"49":{"loc":{"start":{"line":476,"column":2},"end":{"line":481,"column":3}},"type":"if","locations":[{"start":{"line":476,"column":2},"end":{"line":481,"column":3}}]},"50":{"loc":{"start":{"line":477,"column":19},"end":{"line":479,"column":37}},"type":"cond-expr","locations":[{"start":{"line":478,"column":8},"end":{"line":478,"column":47}},{"start":{"line":479,"column":8},"end":{"line":479,"column":37}}]},"51":{"loc":{"start":{"line":484,"column":2},"end":{"line":489,"column":3}},"type":"if","locations":[{"start":{"line":484,"column":2},"end":{"line":489,"column":3}}]},"52":{"loc":{"start":{"line":485,"column":19},"end":{"line":487,"column":37}},"type":"cond-expr","locations":[{"start":{"line":486,"column":8},"end":{"line":486,"column":47}},{"start":{"line":487,"column":8},"end":{"line":487,"column":37}}]},"53":{"loc":{"start":{"line":492,"column":2},"end":{"line":498,"column":3}},"type":"if","locations":[{"start":{"line":492,"column":2},"end":{"line":498,"column":3}}]},"54":{"loc":{"start":{"line":501,"column":2},"end":{"line":503,"column":3}},"type":"if","locations":[{"start":{"line":501,"column":2},"end":{"line":503,"column":3}}]},"55":{"loc":{"start":{"line":520,"column":4},"end":{"line":522,"column":5}},"type":"if","locations":[{"start":{"line":520,"column":4},"end":{"line":522,"column":5}}]},"56":{"loc":{"start":{"line":523,"column":4},"end":{"line":525,"column":5}},"type":"if","locations":[{"start":{"line":523,"column":4},"end":{"line":525,"column":5}}]},"57":{"loc":{"start":{"line":532,"column":2},"end":{"line":534,"column":3}},"type":"if","locations":[{"start":{"line":532,"column":2},"end":{"line":534,"column":3}}]},"58":{"loc":{"start":{"line":536,"column":2},"end":{"line":538,"column":3}},"type":"if","locations":[{"start":{"line":536,"column":2},"end":{"line":538,"column":3}}]}},"s":{"0":1,"1":1,"2":1,"3":1,"4":1,"5":1,"6":1,"7":1,"8":1,"9":1,"10":1,"11":1,"12":12,"13":12,"14":25,"15":3,"16":22,"17":22,"18":2,"19":2,"20":1,"21":1,"22":0,"23":0,"24":0,"25":1,"26":1,"27":1,"28":1,"29":0,"30":0,"31":0,"32":0,"33":0,"34":0,"35":0,"36":1,"37":1,"38":1,"39":1,"40":1,"41":1,"42":1,"43":1,"44":0,"45":0,"46":0,"47":0,"48":1,"49":1,"50":1,"51":1,"52":1,"53":1,"54":3,"55":3,"56":0,"57":0,"58":0,"59":0,"60":0,"61":0,"62":0,"63":0,"64":0,"65":0,"66":0,"67":0,"68":0,"69":0,"70":0,"71":0,"72":0,"73":1,"74":1,"75":1,"76":1,"77":1,"78":1,"79":1,"80":1,"81":1,"82":1,"83":0,"84":0,"85":0,"86":0,"87":0,"88":0,"89":0,"90":0,"91":0,"92":0,"93":0,"94":0,"95":0,"96":0,"97":0,"98":0,"99":2,"100":1,"101":1,"102":1,"103":1,"104":1,"105":2,"106":12,"107":3,"108":7,"109":4,"110":4,"111":3,"112":2,"113":2,"114":1,"115":10,"116":6,"117":4,"118":2,"119":2,"120":2,"121":2,"122":6,"123":1,"124":5,"125":5,"126":2,"127":3,"128":6,"129":8,"130":1,"131":7,"132":2,"133":5,"134":7,"135":14,"136":1,"137":13,"138":14,"139":12,"140":2,"141":1,"142":2,"143":1,"144":1,"145":13,"146":5,"147":5,"148":3,"149":3,"150":4,"151":5,"152":2,"153":5,"154":0,"155":5,"156":0,"157":5,"158":7,"159":7,"160":2,"161":7,"162":3,"163":3,"164":7,"165":1,"166":1,"167":7,"168":1,"169":7,"170":0,"171":7,"172":8,"173":8,"174":8,"175":8,"176":17,"177":6,"178":17,"179":4,"180":17,"181":8,"182":3,"183":8,"184":2,"185":8},"f":{"0":12,"1":0,"2":3,"3":7,"4":10,"5":2,"6":2,"7":6,"8":6,"9":8,"10":7,"11":14,"12":14,"13":2,"14":5,"15":7,"16":8},"b":{"0":[3],"1":[2,1,0,1,1,1,0,0,0,1,1,1,1,0,0,0,1,1,1,3,3,0,1,1,1,1,1,1,0,0,0,0,0,0,0,0,0,0,2],"2":[0],"3":[1,0],"4":[1,0],"5":[0],"6":[0,0],"7":[0],"8":[0,0],"9":[0,0],"10":[0,0],"11":[0],"12":[0],"13":[0],"14":[0],"15":[0,0],"16":[0],"17":[0],"18":[0,0],"19":[0],"20":[1,1],"21":[1],"22":[1,1],"23":[1],"24":[4],"25":[7,5],"26":[4,1],"27":[2],"28":[3,2],"29":[2,0],"30":[6],"31":[2],"32":[2,1],"33":[2,1],"34":[4],"35":[1],"36":[2],"37":[5,3],"38":[1],"39":[2],"40":[1],"41":[14,13],"42":[12],"43":[1],"44":[3],"45":[2],"46":[0],"47":[0],"48":[2],"49":[3],"50":[1,2],"51":[1],"52":[0,1],"53":[1],"54":[0],"55":[6],"56":[4],"57":[3],"58":[2]}}
,"/home/john/json-schema-x-graphql/converters/node/src/features/relay.ts": {"path":"/home/john/json-schema-x-graphql/converters/node/src/features/relay.ts","statementMap":{"0":{"start":{"line":4,"column":0},"end":{"line":4,"column":16}},"1":{"start":{"line":17,"column":0},"end":{"line":17,"column":16}},"2":{"start":{"line":5,"column":2},"end":{"line":5,"column":53}},"3":{"start":{"line":5,"column":46},"end":{"line":5,"column":53}},"4":{"start":{"line":7,"column":2},"end":{"line":13,"column":4}},"5":{"start":{"line":14,"column":2},"end":{"line":14,"column":41}},"6":{"start":{"line":21,"column":19},"end":{"line":21,"column":36}},"7":{"start":{"line":22,"column":25},"end":{"line":22,"column":48}},"8":{"start":{"line":24,"column":2},"end":{"line":24,"column":57}},"9":{"start":{"line":24,"column":50},"end":{"line":24,"column":57}},"10":{"start":{"line":26,"column":2},"end":{"line":26,"column":26}},"11":{"start":{"line":28,"column":2},"end":{"line":35,"column":3}},"12":{"start":{"line":29,"column":4},"end":{"line":33,"column":4}},"13":{"start":{"line":34,"column":4},"end":{"line":34,"column":41}},"14":{"start":{"line":37,"column":2},"end":{"line":42,"column":4}},"15":{"start":{"line":43,"column":2},"end":{"line":43,"column":45}}},"fnMap":{"0":{"name":"ensurePageInfo","decl":{"start":{"line":4,"column":16},"end":{"line":4,"column":30}},"loc":{"start":{"line":4,"column":57},"end":{"line":15,"column":1}}},"1":{"name":"ensureConnectionType","decl":{"start":{"line":17,"column":16},"end":{"line":17,"column":36}},"loc":{"start":{"line":19,"column":28},"end":{"line":44,"column":1}}}},"branchMap":{"0":{"loc":{"start":{"line":5,"column":2},"end":{"line":5,"column":53}},"type":"if","locations":[{"start":{"line":5,"column":2},"end":{"line":5,"column":53}}]},"1":{"loc":{"start":{"line":24,"column":2},"end":{"line":24,"column":57}},"type":"if","locations":[{"start":{"line":24,"column":2},"end":{"line":24,"column":57}}]},"2":{"loc":{"start":{"line":28,"column":2},"end":{"line":35,"column":3}},"type":"if","locations":[{"start":{"line":28,"column":2},"end":{"line":35,"column":3}}]}},"s":{"0":6,"1":6,"2":0,"3":0,"4":0,"5":0,"6":0,"7":0,"8":0,"9":0,"10":0,"11":0,"12":0,"13":0,"14":0,"15":0},"f":{"0":0,"1":0},"b":{"0":[0],"1":[0],"2":[0]}}
,"/home/john/json-schema-x-graphql/converters/node/src/normalization/directives.ts": {"path":"/home/john/json-schema-x-graphql/converters/node/src/normalization/directives.ts","statementMap":{"0":{"start":{"line":9,"column":0},"end":{"line":9,"column":16}},"1":{"start":{"line":97,"column":0},"end":{"line":97,"column":16}},"2":{"start":{"line":13,"column":45},"end":{"line":13,"column":47}},"3":{"start":{"line":16,"column":4},"end":{"line":17,"column":41}},"4":{"start":{"line":20,"column":2},"end":{"line":35,"column":3}},"5":{"start":{"line":21,"column":4},"end":{"line":34,"column":5}},"6":{"start":{"line":22,"column":6},"end":{"line":30,"column":7}},"7":{"start":{"line":23,"column":22},"end":{"line":23,"column":41}},"8":{"start":{"line":24,"column":8},"end":{"line":28,"column":9}},"9":{"start":{"line":25,"column":23},"end":{"line":25,"column":31}},"10":{"start":{"line":26,"column":10},"end":{"line":26,"column":74}},"11":{"start":{"line":26,"column":65},"end":{"line":26,"column":74}},"12":{"start":{"line":27,"column":10},"end":{"line":27,"column":46}},"13":{"start":{"line":29,"column":8},"end":{"line":29,"column":17}},"14":{"start":{"line":31,"column":6},"end":{"line":31,"column":31}},"15":{"start":{"line":31,"column":22},"end":{"line":31,"column":31}},"16":{"start":{"line":32,"column":6},"end":{"line":32,"column":74}},"17":{"start":{"line":32,"column":65},"end":{"line":32,"column":74}},"18":{"start":{"line":33,"column":6},"end":{"line":33,"column":63}},"19":{"start":{"line":38,"column":2},"end":{"line":92,"column":3}},"20":{"start":{"line":39,"column":4},"end":{"line":41,"column":5}},"21":{"start":{"line":40,"column":6},"end":{"line":40,"column":45}},"22":{"start":{"line":42,"column":4},"end":{"line":44,"column":5}},"23":{"start":{"line":43,"column":6},"end":{"line":43,"column":48}},"24":{"start":{"line":45,"column":4},"end":{"line":47,"column":5}},"25":{"start":{"line":46,"column":6},"end":{"line":46,"column":49}},"26":{"start":{"line":48,"column":4},"end":{"line":50,"column":5}},"27":{"start":{"line":49,"column":6},"end":{"line":49,"column":51}},"28":{"start":{"line":51,"column":4},"end":{"line":56,"column":5}},"29":{"start":{"line":52,"column":6},"end":{"line":55,"column":9}},"30":{"start":{"line":58,"column":4},"end":{"line":69,"column":5}},"31":{"start":{"line":59,"column":6},"end":{"line":68,"column":7}},"32":{"start":{"line":60,"column":8},"end":{"line":67,"column":9}},"33":{"start":{"line":61,"column":10},"end":{"line":61,"column":66}},"34":{"start":{"line":62,"column":15},"end":{"line":67,"column":9}},"35":{"start":{"line":63,"column":10},"end":{"line":66,"column":13}},"36":{"start":{"line":71,"column":4},"end":{"line":76,"column":5}},"37":{"start":{"line":72,"column":6},"end":{"line":75,"column":9}},"38":{"start":{"line":77,"column":4},"end":{"line":82,"column":5}},"39":{"start":{"line":78,"column":6},"end":{"line":81,"column":9}},"40":{"start":{"line":83,"column":4},"end":{"line":85,"column":5}},"41":{"start":{"line":84,"column":6},"end":{"line":84,"column":44}},"42":{"start":{"line":86,"column":4},"end":{"line":91,"column":5}},"43":{"start":{"line":87,"column":6},"end":{"line":90,"column":9}},"44":{"start":{"line":94,"column":2},"end":{"line":94,"column":20}},"45":{"start":{"line":98,"column":2},"end":{"line":100,"column":3}},"46":{"start":{"line":99,"column":4},"end":{"line":99,"column":14}},"47":{"start":{"line":102,"column":16},"end":{"line":110,"column":4}},"48":{"start":{"line":103,"column":4},"end":{"line":103,"column":32}},"49":{"start":{"line":103,"column":17},"end":{"line":103,"column":32}},"50":{"start":{"line":104,"column":4},"end":{"line":104,"column":29}},"51":{"start":{"line":104,"column":19},"end":{"line":104,"column":29}},"52":{"start":{"line":106,"column":6},"end":{"line":108,"column":12}},"53":{"start":{"line":109,"column":4},"end":{"line":109,"column":33}},"54":{"start":{"line":112,"column":2},"end":{"line":115,"column":14}},"55":{"start":{"line":114,"column":16},"end":{"line":114,"column":23}},"56":{"start":{"line":119,"column":2},"end":{"line":135,"column":16}},"57":{"start":{"line":122,"column":6},"end":{"line":131,"column":7}},"58":{"start":{"line":123,"column":8},"end":{"line":130,"column":26}},"59":{"start":{"line":126,"column":14},"end":{"line":128,"column":30}},"60":{"start":{"line":127,"column":36},"end":{"line":127,"column":44}},"61":{"start":{"line":133,"column":6},"end":{"line":133,"column":48}},"62":{"start":{"line":139,"column":31},"end":{"line":153,"column":4}},"63":{"start":{"line":154,"column":2},"end":{"line":154,"column":40}}},"fnMap":{"0":{"name":"extractDirectives","decl":{"start":{"line":9,"column":16},"end":{"line":9,"column":33}},"loc":{"start":{"line":11,"column":38},"end":{"line":95,"column":1}}},"1":{"name":"printDirectives","decl":{"start":{"line":97,"column":16},"end":{"line":97,"column":31}},"loc":{"start":{"line":97,"column":66},"end":{"line":116,"column":1}}},"2":{"name":"(anonymous_2)","decl":{"start":{"line":102,"column":31},"end":{"line":102,"column":32}},"loc":{"start":{"line":102,"column":39},"end":{"line":110,"column":3}}},"3":{"name":"(anonymous_3)","decl":{"start":{"line":114,"column":9},"end":{"line":114,"column":10}},"loc":{"start":{"line":114,"column":16},"end":{"line":114,"column":23}}},"4":{"name":"formatDirectiveArgs","decl":{"start":{"line":118,"column":9},"end":{"line":118,"column":28}},"loc":{"start":{"line":118,"column":54},"end":{"line":136,"column":1}}},"5":{"name":"(anonymous_5)","decl":{"start":{"line":120,"column":9},"end":{"line":120,"column":10}},"loc":{"start":{"line":120,"column":26},"end":{"line":134,"column":5}}},"6":{"name":"(anonymous_6)","decl":{"start":{"line":125,"column":12},"end":{"line":125,"column":13}},"loc":{"start":{"line":126,"column":14},"end":{"line":128,"column":30}}},"7":{"name":"(anonymous_7)","decl":{"start":{"line":127,"column":21},"end":{"line":127,"column":22}},"loc":{"start":{"line":127,"column":36},"end":{"line":127,"column":44}}},"8":{"name":"isFederationDirective","decl":{"start":{"line":138,"column":9},"end":{"line":138,"column":30}},"loc":{"start":{"line":138,"column":43},"end":{"line":155,"column":1}}}},"branchMap":{"0":{"loc":{"start":{"line":16,"column":4},"end":{"line":17,"column":41}},"type":"binary-expr","locations":[{"start":{"line":16,"column":5},"end":{"line":16,"column":41}},{"start":{"line":16,"column":45},"end":{"line":16,"column":49}},{"start":{"line":17,"column":4},"end":{"line":17,"column":41}}]},"1":{"loc":{"start":{"line":20,"column":2},"end":{"line":35,"column":3}},"type":"if","locations":[{"start":{"line":20,"column":2},"end":{"line":35,"column":3}}]},"2":{"loc":{"start":{"line":22,"column":6},"end":{"line":30,"column":7}},"type":"if","locations":[{"start":{"line":22,"column":6},"end":{"line":30,"column":7}}]},"3":{"loc":{"start":{"line":24,"column":8},"end":{"line":28,"column":9}},"type":"if","locations":[{"start":{"line":24,"column":8},"end":{"line":28,"column":9}}]},"4":{"loc":{"start":{"line":26,"column":10},"end":{"line":26,"column":74}},"type":"if","locations":[{"start":{"line":26,"column":10},"end":{"line":26,"column":74}}]},"5":{"loc":{"start":{"line":26,"column":14},"end":{"line":26,"column":63}},"type":"binary-expr","locations":[{"start":{"line":26,"column":14},"end":{"line":26,"column":32}},{"start":{"line":26,"column":36},"end":{"line":26,"column":63}}]},"6":{"loc":{"start":{"line":31,"column":6},"end":{"line":31,"column":31}},"type":"if","locations":[{"start":{"line":31,"column":6},"end":{"line":31,"column":31}}]},"7":{"loc":{"start":{"line":32,"column":6},"end":{"line":32,"column":74}},"type":"if","locations":[{"start":{"line":32,"column":6},"end":{"line":32,"column":74}}]},"8":{"loc":{"start":{"line":32,"column":10},"end":{"line":32,"column":63}},"type":"binary-expr","locations":[{"start":{"line":32,"column":10},"end":{"line":32,"column":28}},{"start":{"line":32,"column":32},"end":{"line":32,"column":63}}]},"9":{"loc":{"start":{"line":38,"column":2},"end":{"line":92,"column":3}},"type":"if","locations":[{"start":{"line":38,"column":2},"end":{"line":92,"column":3}}]},"10":{"loc":{"start":{"line":39,"column":4},"end":{"line":41,"column":5}},"type":"if","locations":[{"start":{"line":39,"column":4},"end":{"line":41,"column":5}}]},"11":{"loc":{"start":{"line":42,"column":4},"end":{"line":44,"column":5}},"type":"if","locations":[{"start":{"line":42,"column":4},"end":{"line":44,"column":5}}]},"12":{"loc":{"start":{"line":45,"column":4},"end":{"line":47,"column":5}},"type":"if","locations":[{"start":{"line":45,"column":4},"end":{"line":47,"column":5}}]},"13":{"loc":{"start":{"line":48,"column":4},"end":{"line":50,"column":5}},"type":"if","locations":[{"start":{"line":48,"column":4},"end":{"line":50,"column":5}}]},"14":{"loc":{"start":{"line":51,"column":4},"end":{"line":56,"column":5}},"type":"if","locations":[{"start":{"line":51,"column":4},"end":{"line":56,"column":5}}]},"15":{"loc":{"start":{"line":58,"column":4},"end":{"line":69,"column":5}},"type":"if","locations":[{"start":{"line":58,"column":4},"end":{"line":69,"column":5}}]},"16":{"loc":{"start":{"line":60,"column":8},"end":{"line":67,"column":9}},"type":"if","locations":[{"start":{"line":60,"column":8},"end":{"line":67,"column":9}},{"start":{"line":62,"column":15},"end":{"line":67,"column":9}}]},"17":{"loc":{"start":{"line":62,"column":15},"end":{"line":67,"column":9}},"type":"if","locations":[{"start":{"line":62,"column":15},"end":{"line":67,"column":9}}]},"18":{"loc":{"start":{"line":62,"column":19},"end":{"line":62,"column":63}},"type":"binary-expr","locations":[{"start":{"line":62,"column":19},"end":{"line":62,"column":22}},{"start":{"line":62,"column":26},"end":{"line":62,"column":49}},{"start":{"line":62,"column":53},"end":{"line":62,"column":63}}]},"19":{"loc":{"start":{"line":71,"column":4},"end":{"line":76,"column":5}},"type":"if","locations":[{"start":{"line":71,"column":4},"end":{"line":76,"column":5}}]},"20":{"loc":{"start":{"line":77,"column":4},"end":{"line":82,"column":5}},"type":"if","locations":[{"start":{"line":77,"column":4},"end":{"line":82,"column":5}}]},"21":{"loc":{"start":{"line":83,"column":4},"end":{"line":85,"column":5}},"type":"if","locations":[{"start":{"line":83,"column":4},"end":{"line":85,"column":5}}]},"22":{"loc":{"start":{"line":86,"column":4},"end":{"line":91,"column":5}},"type":"if","locations":[{"start":{"line":86,"column":4},"end":{"line":91,"column":5}}]},"23":{"loc":{"start":{"line":98,"column":2},"end":{"line":100,"column":3}},"type":"if","locations":[{"start":{"line":98,"column":2},"end":{"line":100,"column":3}}]},"24":{"loc":{"start":{"line":103,"column":4},"end":{"line":103,"column":32}},"type":"if","locations":[{"start":{"line":103,"column":4},"end":{"line":103,"column":32}}]},"25":{"loc":{"start":{"line":104,"column":4},"end":{"line":104,"column":29}},"type":"if","locations":[{"start":{"line":104,"column":4},"end":{"line":104,"column":29}}]},"26":{"loc":{"start":{"line":106,"column":6},"end":{"line":108,"column":12}},"type":"cond-expr","locations":[{"start":{"line":107,"column":10},"end":{"line":107,"column":46}},{"start":{"line":108,"column":10},"end":{"line":108,"column":12}}]},"27":{"loc":{"start":{"line":106,"column":6},"end":{"line":106,"column":50}},"type":"binary-expr","locations":[{"start":{"line":106,"column":6},"end":{"line":106,"column":14}},{"start":{"line":106,"column":18},"end":{"line":106,"column":50}}]},"28":{"loc":{"start":{"line":122,"column":6},"end":{"line":131,"column":7}},"type":"if","locations":[{"start":{"line":122,"column":6},"end":{"line":131,"column":7}}]},"29":{"loc":{"start":{"line":122,"column":10},"end":{"line":122,"column":50}},"type":"binary-expr","locations":[{"start":{"line":122,"column":10},"end":{"line":122,"column":26}},{"start":{"line":122,"column":30},"end":{"line":122,"column":50}}]},"30":{"loc":{"start":{"line":126,"column":19},"end":{"line":126,"column":45}},"type":"cond-expr","locations":[{"start":{"line":126,"column":38},"end":{"line":126,"column":39}},{"start":{"line":126,"column":42},"end":{"line":126,"column":45}}]}},"s":{"0":6,"1":6,"2":1652,"3":1652,"4":1652,"5":2,"6":2,"7":2,"8":2,"9":2,"10":2,"11":0,"12":2,"13":2,"14":0,"15":0,"16":0,"17":0,"18":0,"19":1652,"20":1652,"21":19,"22":1652,"23":0,"24":1652,"25":0,"26":1652,"27":0,"28":1652,"29":0,"30":1652,"31":16,"32":32,"33":32,"34":0,"35":0,"36":1652,"37":16,"38":1652,"39":16,"40":1652,"41":16,"42":1652,"43":16,"44":1652,"45":1652,"46":1567,"47":85,"48":117,"49":2,"50":115,"51":0,"52":115,"53":115,"54":85,"55":117,"56":80,"57":80,"58":0,"59":0,"60":0,"61":80,"62":0,"63":0},"f":{"0":1652,"1":1652,"2":117,"3":117,"4":80,"5":80,"6":0,"7":0,"8":0},"b":{"0":[1652,0,1652],"1":[2],"2":[2],"3":[2],"4":[0],"5":[2,0],"6":[0],"7":[0],"8":[0,0],"9":[1652],"10":[19],"11":[0],"12":[0],"13":[0],"14":[0],"15":[16],"16":[32,0],"17":[0],"18":[0,0,0],"19":[16],"20":[16],"21":[16],"22":[16],"23":[1567],"24":[2],"25":[0],"26":[80,35],"27":[115,80],"28":[0],"29":[80,0],"30":[0,0]}}
}
