TN:
SF:src/case-conversion.ts
FN:8,camelToSnake
FN:18,snakeToCamel
FN:19,(anonymous_2)
FN:25,convertObjectKeys
FN:30,(anonymous_4)
FN:33,(anonymous_5)
FN:45,convertGraphQLFields
FN:49,(anonymous_7)
FNF:8
FNH:0
FNDA:0,camelToSnake
FNDA:0,snakeToCamel
FNDA:0,(anonymous_2)
FNDA:0,convertObjectKeys
FNDA:0,(anonymous_4)
FNDA:0,(anonymous_5)
FNDA:0,convertGraphQLFields
FNDA:0,(anonymous_7)
DA:8,5
DA:9,0
DA:18,5
DA:19,0
DA:25,5
DA:29,0
DA:30,0
DA:31,0
DA:32,0
DA:33,0
DA:39,0
DA:45,5
DA:49,0
DA:50,0
LF:14
LH:4
BRDA:29,0,0,0
BRDA:29,0,1,0
BRDA:31,1,0,0
BRDA:31,2,0,0
BRDA:31,2,1,0
BRF:5
BRH:0
end_of_record
TN:
SF:src/converter.ts
FN:51,(anonymous_0)
FN:60,shouldExcludeType
FN:100,(anonymous_2)
FN:110,jsonSchemaToGraphQL
FN:145,(anonymous_4)
FN:197,graphqlToJsonSchema
FN:332,convertGraphQLTypeToSchema
FN:348,(anonymous_7)
FN:353,(anonymous_8)
FN:361,(anonymous_9)
FN:401,convertGraphQLFieldToSchema
FN:418,(anonymous_11)
FN:424,convertGraphQLTypeToJsonSchema
FN:478,fallbackGraphqlToJsonSchema
FN:529,(anonymous_14)
FN:547,convertTypeDefinition
FN:596,renderEnum
FN:614,(anonymous_17)
FN:645,renderUnion
FN:654,(anonymous_19)
FN:689,renderObject
FN:700,(anonymous_21)
FN:745,toCamelCase
FN:747,(anonymous_23)
FN:748,(anonymous_24)
FN:751,convertField
FN:807,inferGraphQLType
FN:934,ensureReferencedType
FN:963,resolveRef
FN:1064,emitImpliedScalars
FN:1098,emitCustomScalars
FN:1113,emitOperations
FN:1156,normalizeOptions
FN:1184,(anonymous_33)
FN:1227,detectFederationVersion
FN:1277,(anonymous_35)
FN:1308,(anonymous_36)
FN:1311,(anonymous_37)
FN:1344,getTypeName
FN:1398,uniqueInlineTypeName
FN:1417,sanitizeTypeName
FN:1437,sanitizeFieldName
FN:1450,propFallbackName
FN:1455,pointerLastSegment
FN:1460,decodePointerSegment
FN:1464,accessChild
FN:1473,derivePrimitiveGraphQLType
FN:1528,mapStringFormat
FN:1556,finalizeType
FN:1564,stripNonNull
FN:1568,shouldPromoteToId
FN:1593,collectInterfaces
FN:1602,(anonymous_52)
FN:1617,formatDescription
FN:1630,formatDirectives
FN:1638,isFederationDirective
FN:1649,formatArgs
FN:1653,(anonymous_57)
FN:1668,formatOperationArgs
FN:1672,(anonymous_59)
FN:1688,convertGqlTypeToJson
FN:1741,toPascalCase
FN:1746,(anonymous_62)
FN:1752,toSnakeCase
FNF:64
FNH:42
FNDA:0,(anonymous_0)
FNDA:714,shouldExcludeType
FNDA:0,(anonymous_2)
FNDA:43,jsonSchemaToGraphQL
FNDA:0,(anonymous_4)
FNDA:1,graphqlToJsonSchema
FNDA:1,convertGraphQLTypeToSchema
FNDA:1,(anonymous_7)
FNDA:0,(anonymous_8)
FNDA:0,(anonymous_9)
FNDA:2,convertGraphQLFieldToSchema
FNDA:1,(anonymous_11)
FNDA:2,convertGraphQLTypeToJsonSchema
FNDA:0,fallbackGraphqlToJsonSchema
FNDA:0,(anonymous_14)
FNDA:349,convertTypeDefinition
FNDA:32,renderEnum
FNDA:0,(anonymous_17)
FNDA:24,renderUnion
FNDA:54,(anonymous_19)
FNDA:272,renderObject
FNDA:0,(anonymous_21)
FNDA:1957,toCamelCase
FNDA:951,(anonymous_23)
FNDA:10,(anonymous_24)
FNDA:1339,convertField
FNDA:1342,inferGraphQLType
FNDA:122,ensureReferencedType
FNDA:122,resolveRef
FNDA:43,emitImpliedScalars
FNDA:43,emitCustomScalars
FNDA:43,emitOperations
FNDA:44,normalizeOptions
FNDA:0,(anonymous_33)
FNDA:0,detectFederationVersion
FNDA:0,(anonymous_35)
FNDA:0,(anonymous_36)
FNDA:0,(anonymous_37)
FNDA:365,getTypeName
FNDA:0,uniqueInlineTypeName
FNDA:74,sanitizeTypeName
FNDA:1339,sanitizeFieldName
FNDA:0,propFallbackName
FNDA:69,pointerLastSegment
FNDA:315,decodePointerSegment
FNDA:246,accessChild
FNDA:122,derivePrimitiveGraphQLType
FNDA:669,mapStringFormat
FNDA:1342,finalizeType
FNDA:1287,stripNonNull
FNDA:1287,shouldPromoteToId
FNDA:239,collectInterfaces
FNDA:70,(anonymous_52)
FNDA:484,formatDescription
FNDA:1582,formatDirectives
FNDA:0,isFederationDirective
FNDA:1339,formatArgs
FNDA:0,(anonymous_57)
FNDA:0,formatOperationArgs
FNDA:0,(anonymous_59)
FNDA:0,convertGqlTypeToJson
FNDA:229,toPascalCase
FNDA:231,(anonymous_62)
FNDA:0,toSnakeCase
DA:21,5
DA:36,5
DA:37,5
DA:38,5
DA:53,0
DA:55,0
DA:56,0
DA:64,714
DA:67,714
DA:68,0
DA:74,714
DA:76,4
DA:77,0
DA:78,0
DA:81,0
DA:84,4
DA:89,710
DA:90,710
DA:91,5664
DA:92,16
DA:98,694
DA:100,0
DA:102,0
DA:105,694
DA:110,5
DA:115,43
DA:119,43
DA:121,43
DA:124,43
DA:128,43
DA:139,43
DA:141,43
DA:142,43
DA:143,38
DA:145,0
DA:148,38
DA:150,38
DA:151,318
DA:152,318
DA:153,318
DA:154,318
DA:155,0
DA:156,0
DA:158,318
DA:160,318
DA:161,318
DA:165,38
DA:167,318
DA:169,318
DA:170,302
DA:175,43
DA:176,43
DA:177,43
DA:180,43
DA:181,43
DA:183,43
DA:190,43
DA:191,1
DA:194,42
DA:197,5
DA:201,1
DA:203,1
DA:205,1
DA:208,1
DA:209,1
DA:214,1
DA:215,1
DA:219,1
DA:220,1
DA:221,1
DA:230,1
DA:231,1
DA:232,0
DA:233,0
DA:234,0
DA:235,0
DA:243,0
DA:244,0
DA:245,0
DA:246,0
DA:254,0
DA:255,0
DA:256,0
DA:260,0
DA:271,1
DA:272,1
DA:273,1
DA:274,1
DA:275,1
DA:280,1
DA:281,1
DA:286,1
DA:287,1
DA:292,1
DA:293,1
DA:294,1
DA:295,0
DA:304,1
DA:310,1
DA:311,0
DA:314,1
DA:317,0
DA:337,1
DA:341,1
DA:342,0
DA:345,1
DA:347,1
DA:348,1
DA:351,1
DA:352,0
DA:353,0
DA:354,0
DA:355,0
DA:357,0
DA:360,1
DA:361,0
DA:364,0
DA:367,1
DA:368,0
DA:369,0
DA:370,0
DA:374,1
DA:375,1
DA:377,1
DA:378,2
DA:379,2
DA:381,2
DA:386,2
DA:389,2
DA:390,2
DA:394,1
DA:395,1
DA:398,1
DA:406,2
DA:413,2
DA:414,0
DA:417,2
DA:418,1
DA:421,2
DA:429,2
DA:432,2
DA:433,2
DA:434,2
DA:438,2
DA:439,0
DA:450,2
DA:451,2
DA:454,2
DA:455,2
DA:456,0
DA:457,0
DA:458,0
DA:459,0
DA:460,0
DA:461,0
DA:462,0
DA:463,0
DA:467,0
DA:468,0
DA:472,0
DA:475,0
DA:482,0
DA:489,0
DA:490,0
DA:491,0
DA:493,0
DA:494,0
DA:495,0
DA:497,0
DA:498,0
DA:499,0
DA:502,0
DA:503,0
DA:504,0
DA:507,0
DA:512,0
DA:513,0
DA:514,0
DA:515,0
DA:516,0
DA:518,0
DA:521,0
DA:522,0
DA:523,0
DA:526,0
DA:527,0
DA:529,0
DA:530,0
DA:531,0
DA:532,0
DA:533,0
DA:535,0
DA:536,0
DA:537,0
DA:542,0
DA:552,349
DA:553,349
DA:554,349
DA:557,348
DA:559,328
DA:560,0
DA:566,328
DA:567,328
DA:568,328
DA:571,328
DA:572,0
DA:575,0
DA:578,328
DA:579,32
DA:580,32
DA:581,296
DA:582,24
DA:583,24
DA:584,272
DA:585,272
DA:586,272
DA:587,0
DA:588,0
DA:591,328
DA:592,328
DA:593,328
DA:601,32
DA:602,32
DA:603,0
DA:606,32
DA:607,32
DA:608,32
DA:610,32
DA:611,0
DA:612,0
DA:613,0
DA:614,0
DA:615,0
DA:616,0
DA:618,0
DA:622,32
DA:625,32
DA:626,96
DA:627,0
DA:628,0
DA:629,0
DA:630,0
DA:632,0
DA:634,96
DA:641,32
DA:642,32
DA:650,24
DA:652,24
DA:653,24
DA:654,54
DA:657,24
DA:658,24
DA:659,54
DA:660,54
DA:661,54
DA:663,0
DA:664,0
DA:665,0
DA:666,0
DA:672,24
DA:673,0
DA:680,24
DA:684,24
DA:694,272
DA:695,272
DA:697,272
DA:698,272
DA:700,0
DA:702,272
DA:704,272
DA:705,1339
DA:711,1339
DA:712,1287
DA:719,272
DA:721,239
DA:722,239
DA:723,105
DA:726,239
DA:727,239
DA:729,239
DA:730,239
DA:739,239
DA:740,239
DA:741,239
DA:742,239
DA:746,1957
DA:747,951
DA:748,10
DA:757,1339
DA:759,1339
DA:764,1339
DA:768,1339
DA:769,1339
DA:772,1339
DA:773,52
DA:777,1287
DA:778,1287
DA:780,1287
DA:781,1287
DA:782,401
DA:783,886
DA:784,96
DA:787,1287
DA:795,1287
DA:796,1287
DA:797,0
DA:799,1287
DA:801,1287
DA:802,1287
DA:814,1342
DA:815,1342
DA:816,0
DA:821,1342
DA:826,1342
DA:827,414
DA:830,928
DA:831,0
DA:837,928
DA:838,928
DA:839,73
DA:842,855
DA:843,0
DA:846,855
DA:847,68
DA:848,68
DA:850,68
DA:851,68
DA:854,787
DA:856,787
DA:858,669
DA:860,35
DA:862,17
DA:867,8
DA:869,0
DA:871,55
DA:873,55
DA:875,55
DA:876,55
DA:883,55
DA:886,3
DA:888,3
DA:891,3
DA:893,3
DA:899,3
DA:907,3
DA:908,0
DA:911,3
DA:915,3
DA:916,0
DA:923,3
DA:924,3
DA:925,3
DA:927,0
DA:930,0
DA:938,122
DA:940,122
DA:941,0
DA:944,122
DA:945,122
DA:946,0
DA:949,122
DA:950,121
DA:953,1
DA:954,1
DA:955,1
DA:956,0
DA:959,1
DA:960,1
DA:968,122
DA:971,0
DA:972,0
DA:973,0
DA:974,0
DA:975,0
DA:978,0
DA:980,0
DA:981,0
DA:982,0
DA:983,0
DA:985,0
DA:987,0
DA:988,0
DA:992,0
DA:1008,122
DA:1009,0
DA:1015,122
DA:1017,122
DA:1018,122
DA:1019,0
DA:1022,122
DA:1023,122
DA:1025,122
DA:1026,246
DA:1029,246
DA:1030,0
DA:1031,0
DA:1035,246
DA:1037,246
DA:1039,0
DA:1040,0
DA:1043,0
DA:1044,0
DA:1045,0
DA:1049,246
DA:1051,246
DA:1052,0
DA:1059,122
DA:1065,43
DA:1067,12
DA:1068,12
DA:1071,12
DA:1073,12
DA:1074,12
DA:1076,12
DA:1077,26
DA:1078,19
DA:1079,19
DA:1081,19
DA:1082,10
DA:1083,10
DA:1085,19
DA:1088,12
DA:1094,10
DA:1099,43
DA:1100,43
DA:1102,4
DA:1103,4
DA:1104,24
DA:1105,24
DA:1109,24
DA:1114,43
DA:1115,43
DA:1117,4
DA:1119,0
DA:1120,0
DA:1121,0
DA:1122,0
DA:1123,0
DA:1127,0
DA:1128,0
DA:1129,0
DA:1131,0
DA:1132,0
DA:1135,4
DA:1136,0
DA:1137,4
DA:1138,0
DA:1139,0
DA:1140,0
DA:1141,0
DA:1145,0
DA:1146,0
DA:1147,0
DA:1149,0
DA:1150,0
DA:1159,44
DA:1160,44
DA:1161,44
DA:1162,44
DA:1163,44
DA:1164,44
DA:1166,44
DA:1171,44
DA:1172,44
DA:1174,44
DA:1175,44
DA:1176,44
DA:1178,44
DA:1183,44
DA:1184,44
DA:1186,44
DA:1187,44
DA:1188,44
DA:1189,44
DA:1191,44
DA:1201,44
DA:1203,44
DA:1228,0
DA:1230,0
DA:1231,0
DA:1232,0
DA:1234,0
DA:1242,0
DA:1245,0
DA:1246,0
DA:1247,0
DA:1248,0
DA:1249,0
DA:1255,0
DA:1260,0
DA:1261,0
DA:1263,0
DA:1264,0
DA:1266,0
DA:1267,0
DA:1268,0
DA:1269,0
DA:1270,0
DA:1273,0
DA:1276,5
DA:1278,0
DA:1280,0
DA:1283,0
DA:1284,0
DA:1286,0
DA:1289,0
DA:1294,0
DA:1296,0
DA:1297,0
DA:1298,0
DA:1299,0
DA:1301,0
DA:1302,0
DA:1306,0
DA:1307,0
DA:1308,0
DA:1310,0
DA:1311,0
DA:1314,0
DA:1317,0
DA:1325,0
DA:1333,0
DA:1352,365
DA:1356,365
DA:1357,365
DA:1359,0
DA:1363,365
DA:1365,365
DA:1366,365
DA:1367,291
DA:1370,74
DA:1371,74
DA:1374,0
DA:1375,0
DA:1378,74
DA:1384,0
DA:1387,74
DA:1388,41
DA:1391,33
DA:1392,0
DA:1403,0
DA:1404,0
DA:1405,0
DA:1406,0
DA:1407,0
DA:1411,0
DA:1412,0
DA:1414,0
DA:1421,74
DA:1422,0
DA:1423,0
DA:1424,0
DA:1426,74
DA:1439,1339
DA:1440,0
DA:1443,1339
DA:1446,1339
DA:1447,1339
DA:1451,0
DA:1452,0
DA:1456,69
DA:1457,69
DA:1461,315
DA:1465,246
DA:1466,0
DA:1467,0
DA:1468,0
DA:1470,246
DA:1477,122
DA:1478,0
DA:1482,122
DA:1486,122
DA:1487,0
DA:1492,0
DA:1495,122
DA:1496,0
DA:1497,0
DA:1498,0
DA:1501,122
DA:1507,122
DA:1509,0
DA:1511,0
DA:1513,0
DA:1515,0
DA:1517,0
DA:1521,0
DA:1524,122
DA:1532,669
DA:1534,56
DA:1535,56
DA:1537,5
DA:1538,5
DA:1540,1
DA:1541,1
DA:1543,14
DA:1544,14
DA:1546,0
DA:1549,16
DA:1550,16
DA:1552,577
DA:1557,1342
DA:1558,1342
DA:1559,468
DA:1561,874
DA:1565,1287
DA:1574,1287
DA:1575,1287
DA:1576,0
DA:1578,0
DA:1579,0
DA:1580,0
DA:1586,0
DA:1597,239
DA:1600,239
DA:1601,239
DA:1602,70
DA:1605,239
DA:1606,0
DA:1607,0
DA:1608,0
DA:1609,0
DA:1614,239
DA:1621,484
DA:1623,484
DA:1624,484
DA:1625,16
DA:1627,468
DA:1634,1582
DA:1635,1582
DA:1639,0
DA:1650,1339
DA:1651,1339
DA:1653,0
DA:1655,0
DA:1659,0
DA:1661,0
DA:1662,0
DA:1665,0
DA:1671,0
DA:1672,0
DA:1674,0
DA:1678,0
DA:1680,0
DA:1681,0
DA:1683,0
DA:1693,0
DA:1694,0
DA:1697,0
DA:1698,0
DA:1700,0
DA:1701,0
DA:1704,0
DA:1705,0
DA:1706,0
DA:1707,0
DA:1708,0
DA:1711,0
DA:1713,0
DA:1714,0
DA:1717,0
DA:1718,0
DA:1720,0
DA:1721,0
DA:1723,0
DA:1724,0
DA:1725,0
DA:1729,0
DA:1730,0
DA:1731,0
DA:1732,0
DA:1734,0
DA:1735,0
DA:1738,0
DA:1742,229
DA:1747,231
DA:1753,0
LF:676
LH:379
BRDA:64,0,0,0
BRDA:67,1,0,0
BRDA:74,2,0,4
BRDA:76,3,0,0
BRDA:76,3,1,4
BRDA:78,4,0,0
BRDA:78,4,1,0
BRDA:89,5,0,710
BRDA:91,6,0,16
BRDA:98,7,0,0
BRDA:99,8,0,694
BRDA:99,8,1,694
BRDA:112,9,0,34
BRDA:115,10,0,2
BRDA:115,10,1,41
BRDA:121,11,0,0
BRDA:121,11,1,43
BRDA:141,12,0,43
BRDA:141,12,1,37
BRDA:142,13,0,38
BRDA:143,14,0,38
BRDA:143,14,1,0
BRDA:151,15,0,318
BRDA:151,15,1,0
BRDA:167,16,0,318
BRDA:167,16,1,0
BRDA:169,17,0,302
BRDA:169,18,0,318
BRDA:169,18,1,318
BRDA:175,19,0,43
BRDA:175,19,1,2
BRDA:176,20,0,43
BRDA:176,21,0,43
BRDA:176,21,1,43
BRDA:190,22,0,1
BRDA:199,23,0,0
BRDA:215,24,0,1
BRDA:215,24,1,0
BRDA:216,25,0,1
BRDA:216,25,1,0
BRDA:220,26,0,1
BRDA:220,27,0,1
BRDA:220,27,1,1
BRDA:220,27,2,1
BRDA:225,28,0,1
BRDA:225,28,1,0
BRDA:226,29,0,1
BRDA:226,29,1,0
BRDA:227,30,0,1
BRDA:227,30,1,0
BRDA:230,31,0,0
BRDA:231,32,0,0
BRDA:232,33,0,0
BRDA:232,33,1,0
BRDA:234,34,0,0
BRDA:239,35,0,0
BRDA:239,35,1,0
BRDA:240,36,0,0
BRDA:240,36,1,0
BRDA:243,37,0,0
BRDA:243,37,1,0
BRDA:245,38,0,0
BRDA:250,39,0,0
BRDA:250,39,1,0
BRDA:251,40,0,0
BRDA:251,40,1,0
BRDA:254,41,0,0
BRDA:256,42,0,0
BRDA:257,43,0,0
BRDA:257,43,1,0
BRDA:264,44,0,0
BRDA:264,44,1,0
BRDA:274,45,0,1
BRDA:274,45,1,0
BRDA:275,46,0,1
BRDA:276,47,0,1
BRDA:276,47,1,1
BRDA:276,47,2,0
BRDA:287,48,0,1
BRDA:287,48,1,0
BRDA:294,49,0,0
BRDA:310,50,0,0
BRDA:341,51,0,0
BRDA:341,52,0,1
BRDA:341,52,1,0
BRDA:347,53,0,1
BRDA:347,54,0,1
BRDA:347,54,1,1
BRDA:351,55,0,0
BRDA:353,56,0,0
BRDA:353,56,1,0
BRDA:354,57,0,0
BRDA:360,58,0,0
BRDA:361,59,0,0
BRDA:361,59,1,0
BRDA:367,60,0,0
BRDA:377,61,0,1
BRDA:377,61,1,0
BRDA:379,62,0,0
BRDA:389,63,0,2
BRDA:394,64,0,1
BRDA:413,65,0,0
BRDA:413,66,0,2
BRDA:413,66,1,0
BRDA:417,67,0,1
BRDA:417,68,0,2
BRDA:417,68,1,2
BRDA:433,69,0,2
BRDA:438,70,0,0
BRDA:450,71,0,2
BRDA:454,72,0,2
BRDA:454,72,1,0
BRDA:456,73,0,0
BRDA:456,73,1,0
BRDA:458,74,0,0
BRDA:458,74,1,0
BRDA:460,75,0,0
BRDA:460,75,1,0
BRDA:462,76,0,0
BRDA:467,77,0,0
BRDA:495,78,0,0
BRDA:495,79,0,0
BRDA:495,79,1,0
BRDA:497,80,0,0
BRDA:502,81,0,0
BRDA:502,82,0,0
BRDA:502,82,1,0
BRDA:507,83,0,0
BRDA:508,84,0,0
BRDA:508,84,1,0
BRDA:508,84,2,0
BRDA:514,85,0,0
BRDA:521,86,0,0
BRDA:526,87,0,0
BRDA:526,88,0,0
BRDA:526,88,1,0
BRDA:531,89,0,0
BRDA:536,90,0,0
BRDA:552,91,0,0
BRDA:553,92,0,0
BRDA:554,93,0,1
BRDA:557,94,0,20
BRDA:559,95,0,0
BRDA:571,96,0,0
BRDA:572,97,0,0
BRDA:572,97,1,0
BRDA:578,98,0,32
BRDA:578,98,1,296
BRDA:578,99,0,328
BRDA:578,99,1,328
BRDA:580,100,0,32
BRDA:581,101,0,24
BRDA:581,101,1,272
BRDA:581,102,0,296
BRDA:581,102,1,272
BRDA:583,103,0,24
BRDA:584,104,0,272
BRDA:584,104,1,0
BRDA:584,105,0,272
BRDA:584,105,1,0
BRDA:584,105,2,0
BRDA:586,106,0,239
BRDA:587,107,0,0
BRDA:602,108,0,0
BRDA:602,109,0,32
BRDA:602,109,1,32
BRDA:610,110,0,0
BRDA:610,110,1,32
BRDA:611,111,0,0
BRDA:611,111,1,0
BRDA:613,112,0,0
BRDA:615,113,0,0
BRDA:622,114,0,32
BRDA:622,114,1,0
BRDA:626,115,0,0
BRDA:626,115,1,96
BRDA:626,116,0,96
BRDA:626,116,1,0
BRDA:627,117,0,0
BRDA:627,117,1,0
BRDA:628,118,0,0
BRDA:629,119,0,0
BRDA:629,120,0,0
BRDA:629,120,1,0
BRDA:653,121,0,24
BRDA:657,122,0,24
BRDA:659,123,0,54
BRDA:659,123,1,0
BRDA:661,124,0,54
BRDA:664,125,0,0
BRDA:672,126,0,0
BRDA:680,127,0,8
BRDA:680,127,1,16
BRDA:680,128,0,24
BRDA:680,128,1,24
BRDA:697,129,0,272
BRDA:697,129,1,32
BRDA:698,130,0,272
BRDA:698,130,1,0
BRDA:702,131,0,272
BRDA:702,131,1,103
BRDA:711,132,0,1287
BRDA:719,133,0,33
BRDA:719,134,0,272
BRDA:719,134,1,33
BRDA:722,135,0,105
BRDA:722,136,0,239
BRDA:722,136,1,239
BRDA:727,137,0,239
BRDA:727,137,1,131
BRDA:729,138,0,239
BRDA:729,138,1,197
BRDA:731,139,0,42
BRDA:731,139,1,197
BRDA:733,140,0,48
BRDA:733,140,1,191
BRDA:747,141,0,951
BRDA:747,141,1,0
BRDA:759,142,0,347
BRDA:759,142,1,992
BRDA:759,143,0,1339
BRDA:759,143,1,1339
BRDA:764,144,0,1339
BRDA:764,144,1,618
BRDA:765,145,0,0
BRDA:765,145,1,618
BRDA:772,146,0,52
BRDA:781,147,0,401
BRDA:781,147,1,886
BRDA:783,148,0,96
BRDA:796,149,0,0
BRDA:797,150,0,0
BRDA:797,150,1,0
BRDA:799,151,0,0
BRDA:811,152,0,0
BRDA:815,153,0,0
BRDA:816,154,0,0
BRDA:816,154,1,0
BRDA:821,155,0,1342
BRDA:821,155,1,928
BRDA:822,156,0,0
BRDA:822,156,1,928
BRDA:826,157,0,414
BRDA:830,158,0,0
BRDA:837,159,0,73
BRDA:837,159,1,855
BRDA:838,160,0,73
BRDA:838,161,0,928
BRDA:838,161,1,73
BRDA:842,162,0,0
BRDA:842,163,0,855
BRDA:842,163,1,855
BRDA:842,163,2,855
BRDA:846,164,0,68
BRDA:850,165,0,68
BRDA:850,165,1,0
BRDA:854,166,0,0
BRDA:854,166,1,787
BRDA:856,167,0,669
BRDA:856,167,1,35
BRDA:856,167,2,17
BRDA:856,167,3,8
BRDA:856,167,4,0
BRDA:856,167,5,55
BRDA:856,167,6,3
BRDA:856,167,7,0
BRDA:863,168,0,0
BRDA:863,168,1,17
BRDA:871,169,0,55
BRDA:871,169,1,0
BRDA:875,170,0,30
BRDA:875,170,1,25
BRDA:886,171,0,3
BRDA:886,171,1,0
BRDA:888,172,0,3
BRDA:888,172,1,3
BRDA:888,172,2,2
BRDA:891,173,0,3
BRDA:891,173,1,0
BRDA:893,174,0,0
BRDA:893,174,1,3
BRDA:899,175,0,3
BRDA:899,175,1,0
BRDA:899,175,2,0
BRDA:899,175,3,0
BRDA:899,175,4,0
BRDA:899,175,5,0
BRDA:899,175,6,0
BRDA:899,175,7,0
BRDA:903,176,0,0
BRDA:903,176,1,0
BRDA:907,177,0,0
BRDA:915,178,0,0
BRDA:915,179,0,3
BRDA:915,179,1,3
BRDA:923,180,0,3
BRDA:940,181,0,0
BRDA:940,182,0,122
BRDA:940,182,1,122
BRDA:945,183,0,0
BRDA:949,184,0,121
BRDA:955,185,0,0
BRDA:966,186,0,122
BRDA:968,187,0,0
BRDA:971,188,0,0
BRDA:971,188,1,0
BRDA:973,189,0,0
BRDA:973,189,1,0
BRDA:974,190,0,0
BRDA:974,190,1,0
BRDA:978,191,0,0
BRDA:1008,192,0,0
BRDA:1018,193,0,0
BRDA:1026,194,0,0
BRDA:1029,195,0,0
BRDA:1029,196,0,246
BRDA:1029,196,1,246
BRDA:1029,196,2,246
BRDA:1037,197,0,0
BRDA:1037,198,0,246
BRDA:1037,198,1,0
BRDA:1037,198,2,0
BRDA:1043,199,0,0
BRDA:1051,200,0,0
BRDA:1065,201,0,31
BRDA:1068,202,0,12
BRDA:1068,202,1,8
BRDA:1077,203,0,7
BRDA:1078,204,0,0
BRDA:1079,205,0,0
BRDA:1081,206,0,10
BRDA:1088,207,0,10
BRDA:1100,208,0,39
BRDA:1100,209,0,43
BRDA:1100,209,1,4
BRDA:1104,210,0,24
BRDA:1104,211,0,24
BRDA:1104,211,1,24
BRDA:1115,212,0,39
BRDA:1117,213,0,4
BRDA:1117,213,1,0
BRDA:1117,214,0,4
BRDA:1117,214,1,4
BRDA:1119,215,0,0
BRDA:1122,216,0,0
BRDA:1122,217,0,0
BRDA:1122,217,1,0
BRDA:1128,218,0,0
BRDA:1128,218,1,0
BRDA:1135,219,0,0
BRDA:1135,219,1,4
BRDA:1135,220,0,4
BRDA:1135,220,1,0
BRDA:1137,221,0,0
BRDA:1140,222,0,0
BRDA:1140,223,0,0
BRDA:1140,223,1,0
BRDA:1146,224,0,0
BRDA:1146,224,1,0
BRDA:1159,225,0,44
BRDA:1159,225,1,44
BRDA:1160,226,0,44
BRDA:1160,226,1,40
BRDA:1161,227,0,44
BRDA:1161,227,1,44
BRDA:1162,228,0,44
BRDA:1162,228,1,44
BRDA:1163,229,0,44
BRDA:1163,229,1,44
BRDA:1164,230,0,44
BRDA:1164,230,1,44
BRDA:1166,231,0,0
BRDA:1166,231,1,44
BRDA:1168,232,0,0
BRDA:1168,232,1,44
BRDA:1171,233,0,44
BRDA:1171,233,1,44
BRDA:1172,234,0,44
BRDA:1172,234,1,44
BRDA:1174,235,0,44
BRDA:1174,235,1,43
BRDA:1175,236,0,44
BRDA:1175,236,1,39
BRDA:1176,237,0,44
BRDA:1176,237,1,44
BRDA:1180,238,0,44
BRDA:1180,238,1,44
BRDA:1183,239,0,44
BRDA:1183,239,1,44
BRDA:1186,240,0,44
BRDA:1186,240,1,44
BRDA:1187,241,0,44
BRDA:1187,241,1,44
BRDA:1188,242,0,44
BRDA:1188,242,1,44
BRDA:1189,243,0,44
BRDA:1189,243,1,44
BRDA:1191,244,0,44
BRDA:1191,244,1,44
BRDA:1201,245,0,44
BRDA:1201,245,1,44
BRDA:1232,246,0,0
BRDA:1232,247,0,0
BRDA:1232,247,1,0
BRDA:1234,248,0,0
BRDA:1235,249,0,0
BRDA:1235,249,1,0
BRDA:1235,249,2,0
BRDA:1235,249,3,0
BRDA:1235,249,4,0
BRDA:1235,249,5,0
BRDA:1246,250,0,0
BRDA:1249,251,0,0
BRDA:1250,252,0,0
BRDA:1250,252,1,0
BRDA:1250,252,2,0
BRDA:1250,252,3,0
BRDA:1260,253,0,0
BRDA:1263,254,0,0
BRDA:1263,255,0,0
BRDA:1263,255,1,0
BRDA:1266,256,0,0
BRDA:1267,257,0,0
BRDA:1268,258,0,0
BRDA:1269,259,0,0
BRDA:1270,260,0,0
BRDA:1280,261,0,0
BRDA:1280,261,1,0
BRDA:1283,262,0,0
BRDA:1283,262,1,0
BRDA:1286,263,0,0
BRDA:1286,263,1,0
BRDA:1297,264,0,0
BRDA:1298,265,0,0
BRDA:1298,265,1,0
BRDA:1314,266,0,0
BRDA:1314,266,1,0
BRDA:1314,266,2,0
BRDA:1328,267,0,0
BRDA:1328,267,1,0
BRDA:1352,268,0,365
BRDA:1352,268,1,0
BRDA:1353,269,0,365
BRDA:1353,269,1,365
BRDA:1363,270,0,365
BRDA:1363,270,1,0
BRDA:1366,271,0,291
BRDA:1366,272,0,365
BRDA:1366,272,1,291
BRDA:1371,273,0,0
BRDA:1371,274,0,74
BRDA:1371,274,1,0
BRDA:1374,275,0,0
BRDA:1378,276,0,0
BRDA:1379,277,0,74
BRDA:1379,277,1,0
BRDA:1379,277,2,0
BRDA:1379,277,3,0
BRDA:1387,278,0,41
BRDA:1391,279,0,33
BRDA:1401,280,0,0
BRDA:1404,281,0,0
BRDA:1408,282,0,0
BRDA:1408,282,1,0
BRDA:1419,283,0,0
BRDA:1421,284,0,0
BRDA:1423,285,0,0
BRDA:1439,286,0,0
BRDA:1439,286,1,1339
BRDA:1447,287,0,1339
BRDA:1447,287,1,0
BRDA:1451,288,0,0
BRDA:1457,289,0,69
BRDA:1457,289,1,0
BRDA:1465,290,0,0
BRDA:1467,291,0,0
BRDA:1477,292,0,0
BRDA:1477,293,0,122
BRDA:1477,293,1,122
BRDA:1482,294,0,0
BRDA:1482,294,1,122
BRDA:1486,295,0,0
BRDA:1487,296,0,0
BRDA:1487,297,0,0
BRDA:1487,297,1,0
BRDA:1495,298,0,0
BRDA:1497,299,0,0
BRDA:1501,300,0,0
BRDA:1501,300,1,122
BRDA:1502,301,0,0
BRDA:1502,301,1,0
BRDA:1507,302,0,0
BRDA:1507,302,1,0
BRDA:1507,302,2,0
BRDA:1507,302,3,0
BRDA:1507,302,4,0
BRDA:1507,302,5,122
BRDA:1513,303,0,0
BRDA:1513,303,1,0
BRDA:1518,304,0,0
BRDA:1518,304,1,0
BRDA:1521,305,0,0
BRDA:1521,305,1,0
BRDA:1532,306,0,56
BRDA:1532,306,1,5
BRDA:1532,306,2,1
BRDA:1532,306,3,14
BRDA:1532,306,4,0
BRDA:1532,306,5,16
BRDA:1532,306,6,16
BRDA:1532,306,7,577
BRDA:1534,307,0,56
BRDA:1537,308,0,5
BRDA:1540,309,0,1
BRDA:1543,310,0,14
BRDA:1549,311,0,16
BRDA:1557,312,0,0
BRDA:1557,313,0,0
BRDA:1557,313,1,0
BRDA:1558,314,0,468
BRDA:1558,315,0,1342
BRDA:1558,315,1,468
BRDA:1565,316,0,442
BRDA:1565,316,1,845
BRDA:1575,317,0,1287
BRDA:1576,318,0,0
BRDA:1579,319,0,0
BRDA:1581,320,0,0
BRDA:1581,320,1,0
BRDA:1581,320,2,0
BRDA:1587,321,0,0
BRDA:1587,321,1,0
BRDA:1587,321,2,0
BRDA:1587,321,3,0
BRDA:1600,322,0,239
BRDA:1600,322,1,191
BRDA:1601,323,0,48
BRDA:1605,324,0,0
BRDA:1607,325,0,0
BRDA:1609,326,0,0
BRDA:1621,327,0,484
BRDA:1621,327,1,0
BRDA:1623,328,0,484
BRDA:1623,328,1,482
BRDA:1624,329,0,16
BRDA:1640,330,0,0
BRDA:1640,330,1,0
BRDA:1640,330,2,0
BRDA:1640,330,3,0
BRDA:1640,330,4,0
BRDA:1640,330,5,0
BRDA:1651,331,0,1339
BRDA:1655,332,0,0
BRDA:1655,332,1,0
BRDA:1656,333,0,0
BRDA:1656,333,1,0
BRDA:1659,334,0,0
BRDA:1659,334,1,0
BRDA:1661,335,0,0
BRDA:1661,335,1,0
BRDA:1665,336,0,0
BRDA:1665,336,1,0
BRDA:1671,337,0,0
BRDA:1674,338,0,0
BRDA:1674,338,1,0
BRDA:1675,339,0,0
BRDA:1675,339,1,0
BRDA:1678,340,0,0
BRDA:1678,340,1,0
BRDA:1680,341,0,0
BRDA:1680,341,1,0
BRDA:1683,342,0,0
BRDA:1683,342,1,0
BRDA:1691,343,0,0
BRDA:1693,344,0,0
BRDA:1700,345,0,0
BRDA:1704,346,0,0
BRDA:1704,347,0,0
BRDA:1704,347,1,0
BRDA:1711,348,0,0
BRDA:1711,348,1,0
BRDA:1711,348,2,0
BRDA:1711,348,3,0
BRDA:1711,348,4,0
BRDA:1711,348,5,0
BRDA:1711,348,6,0
BRDA:1711,348,7,0
BRDA:1711,348,8,0
BRF:588
BRH:260
end_of_record
TN:
SF:src/x-graphql-extensions.ts
FN:102,extractExtensions
FN:204,(anonymous_1)
FN:289,shouldSkip
FN:297,getEffectiveDescription
FN:321,isFieldNullable
FN:343,getEffectiveFieldName
FN:354,getEffectiveTypeName
FN:364,formatDescription
FN:380,(anonymous_8)
FN:386,parseFederationKeys
FN:398,(anonymous_10)
FN:404,buildFederationDirective
FN:412,(anonymous_12)
FN:417,(anonymous_13)
FN:429,generateTypeFederationDirectives
FN:465,generateFieldFederationDirectives
FN:511,mergeExtensions
FNF:17
FNH:16
FNDA:12,extractExtensions
FNDA:0,(anonymous_1)
FNDA:3,shouldSkip
FNDA:7,getEffectiveDescription
FNDA:10,isFieldNullable
FNDA:2,getEffectiveFieldName
FNDA:2,getEffectiveTypeName
FNDA:6,formatDescription
FNDA:6,(anonymous_8)
FNDA:8,parseFederationKeys
FNDA:7,(anonymous_10)
FNDA:14,buildFederationDirective
FNDA:14,(anonymous_12)
FNDA:2,(anonymous_13)
FNDA:5,generateTypeFederationDirectives
FNDA:7,generateFieldFederationDirectives
FNDA:8,mergeExtensions
DA:102,1
DA:105,12
DA:107,12
DA:108,25
DA:109,3
DA:112,22
DA:114,22
DA:117,2
DA:118,2
DA:120,1
DA:121,1
DA:123,0
DA:124,0
DA:126,0
DA:129,1
DA:132,1
DA:134,1
DA:137,1
DA:139,0
DA:140,0
DA:141,0
DA:142,0
DA:147,0
DA:150,0
DA:152,0
DA:156,1
DA:157,1
DA:159,1
DA:160,1
DA:162,1
DA:163,1
DA:165,1
DA:166,1
DA:168,0
DA:170,0
DA:173,0
DA:174,0
DA:178,1
DA:179,1
DA:181,1
DA:182,1
DA:184,1
DA:185,1
DA:190,3
DA:191,3
DA:193,0
DA:194,0
DA:195,0
DA:196,0
DA:197,0
DA:198,0
DA:199,0
DA:201,0
DA:202,0
DA:203,0
DA:205,0
DA:211,0
DA:212,0
DA:216,0
DA:219,0
DA:221,1
DA:222,1
DA:224,1
DA:225,1
DA:227,1
DA:228,1
DA:230,1
DA:231,1
DA:234,1
DA:235,1
DA:237,0
DA:238,0
DA:240,0
DA:241,0
DA:245,0
DA:246,0
DA:249,0
DA:250,0
DA:253,0
DA:254,0
DA:256,0
DA:257,0
DA:261,0
DA:262,0
DA:266,0
DA:267,0
DA:271,2
DA:272,1
DA:273,1
DA:274,1
DA:275,1
DA:276,1
DA:279,2
DA:283,12
DA:289,1
DA:290,3
DA:297,1
DA:302,7
DA:304,4
DA:305,4
DA:309,3
DA:310,2
DA:311,2
DA:314,1
DA:321,1
DA:326,10
DA:327,6
DA:331,4
DA:332,2
DA:336,2
DA:343,1
DA:347,2
DA:354,1
DA:358,2
DA:364,1
DA:368,6
DA:369,1
DA:372,5
DA:375,5
DA:376,2
DA:380,6
DA:386,1
DA:389,8
DA:390,1
DA:393,7
DA:394,2
DA:398,7
DA:404,1
DA:408,14
DA:409,1
DA:412,13
DA:413,14
DA:414,12
DA:416,2
DA:417,2
DA:418,1
DA:420,1
DA:423,13
DA:429,1
DA:432,5
DA:435,5
DA:436,3
DA:437,3
DA:438,4
DA:443,5
DA:444,2
DA:448,5
DA:449,0
DA:453,5
DA:454,0
DA:459,5
DA:465,1
DA:468,7
DA:471,7
DA:472,2
DA:476,7
DA:477,3
DA:480,3
DA:484,7
DA:485,1
DA:488,1
DA:492,7
DA:493,1
DA:501,7
DA:502,0
DA:505,7
DA:511,1
DA:514,8
DA:515,8
DA:516,8
DA:518,8
DA:520,17
DA:521,6
DA:523,17
DA:524,4
DA:528,17
DA:532,8
DA:533,3
DA:536,8
DA:537,2
DA:540,8
LF:181
LH:133
BRDA:108,0,0,3
BRDA:114,1,0,2
BRDA:114,1,1,1
BRDA:114,1,2,0
BRDA:114,1,3,1
BRDA:114,1,4,1
BRDA:114,1,5,1
BRDA:114,1,6,0
BRDA:114,1,7,0
BRDA:114,1,8,0
BRDA:114,1,9,1
BRDA:114,1,10,1
BRDA:114,1,11,1
BRDA:114,1,12,1
BRDA:114,1,13,0
BRDA:114,1,14,0
BRDA:114,1,15,0
BRDA:114,1,16,1
BRDA:114,1,17,1
BRDA:114,1,18,1
BRDA:114,1,19,3
BRDA:114,1,20,3
BRDA:114,1,21,0
BRDA:114,1,22,1
BRDA:114,1,23,1
BRDA:114,1,24,1
BRDA:114,1,25,1
BRDA:114,1,26,1
BRDA:114,1,27,1
BRDA:114,1,28,0
BRDA:114,1,29,0
BRDA:114,1,30,0
BRDA:114,1,31,0
BRDA:114,1,32,0
BRDA:114,1,33,0
BRDA:114,1,34,0
BRDA:114,1,35,0
BRDA:114,1,36,0
BRDA:114,1,37,0
BRDA:114,1,38,2
BRDA:123,2,0,0
BRDA:129,3,0,1
BRDA:129,3,1,0
BRDA:134,4,0,1
BRDA:134,4,1,0
BRDA:139,5,0,0
BRDA:139,6,0,0
BRDA:139,6,1,0
BRDA:141,7,0,0
BRDA:142,8,0,0
BRDA:142,8,1,0
BRDA:193,9,0,0
BRDA:193,9,1,0
BRDA:193,10,0,0
BRDA:193,10,1,0
BRDA:195,11,0,0
BRDA:196,12,0,0
BRDA:197,13,0,0
BRDA:199,14,0,0
BRDA:201,15,0,0
BRDA:201,15,1,0
BRDA:202,16,0,0
BRDA:203,17,0,0
BRDA:205,18,0,0
BRDA:205,18,1,0
BRDA:216,19,0,0
BRDA:271,20,0,1
BRDA:271,20,1,1
BRDA:273,21,0,1
BRDA:273,22,0,1
BRDA:273,22,1,1
BRDA:275,23,0,1
BRDA:302,24,0,4
BRDA:302,25,0,7
BRDA:302,25,1,5
BRDA:305,26,0,4
BRDA:305,26,1,1
BRDA:309,27,0,2
BRDA:309,28,0,3
BRDA:309,28,1,2
BRDA:311,29,0,2
BRDA:311,29,1,0
BRDA:326,30,0,6
BRDA:331,31,0,2
BRDA:347,32,0,2
BRDA:347,32,1,1
BRDA:358,33,0,2
BRDA:358,33,1,1
BRDA:366,34,0,4
BRDA:368,35,0,1
BRDA:375,36,0,2
BRDA:375,37,0,5
BRDA:375,37,1,3
BRDA:389,38,0,1
BRDA:393,39,0,2
BRDA:408,40,0,1
BRDA:408,41,0,14
BRDA:408,41,1,13
BRDA:413,42,0,12
BRDA:416,43,0,1
BRDA:435,44,0,3
BRDA:443,45,0,2
BRDA:448,46,0,0
BRDA:453,47,0,0
BRDA:471,48,0,2
BRDA:476,49,0,3
BRDA:477,50,0,1
BRDA:477,50,1,2
BRDA:484,51,0,1
BRDA:485,52,0,0
BRDA:485,52,1,1
BRDA:492,53,0,1
BRDA:501,54,0,0
BRDA:520,55,0,6
BRDA:523,56,0,4
BRDA:532,57,0,3
BRDA:536,58,0,2
BRF:117
BRH:70
end_of_record
TN:
SF:src/features/relay.ts
FN:4,ensurePageInfo
FN:17,ensureConnectionType
FNF:2
FNH:0
FNDA:0,ensurePageInfo
FNDA:0,ensureConnectionType
DA:4,5
DA:5,0
DA:7,0
DA:14,0
DA:17,5
DA:18,0
DA:19,0
DA:21,0
DA:23,0
DA:25,0
DA:26,0
DA:31,0
DA:34,0
DA:40,0
LF:14
LH:2
BRDA:5,0,0,0
BRDA:21,1,0,0
BRDA:25,2,0,0
BRF:3
BRH:0
end_of_record
TN:
SF:src/normalization/directives.ts
FN:9,extractDirectives
FN:98,printDirectives
FN:103,(anonymous_2)
FN:112,(anonymous_3)
FN:115,formatDirectiveArgs
FN:117,(anonymous_5)
FN:122,(anonymous_6)
FN:124,(anonymous_7)
FN:135,isFederationDirective
FNF:9
FNH:6
FNDA:1582,extractDirectives
FNDA:1582,printDirectives
FNDA:117,(anonymous_2)
FNDA:117,(anonymous_3)
FNDA:80,formatDirectiveArgs
FNDA:80,(anonymous_5)
FNDA:0,(anonymous_6)
FNDA:0,(anonymous_7)
FNDA:0,isFederationDirective
DA:9,5
DA:13,1582
DA:16,1582
DA:20,1582
DA:21,2
DA:22,2
DA:23,2
DA:24,2
DA:25,2
DA:26,2
DA:27,2
DA:29,2
DA:31,0
DA:32,0
DA:33,0
DA:38,1582
DA:39,1582
DA:40,19
DA:42,1582
DA:43,0
DA:45,1582
DA:46,0
DA:48,1582
DA:49,0
DA:51,1582
DA:52,0
DA:58,1582
DA:59,16
DA:60,32
DA:61,32
DA:62,0
DA:63,0
DA:71,1582
DA:72,16
DA:77,1582
DA:78,16
DA:83,1582
DA:84,16
DA:86,1582
DA:87,16
DA:94,1582
DA:98,5
DA:99,1582
DA:100,1497
DA:103,85
DA:104,117
DA:105,115
DA:106,115
DA:109,115
DA:112,117
DA:116,80
DA:119,80
DA:120,0
DA:123,0
DA:124,0
DA:130,80
DA:136,0
DA:151,0
LF:58
LH:44
BRDA:16,0,0,1582
BRDA:16,0,1,0
BRDA:16,0,2,1582
BRDA:20,1,0,2
BRDA:22,2,0,2
BRDA:24,3,0,2
BRDA:26,4,0,0
BRDA:26,5,0,2
BRDA:26,5,1,0
BRDA:31,6,0,0
BRDA:32,7,0,0
BRDA:32,8,0,0
BRDA:32,8,1,0
BRDA:38,9,0,1582
BRDA:39,10,0,19
BRDA:42,11,0,0
BRDA:45,12,0,0
BRDA:48,13,0,0
BRDA:51,14,0,0
BRDA:58,15,0,16
BRDA:60,16,0,32
BRDA:60,16,1,0
BRDA:62,17,0,0
BRDA:62,18,0,0
BRDA:62,18,1,0
BRDA:62,18,2,0
BRDA:71,19,0,16
BRDA:77,20,0,16
BRDA:83,21,0,16
BRDA:86,22,0,16
BRDA:99,23,0,1497
BRDA:104,24,0,2
BRDA:105,25,0,0
BRDA:106,26,0,80
BRDA:106,26,1,35
BRDA:106,27,0,115
BRDA:106,27,1,80
BRDA:119,28,0,0
BRDA:119,29,0,80
BRDA:119,29,1,0
BRDA:123,30,0,0
BRDA:123,30,1,0
BRF:42
BRH:21
end_of_record
