TN:
SF:src/case-conversion.ts
FN:8,camelToSnake
FN:18,snakeToCamel
FN:19,(anonymous_2)
FN:25,convertObjectKeys
FN:30,(anonymous_4)
FN:33,(anonymous_5)
FN:45,convertGraphQLFields
FN:51,(anonymous_7)
FNF:8
FNH:6
FNDA:5,camelToSnake
FNDA:8,snakeToCamel
FNDA:9,(anonymous_2)
FNDA:8,convertObjectKeys
FNDA:2,(anonymous_4)
FNDA:5,(anonymous_5)
FNDA:0,convertGraphQLFields
FNDA:0,(anonymous_7)
DA:8,6
DA:9,5
DA:18,6
DA:19,9
DA:25,6
DA:29,8
DA:30,2
DA:31,7
DA:32,2
DA:33,5
DA:39,5
DA:45,6
DA:49,0
DA:51,0
LF:14
LH:12
BRDA:29,0,0,1
BRDA:29,0,1,7
BRDA:31,1,0,2
BRDA:31,2,0,7
BRDA:31,2,1,7
BRF:5
BRH:5
end_of_record
TN:
SF:src/converter.ts
FN:55,(anonymous_0)
FN:64,shouldExcludeType
FN:115,(anonymous_2)
FN:125,jsonSchemaToGraphQL
FN:160,(anonymous_4)
FN:219,graphqlToJsonSchema
FN:354,convertGraphQLTypeToSchema
FN:370,(anonymous_7)
FN:377,(anonymous_8)
FN:385,(anonymous_9)
FN:425,convertGraphQLFieldToSchema
FN:442,(anonymous_11)
FN:450,convertGraphQLTypeToJsonSchema
FN:504,fallbackGraphqlToJsonSchema
FN:555,(anonymous_14)
FN:573,convertTypeDefinition
FN:623,renderEnum
FN:641,(anonymous_17)
FN:672,renderUnion
FN:681,(anonymous_19)
FN:716,renderObject
FN:727,(anonymous_21)
FN:772,toCamelCase
FN:774,(anonymous_23)
FN:775,(anonymous_24)
FN:778,convertField
FN:834,inferGraphQLType
FN:961,ensureReferencedType
FN:990,resolveRef
FN:1091,emitImpliedScalars
FN:1125,emitCustomScalars
FN:1140,emitOperations
FN:1183,normalizeOptions
FN:1211,(anonymous_33)
FN:1254,detectFederationVersion
FN:1304,(anonymous_35)
FN:1335,(anonymous_36)
FN:1338,(anonymous_37)
FN:1371,getTypeName
FN:1425,uniqueInlineTypeName
FN:1444,sanitizeTypeName
FN:1464,sanitizeFieldName
FN:1477,propFallbackName
FN:1482,pointerLastSegment
FN:1487,decodePointerSegment
FN:1491,accessChild
FN:1500,derivePrimitiveGraphQLType
FN:1552,mapStringFormat
FN:1577,finalizeType
FN:1585,stripNonNull
FN:1589,shouldPromoteToId
FN:1614,collectInterfaces
FN:1623,(anonymous_52)
FN:1638,formatDescription
FN:1651,formatDirectives
FN:1659,isFederationDirective
FN:1670,formatArgs
FN:1674,(anonymous_57)
FN:1689,formatOperationArgs
FN:1693,(anonymous_59)
FN:1709,convertGqlTypeToJson
FN:1762,toPascalCase
FN:1767,(anonymous_62)
FN:1773,toSnakeCase
FNF:64
FNH:42
FNDA:0,(anonymous_0)
FNDA:810,shouldExcludeType
FNDA:0,(anonymous_2)
FNDA:60,jsonSchemaToGraphQL
FNDA:0,(anonymous_4)
FNDA:1,graphqlToJsonSchema
FNDA:1,convertGraphQLTypeToSchema
FNDA:1,(anonymous_7)
FNDA:0,(anonymous_8)
FNDA:0,(anonymous_9)
FNDA:2,convertGraphQLFieldToSchema
FNDA:1,(anonymous_11)
FNDA:2,convertGraphQLTypeToJsonSchema
FNDA:0,fallbackGraphqlToJsonSchema
FNDA:0,(anonymous_14)
FNDA:391,convertTypeDefinition
FNDA:32,renderEnum
FNDA:0,(anonymous_17)
FNDA:24,renderUnion
FNDA:54,(anonymous_19)
FNDA:298,renderObject
FNDA:0,(anonymous_21)
FNDA:2045,toCamelCase
FNDA:955,(anonymous_23)
FNDA:10,(anonymous_24)
FNDA:1383,convertField
FNDA:1389,inferGraphQLType
FNDA:132,ensureReferencedType
FNDA:132,resolveRef
FNDA:60,emitImpliedScalars
FNDA:60,emitCustomScalars
FNDA:60,emitOperations
FNDA:61,normalizeOptions
FNDA:0,(anonymous_33)
FNDA:0,detectFederationVersion
FNDA:0,(anonymous_35)
FNDA:0,(anonymous_36)
FNDA:0,(anonymous_37)
FNDA:419,getTypeName
FNDA:0,uniqueInlineTypeName
FNDA:90,sanitizeTypeName
FNDA:1383,sanitizeFieldName
FNDA:0,propFallbackName
FNDA:80,pointerLastSegment
FNDA:346,decodePointerSegment
FNDA:267,accessChild
FNDA:132,derivePrimitiveGraphQLType
FNDA:703,mapStringFormat
FNDA:1389,finalizeType
FNDA:1331,stripNonNull
FNDA:1331,shouldPromoteToId
FNDA:265,collectInterfaces
FNDA:70,(anonymous_52)
FNDA:485,formatDescription
FNDA:1652,formatDirectives
FNDA:0,isFederationDirective
FNDA:1383,formatArgs
FNDA:0,(anonymous_57)
FNDA:0,formatOperationArgs
FNDA:0,(anonymous_59)
FNDA:0,convertGqlTypeToJson
FNDA:245,toPascalCase
FNDA:247,(anonymous_62)
FNDA:0,toSnakeCase
DA:21,6
DA:36,6
DA:37,6
DA:42,6
DA:57,0
DA:59,0
DA:60,0
DA:68,810
DA:71,810
DA:76,10
DA:82,810
DA:83,0
DA:89,810
DA:91,11
DA:92,3
DA:93,3
DA:96,1
DA:99,8
DA:104,801
DA:105,801
DA:106,6355
DA:107,24
DA:113,777
DA:115,0
DA:117,0
DA:120,777
DA:125,6
DA:130,60
DA:134,60
DA:136,60
DA:139,60
DA:143,60
DA:154,60
DA:156,60
DA:157,60
DA:158,55
DA:160,0
DA:163,55
DA:165,55
DA:166,354
DA:167,354
DA:168,354
DA:169,354
DA:170,0
DA:171,0
DA:173,354
DA:175,354
DA:176,354
DA:180,55
DA:182,354
DA:185,354
DA:186,1
DA:191,354
DA:192,326
DA:197,60
DA:198,60
DA:199,60
DA:202,60
DA:203,60
DA:205,60
DA:212,60
DA:213,1
DA:216,59
DA:219,6
DA:223,1
DA:225,1
DA:227,1
DA:230,1
DA:231,1
DA:236,1
DA:237,1
DA:241,1
DA:242,1
DA:243,1
DA:252,1
DA:253,1
DA:254,0
DA:255,0
DA:256,0
DA:257,0
DA:265,0
DA:266,0
DA:267,0
DA:268,0
DA:276,0
DA:277,0
DA:278,0
DA:282,0
DA:293,1
DA:294,1
DA:295,1
DA:296,1
DA:297,1
DA:302,1
DA:303,1
DA:308,1
DA:309,1
DA:314,1
DA:315,1
DA:316,1
DA:317,0
DA:326,1
DA:332,1
DA:333,0
DA:336,1
DA:339,0
DA:359,1
DA:363,1
DA:364,0
DA:367,1
DA:369,1
DA:370,1
DA:371,1
DA:375,1
DA:376,0
DA:377,0
DA:378,0
DA:379,0
DA:381,0
DA:384,1
DA:385,0
DA:388,0
DA:391,1
DA:392,0
DA:393,0
DA:394,0
DA:398,1
DA:399,1
DA:401,1
DA:402,2
DA:403,2
DA:405,2
DA:410,2
DA:413,2
DA:414,2
DA:418,1
DA:419,1
DA:422,1
DA:430,2
DA:437,2
DA:438,0
DA:441,2
DA:442,1
DA:443,1
DA:447,2
DA:455,2
DA:458,2
DA:459,2
DA:460,2
DA:464,2
DA:465,0
DA:476,2
DA:477,2
DA:480,2
DA:481,2
DA:482,0
DA:483,0
DA:484,0
DA:485,0
DA:486,0
DA:487,0
DA:488,0
DA:489,0
DA:493,0
DA:494,0
DA:498,0
DA:501,0
DA:508,0
DA:515,0
DA:516,0
DA:517,0
DA:519,0
DA:520,0
DA:521,0
DA:523,0
DA:524,0
DA:525,0
DA:528,0
DA:529,0
DA:530,0
DA:533,0
DA:538,0
DA:539,0
DA:540,0
DA:541,0
DA:542,0
DA:544,0
DA:547,0
DA:548,0
DA:549,0
DA:552,0
DA:553,0
DA:555,0
DA:556,0
DA:557,0
DA:558,0
DA:559,0
DA:561,0
DA:562,0
DA:563,0
DA:568,0
DA:578,391
DA:579,391
DA:580,391
DA:583,389
DA:585,369
DA:586,0
DA:592,369
DA:593,369
DA:594,369
DA:597,369
DA:599,0
DA:602,0
DA:605,369
DA:606,32
DA:607,32
DA:608,337
DA:609,24
DA:610,24
DA:611,313
DA:612,298
DA:613,298
DA:614,15
DA:615,0
DA:618,369
DA:619,369
DA:620,369
DA:628,32
DA:629,32
DA:630,0
DA:633,32
DA:634,32
DA:635,32
DA:637,32
DA:638,0
DA:639,0
DA:640,0
DA:641,0
DA:642,0
DA:643,0
DA:645,0
DA:649,32
DA:652,32
DA:653,96
DA:654,0
DA:655,0
DA:656,0
DA:657,0
DA:659,0
DA:661,96
DA:668,32
DA:669,32
DA:677,24
DA:679,24
DA:680,24
DA:681,54
DA:684,24
DA:685,24
DA:686,54
DA:687,54
DA:688,54
DA:690,0
DA:691,0
DA:692,0
DA:693,0
DA:699,24
DA:700,0
DA:707,24
DA:711,24
DA:721,298
DA:722,298
DA:724,298
DA:725,298
DA:727,0
DA:729,298
DA:731,298
DA:732,1383
DA:738,1383
DA:739,1331
DA:746,298
DA:748,265
DA:749,265
DA:750,106
DA:753,265
DA:754,265
DA:756,265
DA:757,265
DA:766,265
DA:767,265
DA:768,265
DA:769,265
DA:773,2045
DA:774,955
DA:775,10
DA:784,1383
DA:786,1383
DA:791,1383
DA:795,1383
DA:796,1383
DA:799,1383
DA:800,52
DA:804,1331
DA:805,1331
DA:807,1331
DA:808,1331
DA:809,401
DA:810,930
DA:811,96
DA:814,1331
DA:822,1331
DA:823,1331
DA:824,0
DA:826,1331
DA:828,1331
DA:829,1331
DA:841,1389
DA:842,1389
DA:843,0
DA:848,1389
DA:853,1389
DA:854,414
DA:857,975
DA:858,0
DA:864,975
DA:865,975
DA:866,73
DA:869,902
DA:870,0
DA:873,902
DA:874,78
DA:875,78
DA:877,78
DA:878,78
DA:881,824
DA:883,824
DA:885,703
DA:887,35
DA:889,17
DA:894,8
DA:896,0
DA:898,58
DA:900,58
DA:902,58
DA:903,58
DA:910,58
DA:913,3
DA:915,3
DA:918,3
DA:920,3
DA:926,3
DA:934,3
DA:935,0
DA:938,3
DA:942,3
DA:943,0
DA:950,3
DA:951,3
DA:952,3
DA:954,0
DA:957,0
DA:965,132
DA:967,132
DA:968,0
DA:971,132
DA:972,132
DA:973,0
DA:976,132
DA:977,130
DA:980,2
DA:981,2
DA:982,2
DA:983,0
DA:986,2
DA:987,2
DA:995,132
DA:998,0
DA:999,0
DA:1000,0
DA:1001,0
DA:1002,0
DA:1005,0
DA:1007,0
DA:1008,0
DA:1009,0
DA:1010,0
DA:1012,0
DA:1014,0
DA:1015,0
DA:1019,0
DA:1035,132
DA:1036,0
DA:1042,132
DA:1044,132
DA:1045,132
DA:1046,0
DA:1049,132
DA:1050,132
DA:1052,132
DA:1053,266
DA:1056,266
DA:1057,0
DA:1058,0
DA:1062,266
DA:1064,266
DA:1066,1
DA:1067,1
DA:1070,1
DA:1071,0
DA:1072,0
DA:1076,266
DA:1078,266
DA:1079,0
DA:1086,132
DA:1092,60
DA:1094,12
DA:1095,12
DA:1098,12
DA:1100,12
DA:1101,12
DA:1103,12
DA:1104,26
DA:1105,19
DA:1106,19
DA:1108,19
DA:1109,10
DA:1110,10
DA:1112,19
DA:1115,12
DA:1121,10
DA:1126,60
DA:1127,60
DA:1129,4
DA:1130,4
DA:1131,24
DA:1132,24
DA:1136,24
DA:1141,60
DA:1142,60
DA:1144,4
DA:1146,0
DA:1147,0
DA:1148,0
DA:1149,0
DA:1150,0
DA:1154,0
DA:1155,0
DA:1156,0
DA:1158,0
DA:1159,0
DA:1162,4
DA:1163,0
DA:1164,4
DA:1165,0
DA:1166,0
DA:1167,0
DA:1168,0
DA:1172,0
DA:1173,0
DA:1174,0
DA:1176,0
DA:1177,0
DA:1186,61
DA:1187,61
DA:1188,61
DA:1189,61
DA:1190,61
DA:1191,61
DA:1193,61
DA:1198,61
DA:1199,61
DA:1201,61
DA:1202,61
DA:1203,61
DA:1205,61
DA:1210,61
DA:1211,61
DA:1213,61
DA:1214,61
DA:1215,61
DA:1216,61
DA:1218,61
DA:1228,61
DA:1230,61
DA:1255,0
DA:1257,0
DA:1258,0
DA:1259,0
DA:1261,0
DA:1269,0
DA:1272,0
DA:1273,0
DA:1274,0
DA:1275,0
DA:1276,0
DA:1282,0
DA:1287,0
DA:1288,0
DA:1290,0
DA:1291,0
DA:1293,0
DA:1294,0
DA:1295,0
DA:1296,0
DA:1297,0
DA:1300,0
DA:1303,6
DA:1305,0
DA:1307,0
DA:1310,0
DA:1311,0
DA:1313,0
DA:1316,0
DA:1321,0
DA:1323,0
DA:1324,0
DA:1325,0
DA:1326,0
DA:1328,0
DA:1329,0
DA:1333,0
DA:1334,0
DA:1335,0
DA:1337,0
DA:1338,0
DA:1341,0
DA:1344,0
DA:1352,0
DA:1360,0
DA:1379,419
DA:1383,419
DA:1384,419
DA:1386,0
DA:1390,419
DA:1392,419
DA:1393,419
DA:1394,329
DA:1397,90
DA:1398,90
DA:1401,0
DA:1402,0
DA:1405,90
DA:1411,0
DA:1414,90
DA:1415,41
DA:1418,49
DA:1419,0
DA:1430,0
DA:1431,0
DA:1432,0
DA:1433,0
DA:1434,0
DA:1438,0
DA:1439,0
DA:1441,0
DA:1448,90
DA:1449,0
DA:1450,0
DA:1451,0
DA:1453,90
DA:1466,1383
DA:1467,0
DA:1470,1383
DA:1473,1383
DA:1474,1383
DA:1478,0
DA:1479,0
DA:1483,80
DA:1484,80
DA:1488,346
DA:1492,267
DA:1493,0
DA:1494,0
DA:1495,0
DA:1497,267
DA:1504,132
DA:1505,0
DA:1509,132
DA:1513,132
DA:1514,0
DA:1519,0
DA:1522,132
DA:1523,0
DA:1524,0
DA:1525,0
DA:1528,132
DA:1534,132
DA:1536,0
DA:1538,0
DA:1540,0
DA:1542,0
DA:1544,0
DA:1545,0
DA:1548,132
DA:1553,703
DA:1555,56
DA:1556,56
DA:1558,5
DA:1559,5
DA:1561,1
DA:1562,1
DA:1564,14
DA:1565,14
DA:1567,0
DA:1570,16
DA:1571,16
DA:1573,611
DA:1578,1389
DA:1579,1389
DA:1580,470
DA:1582,919
DA:1586,1331
DA:1595,1331
DA:1596,1331
DA:1597,0
DA:1599,0
DA:1600,0
DA:1601,0
DA:1607,0
DA:1618,265
DA:1621,265
DA:1622,265
DA:1623,70
DA:1626,265
DA:1627,0
DA:1628,0
DA:1629,0
DA:1630,0
DA:1635,265
DA:1642,485
DA:1644,485
DA:1645,485
DA:1646,16
DA:1648,469
DA:1655,1652
DA:1656,1652
DA:1660,0
DA:1671,1383
DA:1672,1383
DA:1674,0
DA:1676,0
DA:1680,0
DA:1682,0
DA:1683,0
DA:1686,0
DA:1692,0
DA:1693,0
DA:1695,0
DA:1699,0
DA:1701,0
DA:1702,0
DA:1704,0
DA:1714,0
DA:1715,0
DA:1718,0
DA:1719,0
DA:1721,0
DA:1722,0
DA:1725,0
DA:1726,0
DA:1727,0
DA:1728,0
DA:1729,0
DA:1732,0
DA:1734,0
DA:1735,0
DA:1738,0
DA:1739,0
DA:1741,0
DA:1742,0
DA:1744,0
DA:1745,0
DA:1746,0
DA:1750,0
DA:1751,0
DA:1752,0
DA:1753,0
DA:1755,0
DA:1756,0
DA:1759,0
DA:1763,245
DA:1768,247
DA:1774,0
LF:682
LH:392
BRDA:68,0,0,0
BRDA:71,1,0,10
BRDA:72,2,0,810
BRDA:72,2,1,808
BRDA:72,2,2,800
BRDA:82,3,0,0
BRDA:89,4,0,11
BRDA:91,5,0,3
BRDA:91,5,1,8
BRDA:93,6,0,2
BRDA:93,6,1,1
BRDA:104,7,0,801
BRDA:106,8,0,24
BRDA:113,9,0,0
BRDA:114,10,0,777
BRDA:114,10,1,777
BRDA:127,11,0,48
BRDA:130,12,0,2
BRDA:130,12,1,58
BRDA:136,13,0,0
BRDA:136,13,1,60
BRDA:156,14,0,60
BRDA:156,14,1,38
BRDA:157,15,0,55
BRDA:158,16,0,55
BRDA:158,16,1,0
BRDA:166,17,0,354
BRDA:166,17,1,0
BRDA:182,18,0,354
BRDA:182,18,1,0
BRDA:185,19,0,1
BRDA:191,20,0,326
BRDA:191,21,0,354
BRDA:191,21,1,354
BRDA:197,22,0,60
BRDA:197,22,1,19
BRDA:198,23,0,60
BRDA:198,24,0,60
BRDA:198,24,1,60
BRDA:212,25,0,1
BRDA:221,26,0,0
BRDA:237,27,0,1
BRDA:237,27,1,0
BRDA:238,28,0,1
BRDA:238,28,1,0
BRDA:242,29,0,1
BRDA:242,30,0,1
BRDA:242,30,1,1
BRDA:242,30,2,1
BRDA:247,31,0,1
BRDA:247,31,1,0
BRDA:248,32,0,1
BRDA:248,32,1,0
BRDA:249,33,0,1
BRDA:249,33,1,0
BRDA:252,34,0,0
BRDA:253,35,0,0
BRDA:254,36,0,0
BRDA:254,36,1,0
BRDA:256,37,0,0
BRDA:261,38,0,0
BRDA:261,38,1,0
BRDA:262,39,0,0
BRDA:262,39,1,0
BRDA:265,40,0,0
BRDA:265,40,1,0
BRDA:267,41,0,0
BRDA:272,42,0,0
BRDA:272,42,1,0
BRDA:273,43,0,0
BRDA:273,43,1,0
BRDA:276,44,0,0
BRDA:278,45,0,0
BRDA:279,46,0,0
BRDA:279,46,1,0
BRDA:286,47,0,0
BRDA:286,47,1,0
BRDA:296,48,0,1
BRDA:296,48,1,0
BRDA:297,49,0,1
BRDA:298,50,0,1
BRDA:298,50,1,1
BRDA:298,50,2,0
BRDA:309,51,0,1
BRDA:309,51,1,0
BRDA:316,52,0,0
BRDA:332,53,0,0
BRDA:363,54,0,0
BRDA:363,55,0,1
BRDA:363,55,1,0
BRDA:369,56,0,1
BRDA:369,57,0,1
BRDA:369,57,1,1
BRDA:375,58,0,0
BRDA:377,59,0,0
BRDA:377,59,1,0
BRDA:378,60,0,0
BRDA:384,61,0,0
BRDA:385,62,0,0
BRDA:385,62,1,0
BRDA:391,63,0,0
BRDA:401,64,0,1
BRDA:401,64,1,0
BRDA:403,65,0,0
BRDA:413,66,0,2
BRDA:418,67,0,1
BRDA:437,68,0,0
BRDA:437,69,0,2
BRDA:437,69,1,0
BRDA:441,70,0,1
BRDA:441,71,0,2
BRDA:441,71,1,2
BRDA:459,72,0,2
BRDA:464,73,0,0
BRDA:476,74,0,2
BRDA:480,75,0,2
BRDA:480,75,1,0
BRDA:482,76,0,0
BRDA:482,76,1,0
BRDA:484,77,0,0
BRDA:484,77,1,0
BRDA:486,78,0,0
BRDA:486,78,1,0
BRDA:488,79,0,0
BRDA:493,80,0,0
BRDA:521,81,0,0
BRDA:521,82,0,0
BRDA:521,82,1,0
BRDA:523,83,0,0
BRDA:528,84,0,0
BRDA:528,85,0,0
BRDA:528,85,1,0
BRDA:533,86,0,0
BRDA:534,87,0,0
BRDA:534,87,1,0
BRDA:534,87,2,0
BRDA:540,88,0,0
BRDA:547,89,0,0
BRDA:552,90,0,0
BRDA:552,91,0,0
BRDA:552,91,1,0
BRDA:557,92,0,0
BRDA:562,93,0,0
BRDA:578,94,0,0
BRDA:579,95,0,0
BRDA:580,96,0,2
BRDA:583,97,0,20
BRDA:585,98,0,0
BRDA:597,99,0,0
BRDA:599,100,0,0
BRDA:599,100,1,0
BRDA:605,101,0,32
BRDA:605,101,1,337
BRDA:605,102,0,369
BRDA:605,102,1,369
BRDA:607,103,0,32
BRDA:608,104,0,24
BRDA:608,104,1,313
BRDA:608,105,0,337
BRDA:608,105,1,313
BRDA:610,106,0,24
BRDA:611,107,0,298
BRDA:611,107,1,15
BRDA:611,108,0,313
BRDA:611,108,1,16
BRDA:611,108,2,15
BRDA:613,109,0,265
BRDA:614,110,0,0
BRDA:629,111,0,0
BRDA:629,112,0,32
BRDA:629,112,1,32
BRDA:637,113,0,0
BRDA:637,113,1,32
BRDA:638,114,0,0
BRDA:638,114,1,0
BRDA:640,115,0,0
BRDA:642,116,0,0
BRDA:649,117,0,32
BRDA:649,117,1,0
BRDA:653,118,0,0
BRDA:653,118,1,96
BRDA:653,119,0,96
BRDA:653,119,1,0
BRDA:654,120,0,0
BRDA:654,120,1,0
BRDA:655,121,0,0
BRDA:656,122,0,0
BRDA:656,123,0,0
BRDA:656,123,1,0
BRDA:680,124,0,24
BRDA:684,125,0,24
BRDA:686,126,0,54
BRDA:686,126,1,0
BRDA:688,127,0,54
BRDA:691,128,0,0
BRDA:699,129,0,0
BRDA:707,130,0,8
BRDA:707,130,1,16
BRDA:707,131,0,24
BRDA:707,131,1,24
BRDA:724,132,0,298
BRDA:724,132,1,32
BRDA:725,133,0,298
BRDA:725,133,1,0
BRDA:729,134,0,298
BRDA:729,134,1,128
BRDA:738,135,0,1331
BRDA:746,136,0,33
BRDA:746,137,0,298
BRDA:746,137,1,33
BRDA:749,138,0,106
BRDA:749,139,0,265
BRDA:749,139,1,265
BRDA:754,140,0,265
BRDA:754,140,1,157
BRDA:756,141,0,265
BRDA:756,141,1,223
BRDA:758,142,0,42
BRDA:758,142,1,223
BRDA:760,143,0,48
BRDA:760,143,1,217
BRDA:774,144,0,955
BRDA:774,144,1,0
BRDA:786,145,0,347
BRDA:786,145,1,1036
BRDA:786,146,0,1383
BRDA:786,146,1,1383
BRDA:791,147,0,1383
BRDA:791,147,1,662
BRDA:792,148,0,0
BRDA:792,148,1,662
BRDA:799,149,0,52
BRDA:808,150,0,401
BRDA:808,150,1,930
BRDA:810,151,0,96
BRDA:823,152,0,0
BRDA:824,153,0,0
BRDA:824,153,1,0
BRDA:826,154,0,0
BRDA:838,155,0,0
BRDA:842,156,0,0
BRDA:843,157,0,0
BRDA:843,157,1,0
BRDA:848,158,0,1389
BRDA:848,158,1,975
BRDA:849,159,0,0
BRDA:849,159,1,975
BRDA:853,160,0,414
BRDA:857,161,0,0
BRDA:864,162,0,73
BRDA:864,162,1,902
BRDA:865,163,0,73
BRDA:865,164,0,975
BRDA:865,164,1,73
BRDA:869,165,0,0
BRDA:869,166,0,902
BRDA:869,166,1,902
BRDA:869,166,2,902
BRDA:873,167,0,78
BRDA:877,168,0,78
BRDA:877,168,1,0
BRDA:881,169,0,0
BRDA:881,169,1,824
BRDA:883,170,0,703
BRDA:883,170,1,35
BRDA:883,170,2,17
BRDA:883,170,3,8
BRDA:883,170,4,0
BRDA:883,170,5,58
BRDA:883,170,6,3
BRDA:883,170,7,0
BRDA:890,171,0,0
BRDA:890,171,1,17
BRDA:898,172,0,58
BRDA:898,172,1,0
BRDA:902,173,0,30
BRDA:902,173,1,28
BRDA:913,174,0,3
BRDA:913,174,1,0
BRDA:915,175,0,3
BRDA:915,175,1,3
BRDA:915,175,2,2
BRDA:918,176,0,3
BRDA:918,176,1,0
BRDA:920,177,0,0
BRDA:920,177,1,3
BRDA:926,178,0,3
BRDA:926,178,1,0
BRDA:926,178,2,0
BRDA:926,178,3,0
BRDA:926,178,4,0
BRDA:926,178,5,0
BRDA:926,178,6,0
BRDA:926,178,7,0
BRDA:930,179,0,0
BRDA:930,179,1,0
BRDA:934,180,0,0
BRDA:942,181,0,0
BRDA:942,182,0,3
BRDA:942,182,1,3
BRDA:950,183,0,3
BRDA:967,184,0,0
BRDA:967,185,0,132
BRDA:967,185,1,132
BRDA:972,186,0,0
BRDA:976,187,0,130
BRDA:982,188,0,0
BRDA:993,189,0,132
BRDA:995,190,0,0
BRDA:998,191,0,0
BRDA:998,191,1,0
BRDA:1000,192,0,0
BRDA:1000,192,1,0
BRDA:1001,193,0,0
BRDA:1001,193,1,0
BRDA:1005,194,0,0
BRDA:1035,195,0,0
BRDA:1045,196,0,0
BRDA:1053,197,0,0
BRDA:1056,198,0,0
BRDA:1056,199,0,266
BRDA:1056,199,1,266
BRDA:1056,199,2,266
BRDA:1064,200,0,1
BRDA:1064,201,0,266
BRDA:1064,201,1,1
BRDA:1064,201,2,1
BRDA:1070,202,0,0
BRDA:1078,203,0,0
BRDA:1092,204,0,48
BRDA:1095,205,0,12
BRDA:1095,205,1,8
BRDA:1104,206,0,7
BRDA:1105,207,0,0
BRDA:1106,208,0,0
BRDA:1108,209,0,10
BRDA:1115,210,0,10
BRDA:1127,211,0,56
BRDA:1127,212,0,60
BRDA:1127,212,1,4
BRDA:1131,213,0,24
BRDA:1131,214,0,24
BRDA:1131,214,1,24
BRDA:1142,215,0,56
BRDA:1144,216,0,4
BRDA:1144,216,1,0
BRDA:1144,217,0,4
BRDA:1144,217,1,4
BRDA:1146,218,0,0
BRDA:1149,219,0,0
BRDA:1149,220,0,0
BRDA:1149,220,1,0
BRDA:1155,221,0,0
BRDA:1155,221,1,0
BRDA:1162,222,0,0
BRDA:1162,222,1,4
BRDA:1162,223,0,4
BRDA:1162,223,1,0
BRDA:1164,224,0,0
BRDA:1167,225,0,0
BRDA:1167,226,0,0
BRDA:1167,226,1,0
BRDA:1173,227,0,0
BRDA:1173,227,1,0
BRDA:1186,228,0,61
BRDA:1186,228,1,61
BRDA:1187,229,0,61
BRDA:1187,229,1,56
BRDA:1188,230,0,61
BRDA:1188,230,1,61
BRDA:1189,231,0,61
BRDA:1189,231,1,61
BRDA:1190,232,0,61
BRDA:1190,232,1,61
BRDA:1191,233,0,61
BRDA:1191,233,1,61
BRDA:1193,234,0,0
BRDA:1193,234,1,61
BRDA:1195,235,0,0
BRDA:1195,235,1,61
BRDA:1198,236,0,61
BRDA:1198,236,1,61
BRDA:1199,237,0,61
BRDA:1199,237,1,61
BRDA:1201,238,0,61
BRDA:1201,238,1,60
BRDA:1202,239,0,61
BRDA:1202,239,1,56
BRDA:1203,240,0,61
BRDA:1203,240,1,61
BRDA:1207,241,0,61
BRDA:1207,241,1,60
BRDA:1210,242,0,61
BRDA:1210,242,1,61
BRDA:1213,243,0,61
BRDA:1213,243,1,61
BRDA:1214,244,0,61
BRDA:1214,244,1,61
BRDA:1215,245,0,61
BRDA:1215,245,1,61
BRDA:1216,246,0,61
BRDA:1216,246,1,61
BRDA:1218,247,0,61
BRDA:1218,247,1,61
BRDA:1228,248,0,61
BRDA:1228,248,1,59
BRDA:1259,249,0,0
BRDA:1259,250,0,0
BRDA:1259,250,1,0
BRDA:1261,251,0,0
BRDA:1262,252,0,0
BRDA:1262,252,1,0
BRDA:1262,252,2,0
BRDA:1262,252,3,0
BRDA:1262,252,4,0
BRDA:1262,252,5,0
BRDA:1273,253,0,0
BRDA:1276,254,0,0
BRDA:1277,255,0,0
BRDA:1277,255,1,0
BRDA:1277,255,2,0
BRDA:1277,255,3,0
BRDA:1287,256,0,0
BRDA:1290,257,0,0
BRDA:1290,258,0,0
BRDA:1290,258,1,0
BRDA:1293,259,0,0
BRDA:1294,260,0,0
BRDA:1295,261,0,0
BRDA:1296,262,0,0
BRDA:1297,263,0,0
BRDA:1307,264,0,0
BRDA:1307,264,1,0
BRDA:1310,265,0,0
BRDA:1310,265,1,0
BRDA:1313,266,0,0
BRDA:1313,266,1,0
BRDA:1324,267,0,0
BRDA:1325,268,0,0
BRDA:1325,268,1,0
BRDA:1341,269,0,0
BRDA:1341,269,1,0
BRDA:1341,269,2,0
BRDA:1355,270,0,0
BRDA:1355,270,1,0
BRDA:1379,271,0,419
BRDA:1379,271,1,0
BRDA:1380,272,0,419
BRDA:1380,272,1,419
BRDA:1390,273,0,419
BRDA:1390,273,1,0
BRDA:1393,274,0,329
BRDA:1393,275,0,419
BRDA:1393,275,1,329
BRDA:1398,276,0,0
BRDA:1398,277,0,90
BRDA:1398,277,1,0
BRDA:1401,278,0,0
BRDA:1405,279,0,0
BRDA:1406,280,0,90
BRDA:1406,280,1,0
BRDA:1406,280,2,0
BRDA:1406,280,3,0
BRDA:1414,281,0,41
BRDA:1418,282,0,49
BRDA:1428,283,0,0
BRDA:1431,284,0,0
BRDA:1435,285,0,0
BRDA:1435,285,1,0
BRDA:1446,286,0,0
BRDA:1448,287,0,0
BRDA:1450,288,0,0
BRDA:1466,289,0,0
BRDA:1466,289,1,1383
BRDA:1474,290,0,1383
BRDA:1474,290,1,0
BRDA:1478,291,0,0
BRDA:1484,292,0,80
BRDA:1484,292,1,0
BRDA:1492,293,0,0
BRDA:1494,294,0,0
BRDA:1504,295,0,0
BRDA:1504,296,0,132
BRDA:1504,296,1,132
BRDA:1509,297,0,0
BRDA:1509,297,1,132
BRDA:1513,298,0,0
BRDA:1514,299,0,0
BRDA:1514,300,0,0
BRDA:1514,300,1,0
BRDA:1522,301,0,0
BRDA:1524,302,0,0
BRDA:1528,303,0,0
BRDA:1528,303,1,132
BRDA:1529,304,0,0
BRDA:1529,304,1,0
BRDA:1534,305,0,0
BRDA:1534,305,1,0
BRDA:1534,305,2,0
BRDA:1534,305,3,0
BRDA:1534,305,4,0
BRDA:1534,305,5,132
BRDA:1540,306,0,0
BRDA:1540,306,1,0
BRDA:1544,307,0,0
BRDA:1544,307,1,0
BRDA:1545,308,0,0
BRDA:1545,308,1,0
BRDA:1553,309,0,56
BRDA:1553,309,1,5
BRDA:1553,309,2,1
BRDA:1553,309,3,14
BRDA:1553,309,4,0
BRDA:1553,309,5,16
BRDA:1553,309,6,16
BRDA:1553,309,7,611
BRDA:1555,310,0,56
BRDA:1558,311,0,5
BRDA:1561,312,0,1
BRDA:1564,313,0,14
BRDA:1570,314,0,16
BRDA:1578,315,0,0
BRDA:1578,316,0,0
BRDA:1578,316,1,0
BRDA:1579,317,0,470
BRDA:1579,318,0,1389
BRDA:1579,318,1,470
BRDA:1586,319,0,444
BRDA:1586,319,1,887
BRDA:1596,320,0,1331
BRDA:1597,321,0,0
BRDA:1600,322,0,0
BRDA:1602,323,0,0
BRDA:1602,323,1,0
BRDA:1602,323,2,0
BRDA:1608,324,0,0
BRDA:1608,324,1,0
BRDA:1608,324,2,0
BRDA:1608,324,3,0
BRDA:1621,325,0,265
BRDA:1621,325,1,217
BRDA:1622,326,0,48
BRDA:1626,327,0,0
BRDA:1628,328,0,0
BRDA:1630,329,0,0
BRDA:1642,330,0,485
BRDA:1642,330,1,0
BRDA:1644,331,0,485
BRDA:1644,331,1,483
BRDA:1645,332,0,16
BRDA:1661,333,0,0
BRDA:1661,333,1,0
BRDA:1661,333,2,0
BRDA:1661,333,3,0
BRDA:1661,333,4,0
BRDA:1661,333,5,0
BRDA:1672,334,0,1383
BRDA:1676,335,0,0
BRDA:1676,335,1,0
BRDA:1677,336,0,0
BRDA:1677,336,1,0
BRDA:1680,337,0,0
BRDA:1680,337,1,0
BRDA:1682,338,0,0
BRDA:1682,338,1,0
BRDA:1686,339,0,0
BRDA:1686,339,1,0
BRDA:1692,340,0,0
BRDA:1695,341,0,0
BRDA:1695,341,1,0
BRDA:1696,342,0,0
BRDA:1696,342,1,0
BRDA:1699,343,0,0
BRDA:1699,343,1,0
BRDA:1701,344,0,0
BRDA:1701,344,1,0
BRDA:1704,345,0,0
BRDA:1704,345,1,0
BRDA:1712,346,0,0
BRDA:1714,347,0,0
BRDA:1721,348,0,0
BRDA:1725,349,0,0
BRDA:1725,350,0,0
BRDA:1725,350,1,0
BRDA:1732,351,0,0
BRDA:1732,351,1,0
BRDA:1732,351,2,0
BRDA:1732,351,3,0
BRDA:1732,351,4,0
BRDA:1732,351,5,0
BRDA:1732,351,6,0
BRDA:1732,351,7,0
BRDA:1732,351,8,0
BRF:593
BRH:274
end_of_record
TN:
SF:src/x-graphql-extensions.ts
FN:102,extractExtensions
FN:204,(anonymous_1)
FN:289,shouldSkip
FN:297,getEffectiveDescription
FN:321,isFieldNullable
FN:343,getEffectiveFieldName
FN:354,getEffectiveTypeName
FN:364,formatDescription
FN:380,(anonymous_8)
FN:386,parseFederationKeys
FN:398,(anonymous_10)
FN:404,buildFederationDirective
FN:412,(anonymous_12)
FN:417,(anonymous_13)
FN:429,generateTypeFederationDirectives
FN:465,generateFieldFederationDirectives
FN:511,mergeExtensions
FNF:17
FNH:16
FNDA:12,extractExtensions
FNDA:0,(anonymous_1)
FNDA:3,shouldSkip
FNDA:7,getEffectiveDescription
FNDA:10,isFieldNullable
FNDA:2,getEffectiveFieldName
FNDA:2,getEffectiveTypeName
FNDA:6,formatDescription
FNDA:6,(anonymous_8)
FNDA:8,parseFederationKeys
FNDA:7,(anonymous_10)
FNDA:14,buildFederationDirective
FNDA:14,(anonymous_12)
FNDA:2,(anonymous_13)
FNDA:5,generateTypeFederationDirectives
FNDA:7,generateFieldFederationDirectives
FNDA:8,mergeExtensions
DA:102,1
DA:105,12
DA:107,12
DA:108,25
DA:109,3
DA:112,22
DA:114,22
DA:117,2
DA:118,2
DA:120,1
DA:121,1
DA:123,0
DA:124,0
DA:126,0
DA:129,1
DA:132,1
DA:134,1
DA:137,1
DA:139,0
DA:140,0
DA:141,0
DA:142,0
DA:147,0
DA:150,0
DA:152,0
DA:156,1
DA:157,1
DA:159,1
DA:160,1
DA:162,1
DA:163,1
DA:165,1
DA:166,1
DA:168,0
DA:170,0
DA:173,0
DA:174,0
DA:178,1
DA:179,1
DA:181,1
DA:182,1
DA:184,1
DA:185,1
DA:190,3
DA:191,3
DA:193,0
DA:194,0
DA:195,0
DA:196,0
DA:197,0
DA:198,0
DA:199,0
DA:201,0
DA:202,0
DA:203,0
DA:205,0
DA:211,0
DA:212,0
DA:216,0
DA:219,0
DA:221,1
DA:222,1
DA:224,1
DA:225,1
DA:227,1
DA:228,1
DA:230,1
DA:231,1
DA:234,1
DA:235,1
DA:237,0
DA:238,0
DA:240,0
DA:241,0
DA:245,0
DA:246,0
DA:249,0
DA:250,0
DA:253,0
DA:254,0
DA:256,0
DA:257,0
DA:261,0
DA:262,0
DA:266,0
DA:267,0
DA:271,2
DA:272,1
DA:273,1
DA:274,1
DA:275,1
DA:276,1
DA:279,2
DA:283,12
DA:289,1
DA:290,3
DA:297,1
DA:302,7
DA:304,4
DA:305,4
DA:309,3
DA:310,2
DA:311,2
DA:314,1
DA:321,1
DA:326,10
DA:327,6
DA:331,4
DA:332,2
DA:336,2
DA:343,1
DA:347,2
DA:354,1
DA:358,2
DA:364,1
DA:368,6
DA:369,1
DA:372,5
DA:375,5
DA:376,2
DA:380,6
DA:386,1
DA:389,8
DA:390,1
DA:393,7
DA:394,2
DA:398,7
DA:404,1
DA:408,14
DA:409,1
DA:412,13
DA:413,14
DA:414,12
DA:416,2
DA:417,2
DA:418,1
DA:420,1
DA:423,13
DA:429,1
DA:432,5
DA:435,5
DA:436,3
DA:437,3
DA:438,4
DA:443,5
DA:444,2
DA:448,5
DA:449,0
DA:453,5
DA:454,0
DA:459,5
DA:465,1
DA:468,7
DA:471,7
DA:472,2
DA:476,7
DA:477,3
DA:480,3
DA:484,7
DA:485,1
DA:488,1
DA:492,7
DA:493,1
DA:501,7
DA:502,0
DA:505,7
DA:511,1
DA:514,8
DA:515,8
DA:516,8
DA:518,8
DA:520,17
DA:521,6
DA:523,17
DA:524,4
DA:528,17
DA:532,8
DA:533,3
DA:536,8
DA:537,2
DA:540,8
LF:181
LH:133
BRDA:108,0,0,3
BRDA:114,1,0,2
BRDA:114,1,1,1
BRDA:114,1,2,0
BRDA:114,1,3,1
BRDA:114,1,4,1
BRDA:114,1,5,1
BRDA:114,1,6,0
BRDA:114,1,7,0
BRDA:114,1,8,0
BRDA:114,1,9,1
BRDA:114,1,10,1
BRDA:114,1,11,1
BRDA:114,1,12,1
BRDA:114,1,13,0
BRDA:114,1,14,0
BRDA:114,1,15,0
BRDA:114,1,16,1
BRDA:114,1,17,1
BRDA:114,1,18,1
BRDA:114,1,19,3
BRDA:114,1,20,3
BRDA:114,1,21,0
BRDA:114,1,22,1
BRDA:114,1,23,1
BRDA:114,1,24,1
BRDA:114,1,25,1
BRDA:114,1,26,1
BRDA:114,1,27,1
BRDA:114,1,28,0
BRDA:114,1,29,0
BRDA:114,1,30,0
BRDA:114,1,31,0
BRDA:114,1,32,0
BRDA:114,1,33,0
BRDA:114,1,34,0
BRDA:114,1,35,0
BRDA:114,1,36,0
BRDA:114,1,37,0
BRDA:114,1,38,2
BRDA:123,2,0,0
BRDA:129,3,0,1
BRDA:129,3,1,0
BRDA:134,4,0,1
BRDA:134,4,1,0
BRDA:139,5,0,0
BRDA:139,6,0,0
BRDA:139,6,1,0
BRDA:141,7,0,0
BRDA:142,8,0,0
BRDA:142,8,1,0
BRDA:193,9,0,0
BRDA:193,9,1,0
BRDA:193,10,0,0
BRDA:193,10,1,0
BRDA:195,11,0,0
BRDA:196,12,0,0
BRDA:197,13,0,0
BRDA:199,14,0,0
BRDA:201,15,0,0
BRDA:201,15,1,0
BRDA:202,16,0,0
BRDA:203,17,0,0
BRDA:205,18,0,0
BRDA:205,18,1,0
BRDA:216,19,0,0
BRDA:271,20,0,1
BRDA:271,20,1,1
BRDA:273,21,0,1
BRDA:273,22,0,1
BRDA:273,22,1,1
BRDA:275,23,0,1
BRDA:302,24,0,4
BRDA:302,25,0,7
BRDA:302,25,1,5
BRDA:305,26,0,4
BRDA:305,26,1,1
BRDA:309,27,0,2
BRDA:309,28,0,3
BRDA:309,28,1,2
BRDA:311,29,0,2
BRDA:311,29,1,0
BRDA:326,30,0,6
BRDA:331,31,0,2
BRDA:347,32,0,2
BRDA:347,32,1,1
BRDA:358,33,0,2
BRDA:358,33,1,1
BRDA:366,34,0,4
BRDA:368,35,0,1
BRDA:375,36,0,2
BRDA:375,37,0,5
BRDA:375,37,1,3
BRDA:389,38,0,1
BRDA:393,39,0,2
BRDA:408,40,0,1
BRDA:408,41,0,14
BRDA:408,41,1,13
BRDA:413,42,0,12
BRDA:416,43,0,1
BRDA:435,44,0,3
BRDA:443,45,0,2
BRDA:448,46,0,0
BRDA:453,47,0,0
BRDA:471,48,0,2
BRDA:476,49,0,3
BRDA:477,50,0,1
BRDA:477,50,1,2
BRDA:484,51,0,1
BRDA:485,52,0,0
BRDA:485,52,1,1
BRDA:492,53,0,1
BRDA:501,54,0,0
BRDA:520,55,0,6
BRDA:523,56,0,4
BRDA:532,57,0,3
BRDA:536,58,0,2
BRF:117
BRH:70
end_of_record
TN:
SF:src/features/relay.ts
FN:4,ensurePageInfo
FN:17,ensureConnectionType
FNF:2
FNH:0
FNDA:0,ensurePageInfo
FNDA:0,ensureConnectionType
DA:4,6
DA:5,0
DA:7,0
DA:14,0
DA:17,6
DA:21,0
DA:22,0
DA:24,0
DA:26,0
DA:28,0
DA:29,0
DA:34,0
DA:37,0
DA:43,0
LF:14
LH:2
BRDA:5,0,0,0
BRDA:24,1,0,0
BRDA:28,2,0,0
BRF:3
BRH:0
end_of_record
TN:
SF:src/normalization/directives.ts
FN:9,extractDirectives
FN:97,printDirectives
FN:102,(anonymous_2)
FN:114,(anonymous_3)
FN:118,formatDirectiveArgs
FN:120,(anonymous_5)
FN:125,(anonymous_6)
FN:127,(anonymous_7)
FN:138,isFederationDirective
FNF:9
FNH:6
FNDA:1652,extractDirectives
FNDA:1652,printDirectives
FNDA:117,(anonymous_2)
FNDA:117,(anonymous_3)
FNDA:80,formatDirectiveArgs
FNDA:80,(anonymous_5)
FNDA:0,(anonymous_6)
FNDA:0,(anonymous_7)
FNDA:0,isFederationDirective
DA:9,6
DA:13,1652
DA:16,1652
DA:20,1652
DA:21,2
DA:22,2
DA:23,2
DA:24,2
DA:25,2
DA:26,2
DA:27,2
DA:29,2
DA:31,0
DA:32,0
DA:33,0
DA:38,1652
DA:39,1652
DA:40,19
DA:42,1652
DA:43,0
DA:45,1652
DA:46,0
DA:48,1652
DA:49,0
DA:51,1652
DA:52,0
DA:58,1652
DA:59,16
DA:60,32
DA:61,32
DA:62,0
DA:63,0
DA:71,1652
DA:72,16
DA:77,1652
DA:78,16
DA:83,1652
DA:84,16
DA:86,1652
DA:87,16
DA:94,1652
DA:97,6
DA:98,1652
DA:99,1567
DA:102,85
DA:103,117
DA:104,115
DA:106,115
DA:109,115
DA:112,85
DA:114,117
DA:119,80
DA:122,80
DA:123,0
DA:126,0
DA:127,0
DA:133,80
DA:139,0
DA:154,0
LF:59
LH:45
BRDA:16,0,0,1652
BRDA:16,0,1,0
BRDA:16,0,2,1652
BRDA:20,1,0,2
BRDA:22,2,0,2
BRDA:24,3,0,2
BRDA:26,4,0,0
BRDA:26,5,0,2
BRDA:26,5,1,0
BRDA:31,6,0,0
BRDA:32,7,0,0
BRDA:32,8,0,0
BRDA:32,8,1,0
BRDA:38,9,0,1652
BRDA:39,10,0,19
BRDA:42,11,0,0
BRDA:45,12,0,0
BRDA:48,13,0,0
BRDA:51,14,0,0
BRDA:58,15,0,16
BRDA:60,16,0,32
BRDA:60,16,1,0
BRDA:62,17,0,0
BRDA:62,18,0,0
BRDA:62,18,1,0
BRDA:62,18,2,0
BRDA:71,19,0,16
BRDA:77,20,0,16
BRDA:83,21,0,16
BRDA:86,22,0,16
BRDA:98,23,0,1567
BRDA:103,24,0,2
BRDA:104,25,0,0
BRDA:106,26,0,80
BRDA:106,26,1,35
BRDA:106,27,0,115
BRDA:106,27,1,80
BRDA:122,28,0,0
BRDA:122,29,0,80
BRDA:122,29,1,0
BRDA:126,30,0,0
BRDA:126,30,1,0
BRF:42
BRH:21
end_of_record
